\o Program:		@(#)$CDS: cdsLibEditor version 6.1.5 - CAT32 05/06/2013 23:37 (cat91amd) $
\o Sub version:		sub-version  s014 
\o Arguments:		-cdslib /home/saul/projects/IMPLANTABLE_AMS/version1/saul/cds.lib -mpssession virtuoso3829 -mpshost localhost.localdomain 
\o Working Directory:	localhost.localdomain:/home/saul/projects/IMPLANTABLE_AMS/version1/saul
\a nrSetWindowVisibility(cdsLibEditor "show")
\o Qt version: 		4.5.3
\a nrSetCurrentWindow(cdsLibEditor)
\a nrListItemAction(cdsLibEditor->mainTable 0 0)
\o Active cell: 0 0 "analogLib"
\a nrResizeWindow(cdsLibEditor list(1910 642 500 400))
\a nrResizeWindow(cdsLibEditor list(1910 205 500 837))
\a nrListItemAction(cdsLibEditor->mainTable 81 1)
\o Active cell: 81 1 "/afs/kth.se/home/s/a/saul/projects/IMPLANTABLE_AMS/version1/saul/IMP_DIG_SIGGEN"
\o QUESTION (CLE-200): The directory ".l/IMP_DIG_SIGGEN" \ndoesn't exist. If other tools use this file, \nan error will occur unless you either create \nthe directory you have specified or change the \npath to an existing directory. \n\nDo you want to create a new library? 
\a nrSetWindowVisibility(needCreateDialog "show")
\a nrSetCurrentWindow(needCreateDialog)
\a nrResizeWindow(needCreateDialog list(1985 433 350 180))
\a needCreateDialog->cancelButton->value = t
\a nrListItemAction(cdsLibEditor->mainTable 82 0)
\o Active cell: 82 0 ""
\a nrSetCurrentWindow(cdsLibEditor)
\a nrListItemAction(cdsLibEditor->mainTable 81 1)
\o Active cell: 81 1 ".l/IMP_DIG_SIGGEN"
\a nrListItemAction(cdsLibEditor->mainTable 82 0)
\o Active cell: 82 0 ""
\a cdsLibEditor->fileSaveButton->value = t
\a cdsLibEditor->fileExitButton->value = t
\a nrSetWindowVisibility(cdsLibEditor "hide")
\a exit(0)
