Reading Category files ...

Category files reading completed
Analyze Log content ...
 LOG ASSURA
(   10)  GRPDQT: QT fl-chip high                             0            0
GRPDQT - 0 - 0 - aGRA{GRPDQT}: 0
(   11)  GRPDHT: HT fl-chip high                             0            0
GRPDHT - 0 - 0 - aGRA{GRPDHT}: 0
(   12)  GRPDAM: AM fl-chip low                              0            0
GRPDAM - 0 - 0 - aGRA{GRPDAM}: 0
(   13)  GRPDAM: AM fl-chip high                             0            0
GRPDAM - 0 - 0 - aGRA{GRPDAM}: 0
(   14)  GRPDLV: LV intersect AM fl-chip high                0            0
GRPDLV - 0 - 0 - aGRA{GRPDLV}: 0
(   15)  GRPDDV: DV intersect AM fl-chip high                0            0
GRPDDV - 0 - 0 - aGRA{GRPDDV}: 0
(   16)  GREPDG_M2_min: M2(estimated) global patt            0            0
(   17)  GREPDGM2_density_report: M2(estimated) g            0            0
(   18)  GRPDM2_max: M2 global pattern density (m            0            0
(   19)  GRPDM2_density_report: M2 global pattern            0            0
(   20)  GREPDG_M3_min: M3(estimated) global patt            0            0
(   21)  GREPDGM3_density_report: M3(estimated) g            0            0
(   22)  GRPDM3_max: M3 global pattern density (m            0            0
(   23)  GRPDM3_density_report: M3 global pattern            0            0
(   24)  GREPDG_M4_min: M4(estimated) global patt            0            0
(   25)  GREPDGM4_density_report: M4(estimated) g            0            0
(   26)  GRPDM4_max: M4 global pattern density (m            0            0
(   27)  GRPDM4_density_report: M4 global pattern            0            0
(   28)  GREPDG_M5_min: M5(estimated) global patt            0            0
(   29)  GREPDGM5_density_report: M5(estimated) g            0            0
(   30)  GRPDM5_max: M5 global pattern density (m            0            0
(   31)  GRPDM5_density_report: M5 global pattern            0            0
(   32)  GREPDG_MT_min: MT(estimated) global patt            0            0
(   33)  GREPDGMT_density_report: MT(estimated) g            0            0
(   34)  GRPDMT_max: MT global density (must be <            0            0
(   35)  GRPDMT_density_report: MT global pattern            0            0
(   36)  GREPDG_RX_min: RX(estimated) global patt            0            0
(   37)  GREPDGRX_density_report: RX(estimated) g            0            0
(   38)  GRPDRX_max: RX global pattern density (m            0            0
(   39)  GRPDRX_density_report: RX(Estimated) glo            0            0
(   40)  GREPDG_PC_min: PC(Estimated) global patt            0            0
(   41)  GREPDGPC_density_report: PC(estimated) g            0            0
(   42)  GRPDPC_max: PC global pattern density (m            0            0
(   43)  GRPDPC_density_report: PC(Estimated) glo            0            0
Log analysis completed
Sort and new log creation for Assura ...
 Sort tasks completed
