\o Program:		@(#)$CDS: libManager version 6.1.5 - CAT32 05/06/2013 23:35 (cat91amd) $
\o Sub version:		sub-version  s014 
\o Arguments:		-mpssession virtuoso25679 -mpshost s2424.it.kth.se 
\o Working Directory:	s2424.it.kth.se:/home/saul/projects/IMPLANTABLE_AMS/version1/saul
\o 64-bit offsets
\o Qt version: 		4.5.3
\o Log file is "/home/saul/projects/IMPLANTABLE_AMS/version1/saul/libManager.log".
\o Opening libManager window.
\a nrSetCurrentWindow(cdsLibManager)
\a nrResizeWindow(cdsLibManager list(2412 35 725 762))
\o changeWorkingDir("/home/saul/projects/IMPLANTABLE_AMS/version1/saul") unnecessary.
\o ddSetForcedLib("") unnecessary.
\o MPS service: map window
\w Warning: LIB TECH_H18A6 from File /home/saul/projects/IMPLANTABLE_AMS/version1/saul/cds.lib Line 69 redefines
\w LIB TECH_H18A6 from the same file (defined earlier.)
\w Warning: The directory: '/pkg/AMS411/cds/HK_H18/TECH_H18A7AMAM' does not exist
\w 	but was defined in libFile '/home/saul/projects/IMPLANTABLE_AMS/version1/saul/cds.lib' for Lib 'TECH_H18A7AM'.
\w Warning: The directory: '/pkg/AMS411/cds/HK_H18/TECH_H18A5AMAM' does not exist
\w 	but was defined in libFile '/home/saul/projects/IMPLANTABLE_AMS/version1/saul/cds.lib' for Lib 'TECH_H18A5AM'.
\w Warning: The directory: '/pkg/AMS411/cds/HK_H18/TECH_H18A4AMAM' does not exist
\w 	but was defined in libFile '/home/saul/projects/IMPLANTABLE_AMS/version1/saul/cds.lib' for Lib 'TECH_H18A4AM'.
\w Warning: The directory: '/pkg/AMS411/cds/HK_H18/TECH_H18A3AMAM' does not exist
\w 	but was defined in libFile '/home/saul/projects/IMPLANTABLE_AMS/version1/saul/cds.lib' for Lib 'TECH_H18A3AM'.
\o Library Manager customization server connected.
\a nrSetCurrentWindow(cdsLibManager)
\a nrSetCurrentWindow(cdsLibManager)
\a nrSetCurrentWindow(cdsLibManager)
\a nrSetCurrentWindow(cdsLibManager)
\a nrResizeWindow(cdsLibManager list(3050 85 725 762))
\a nrSetCurrentWindow(cdsLibManager)
\a cdsLibManager->libListBox->value = "IMP_COMM"
\a cdsLibManager->libLineEdit->value = "IMP_COMM"
\a cdsLibManager->cellListBox->value = "data_demod"
\a cdsLibManager->cellLineEdit->value = "data_demod"
\a cdsLibManager->viewListBox->value = "schematic"
\a cdsLibManager->viewLineEdit->value = "schematic"
\o MPS request: edit design
\a nrListItemAction(cdsLibManager->gdmXTView 1 0)
\a nrSetCurrentWindow(cdsLibManager)
\a cdsLibManager->libListBox->value = nil
\a cdsLibManager->cellListBox->value = nil
\a cdsLibManager->viewLineEdit->value = ""
\a cdsLibManager->viewListBox->value = nil
\a cdsLibManager->cellLineEdit->value = ""
\a cdsLibManager->libLineEdit->value = ""
\w Warning: LIB TECH_H18A6 from File /home/saul/projects/IMPLANTABLE_AMS/version1/saul/cds.lib Line 69 redefines
\w LIB TECH_H18A6 from the same file (defined earlier.)
\w Warning: The directory: '/pkg/AMS411/cds/HK_H18/TECH_H18A7AMAM' does not exist
\w 	but was defined in libFile '/home/saul/projects/IMPLANTABLE_AMS/version1/saul/cds.lib' for Lib 'TECH_H18A7AM'.
\w Warning: The directory: '/pkg/AMS411/cds/HK_H18/TECH_H18A5AMAM' does not exist
\w 	but was defined in libFile '/home/saul/projects/IMPLANTABLE_AMS/version1/saul/cds.lib' for Lib 'TECH_H18A5AM'.
\w Warning: The directory: '/pkg/AMS411/cds/HK_H18/TECH_H18A4AMAM' does not exist
\w 	but was defined in libFile '/home/saul/projects/IMPLANTABLE_AMS/version1/saul/cds.lib' for Lib 'TECH_H18A4AM'.
\w Warning: The directory: '/pkg/AMS411/cds/HK_H18/TECH_H18A3AMAM' does not exist
\w 	but was defined in libFile '/home/saul/projects/IMPLANTABLE_AMS/version1/saul/cds.lib' for Lib 'TECH_H18A3AM'.
\a cdsLibManager->libListBox->value = "IMP_COMM"
\a cdsLibManager->libLineEdit->value = "IMP_COMM"
\a cdsLibManager->cellListBox->value = "data_demod"
\a cdsLibManager->cellLineEdit->value = "data_demod"
\a cdsLibManager->viewListBox->value = "schematic"
\a cdsLibManager->viewLineEdit->value = "schematic"
\a cdsLibManager->viewLineEdit->value = ""
\a cdsLibManager->viewListBox->value = nil
\a cdsLibManager->viewListBox->value = "schematic"
\a cdsLibManager->viewLineEdit->value = "schematic"
\a nrResizeWindow(cdsLibManager list(3050 1165 725 762))
\a nrResizeWindow(cdsLibManager list(3050 85 725 762))
\a nrResizeWindow(cdsLibManager list(3050 1165 725 762))
\a nrResizeWindow(cdsLibManager list(3050 85 725 762))
\a nrResizeWindow(cdsLibManager list(3050 -995 725 762))
\a cdsLibManager->libListBox->value = nil
\a cdsLibManager->cellListBox->value = nil
\a cdsLibManager->viewLineEdit->value = ""
\a cdsLibManager->viewListBox->value = nil
\a cdsLibManager->cellLineEdit->value = ""
\a cdsLibManager->libLineEdit->value = ""
\w Warning: LIB TECH_H18A6 from File /home/saul/projects/IMPLANTABLE_AMS/version1/saul/cds.lib Line 69 redefines
\w LIB TECH_H18A6 from the same file (defined earlier.)
\w Warning: The directory: '/pkg/AMS411/cds/HK_H18/TECH_H18A7AMAM' does not exist
\w 	but was defined in libFile '/home/saul/projects/IMPLANTABLE_AMS/version1/saul/cds.lib' for Lib 'TECH_H18A7AM'.
\w Warning: The directory: '/pkg/AMS411/cds/HK_H18/TECH_H18A5AMAM' does not exist
\w 	but was defined in libFile '/home/saul/projects/IMPLANTABLE_AMS/version1/saul/cds.lib' for Lib 'TECH_H18A5AM'.
\w Warning: The directory: '/pkg/AMS411/cds/HK_H18/TECH_H18A4AMAM' does not exist
\w 	but was defined in libFile '/home/saul/projects/IMPLANTABLE_AMS/version1/saul/cds.lib' for Lib 'TECH_H18A4AM'.
\w Warning: The directory: '/pkg/AMS411/cds/HK_H18/TECH_H18A3AMAM' does not exist
\w 	but was defined in libFile '/home/saul/projects/IMPLANTABLE_AMS/version1/saul/cds.lib' for Lib 'TECH_H18A3AM'.
\a cdsLibManager->libListBox->value = "IMP_COMM"
\a cdsLibManager->libLineEdit->value = "IMP_COMM"
\a cdsLibManager->cellListBox->value = "data_demod"
\a cdsLibManager->cellLineEdit->value = "data_demod"
\a cdsLibManager->viewListBox->value = "schematic"
\a cdsLibManager->viewLineEdit->value = "schematic"
\a cdsLibManager->viewLineEdit->value = ""
\a cdsLibManager->viewListBox->value = nil
\a cdsLibManager->viewListBox->value = "schematic"
\a cdsLibManager->viewLineEdit->value = "schematic"
\a cdsLibManager->libListBox->value = nil
\a cdsLibManager->cellListBox->value = nil
\a cdsLibManager->viewLineEdit->value = ""
\a cdsLibManager->viewListBox->value = nil
\a cdsLibManager->cellLineEdit->value = ""
\a cdsLibManager->libLineEdit->value = ""
\w Warning: LIB TECH_H18A6 from File /home/saul/projects/IMPLANTABLE_AMS/version1/saul/cds.lib Line 69 redefines
\w LIB TECH_H18A6 from the same file (defined earlier.)
\w Warning: The directory: '/pkg/AMS411/cds/HK_H18/TECH_H18A7AMAM' does not exist
\w 	but was defined in libFile '/home/saul/projects/IMPLANTABLE_AMS/version1/saul/cds.lib' for Lib 'TECH_H18A7AM'.
\w Warning: The directory: '/pkg/AMS411/cds/HK_H18/TECH_H18A5AMAM' does not exist
\w 	but was defined in libFile '/home/saul/projects/IMPLANTABLE_AMS/version1/saul/cds.lib' for Lib 'TECH_H18A5AM'.
\w Warning: The directory: '/pkg/AMS411/cds/HK_H18/TECH_H18A4AMAM' does not exist
\w 	but was defined in libFile '/home/saul/projects/IMPLANTABLE_AMS/version1/saul/cds.lib' for Lib 'TECH_H18A4AM'.
\w Warning: The directory: '/pkg/AMS411/cds/HK_H18/TECH_H18A3AMAM' does not exist
\w 	but was defined in libFile '/home/saul/projects/IMPLANTABLE_AMS/version1/saul/cds.lib' for Lib 'TECH_H18A3AM'.
\a cdsLibManager->libListBox->value = "IMP_COMM"
\a cdsLibManager->libLineEdit->value = "IMP_COMM"
\a cdsLibManager->cellListBox->value = "data_demod"
\a cdsLibManager->cellLineEdit->value = "data_demod"
\a cdsLibManager->viewListBox->value = "schematic"
\a cdsLibManager->viewLineEdit->value = "schematic"
\a cdsLibManager->viewLineEdit->value = ""
\a cdsLibManager->viewListBox->value = nil
\a cdsLibManager->viewListBox->value = "schematic"
\a cdsLibManager->viewLineEdit->value = "schematic"
\a nrResizeWindow(cdsLibManager list(3050 85 725 762))
\a nrSetCurrentWindow(cdsLibManager)
\a nrResizeWindow(cdsLibManager list(3050 1165 725 762))
\a nrResizeWindow(cdsLibManager list(3050 85 725 762))
\a nrSetCurrentWindow(cdsLibManager)
\a nrResizeWindow(cdsLibManager list(3050 -995 725 762))
\a nrResizeWindow(cdsLibManager list(3050 -2075 725 762))
\a nrResizeWindow(cdsLibManager list(3050 -3155 725 762))
\a nrResizeWindow(cdsLibManager list(3050 85 725 762))
\a nrSetCurrentWindow(cdsLibManager)
\a nrResizeWindow(cdsLibManager list(3050 1165 725 762))
\a nrResizeWindow(cdsLibManager list(3050 85 725 762))
\a nrSetCurrentWindow(cdsLibManager)
\a nrResizeWindow(cdsLibManager list(3050 -995 725 762))
\a nrResizeWindow(cdsLibManager list(3050 85 725 762))
\a nrSetCurrentWindow(cdsLibManager)
\a nrResizeWindow(cdsLibManager list(3050 1165 725 762))
\a nrResizeWindow(cdsLibManager list(3050 85 725 762))
\a nrSetCurrentWindow(cdsLibManager)
\a nrResizeWindow(cdsLibManager list(3050 -995 725 762))
\a nrResizeWindow(cdsLibManager list(3050 -2075 725 762))
\a nrResizeWindow(cdsLibManager list(3050 -3155 725 762))
\a nrResizeWindow(cdsLibManager list(3050 -995 725 762))
\a nrResizeWindow(cdsLibManager list(3050 85 725 762))
\a nrSetCurrentWindow(cdsLibManager)
\a nrResizeWindow(cdsLibManager list(3050 1165 725 762))
\a nrResizeWindow(cdsLibManager list(3050 85 725 762))
\a nrSetCurrentWindow(cdsLibManager)
\a nrResizeWindow(cdsLibManager list(3050 -995 725 762))
\a nrResizeWindow(cdsLibManager list(3050 85 725 762))
\a nrSetCurrentWindow(cdsLibManager)
\a nrResizeWindow(cdsLibManager list(3050 1165 725 762))
\a nrResizeWindow(cdsLibManager list(3050 85 725 762))
\a nrResizeWindow(cdsLibManager list(3050 -995 725 762))
\a nrResizeWindow(cdsLibManager list(3050 -2075 725 762))
\a nrResizeWindow(cdsLibManager list(3050 -995 725 762))
\a nrResizeWindow(cdsLibManager list(3050 85 725 762))
\a nrSetCurrentWindow(cdsLibManager)
\a nrResizeWindow(cdsLibManager list(3050 1165 725 762))
\a nrResizeWindow(cdsLibManager list(3050 85 725 762))
\a nrSetCurrentWindow(cdsLibManager)
\a nrResizeWindow(cdsLibManager list(3050 -995 725 762))
\a nrResizeWindow(cdsLibManager list(3050 85 725 762))
\a nrResizeWindow(cdsLibManager list(3050 1165 725 762))
\a nrResizeWindow(cdsLibManager list(3050 85 725 762))
\a nrSetCurrentWindow(cdsLibManager)
\a nrResizeWindow(cdsLibManager list(3050 -995 725 762))
\a nrResizeWindow(cdsLibManager list(3050 -2075 725 762))
\a nrResizeWindow(cdsLibManager list(3050 -995 725 762))
\a nrResizeWindow(cdsLibManager list(3050 85 725 762))
\a nrResizeWindow(cdsLibManager list(3050 1165 725 762))
\a nrResizeWindow(cdsLibManager list(3050 85 725 762))
\a nrSetCurrentWindow(cdsLibManager)
\a nrResizeWindow(cdsLibManager list(3050 -995 725 762))
\a nrResizeWindow(cdsLibManager list(3050 85 725 762))
\a nrSetCurrentWindow(cdsLibManager)
\a nrResizeWindow(cdsLibManager list(3050 85 725 762))
\a nrResizeWindow(cdsLibManager list(3050 1165 725 762))
\a nrResizeWindow(cdsLibManager list(3050 85 725 762))
\a nrResizeWindow(cdsLibManager list(3050 -995 725 762))
\a nrResizeWindow(cdsLibManager list(3050 85 725 762))
\a nrResizeWindow(cdsLibManager list(3050 -995 725 762))
\a nrResizeWindow(cdsLibManager list(3050 85 725 762))
\a nrResizeWindow(cdsLibManager list(3050 1165 725 762))
\a nrResizeWindow(cdsLibManager list(3050 85 725 762))
\a nrResizeWindow(cdsLibManager list(3050 -995 725 762))
\a nrResizeWindow(cdsLibManager list(3050 -2075 725 762))
\a nrResizeWindow(cdsLibManager list(3050 -995 725 762))
\a nrResizeWindow(cdsLibManager list(3050 85 725 762))
\a nrResizeWindow(cdsLibManager list(3050 1165 725 762))
\a nrResizeWindow(cdsLibManager list(3050 85 725 762))
\a nrResizeWindow(cdsLibManager list(3050 -995 725 762))
\a nrResizeWindow(cdsLibManager list(3050 85 725 762))
\a nrResizeWindow(cdsLibManager list(3050 1165 725 762))
\a nrResizeWindow(cdsLibManager list(3050 85 725 762))
\a nrResizeWindow(cdsLibManager list(3050 -995 725 762))
\a nrResizeWindow(cdsLibManager list(3050 85 725 762))
\a nrResizeWindow(cdsLibManager list(3050 1165 725 762))
\a nrResizeWindow(cdsLibManager list(3050 85 725 762))
\a nrResizeWindow(cdsLibManager list(3050 -995 725 762))
\a nrResizeWindow(cdsLibManager list(3050 85 725 762))
\a nrResizeWindow(cdsLibManager list(3050 1165 725 762))
\a nrResizeWindow(cdsLibManager list(3050 85 725 762))
\a nrResizeWindow(cdsLibManager list(3050 -995 725 762))
\a nrResizeWindow(cdsLibManager list(3050 85 725 762))
\a nrResizeWindow(cdsLibManager list(3050 1165 725 762))
\a nrResizeWindow(cdsLibManager list(3050 85 725 762))
\a nrResizeWindow(cdsLibManager list(3050 -995 725 762))
\a nrResizeWindow(cdsLibManager list(3050 85 725 762))
\a nrResizeWindow(cdsLibManager list(3050 1165 725 762))
\a nrResizeWindow(cdsLibManager list(3050 85 725 762))
\a nrResizeWindow(cdsLibManager list(3050 -995 725 762))
\a nrResizeWindow(cdsLibManager list(3050 -2075 725 762))
\a nrResizeWindow(cdsLibManager list(3050 -995 725 762))
\a nrResizeWindow(cdsLibManager list(3050 1165 725 762))
\a nrResizeWindow(cdsLibManager list(3050 85 725 762))
\a nrSetCurrentWindow(cdsLibManager)
\a nrResizeWindow(cdsLibManager list(3050 -995 725 762))
\a nrResizeWindow(cdsLibManager list(3050 85 725 762))
\a nrSetCurrentWindow(cdsLibManager)
\a nrResizeWindow(cdsLibManager list(3050 1165 725 762))
\a nrResizeWindow(cdsLibManager list(3050 85 725 762))
\a nrSetCurrentWindow(cdsLibManager)
\a nrResizeWindow(cdsLibManager list(3050 -995 725 762))
\a nrResizeWindow(cdsLibManager list(3050 85 725 762))
\a nrSetCurrentWindow(cdsLibManager)
\a nrResizeWindow(cdsLibManager list(3050 1165 725 762))
\a nrResizeWindow(cdsLibManager list(3050 85 725 762))
\a nrSetCurrentWindow(cdsLibManager)
\a nrResizeWindow(cdsLibManager list(3050 -995 725 762))
\a nrSetCurrentWindow(cdsLibManager)
\a nrResizeWindow(cdsLibManager list(3050 85 725 762))
\a nrResizeWindow(cdsLibManager list(3050 1165 725 762))
\a nrResizeWindow(cdsLibManager list(3050 -995 725 762))
\a nrResizeWindow(cdsLibManager list(3050 1165 725 762))
\a nrResizeWindow(cdsLibManager list(3050 -995 725 762))
\a nrResizeWindow(cdsLibManager list(3050 85 725 762))
\a nrSetCurrentWindow(cdsLibManager)
\a nrResizeWindow(cdsLibManager list(3050 1165 725 762))
\a nrResizeWindow(cdsLibManager list(3050 -995 725 762))
\a nrResizeWindow(cdsLibManager list(3050 -2075 725 762))
\a nrResizeWindow(cdsLibManager list(3050 -995 725 762))
\a nrResizeWindow(cdsLibManager list(3050 85 725 762))
\a nrSetCurrentWindow(cdsLibManager)
\a nrResizeWindow(cdsLibManager list(3050 1165 725 762))
\a nrResizeWindow(cdsLibManager list(3050 85 725 762))
\a nrSetCurrentWindow(cdsLibManager)
\a nrResizeWindow(cdsLibManager list(3050 -995 725 762))
\a nrResizeWindow(cdsLibManager list(3050 1165 725 762))
\a nrResizeWindow(cdsLibManager list(3050 85 725 762))
\a nrSetCurrentWindow(cdsLibManager)
\a nrResizeWindow(cdsLibManager list(3050 -995 725 762))
\a nrResizeWindow(cdsLibManager list(3050 85 725 762))
\a nrResizeWindow(cdsLibManager list(3050 1165 725 762))
\a nrResizeWindow(cdsLibManager list(3050 85 725 762))
\a nrSetCurrentWindow(cdsLibManager)
\a nrResizeWindow(cdsLibManager list(3050 -995 725 762))
\a nrResizeWindow(cdsLibManager list(3050 85 725 762))
\a nrSetCurrentWindow(cdsLibManager)
\a nrResizeWindow(cdsLibManager list(3050 1165 725 762))
\a nrResizeWindow(cdsLibManager list(3050 85 725 762))
\a nrSetCurrentWindow(cdsLibManager)
\a nrResizeWindow(cdsLibManager list(3050 -995 725 762))
\a nrResizeWindow(cdsLibManager list(3050 85 725 762))
\a nrSetCurrentWindow(cdsLibManager)
\a nrResizeWindow(cdsLibManager list(3050 1165 725 762))
\a nrResizeWindow(cdsLibManager list(3050 85 725 762))
\a nrSetCurrentWindow(cdsLibManager)
\a nrResizeWindow(cdsLibManager list(3050 -995 725 762))
\a cdsLibManager->libListBox->value = nil
\a cdsLibManager->cellListBox->value = nil
\a cdsLibManager->viewLineEdit->value = ""
\a cdsLibManager->viewListBox->value = nil
\a cdsLibManager->cellLineEdit->value = ""
\a cdsLibManager->libLineEdit->value = ""
\w Warning: LIB TECH_H18A6 from File /home/saul/projects/IMPLANTABLE_AMS/version1/saul/cds.lib Line 69 redefines
\w LIB TECH_H18A6 from the same file (defined earlier.)
\w Warning: The directory: '/pkg/AMS411/cds/HK_H18/TECH_H18A7AMAM' does not exist
\w 	but was defined in libFile '/home/saul/projects/IMPLANTABLE_AMS/version1/saul/cds.lib' for Lib 'TECH_H18A7AM'.
\w Warning: The directory: '/pkg/AMS411/cds/HK_H18/TECH_H18A5AMAM' does not exist
\w 	but was defined in libFile '/home/saul/projects/IMPLANTABLE_AMS/version1/saul/cds.lib' for Lib 'TECH_H18A5AM'.
\w Warning: The directory: '/pkg/AMS411/cds/HK_H18/TECH_H18A4AMAM' does not exist
\w 	but was defined in libFile '/home/saul/projects/IMPLANTABLE_AMS/version1/saul/cds.lib' for Lib 'TECH_H18A4AM'.
\w Warning: The directory: '/pkg/AMS411/cds/HK_H18/TECH_H18A3AMAM' does not exist
\w 	but was defined in libFile '/home/saul/projects/IMPLANTABLE_AMS/version1/saul/cds.lib' for Lib 'TECH_H18A3AM'.
\a cdsLibManager->libListBox->value = "IMP_COMM"
\a cdsLibManager->libLineEdit->value = "IMP_COMM"
\a cdsLibManager->cellListBox->value = "data_demod"
\a cdsLibManager->cellLineEdit->value = "data_demod"
\a cdsLibManager->viewListBox->value = "schematic"
\a cdsLibManager->viewLineEdit->value = "schematic"
\a cdsLibManager->viewLineEdit->value = ""
\a cdsLibManager->viewListBox->value = nil
\a cdsLibManager->viewListBox->value = "schematic"
\a cdsLibManager->viewLineEdit->value = "schematic"
\a cdsLibManager->libListBox->value = nil
\a cdsLibManager->cellListBox->value = nil
\a cdsLibManager->viewLineEdit->value = ""
\a cdsLibManager->viewListBox->value = nil
\a cdsLibManager->cellLineEdit->value = ""
\a cdsLibManager->libLineEdit->value = ""
\w Warning: LIB TECH_H18A6 from File /home/saul/projects/IMPLANTABLE_AMS/version1/saul/cds.lib Line 69 redefines
\w LIB TECH_H18A6 from the same file (defined earlier.)
\w Warning: The directory: '/pkg/AMS411/cds/HK_H18/TECH_H18A7AMAM' does not exist
\w 	but was defined in libFile '/home/saul/projects/IMPLANTABLE_AMS/version1/saul/cds.lib' for Lib 'TECH_H18A7AM'.
\w Warning: The directory: '/pkg/AMS411/cds/HK_H18/TECH_H18A5AMAM' does not exist
\w 	but was defined in libFile '/home/saul/projects/IMPLANTABLE_AMS/version1/saul/cds.lib' for Lib 'TECH_H18A5AM'.
\w Warning: The directory: '/pkg/AMS411/cds/HK_H18/TECH_H18A4AMAM' does not exist
\w 	but was defined in libFile '/home/saul/projects/IMPLANTABLE_AMS/version1/saul/cds.lib' for Lib 'TECH_H18A4AM'.
\w Warning: The directory: '/pkg/AMS411/cds/HK_H18/TECH_H18A3AMAM' does not exist
\w 	but was defined in libFile '/home/saul/projects/IMPLANTABLE_AMS/version1/saul/cds.lib' for Lib 'TECH_H18A3AM'.
\a cdsLibManager->libListBox->value = "IMP_COMM"
\a cdsLibManager->libLineEdit->value = "IMP_COMM"
\a cdsLibManager->cellListBox->value = "data_demod"
\a cdsLibManager->cellLineEdit->value = "data_demod"
\a cdsLibManager->viewListBox->value = "schematic"
\a cdsLibManager->viewLineEdit->value = "schematic"
\a cdsLibManager->viewLineEdit->value = ""
\a cdsLibManager->viewListBox->value = nil
\a cdsLibManager->viewListBox->value = "schematic"
\a cdsLibManager->viewLineEdit->value = "schematic"
\a cdsLibManager->libListBox->value = nil
\a cdsLibManager->cellListBox->value = nil
\a cdsLibManager->viewLineEdit->value = ""
\a cdsLibManager->viewListBox->value = nil
\a cdsLibManager->cellLineEdit->value = ""
\a cdsLibManager->libLineEdit->value = ""
\w Warning: LIB TECH_H18A6 from File /home/saul/projects/IMPLANTABLE_AMS/version1/saul/cds.lib Line 69 redefines
\w LIB TECH_H18A6 from the same file (defined earlier.)
\w Warning: The directory: '/pkg/AMS411/cds/HK_H18/TECH_H18A7AMAM' does not exist
\w 	but was defined in libFile '/home/saul/projects/IMPLANTABLE_AMS/version1/saul/cds.lib' for Lib 'TECH_H18A7AM'.
\w Warning: The directory: '/pkg/AMS411/cds/HK_H18/TECH_H18A5AMAM' does not exist
\w 	but was defined in libFile '/home/saul/projects/IMPLANTABLE_AMS/version1/saul/cds.lib' for Lib 'TECH_H18A5AM'.
\w Warning: The directory: '/pkg/AMS411/cds/HK_H18/TECH_H18A4AMAM' does not exist
\w 	but was defined in libFile '/home/saul/projects/IMPLANTABLE_AMS/version1/saul/cds.lib' for Lib 'TECH_H18A4AM'.
\w Warning: The directory: '/pkg/AMS411/cds/HK_H18/TECH_H18A3AMAM' does not exist
\w 	but was defined in libFile '/home/saul/projects/IMPLANTABLE_AMS/version1/saul/cds.lib' for Lib 'TECH_H18A3AM'.
\a cdsLibManager->libListBox->value = "IMP_COMM"
\a cdsLibManager->libLineEdit->value = "IMP_COMM"
\a cdsLibManager->cellListBox->value = "data_demod"
\a cdsLibManager->cellLineEdit->value = "data_demod"
\a cdsLibManager->viewListBox->value = "schematic"
\a cdsLibManager->viewLineEdit->value = "schematic"
\a cdsLibManager->viewLineEdit->value = ""
\a cdsLibManager->viewListBox->value = nil
\a cdsLibManager->viewListBox->value = "schematic"
\a cdsLibManager->viewLineEdit->value = "schematic"
\a cdsLibManager->libListBox->value = nil
\a cdsLibManager->cellListBox->value = nil
\a cdsLibManager->viewLineEdit->value = ""
\a cdsLibManager->viewListBox->value = nil
\a cdsLibManager->cellLineEdit->value = ""
\a cdsLibManager->libLineEdit->value = ""
\w Warning: LIB TECH_H18A6 from File /home/saul/projects/IMPLANTABLE_AMS/version1/saul/cds.lib Line 69 redefines
\w LIB TECH_H18A6 from the same file (defined earlier.)
\w Warning: The directory: '/pkg/AMS411/cds/HK_H18/TECH_H18A7AMAM' does not exist
\w 	but was defined in libFile '/home/saul/projects/IMPLANTABLE_AMS/version1/saul/cds.lib' for Lib 'TECH_H18A7AM'.
\w Warning: The directory: '/pkg/AMS411/cds/HK_H18/TECH_H18A5AMAM' does not exist
\w 	but was defined in libFile '/home/saul/projects/IMPLANTABLE_AMS/version1/saul/cds.lib' for Lib 'TECH_H18A5AM'.
\w Warning: The directory: '/pkg/AMS411/cds/HK_H18/TECH_H18A4AMAM' does not exist
\w 	but was defined in libFile '/home/saul/projects/IMPLANTABLE_AMS/version1/saul/cds.lib' for Lib 'TECH_H18A4AM'.
\w Warning: The directory: '/pkg/AMS411/cds/HK_H18/TECH_H18A3AMAM' does not exist
\w 	but was defined in libFile '/home/saul/projects/IMPLANTABLE_AMS/version1/saul/cds.lib' for Lib 'TECH_H18A3AM'.
\a cdsLibManager->libListBox->value = "IMP_COMM"
\a cdsLibManager->libLineEdit->value = "IMP_COMM"
\a cdsLibManager->cellListBox->value = "data_demod"
\a cdsLibManager->cellLineEdit->value = "data_demod"
\a cdsLibManager->viewListBox->value = "schematic"
\a cdsLibManager->viewLineEdit->value = "schematic"
\a cdsLibManager->viewLineEdit->value = ""
\a cdsLibManager->viewListBox->value = nil
\a cdsLibManager->viewListBox->value = "schematic"
\a cdsLibManager->viewLineEdit->value = "schematic"
\a nrResizeWindow(cdsLibManager list(3050 1165 725 762))
\a nrResizeWindow(cdsLibManager list(3050 85 725 762))
\a nrSetCurrentWindow(cdsLibManager)
\a nrResizeWindow(cdsLibManager list(3050 -995 725 762))
\a nrResizeWindow(cdsLibManager list(3050 85 725 762))
\a nrSetCurrentWindow(cdsLibManager)
\a cdsLibManager->cellListBox->value = "amp"
\a cdsLibManager->viewLineEdit->value = ""
\a cdsLibManager->viewListBox->value = nil
\a cdsLibManager->viewListBox->value = "schematic"
\a cdsLibManager->viewLineEdit->value = "schematic"
\a cdsLibManager->cellListBox->value = "comp_amp"
\a cdsLibManager->viewLineEdit->value = ""
\a cdsLibManager->viewListBox->value = nil
\a cdsLibManager->viewListBox->value = "schematic"
\a cdsLibManager->viewLineEdit->value = "schematic"
\a cdsLibManager->cellLineEdit->value = "comp_amp"
\a cdsLibManager->viewListBox->value = nil
\a cdsLibManager->viewListBox->value = "schematic"
\o MPS request: edit design
\a nrListItemAction(cdsLibManager->gdmXTView 4 0)
\a nrSetCurrentWindow(cdsLibManager)
\a nrResizeWindow(cdsLibManager list(3050 -995 725 762))
\o MPS service: shutdown
\o libManager is exiting.
\a nrSetWindowVisibility(cdsLibManager "hide")
\a exit(0)
