ncvlog: *W,DLNOHV: Unable to find an 'hdl.var' file to load in.
TOOL:	ncvlog(64)	14.20-s021: Started on Apr 11, 2016 at 17:03:05 CEST
ncvlog
    -use5x
    -ESCAPEDNAME
    -work __nclib
    -view module
    -specificunit DFCX4_HV
    /pkg/AMS411/verilog/h18a6/h18_CORELIB_HV.v
    -logfile ncvlog.log
    -cdslib /tmp/ihdl_cdslibb6432_6432
    -messages
    -nostdout
    -nocopyright

file: /pkg/AMS411/verilog/h18a6/h18_CORELIB_HV.v
	module __nclib.DFCX4_HV:module
		errors: 0, warnings: 0
	Total errors/warnings found outside modules and primitives:
		errors: 0, warnings: 1
TOOL:	ncvlog(64)	14.20-s021: Exiting on Apr 11, 2016 at 17:03:05 CEST  (total: 00:00:00)
