@(#)$CDS: ihdl version 6.1.5-64b 06/11/2013 20:03 (sjfnl004) $  Mon Apr 11 17:03:02 2016

INFO (VERILOGIN-211): Module OA22X3_HV already exists in the target or reference library CORELIB_HV.
INFO (VERILOGIN-211): Module IMUX2XL_HV already exists in the target or reference library CORELIB_HV.
INFO (VERILOGIN-211): Module HAX3_HV already exists in the target or reference library CORELIB_HV.
INFO (VERILOGIN-211): Module XOR2X1_HV already exists in the target or reference library CORELIB_HV.
INFO (VERILOGIN-211): Module OAI221X3_HV already exists in the target or reference library CORELIB_HV.
INFO (VERILOGIN-211): Module INVXL_HV already exists in the target or reference library CORELIB_HV.
INFO (VERILOGIN-211): Module DFCX1_HV already exists in the target or reference library CORELIB_HV.
INFO (VERILOGIN-211): Module CLKBUFX2_HV already exists in the target or reference library CORELIB_HV.
INFO (VERILOGIN-211): Module OAI211X3_HV already exists in the target or reference library CORELIB_HV.
INFO (VERILOGIN-211): Module OR2X2_HV already exists in the target or reference library CORELIB_HV.
INFO (VERILOGIN-211): Module NAND2XL_HV already exists in the target or reference library CORELIB_HV.
INFO (VERILOGIN-211): Module MUX2X3_HV already exists in the target or reference library CORELIB_HV.
INFO (VERILOGIN-211): Module NOR2XL_HV already exists in the target or reference library CORELIB_HV.
INFO (VERILOGIN-211): Module DFCX4_HV already exists in the target or reference library CORELIB_HV.
INFO (VERILOGIN-575): Symbol 'FreqDiv64' was not imported because it already exists in library 'IMP_DIG_DIV64'.
To overwrite the symbol, select an appropriate option from the Overwrite Symbol
Views drop-down list and try again.
INFO (VERILOGIN-372): Checked-in schematic FreqDiv64.
INFO (VERILOGIN-206): End of Logfile.
