\# Program start time UTC 2015.11.16 08:27:29.520
\# Local time Monday 16 November 2015, 9:27 am
\o Program:		@(#)$CDS: virtuoso version 6.1.5-64b 06/11/2013 20:05 (sjfnl006) $
\o Hierarchy:		/pkg/Cadence/installs/IC615/tools.lnx86/dfII/
\o Sub version:		sub-version  IC6.1.5-64b.500.17  (64-bit addresses)
\# Host name (type):	localhost.localdomain (x86_64)
\# Operating system:	Linux 2.6.18-406.el5 #1 SMP Tue Jun 2 17:25:57 EDT 2015
\# X display name (WxH):	localhost.localdomain:80.0 (1024x868)
\# Available geometry:			TL(0:0) BR(1023:867)
\# X server:			RealVNC Ltd (VNC nograph server)
\# Depth of Visual (Root):	16 (16)
\# Number of Planes Used:	16
\# X version:		11.0 (vendor release 3370)
\# X resource pool:	base 0x800000, mask 0x3fffff (4194303), shift 0
\# 			current id 0x31, current max 0x3ffffa (4194298)
\# Memory report:	maximum data size 18446744073709551615 (0xffffffffffffffff) bytes
\# Memory report:	maximum process size 18446744073709551615 (0xffffffffffffffff) bytes
\# Initial sbrk value:	360857600 (0x15824000) bytes
\# Available memory:	23473248 (0x1662c60) kilobytes
\# System memory:	24046944 (0x16eed60) kilobytes
\# Maximum memory size:	24319631360 (0x5a9902000) bytes
\# Max mem available:	24093024256 (0x59c0e6000) bytes
\# Initial memory used:	56418304 (0x35ce000) bytes
\#        process size:	667693056 (0x27cc3000) bytes
\# Qt version:		4.5.3
\# Window Manager:	other
\# User Name:		saul
\o Working Directory:	localhost.localdomain:/home/saul/projects/IMPLANTABLE_AMS/version1/saul
\# Process Id:		3579
\o 
\o COPYRIGHT © 1992-2013  CADENCE DESIGN SYSTEMS INC.  ALL RIGHTS RESERVED.
\o           © 1992-2013  UNIX SYSTEMS Laboratories INC.,
\o                          Reproduced with permission.
\o 
\o This Cadence Design Systems program and online documentation are
\o proprietary/confidential information and may be disclosed/used only
\o as authorized in a license agreement controlling such use and disclosure.
\o 
\o           RESTRICTED RIGHTS NOTICE (SHORT FORM)
\o Use/reproduction/disclosure is subject to restriction
\o set forth at FAR 1252.227-19 or its equivalent.
\# Available memory:	23467792 (0x1661710) kilobytes UTC 2015.11.16 08:27:31.801
\# Memory report: Maximum memory size now 24090198016 (0x59be34000) bytes, UTC 2015.11.16 08:27:31.801
\o Loading geView.cxt 
\o Loading menuBuilder.cxt 
\o Loading schView.cxt 
\o Loading selectSv.cxt 
\o Loading LVS.cxt 
\o Loading layerProc.cxt 
\o Loading xlUI.cxt 
\o Loading auCore.cxt 
\o Loading dcm.cxt 
\o Loading vhdl.cxt 
\o Loading seismic.cxt 
\o Loading ci.cxt 
\o Loading ams.cxt 
\o Loading adexl.cxt 
\o Loading oasis.cxt 
\o Loading asimenv.cxt 
\o Loading analog.cxt 
\o Loading par.cxt 
\o Loading socket.cxt 
\o Loading alvs.cxt 
\o *Info*    Exporting services from client ... 
\o 
\w *WARNING* LIB TECH_H18A6 from File /home/saul/projects/IMPLANTABLE_AMS/version1/saul/cds.lib Line 69 redefines
\w LIB TECH_H18A6 from the same file (defined earlier.)
\w *WARNING* The directory: '/pkg/AMS411/cds/HK_H18/TECH_H18A7AMAM' does not exist
\w 	but was defined in libFile '/home/saul/projects/IMPLANTABLE_AMS/version1/saul/cds.lib' for Lib 'TECH_H18A7AM'.
\w *WARNING* The directory: '/pkg/AMS411/cds/HK_H18/TECH_H18A5AMAM' does not exist
\w 	but was defined in libFile '/home/saul/projects/IMPLANTABLE_AMS/version1/saul/cds.lib' for Lib 'TECH_H18A5AM'.
\w *WARNING* The directory: '/pkg/AMS411/cds/HK_H18/TECH_H18A4AMAM' does not exist
\w 	but was defined in libFile '/home/saul/projects/IMPLANTABLE_AMS/version1/saul/cds.lib' for Lib 'TECH_H18A4AM'.
\w *WARNING* The directory: '/pkg/AMS411/cds/HK_H18/TECH_H18A3AMAM' does not exist
\w 	but was defined in libFile '/home/saul/projects/IMPLANTABLE_AMS/version1/saul/cds.lib' for Lib 'TECH_H18A3AM'.
\o ......................................................................................
\o            ams AG hitkit v.ams_4.11
\o ......................................................................................
\o COPYRIGHT (c) 2013 Full Service Foundry @ ams AG.  ALL RIGHTS RESERVED
\o This hitkit and attached documentation are confidential information and may 
\o only be used as authorized by the hitkit license agreement.
\o ......................................................................................
\o Loading simulator default settings.
\o HitKit On-Line Documentation not enabled - does ~/data.reg exist?
\o No mx check
\o  
\o Loading IBM PDK cmhv7sf procedures for Cadence Version "6.1.5-64b"...
\o ...IBM PDK cmhv7sf procedures loaded.
\o  
\o Loading simulator default settings.
\o *Info*    Client has finished starting ... 
\o 
\p hitkit: ams_4.11  Tech: h18a6am  User: saul 
\o Initializing IBM_PDK functions
\o IBM_PDK skill procedures for Cadence 6.1 - Nov 29 08:29:37 2010
\o Licensed Materials - Property of IBM - All Rights Reserved 
\o Copyright: International Business Machines Corporation, 2015
\o This Material may not be copied without the written consent of 
\o Semiconductor Research and Development Center, IBM Corp., Essex Junction, VT 05452-4299.
\o  Default set for Left & Right WindowCoordIBM
\o System hardware set for Linux IBM_PDK procedures
\o Setting calibre env variable table for cmhv7sf 
\o Using menu definition file: /pkg/AMS411/cds/HK_H18/cmhv7sf/ibmPdkMenu.def
\o set cmhv7sf  calibre env variables based on ibmPdkMenuCalibre settings
\o set cmhv7sf  calibre env variables based on ibmPdkMenuCalibreDrc settings
\o set cmhv7sf  calibre env variables based on ibmPdkMenuCalibreLvs settings
\o set cmhv7sf  calibre env variables based on ibmPdkMenuCalibrePerc settings
\o 
\o 
\o *Info*    Configuring the session ...
\o 
\o 	Library      = IMP_POW_TOP
\o 	Cell         = pow_top_tb
\o 	View         = config
\o 	Simulator    = spectre
\o 	State Path   = $AXL_SETUPDB_DIR/test_states
\o 	State Name   = IMP_POW_TOP:pow_top_tb:1_spectre_state2_Interactive.8
\o 	Results DB   = /home/saul/projects/IMPLANTABLE_AMS/version1/saul/IMP_POW_TOP/pow_top_tb/adexl/results/data/Interactive.8.rdb
\o 	Results Dir  = /home/saul/Sim/IMP_POW_TOP/pow_top_tb/adexl/results/data/Interactive.8/1/IMP_POW_TOP:pow_top_tb:1
\o 	Results Loc  = /home/saul/Sim/IMP_POW_TOP/pow_top_tb/adexl/results/data
\o 	Project Dir  = /home/saul/projects/IMPLANTABLE_AMS/version1/saul/SimVM
\o 	Setup DB loc = /home/saul/projects/IMPLANTABLE_AMS/version1/saul/IMP_POW_TOP/pow_top_tb/adexl
\o 	File Encoding = 0
\o 
\o 
\o Loading simui.cxt 
\o Loading awv.cxt 
\o Loading viva.cxt 
\o *Info*    Spectre controlMode is set "batch".
\o 
\o Loading spectrei.cxt 
\# Memory report: now 164986880 (0x9d58000) bytes, process size 912306176 (0x3660b000) bytes at UTC 2015.11.16 08:27:45.835
\o Loading relXpert.cxt 
\w *WARNING* LIB TECH_H18A6 from File /home/saul/projects/IMPLANTABLE_AMS/version1/saul/cds.lib Line 69 redefines
\w LIB TECH_H18A6 from the same file (defined earlier.)
\w *WARNING* The directory: '/pkg/AMS411/cds/HK_H18/TECH_H18A7AMAM' does not exist
\w 	but was defined in libFile '/home/saul/projects/IMPLANTABLE_AMS/version1/saul/cds.lib' for Lib 'TECH_H18A7AM'.
\w *WARNING* The directory: '/pkg/AMS411/cds/HK_H18/TECH_H18A5AMAM' does not exist
\w 	but was defined in libFile '/home/saul/projects/IMPLANTABLE_AMS/version1/saul/cds.lib' for Lib 'TECH_H18A5AM'.
\w *WARNING* The directory: '/pkg/AMS411/cds/HK_H18/TECH_H18A4AMAM' does not exist
\w 	but was defined in libFile '/home/saul/projects/IMPLANTABLE_AMS/version1/saul/cds.lib' for Lib 'TECH_H18A4AM'.
\w *WARNING* The directory: '/pkg/AMS411/cds/HK_H18/TECH_H18A3AMAM' does not exist
\w 	but was defined in libFile '/home/saul/projects/IMPLANTABLE_AMS/version1/saul/cds.lib' for Lib 'TECH_H18A3AM'.
\o Loading hspiceD.cxt 
\o Loading spectreinl.cxt 
\o Loading msgHandler.cxt 
\o Loading UltraSim.cxt 
\o Loading AMSOSS.cxt 
\o Loading AMS.cxt 
\o Loading devCheck.cxt 
\o 
\o 
\o 
\o 
\o 
\o *Info*    Run start for Point ID (0 1) on testbench [
\o           IMP_POW_TOP:pow_top_tb:1 ].
\o 
\o Resetting statistical vars
\o 
\o *Info*    Setting parameter values ...
\o 
\o Setting var TX_DATA = "0"
\o Setting var VIN_AC = "0"
\o Setting var VIN_DC = "5"
\o Setting var VIN_PULSE = "0"
\o Setting temp(T) = 27
\o 
\o *Info*    Netlist Directory =
\o           /home/saul/Sim/IMP_POW_TOP/pow_top_tb/adexl/results/data/Interactive.8/1/IMP_POW_TOP:pow_top_tb:1/netlist
\o 
\o 
\o *Info*    Data Directory    =
\o           /home/saul/Sim/IMP_POW_TOP/pow_top_tb/adexl/results/data/Interactive.8/1/IMP_POW_TOP:pow_top_tb:1
\o 
\o 
\o *Info*    Creating Netlist for Point ID (0 1)
\o 
\o generate netlist...
\e *Error* load: can't access file - "/afs/ict.kth.se/proj/ektlab/PDK/AMS/cds/HK_ALL/skill/ansCdlCompPrim.il"
\o Loading seCore.cxt 
\e *Error* load: can't access file - "/afs/ict.kth.se/proj/ektlab/PDK/AMS/cds/HK_ALL/skill/ansCdlCompPrim.il"
\e *Error* load: can't access file - "/afs/ict.kth.se/proj/ektlab/PDK/AMS/cds/HK_ALL/skill/ansCdlCompPrim.il"
\o Initializing the control file using cp:
\o     cp /pkg/Cadence/installs/IC615/tools.lnx86/dfII/etc/si/control.spectre /home/saul/Sim/IMP_POW_TOP/pow_top_tb/adexl/results/data/Interactive.8/1/IMP_POW_TOP:pow_top_tb:1/netlist/control
\o Copying Spectre source file 'spectre.inp'
\o Copying Spectre command file 'spectre.sim'
\o Begin Incremental Netlisting Nov 16 09:27:47 2015
\o End netlisting Nov 16 09:27:48 2015
\o 
\o Netlisting Statistics:
\o 	Number of components:  130
\o 
\o 	Elapsed time:          1.0s (130.00/s)
\o Errors: 0	Warnings: 0
\o       ...successful.
\o compose simulator input file...
\o       ...successful.
\o 
\o *Info*    Running simulation on testbench [ IMP_POW_TOP:pow_top_tb:1
\o           ] for Point ID (0 1).
\o 
\o Delete psf data in /home/saul/Sim/IMP_POW_TOP/pow_top_tb/adexl/results/data/Interactive.8/1/IMP_POW_TOP:pow_top_tb:1/psf.
\o compose simulator input file...
\o       ...successful.
\o start simulator if needed...
\o       ...successful.
\o simulate...
\o To view the simulator output, right-click on the test name, result 
\o name, or any value in the "Results" tab of the Outputs section and 
\o choose "Output Log" menu option.
\o Loading paraplot.cxt 
\o INFO (ADE-3067): Errors encountered during simulation. For more information, right-click
\o         on a test name in the 'Results' tab of the Outputs pane and choose 'Output Log'
\o         to view the simulation run log.
\o 
\o *Error*   Error ID  = 5011
\o *Error*   Error Msg = Simulator failed to complete the simulation.
\o 
\o           Error found by spectre during circuit read-in.
\o Error found
\o           by spectre during circuit read-in.
\o ERROR (CMI-2011): Unable
\o           to open parameter soft limits file
\o           `/afs/ict.kth.se/proj/ektlab/PDK/AMS/spectre/ams_range.lmts'.
\o Error found by spectre during circuit read-in.
\o Error found by spectre during circuit read-in.
\o ERROR (SFE-868): "input.scs" 9: Unable to open input file `/afs/ict.kth.se/proj/ektlab/PDK/AMS/spectre/h18/soac/mcparams.scs'.
\o ERROR (SFE-868): "input.scs" 10: Unable to open input file `/afs/ict.kth.se/proj/ektlab/PDK/AMS/spectre/h18/soac/design.scs'.
\o ERROR (SFE-868): "input.scs" 11: Unable to open input file `/afs/ict.kth.se/proj/ektlab/PDK/AMS/spectre/h18/soac/res.scs'.
\o ERROR (SFE-868): "input.scs" 12: Unable to open input file `/afs/ict.kth.se/proj/ektlab/PDK/AMS/spectre/h18/soac/cap.scs'.
\o ERROR (SFE-868): "input.scs" 13: Unable to open input file `/afs/ict.kth.se/proj/ektlab/PDK/AMS/spectre/h18/soac/bip.scs'.
\o ERROR (SFE-868): "input.scs" 14: Unable to open input file `/afs/ict.kth.se/proj/ektlab/PDK/AMS/spectre/h18/soac/esddi.scs'.
\o ERROR (SFE-868): "input.scs" 15: Unable to open input file
\o           `/afs/ict.kth.se/proj/ektlab/PDK/AMS/spectre/h18/soac/cmos53.scs'.
\o 
\o 
\o 
\o 
\o 
\o 
\o 
\o 
\o 
\o 
\o *Info*    Run start for Point ID (0 1) on testbench [
\o           IMP_POW_TOP:pow_top_tb:1 ].
\o 
\o Resetting statistical vars
\o 
\o *Info*    Setting parameter values ...
\o 
\o Setting var TX_DATA = "0"
\o Setting var VIN_AC = "0"
\o Setting var VIN_DC = "5"
\o Setting var VIN_PULSE = "0"
\o Setting temp(T) = 27
\o 
\o *Info*    Netlist Directory =
\o           /home/saul/Sim/IMP_POW_TOP/pow_top_tb/adexl/results/data/Interactive.8/1/IMP_POW_TOP:pow_top_tb:1/netlist
\o 
\o 
\o *Info*    Data Directory    =
\o           /home/saul/Sim/IMP_POW_TOP/pow_top_tb/adexl/results/data/Interactive.8/1/IMP_POW_TOP:pow_top_tb:1
\o 
\o 
\o *Info*    Creating Netlist for Point ID (0 1)
\o 
\o generate netlist...
\e *Error* load: can't access file - "/afs/ict.kth.se/proj/ektlab/PDK/AMS/cds/HK_ALL/skill/ansCdlCompPrim.il"
\e *Error* load: can't access file - "/afs/ict.kth.se/proj/ektlab/PDK/AMS/cds/HK_ALL/skill/ansCdlCompPrim.il"
\o Begin Incremental Netlisting Nov 16 09:27:49 2015
\o End netlisting Nov 16 09:27:49 2015
\o 
\o 	The netlist is up to date.
\o 	Time taken to compare the design with netlist:   0.0s
\o       ...successful.
\o compose simulator input file...
\o       ...successful.
\o 
\o *Info*    Running simulation on testbench [ IMP_POW_TOP:pow_top_tb:1
\o           ] for Point ID (0 1).
\o 
\o Delete psf data in /home/saul/Sim/IMP_POW_TOP/pow_top_tb/adexl/results/data/Interactive.8/1/IMP_POW_TOP:pow_top_tb:1/psf.
\o compose simulator input file...
\o       ...successful.
\o start simulator if needed...
\o       ...successful.
\o simulate...
\o To view the simulator output, right-click on the test name, result 
\o name, or any value in the "Results" tab of the Outputs section and 
\o choose "Output Log" menu option.
\o INFO (ADE-3067): Errors encountered during simulation. For more information, right-click
\o         on a test name in the 'Results' tab of the Outputs pane and choose 'Output Log'
\o         to view the simulation run log.
\o 
\o *Error*   Error ID  = 5011
\o *Error*   Error Msg = Simulator failed to complete the simulation.
\o 
\o           Error found by spectre during circuit read-in.
\o Error found
\o           by spectre during circuit read-in.
\o ERROR (CMI-2011): Unable
\o           to open parameter soft limits file
\o           `/afs/ict.kth.se/proj/ektlab/PDK/AMS/spectre/ams_range.lmts'.
\o Error found by spectre during circuit read-in.
\o Error found by spectre during circuit read-in.
\o ERROR (SFE-868): "input.scs" 9: Unable to open input file `/afs/ict.kth.se/proj/ektlab/PDK/AMS/spectre/h18/soac/mcparams.scs'.
\o ERROR (SFE-868): "input.scs" 10: Unable to open input file `/afs/ict.kth.se/proj/ektlab/PDK/AMS/spectre/h18/soac/design.scs'.
\o ERROR (SFE-868): "input.scs" 11: Unable to open input file `/afs/ict.kth.se/proj/ektlab/PDK/AMS/spectre/h18/soac/res.scs'.
\o ERROR (SFE-868): "input.scs" 12: Unable to open input file `/afs/ict.kth.se/proj/ektlab/PDK/AMS/spectre/h18/soac/cap.scs'.
\o ERROR (SFE-868): "input.scs" 13: Unable to open input file `/afs/ict.kth.se/proj/ektlab/PDK/AMS/spectre/h18/soac/bip.scs'.
\o ERROR (SFE-868): "input.scs" 14: Unable to open input file `/afs/ict.kth.se/proj/ektlab/PDK/AMS/spectre/h18/soac/esddi.scs'.
\o ERROR (SFE-868): "input.scs" 15: Unable to open input file
\o           `/afs/ict.kth.se/proj/ektlab/PDK/AMS/spectre/h18/soac/cmos53.scs'.
\o 
\o 
\o 
\o 
\o 
\o 
\o *Info*    Received signal SIGINT.
\o 
\o 
