\# Program start time UTC 2016.03.17 13:31:28.692
\# Local time Thursday 17 March 2016, 2:31 pm
\o Program:		@(#)$CDS: virtuoso version 6.1.5-64b 06/11/2013 20:05 (sjfnl006) $
\o Hierarchy:		/pkg/Cadence/installs/IC615/tools.lnx86/dfII/
\o Sub version:		sub-version  IC6.1.5-64b.500.17  (64-bit addresses)
\# Host name (type):	s2424.it.kth.se (x86_64)
\# Operating system:	Linux 2.6.18-407.el5 #1 SMP Wed Nov 11 08:12:41 EST 2015
\# X display name (WxH):	s2424.it.kth.se:80.0 (1024x868)
\# Available geometry:			TL(0:0) BR(1023:867)
\# X server:			RealVNC Ltd (VNC nograph server)
\# Depth of Visual (Root):	16 (16)
\# Number of Planes Used:	16
\# X version:		11.0 (vendor release 3370)
\# X resource pool:	base 0x1400000, mask 0x3fffff (4194303), shift 0
\# 			current id 0x31, current max 0x3ffffa (4194298)
\# Memory report:	maximum data size 18446744073709551615 (0xffffffffffffffff) bytes
\# Memory report:	maximum process size 18446744073709551615 (0xffffffffffffffff) bytes
\# Initial sbrk value:	474578944 (0x1c498000) bytes
\# Available memory:	67667700 (0x40886f4) kilobytes
\# System memory:	80336196 (0x4c9d544) kilobytes
\# Maximum memory size:	81847422976 (0x130e7c9000) bytes
\# Max mem available:	69349462016 (0x10258cd000) bytes
\# Initial memory used:	57737216 (0x3710000) bytes
\#        process size:	673460224 (0x28243000) bytes
\# Qt version:		4.5.3
\# Window Manager:	other
\# User Name:		saul
\o Working Directory:	s2424.it.kth.se:/home/saul/projects/IMPLANTABLE_AMS/version1/saul
\# Process Id:		3458
\o 
\o COPYRIGHT © 1992-2013  CADENCE DESIGN SYSTEMS INC.  ALL RIGHTS RESERVED.
\o           © 1992-2013  UNIX SYSTEMS Laboratories INC.,
\o                          Reproduced with permission.
\o 
\o This Cadence Design Systems program and online documentation are
\o proprietary/confidential information and may be disclosed/used only
\o as authorized in a license agreement controlling such use and disclosure.
\o 
\o           RESTRICTED RIGHTS NOTICE (SHORT FORM)
\o Use/reproduction/disclosure is subject to restriction
\o set forth at FAR 1252.227-19 or its equivalent.
\# Available memory:	67655536 (0x4085770) kilobytes UTC 2016.03.17 13:31:28.935
\# Memory report: Maximum memory size now 69360005120 (0x10262db000) bytes, UTC 2016.03.17 13:31:28.935
\o Loading geView.cxt 
\o Loading menuBuilder.cxt 
\o Loading schView.cxt 
\o Loading selectSv.cxt 
\o Loading LVS.cxt 
\o Loading layerProc.cxt 
\o Loading xlUI.cxt 
\o Loading auCore.cxt 
\o Loading dcm.cxt 
\o Loading vhdl.cxt 
\o Loading seismic.cxt 
\o Loading ci.cxt 
\o Loading ams.cxt 
\o Loading adexl.cxt 
\o Loading oasis.cxt 
\o Loading asimenv.cxt 
\o Loading analog.cxt 
\o Loading par.cxt 
\o Loading socket.cxt 
\o Loading alvs.cxt 
\o *Info*    Exporting services from client ... 
\o 
\w *WARNING* LIB TECH_H18A6 from File /home/saul/projects/IMPLANTABLE_AMS/version1/saul/cds.lib Line 69 redefines
\w LIB TECH_H18A6 from the same file (defined earlier.)
\w *WARNING* The directory: '/pkg/AMS411/cds/HK_H18/TECH_H18A7AMAM' does not exist
\w 	but was defined in libFile '/home/saul/projects/IMPLANTABLE_AMS/version1/saul/cds.lib' for Lib 'TECH_H18A7AM'.
\w *WARNING* The directory: '/pkg/AMS411/cds/HK_H18/TECH_H18A5AMAM' does not exist
\w 	but was defined in libFile '/home/saul/projects/IMPLANTABLE_AMS/version1/saul/cds.lib' for Lib 'TECH_H18A5AM'.
\w *WARNING* The directory: '/pkg/AMS411/cds/HK_H18/TECH_H18A4AMAM' does not exist
\w 	but was defined in libFile '/home/saul/projects/IMPLANTABLE_AMS/version1/saul/cds.lib' for Lib 'TECH_H18A4AM'.
\w *WARNING* The directory: '/pkg/AMS411/cds/HK_H18/TECH_H18A3AMAM' does not exist
\w 	but was defined in libFile '/home/saul/projects/IMPLANTABLE_AMS/version1/saul/cds.lib' for Lib 'TECH_H18A3AM'.
\o ......................................................................................
\o            ams AG hitkit v.ams_4.11
\o ......................................................................................
\o COPYRIGHT (c) 2013 Full Service Foundry @ ams AG.  ALL RIGHTS RESERVED
\o This hitkit and attached documentation are confidential information and may 
\o only be used as authorized by the hitkit license agreement.
\o ......................................................................................
\o Loading simulator default settings.
\o HitKit On-Line Documentation not enabled - does ~/data.reg exist?
\o No mx check
\o  
\o Loading IBM PDK cmhv7sf procedures for Cadence Version "6.1.5-64b"...
\o ...IBM PDK cmhv7sf procedures loaded.
\o  
\o Loading simulator default settings.
\o *Info*    Client has finished starting ... 
\o 
\p hitkit: ams_4.11  Tech: h18a6am  User: saul 
\o Initializing IBM_PDK functions
\o IBM_PDK skill procedures for Cadence 6.1 - Nov 29 08:29:37 2010
\o Licensed Materials - Property of IBM - All Rights Reserved 
\o Copyright: International Business Machines Corporation, 2016
\o This Material may not be copied without the written consent of 
\o Semiconductor Research and Development Center, IBM Corp., Essex Junction, VT 05452-4299.
\o  Default set for Left & Right WindowCoordIBM
\o System hardware set for Linux IBM_PDK procedures
\o Setting calibre env variable table for cmhv7sf 
\o Using menu definition file: /pkg/AMS411/cds/HK_H18/cmhv7sf/ibmPdkMenu.def
\o set cmhv7sf  calibre env variables based on ibmPdkMenuCalibre settings
\o set cmhv7sf  calibre env variables based on ibmPdkMenuCalibreDrc settings
\o set cmhv7sf  calibre env variables based on ibmPdkMenuCalibreLvs settings
\o set cmhv7sf  calibre env variables based on ibmPdkMenuCalibrePerc settings
\o 
\o 
\o *Info*    Configuring the session ...
\o 
\o 	Library      = IMP_POW_BANDGAP
\o 	Cell         = bandgap_tb
\o 	View         = schematic
\o 	Simulator    = spectre
\o 	State Path   = $AXL_SETUPDB_DIR/test_states
\o 	State Name   = IMP_POW_BANDGAP:bandgap_tb:1_state_saul_MonteCarlo.3
\o 	Results DB   = /home/saul/projects/IMPLANTABLE_AMS/version1/saul/IMP_POW_BANDGAP/bandgap_tb/adexl/results/data/MonteCarlo.3.rdb
\o 	Results Dir  = /home/saul/Sim/IMP_POW_BANDGAP/bandgap_tb/adexl/results/data/MonteCarlo.3/1/IMP_POW_BANDGAP:bandgap_tb:1
\o 	Results Loc  = /home/saul/Sim/IMP_POW_BANDGAP/bandgap_tb/adexl/results/data
\o 	Project Dir  = /home/saul/projects/IMPLANTABLE_AMS/version1/saul/SimVM
\o 	Setup DB loc = /home/saul/projects/IMPLANTABLE_AMS/version1/saul/IMP_POW_BANDGAP/bandgap_tb/adexl
\o 	File Encoding = 0
\o 
\o 
\o Loading simui.cxt 
\o Loading awv.cxt 
\o Loading viva.cxt 
\o *Info*    Spectre controlMode is set "batch".
\o 
\o Loading spectrei.cxt 
\# Memory report: now 166903808 (0x9f2c000) bytes, process size 914378752 (0x36805000) bytes at UTC 2016.03.17 13:32:16.418
\o Loading relXpert.cxt 
\w *WARNING* LIB TECH_H18A6 from File /home/saul/projects/IMPLANTABLE_AMS/version1/saul/cds.lib Line 69 redefines
\w LIB TECH_H18A6 from the same file (defined earlier.)
\w *WARNING* The directory: '/pkg/AMS411/cds/HK_H18/TECH_H18A7AMAM' does not exist
\w 	but was defined in libFile '/home/saul/projects/IMPLANTABLE_AMS/version1/saul/cds.lib' for Lib 'TECH_H18A7AM'.
\w *WARNING* The directory: '/pkg/AMS411/cds/HK_H18/TECH_H18A5AMAM' does not exist
\w 	but was defined in libFile '/home/saul/projects/IMPLANTABLE_AMS/version1/saul/cds.lib' for Lib 'TECH_H18A5AM'.
\w *WARNING* The directory: '/pkg/AMS411/cds/HK_H18/TECH_H18A4AMAM' does not exist
\w 	but was defined in libFile '/home/saul/projects/IMPLANTABLE_AMS/version1/saul/cds.lib' for Lib 'TECH_H18A4AM'.
\w *WARNING* The directory: '/pkg/AMS411/cds/HK_H18/TECH_H18A3AMAM' does not exist
\w 	but was defined in libFile '/home/saul/projects/IMPLANTABLE_AMS/version1/saul/cds.lib' for Lib 'TECH_H18A3AM'.
\o Loading hspiceD.cxt 
\o Loading spectreinl.cxt 
\o Loading msgHandler.cxt 
\o Loading UltraSim.cxt 
\o Loading AMSOSS.cxt 
\o Loading AMS.cxt 
\o Loading devCheck.cxt 
\o 
\o 
\o 
\o 
\o 
\o *Info*    Run start for Point ID (0 1) on testbench [
\o           IMP_POW_BANDGAP:bandgap_tb:1 ].
\o 
\o Resetting statistical vars
\o 
\o *Info*    Setting parameter values ...
\o 
\o Setting var CL = "0.1p"
\o Setting var IBIAS = "100n"
\o Setting var IBIAS_STEP = "0"
\o Setting var R1 = "250k"
\o Setting var R3 = "30K"
\o Setting var RL = "100M"
\o Setting var VD_AC = "1"
\o Setting var VD_PULSE = "1.8"
\o Setting var VD_RISE = "500u"
\o Setting var VIN_AC = "0"
\o Setting var Vsupply = "1.8"
\o Loading monte.cxt 
\o Setting temp(T) = 27
\o 
\o *Info*    Netlist Directory =
\o           /home/saul/Sim/IMP_POW_BANDGAP/bandgap_tb/adexl/results/data/MonteCarlo.3/1/IMP_POW_BANDGAP:bandgap_tb:1/netlist
\o 
\o 
\o *Info*    Data Directory    =
\o           /home/saul/Sim/IMP_POW_BANDGAP/bandgap_tb/adexl/results/data/MonteCarlo.3/1/IMP_POW_BANDGAP:bandgap_tb:1
\o 
\o 
\o *Info*    Creating Netlist for Point ID (0 1)
\o 
\o generate netlist...
\o Loading seCore.cxt 
\o function ansCdlCompPrim redefined
\o function ansCdlCompPrim redefined
\o Initializing the control file using cp:
\o     cp /pkg/Cadence/installs/IC615/tools.lnx86/dfII/etc/si/control.spectre /home/saul/Sim/IMP_POW_BANDGAP/bandgap_tb/adexl/results/data/MonteCarlo.3/1/IMP_POW_BANDGAP:bandgap_tb:1/netlist/control
\o Copying Spectre source file 'spectre.inp'
\o Copying Spectre command file 'spectre.sim'
\o Begin Incremental Netlisting Mar 17 14:32:18 2016
\o End netlisting Mar 17 14:32:18 2016
\o 
\o Netlisting Statistics:
\o 	Number of components:   60
\o 
\o 	Elapsed time:          0.0s
\o Errors: 0	Warnings: 0
\o       ...successful.
\o compose simulator input file...
\o       ...successful.
\o 
\o *Info*    Running simulation on testbench [
\o           IMP_POW_BANDGAP:bandgap_tb:1 ] for Point ID (0 1).
\o 
\o *Info*    Spectre controlMode is set "batch" due to monte carlo run.
\o 
\o Delete psf data in /home/saul/Sim/IMP_POW_BANDGAP/bandgap_tb/adexl/results/data/MonteCarlo.3/1/IMP_POW_BANDGAP:bandgap_tb:1/psf.
\o generate netlist...
\o function ansCdlCompPrim redefined
\o function ansCdlCompPrim redefined
\o Begin Incremental Netlisting Mar 17 14:32:19 2016
\o End netlisting Mar 17 14:32:19 2016
\o 
\o 	The netlist is up to date.
\o 	Time taken to compare the design with netlist:   0.0s
\o       ...successful.
\o compose simulator input file...
\o       ...successful.
\o start simulator if needed...
\o       ...successful.
\o simulate...
\o To view the simulator output, right-click on the test name, result 
\o name, or any value in the "Results" tab of the Outputs section and 
\o choose "Output Log" menu option.
\o Loading paraplot.cxt 
\o INFO (ADE-3067): Errors encountered during simulation. For more information, right-click
\o         on a test name in the 'Results' tab of the Outputs pane and choose 'Output Log'
\o         to view the simulation run log.
\o *Info*    Monte Carlo Simulation unsuccessful...
\o *Info*    See simulation output log for more information.
\o 
\o *Error*   Error ID  = 5052
\o *Error*   Error Msg = 
\o Nominal simulation might have failed. Either
\o           fix the problem in the test setup or disable the test and
\o           re-run.
\o 
\o To view the simulator output, right-click on the
\o           test name, result name, or any corner column in the
\o           "Detail" view 
\o of the "Results" tab and choose "Output Log"
\o           menu option.
\o 
\o 
\o 
\o 
\o WARNING (WIA-1120):  : Invalid directory found while clearing SST2 resources.
\o 
\o *Error*   Error ID  = 5011
\o *Error*   Error Msg = Simulator failed to complete the simulation.
\o 
\o           Error found by spectre during circuit read-in.
\o Error found
\o           by spectre during circuit read-in.
\o ERROR (CMI-2011): Unable
\o           to open parameter soft limits file
\o           `/afs/ict.kth.se/proj/ektlab/PDK/AMS/spectre/ams_range.lmts'.
\o Error found by spectre during circuit read-in.
\o Error found by spectre during circuit read-in.
\o ERROR (SFE-868): "input.scs" 10: Can not open input file `/afs/ict.kth.se/proj/ektlab/PDK/AMS/spectre/h18/soac/mcparams.scs'. No such file or director
\o y. Ensure that the file exists and the path to the file is correct. Otherwise, use the -I<path> command-line option to specify the path to the file.
\o ERROR (SFE-868): "input.scs" 11: Can not open input file `/afs/ict.kth.se/proj/ektlab/PDK/AMS/spectre/h18/soac/design.scs'. No such file or directory.
\o  Ensure that the file exists and the path to the file is correct. Otherwise, use the -I<path> command-line option to specify the path to the file.
\o ERROR (SFE-868): "input.scs" 12: Can not open input file `/afs/ict.kth.se/proj/ektlab/PDK/AMS/spectre/h18/soac/res.scs'. No such file or directory. En
\o sure that the file exists and the path to the file is correct. Otherwise, use the -I<path> command-line option to specify the path to the file.
\o ERROR (SFE-868): "input.scs" 13: Can not open input file `/afs/ict.kth.se/proj/ektlab/PDK/AMS/spectre/h18/soac/cap.scs'. No such file or directory. En
\o sure that the file exists and the path to the file is correct. Otherwise, use the -I<path> command-line option to specify the path to the file.
\o ERROR (SFE-868): "input.scs" 14: Can not open input file `/afs/ict.kth.se/proj/ektlab/PDK/AMS/spectre/h18/soac/bip.scs'. No such file or directory. En
\o sure that the file exists and the path to the file is correct. Otherwise, use the -I<path> command-line option to specify the path to the file.
\o ERROR (SFE-868): "input.scs" 15: Can not open input file `/afs/ict.kth.se/proj/ektlab/PDK/AMS/spectre/h18/soac/esddi.scs'. No such file or directory. 
\o Ensure that the file exists and the path to the file is correct. Otherwise, use the -I<path> command-line option to specify the path to the file.
\o ERROR (SFE-868): "input.scs" 16: Can not open input file `/afs/ict.kth.se/proj/ektlab/PDK/AMS/spectre/h18/soac/cmos53.scs'. No such file or directory.
\o  Ensure that the file exists and the path to the file is correct. Otherwise, use the -I<path> command-line option to specify the path to the
\o            file.
\o 
\o 
\o 
\o 
\o 
\o Simulation design variables differ from those on the cellView,
\o they have been saved in the file "/tmp/saved-design-variables2".
\o To save future changes, copy variables to cellView before exiting.
\o 
\o 
\o *Info*    Configuring the session ...
\o 
\o 	Library      = IMP_POW_BANDGAP
\o 	Cell         = bandgap_tb
\o 	View         = schematic
\o 	Simulator    = spectre
\o 	State Path   = $AXL_SETUPDB_DIR/test_states
\o 	State Name   = IMP_POW_BANDGAP:bandgap_tb:1_state_saul_Interactive.20
\o 	Results DB   = /home/saul/projects/IMPLANTABLE_AMS/version1/saul/IMP_POW_BANDGAP/bandgap_tb/adexl/results/data/Interactive.20.rdb
\o 	Results Dir  = /home/saul/Sim/IMP_POW_BANDGAP/bandgap_tb/adexl/results/data/Interactive.20/1/IMP_POW_BANDGAP:bandgap_tb:1
\o 	Results Loc  = /home/saul/Sim/IMP_POW_BANDGAP/bandgap_tb/adexl/results/data
\o 	Project Dir  = /home/saul/projects/IMPLANTABLE_AMS/version1/saul/SimVM
\o 	Setup DB loc = /home/saul/projects/IMPLANTABLE_AMS/version1/saul/IMP_POW_BANDGAP/bandgap_tb/adexl
\o 	File Encoding = 0
\o 
\o 
\o *Info*    Spectre controlMode is set "batch".
\o 
\o 
\o 
\o 
\o 
\o 
\o *Info*    Run start for Point ID (1 1) on testbench [
\o           IMP_POW_BANDGAP:bandgap_tb:1 ].
\o 
\o Resetting statistical vars
\o 
\o *Info*    Setting parameter values ...
\o 
\o Setting var CL = "0.1p"
\o Setting var IBIAS = "100n"
\o Setting var IBIAS_STEP = "0"
\o Setting var R1 = "250k"
\o Setting var R3 = "30K"
\o Setting var RL = "100M"
\o Setting var VD_AC = "1"
\o Setting var VD_PULSE = "1.8"
\o Setting var VD_RISE = "500u"
\o Setting var VIN_AC = "0"
\o Setting var Vsupply = "1.8"
\o Setting temp(T) = 27
\o 
\o *Info*    Netlist Directory =
\o           /home/saul/Sim/IMP_POW_BANDGAP/bandgap_tb/adexl/results/data/Interactive.20/1/IMP_POW_BANDGAP:bandgap_tb:1/netlist
\o 
\o 
\o *Info*    Data Directory    =
\o           /home/saul/Sim/IMP_POW_BANDGAP/bandgap_tb/adexl/results/data/Interactive.20/1/IMP_POW_BANDGAP:bandgap_tb:1
\o 
\o 
\o *Info*    Creating Netlist for Point ID (1 1)
\o 
\o generate netlist...
\o function ansCdlCompPrim redefined
\o function ansCdlCompPrim redefined
\o Begin Incremental Netlisting Mar 17 14:32:36 2016
\o End netlisting Mar 17 14:32:36 2016
\o 
\o 	The netlist is up to date.
\o 	Time taken to compare the design with netlist:   0.0s
\o       ...successful.
\o compose simulator input file...
\o       ...successful.
\o 
\o *Info*    Running simulation on testbench [
\o           IMP_POW_BANDGAP:bandgap_tb:1 ] for Point ID (1 1).
\o 
\o Delete psf data in /home/saul/Sim/IMP_POW_BANDGAP/bandgap_tb/adexl/results/data/Interactive.20/1/IMP_POW_BANDGAP:bandgap_tb:1/psf.
\o compose simulator input file...
\o       ...successful.
\o start simulator if needed...
\o       ...successful.
\o simulate...
\o To view the simulator output, right-click on the test name, result 
\o name, or any value in the "Results" tab of the Outputs section and 
\o choose "Output Log" menu option.
\o INFO (ADE-3067): Errors encountered during simulation. For more information, right-click
\o         on a test name in the 'Results' tab of the Outputs pane and choose 'Output Log'
\o         to view the simulation run log.
\o 
\o *Error*   Error ID  = 5011
\o *Error*   Error Msg = Simulator failed to complete the simulation.
\o 
\o           Error found by spectre during circuit read-in.
\o Error found
\o           by spectre during circuit read-in.
\o ERROR (CMI-2011): Unable
\o           to open parameter soft limits file
\o           `/afs/ict.kth.se/proj/ektlab/PDK/AMS/spectre/ams_range.lmts'.
\o Error found by spectre during circuit read-in.
\o Error found by spectre during circuit read-in.
\o ERROR (SFE-868): "input.scs" 10: Can not open input file `/afs/ict.kth.se/proj/ektlab/PDK/AMS/spectre/h18/soac/mcparams.scs'. No such file or director
\o y. Ensure that the file exists and the path to the file is correct. Otherwise, use the -I<path> command-line option to specify the path to the file.
\o ERROR (SFE-868): "input.scs" 11: Can not open input file `/afs/ict.kth.se/proj/ektlab/PDK/AMS/spectre/h18/soac/design.scs'. No such file or directory.
\o  Ensure that the file exists and the path to the file is correct. Otherwise, use the -I<path> command-line option to specify the path to the file.
\o ERROR (SFE-868): "input.scs" 12: Can not open input file `/afs/ict.kth.se/proj/ektlab/PDK/AMS/spectre/h18/soac/res.scs'. No such file or directory. En
\o sure that the file exists and the path to the file is correct. Otherwise, use the -I<path> command-line option to specify the path to the file.
\o ERROR (SFE-868): "input.scs" 13: Can not open input file `/afs/ict.kth.se/proj/ektlab/PDK/AMS/spectre/h18/soac/cap.scs'. No such file or directory. En
\o sure that the file exists and the path to the file is correct. Otherwise, use the -I<path> command-line option to specify the path to the file.
\o ERROR (SFE-868): "input.scs" 14: Can not open input file `/afs/ict.kth.se/proj/ektlab/PDK/AMS/spectre/h18/soac/bip.scs'. No such file or directory. En
\o sure that the file exists and the path to the file is correct. Otherwise, use the -I<path> command-line option to specify the path to the file.
\o ERROR (SFE-868): "input.scs" 15: Can not open input file `/afs/ict.kth.se/proj/ektlab/PDK/AMS/spectre/h18/soac/esddi.scs'. No such file or directory. 
\o Ensure that the file exists and the path to the file is correct. Otherwise, use the -I<path> command-line option to specify the path to the file.
\o ERROR (SFE-868): "input.scs" 16: Can not open input file `/afs/ict.kth.se/proj/ektlab/PDK/AMS/spectre/h18/soac/cmos53.scs'. No such file or directory.
\o  Ensure that the file exists and the path to the file is correct. Otherwise, use the -I<path> command-line option to specify the path to the
\o            file.
\o 
\o 
\o 
\o 
\o 
\o 
\o 
\o 
\o 
\o 
\o *Info*    Run start for Point ID (1 1) on testbench [
\o           IMP_POW_BANDGAP:bandgap_tb:1 ].
\o 
\o Resetting statistical vars
\o 
\o *Info*    Setting parameter values ...
\o 
\o Setting var CL = "0.1p"
\o Setting var IBIAS = "100n"
\o Setting var IBIAS_STEP = "0"
\o Setting var R1 = "250k"
\o Setting var R3 = "30K"
\o Setting var RL = "100M"
\o Setting var VD_AC = "1"
\o Setting var VD_PULSE = "1.8"
\o Setting var VD_RISE = "500u"
\o Setting var VIN_AC = "0"
\o Setting var Vsupply = "1.8"
\o Setting temp(T) = 27
\o 
\o *Info*    Netlist Directory =
\o           /home/saul/Sim/IMP_POW_BANDGAP/bandgap_tb/adexl/results/data/Interactive.20/1/IMP_POW_BANDGAP:bandgap_tb:1/netlist
\o 
\o 
\o *Info*    Data Directory    =
\o           /home/saul/Sim/IMP_POW_BANDGAP/bandgap_tb/adexl/results/data/Interactive.20/1/IMP_POW_BANDGAP:bandgap_tb:1
\o 
\o 
\o *Info*    Creating Netlist for Point ID (1 1)
\o 
\o generate netlist...
\o function ansCdlCompPrim redefined
\o function ansCdlCompPrim redefined
\o Begin Incremental Netlisting Mar 17 14:32:37 2016
\o End netlisting Mar 17 14:32:37 2016
\o 
\o 	The netlist is up to date.
\o 	Time taken to compare the design with netlist:   0.0s
\o       ...successful.
\o compose simulator input file...
\o       ...successful.
\o 
\o *Info*    Running simulation on testbench [
\o           IMP_POW_BANDGAP:bandgap_tb:1 ] for Point ID (1 1).
\o 
\o Delete psf data in /home/saul/Sim/IMP_POW_BANDGAP/bandgap_tb/adexl/results/data/Interactive.20/1/IMP_POW_BANDGAP:bandgap_tb:1/psf.
\o compose simulator input file...
\o       ...successful.
\o start simulator if needed...
\o       ...successful.
\o simulate...
\o To view the simulator output, right-click on the test name, result 
\o name, or any value in the "Results" tab of the Outputs section and 
\o choose "Output Log" menu option.
\o INFO (ADE-3067): Errors encountered during simulation. For more information, right-click
\o         on a test name in the 'Results' tab of the Outputs pane and choose 'Output Log'
\o         to view the simulation run log.
\o 
\o *Error*   Error ID  = 5011
\o *Error*   Error Msg = Simulator failed to complete the simulation.
\o 
\o           Error found by spectre during circuit read-in.
\o Error found
\o           by spectre during circuit read-in.
\o ERROR (CMI-2011): Unable
\o           to open parameter soft limits file
\o           `/afs/ict.kth.se/proj/ektlab/PDK/AMS/spectre/ams_range.lmts'.
\o Error found by spectre during circuit read-in.
\o Error found by spectre during circuit read-in.
\o ERROR (SFE-868): "input.scs" 10: Can not open input file `/afs/ict.kth.se/proj/ektlab/PDK/AMS/spectre/h18/soac/mcparams.scs'. No such file or director
\o y. Ensure that the file exists and the path to the file is correct. Otherwise, use the -I<path> command-line option to specify the path to the file.
\o ERROR (SFE-868): "input.scs" 11: Can not open input file `/afs/ict.kth.se/proj/ektlab/PDK/AMS/spectre/h18/soac/design.scs'. No such file or directory.
\o  Ensure that the file exists and the path to the file is correct. Otherwise, use the -I<path> command-line option to specify the path to the file.
\o ERROR (SFE-868): "input.scs" 12: Can not open input file `/afs/ict.kth.se/proj/ektlab/PDK/AMS/spectre/h18/soac/res.scs'. No such file or directory. En
\o sure that the file exists and the path to the file is correct. Otherwise, use the -I<path> command-line option to specify the path to the file.
\o ERROR (SFE-868): "input.scs" 13: Can not open input file `/afs/ict.kth.se/proj/ektlab/PDK/AMS/spectre/h18/soac/cap.scs'. No such file or directory. En
\o sure that the file exists and the path to the file is correct. Otherwise, use the -I<path> command-line option to specify the path to the file.
\o ERROR (SFE-868): "input.scs" 14: Can not open input file `/afs/ict.kth.se/proj/ektlab/PDK/AMS/spectre/h18/soac/bip.scs'. No such file or directory. En
\o sure that the file exists and the path to the file is correct. Otherwise, use the -I<path> command-line option to specify the path to the file.
\o ERROR (SFE-868): "input.scs" 15: Can not open input file `/afs/ict.kth.se/proj/ektlab/PDK/AMS/spectre/h18/soac/esddi.scs'. No such file or directory. 
\o Ensure that the file exists and the path to the file is correct. Otherwise, use the -I<path> command-line option to specify the path to the file.
\o ERROR (SFE-868): "input.scs" 16: Can not open input file `/afs/ict.kth.se/proj/ektlab/PDK/AMS/spectre/h18/soac/cmos53.scs'. No such file or directory.
\o  Ensure that the file exists and the path to the file is correct. Otherwise, use the -I<path> command-line option to specify the path to the
\o            file.
\o 
\o 
\o 
\o 
\o 
\o Simulation design variables differ from those on the cellView,
\o they have been saved in the file "/tmp/saved-design-variables2".
\o To save future changes, copy variables to cellView before exiting.
\o 
\o 
\o *Info*    Configuring the session ...
\o 
\o 	Library      = IMP_POW_BANDGAP
\o 	Cell         = bandgap_tb
\o 	View         = schematic
\o 	Simulator    = spectre
\o 	State Path   = $AXL_SETUPDB_DIR/test_states
\o 	State Name   = IMP_POW_BANDGAP:bandgap_tb:1_state_saul_Interactive.21
\o 	Results DB   = /home/saul/projects/IMPLANTABLE_AMS/version1/saul/IMP_POW_BANDGAP/bandgap_tb/adexl/results/data/Interactive.21.rdb
\o 	Results Dir  = /home/saul/Sim/IMP_POW_BANDGAP/bandgap_tb/adexl/results/data/Interactive.21/1/IMP_POW_BANDGAP:bandgap_tb:1
\o 	Results Loc  = /home/saul/Sim/IMP_POW_BANDGAP/bandgap_tb/adexl/results/data
\o 	Project Dir  = /home/saul/projects/IMPLANTABLE_AMS/version1/saul/SimVM
\o 	Setup DB loc = /home/saul/projects/IMPLANTABLE_AMS/version1/saul/IMP_POW_BANDGAP/bandgap_tb/adexl
\o 	File Encoding = 0
\o 
\o 
\o *Info*    Spectre controlMode is set "batch".
\o 
\o 
\o 
\o 
\o 
\o 
\o *Info*    Run start for Point ID (2 1) on testbench [
\o           IMP_POW_BANDGAP:bandgap_tb:1 ].
\o 
\o Resetting statistical vars
\o 
\o *Info*    Setting parameter values ...
\o 
\o Setting var CL = "0.1p"
\o Setting var IBIAS = "100n"
\o Setting var IBIAS_STEP = "0"
\o Setting var R1 = "250k"
\o Setting var R3 = "30K"
\o Setting var RL = "100M"
\o Setting var VD_AC = "1"
\o Setting var VD_PULSE = "1.8"
\o Setting var VD_RISE = "500u"
\o Setting var VIN_AC = "0"
\o Setting var Vsupply = "1.8"
\o Setting temp(T) = 27
\o 
\o *Info*    Netlist Directory =
\o           /home/saul/Sim/IMP_POW_BANDGAP/bandgap_tb/adexl/results/data/Interactive.21/1/IMP_POW_BANDGAP:bandgap_tb:1/netlist
\o 
\o 
\o *Info*    Data Directory    =
\o           /home/saul/Sim/IMP_POW_BANDGAP/bandgap_tb/adexl/results/data/Interactive.21/1/IMP_POW_BANDGAP:bandgap_tb:1
\o 
\o 
\o *Info*    Creating Netlist for Point ID (2 1)
\o 
\o generate netlist...
\o function ansCdlCompPrim redefined
\o function ansCdlCompPrim redefined
\o Begin Incremental Netlisting Mar 17 14:32:56 2016
\o End netlisting Mar 17 14:32:56 2016
\o 
\o Netlisting Statistics:
\o 	Number of components:    7
\o 
\o 	Elapsed time:          0.0s
\o Errors: 0	Warnings: 0
\o       ...successful.
\o compose simulator input file...
\o       ...successful.
\o 
\o *Info*    Running simulation on testbench [
\o           IMP_POW_BANDGAP:bandgap_tb:1 ] for Point ID (2 1).
\o 
\o Delete psf data in /home/saul/Sim/IMP_POW_BANDGAP/bandgap_tb/adexl/results/data/Interactive.21/1/IMP_POW_BANDGAP:bandgap_tb:1/psf.
\o compose simulator input file...
\o       ...successful.
\o start simulator if needed...
\o       ...successful.
\o simulate...
\o To view the simulator output, right-click on the test name, result 
\o name, or any value in the "Results" tab of the Outputs section and 
\o choose "Output Log" menu option.
\o INFO (ADE-3067): Errors encountered during simulation. For more information, right-click
\o         on a test name in the 'Results' tab of the Outputs pane and choose 'Output Log'
\o         to view the simulation run log.
\o 
\o *Error*   Error ID  = 5011
\o *Error*   Error Msg = Simulator failed to complete the simulation.
\o 
\o           Error found by spectre during circuit read-in.
\o Error found
\o           by spectre during circuit read-in.
\o ERROR (CMI-2011): Unable
\o           to open parameter soft limits file
\o           `/afs/ict.kth.se/proj/ektlab/PDK/AMS/spectre/ams_range.lmts'.
\o Error found by spectre during circuit read-in.
\o Error found by spectre during circuit read-in.
\o ERROR (SFE-868): "input.scs" 10: Can not open input file `/afs/ict.kth.se/proj/ektlab/PDK/AMS/spectre/h18/soac/mcparams.scs'. No such file or director
\o y. Ensure that the file exists and the path to the file is correct. Otherwise, use the -I<path> command-line option to specify the path to the file.
\o ERROR (SFE-868): "input.scs" 11: Can not open input file `/afs/ict.kth.se/proj/ektlab/PDK/AMS/spectre/h18/soac/design.scs'. No such file or directory.
\o  Ensure that the file exists and the path to the file is correct. Otherwise, use the -I<path> command-line option to specify the path to the file.
\o ERROR (SFE-868): "input.scs" 12: Can not open input file `/afs/ict.kth.se/proj/ektlab/PDK/AMS/spectre/h18/soac/res.scs'. No such file or directory. En
\o sure that the file exists and the path to the file is correct. Otherwise, use the -I<path> command-line option to specify the path to the file.
\o ERROR (SFE-868): "input.scs" 13: Can not open input file `/afs/ict.kth.se/proj/ektlab/PDK/AMS/spectre/h18/soac/cap.scs'. No such file or directory. En
\o sure that the file exists and the path to the file is correct. Otherwise, use the -I<path> command-line option to specify the path to the file.
\o ERROR (SFE-868): "input.scs" 14: Can not open input file `/afs/ict.kth.se/proj/ektlab/PDK/AMS/spectre/h18/soac/bip.scs'. No such file or directory. En
\o sure that the file exists and the path to the file is correct. Otherwise, use the -I<path> command-line option to specify the path to the file.
\o ERROR (SFE-868): "input.scs" 15: Can not open input file `/afs/ict.kth.se/proj/ektlab/PDK/AMS/spectre/h18/soac/esddi.scs'. No such file or directory. 
\o Ensure that the file exists and the path to the file is correct. Otherwise, use the -I<path> command-line option to specify the path to the file.
\o ERROR (SFE-868): "input.scs" 16: Can not open input file `/afs/ict.kth.se/proj/ektlab/PDK/AMS/spectre/h18/soac/cmos53.scs'. No such file or directory.
\o  Ensure that the file exists and the path to the file is correct. Otherwise, use the -I<path> command-line option to specify the path to the
\o            file.
\o 
\o 
\o 
\o 
\o 
\o 
\o 
\o 
\o 
\o 
\o *Info*    Run start for Point ID (2 1) on testbench [
\o           IMP_POW_BANDGAP:bandgap_tb:1 ].
\o 
\o Resetting statistical vars
\o 
\o *Info*    Setting parameter values ...
\o 
\o Setting var CL = "0.1p"
\o Setting var IBIAS = "100n"
\o Setting var IBIAS_STEP = "0"
\o Setting var R1 = "250k"
\o Setting var R3 = "30K"
\o Setting var RL = "100M"
\o Setting var VD_AC = "1"
\o Setting var VD_PULSE = "1.8"
\o Setting var VD_RISE = "500u"
\o Setting var VIN_AC = "0"
\o Setting var Vsupply = "1.8"
\o Setting temp(T) = 27
\o 
\o *Info*    Netlist Directory =
\o           /home/saul/Sim/IMP_POW_BANDGAP/bandgap_tb/adexl/results/data/Interactive.21/1/IMP_POW_BANDGAP:bandgap_tb:1/netlist
\o 
\o 
\o *Info*    Data Directory    =
\o           /home/saul/Sim/IMP_POW_BANDGAP/bandgap_tb/adexl/results/data/Interactive.21/1/IMP_POW_BANDGAP:bandgap_tb:1
\o 
\o 
\o *Info*    Creating Netlist for Point ID (2 1)
\o 
\o generate netlist...
\o function ansCdlCompPrim redefined
\o function ansCdlCompPrim redefined
\o Begin Incremental Netlisting Mar 17 14:32:57 2016
\o End netlisting Mar 17 14:32:57 2016
\o 
\o 	The netlist is up to date.
\o 	Time taken to compare the design with netlist:   0.0s
\o       ...successful.
\o compose simulator input file...
\o       ...successful.
\o 
\o *Info*    Running simulation on testbench [
\o           IMP_POW_BANDGAP:bandgap_tb:1 ] for Point ID (2 1).
\o 
\o Delete psf data in /home/saul/Sim/IMP_POW_BANDGAP/bandgap_tb/adexl/results/data/Interactive.21/1/IMP_POW_BANDGAP:bandgap_tb:1/psf.
\o compose simulator input file...
\o       ...successful.
\o start simulator if needed...
\o       ...successful.
\o simulate...
\o To view the simulator output, right-click on the test name, result 
\o name, or any value in the "Results" tab of the Outputs section and 
\o choose "Output Log" menu option.
\o INFO (ADE-3067): Errors encountered during simulation. For more information, right-click
\o         on a test name in the 'Results' tab of the Outputs pane and choose 'Output Log'
\o         to view the simulation run log.
\o 
\o *Error*   Error ID  = 5011
\o *Error*   Error Msg = Simulator failed to complete the simulation.
\o 
\o           Error found by spectre during circuit read-in.
\o Error found
\o           by spectre during circuit read-in.
\o ERROR (CMI-2011): Unable
\o           to open parameter soft limits file
\o           `/afs/ict.kth.se/proj/ektlab/PDK/AMS/spectre/ams_range.lmts'.
\o Error found by spectre during circuit read-in.
\o Error found by spectre during circuit read-in.
\o ERROR (SFE-868): "input.scs" 10: Can not open input file `/afs/ict.kth.se/proj/ektlab/PDK/AMS/spectre/h18/soac/mcparams.scs'. No such file or director
\o y. Ensure that the file exists and the path to the file is correct. Otherwise, use the -I<path> command-line option to specify the path to the file.
\o ERROR (SFE-868): "input.scs" 11: Can not open input file `/afs/ict.kth.se/proj/ektlab/PDK/AMS/spectre/h18/soac/design.scs'. No such file or directory.
\o  Ensure that the file exists and the path to the file is correct. Otherwise, use the -I<path> command-line option to specify the path to the file.
\o ERROR (SFE-868): "input.scs" 12: Can not open input file `/afs/ict.kth.se/proj/ektlab/PDK/AMS/spectre/h18/soac/res.scs'. No such file or directory. En
\o sure that the file exists and the path to the file is correct. Otherwise, use the -I<path> command-line option to specify the path to the file.
\o ERROR (SFE-868): "input.scs" 13: Can not open input file `/afs/ict.kth.se/proj/ektlab/PDK/AMS/spectre/h18/soac/cap.scs'. No such file or directory. En
\o sure that the file exists and the path to the file is correct. Otherwise, use the -I<path> command-line option to specify the path to the file.
\o ERROR (SFE-868): "input.scs" 14: Can not open input file `/afs/ict.kth.se/proj/ektlab/PDK/AMS/spectre/h18/soac/bip.scs'. No such file or directory. En
\o sure that the file exists and the path to the file is correct. Otherwise, use the -I<path> command-line option to specify the path to the file.
\o ERROR (SFE-868): "input.scs" 15: Can not open input file `/afs/ict.kth.se/proj/ektlab/PDK/AMS/spectre/h18/soac/esddi.scs'. No such file or directory. 
\o Ensure that the file exists and the path to the file is correct. Otherwise, use the -I<path> command-line option to specify the path to the file.
\o ERROR (SFE-868): "input.scs" 16: Can not open input file `/afs/ict.kth.se/proj/ektlab/PDK/AMS/spectre/h18/soac/cmos53.scs'. No such file or directory.
\o  Ensure that the file exists and the path to the file is correct. Otherwise, use the -I<path> command-line option to specify the path to the
\o            file.
\o 
\o 
\o 
\o 
\o 
\o 
