\# Program start time UTC 2015.10.19 09:53:18.358
\# Local time Monday 19 October 2015, 11:53 am
\o Program:		@(#)$CDS: virtuoso version 6.1.5-64b 06/11/2013 20:05 (sjfnl006) $
\o Hierarchy:		/pkg/Cadence/installs/IC615/tools.lnx86/dfII/
\o Sub version:		sub-version  IC6.1.5-64b.500.17  (64-bit addresses)
\# Host name (type):	localhost.localdomain (x86_64)
\# Operating system:	Linux 2.6.18-406.el5 #1 SMP Tue Jun 2 17:25:57 EDT 2015
\# X display name (WxH):	localhost.localdomain:80.0 (1024x868)
\# Available geometry:			TL(0:0) BR(1023:867)
\# X server:			RealVNC Ltd (VNC nograph server)
\# Depth of Visual (Root):	16 (16)
\# Number of Planes Used:	16
\# X version:		11.0 (vendor release 3370)
\# X resource pool:	base 0x1800000, mask 0x3fffff (4194303), shift 0
\# 			current id 0x31, current max 0x3ffffa (4194298)
\# Memory report:	maximum data size 18446744073709551615 (0xffffffffffffffff) bytes
\# Memory report:	maximum process size 18446744073709551615 (0xffffffffffffffff) bytes
\# Initial sbrk value:	476577792 (0x1c680000) bytes
\# Available memory:	21751244 (0x14be5cc) kilobytes
\# System memory:	24046944 (0x16eed60) kilobytes
\# Maximum memory size:	24203894784 (0x5a2aa2000) bytes
\# Max mem available:	22329675776 (0x532f3d000) bytes
\# Initial memory used:	56401920 (0x35ca000) bytes
\#        process size:	667676672 (0x27cbf000) bytes
\# Qt version:		4.5.3
\# Window Manager:	other
\# User Name:		saul
\o Working Directory:	localhost.localdomain:/home/saul/projects/IMPLANTABLE_AMS/version1/saul
\# Process Id:		18427
\o 
\o COPYRIGHT © 1992-2013  CADENCE DESIGN SYSTEMS INC.  ALL RIGHTS RESERVED.
\o           © 1992-2013  UNIX SYSTEMS Laboratories INC.,
\o                          Reproduced with permission.
\o 
\o This Cadence Design Systems program and online documentation are
\o proprietary/confidential information and may be disclosed/used only
\o as authorized in a license agreement controlling such use and disclosure.
\o 
\o           RESTRICTED RIGHTS NOTICE (SHORT FORM)
\o Use/reproduction/disclosure is subject to restriction
\o set forth at FAR 1252.227-19 or its equivalent.
\# Available memory:	21745396 (0x14bcef4) kilobytes UTC 2015.10.19 09:53:18.391
\# Memory report: Maximum memory size now 22326448128 (0x532c29000) bytes, UTC 2015.10.19 09:53:18.391
\o Loading geView.cxt 
\o Loading menuBuilder.cxt 
\o Loading schView.cxt 
\o Loading selectSv.cxt 
\o Loading LVS.cxt 
\o Loading layerProc.cxt 
\o Loading xlUI.cxt 
\o Loading auCore.cxt 
\o Loading dcm.cxt 
\o Loading vhdl.cxt 
\o Loading seismic.cxt 
\o Loading ci.cxt 
\o Loading ams.cxt 
\o Loading adexl.cxt 
\o Loading oasis.cxt 
\o Loading asimenv.cxt 
\o Loading analog.cxt 
\o Loading par.cxt 
\o Loading socket.cxt 
\o Loading alvs.cxt 
\o *Info*    Exporting services from client ... 
\o 
\w *WARNING* LIB TECH_H18A6 from File /home/saul/projects/IMPLANTABLE_AMS/version1/saul/cds.lib Line 69 redefines
\w LIB TECH_H18A6 from the same file (defined earlier.)
\w *WARNING* The directory: '/pkg/AMS411/cds/HK_H18/TECH_H18A7AMAM' does not exist
\w 	but was defined in libFile '/home/saul/projects/IMPLANTABLE_AMS/version1/saul/cds.lib' for Lib 'TECH_H18A7AM'.
\w *WARNING* The directory: '/pkg/AMS411/cds/HK_H18/TECH_H18A5AMAM' does not exist
\w 	but was defined in libFile '/home/saul/projects/IMPLANTABLE_AMS/version1/saul/cds.lib' for Lib 'TECH_H18A5AM'.
\w *WARNING* The directory: '/pkg/AMS411/cds/HK_H18/TECH_H18A4AMAM' does not exist
\w 	but was defined in libFile '/home/saul/projects/IMPLANTABLE_AMS/version1/saul/cds.lib' for Lib 'TECH_H18A4AM'.
\w *WARNING* The directory: '/pkg/AMS411/cds/HK_H18/TECH_H18A3AMAM' does not exist
\w 	but was defined in libFile '/home/saul/projects/IMPLANTABLE_AMS/version1/saul/cds.lib' for Lib 'TECH_H18A3AM'.
\o ......................................................................................
\o            ams AG hitkit v.ams_4.11
\o ......................................................................................
\o COPYRIGHT (c) 2013 Full Service Foundry @ ams AG.  ALL RIGHTS RESERVED
\o This hitkit and attached documentation are confidential information and may 
\o only be used as authorized by the hitkit license agreement.
\o ......................................................................................
\o Loading simulator default settings.
\o HitKit On-Line Documentation not enabled - does ~/data.reg exist?
\o No mx check
\o  
\o Loading IBM PDK cmhv7sf procedures for Cadence Version "6.1.5-64b"...
\o ...IBM PDK cmhv7sf procedures loaded.
\o  
\o Loading simulator default settings.
\o *Info*    Client has finished starting ... 
\o 
\p hitkit: ams_4.11  Tech: h18a6am  User: saul 
\o 
\o 
\o *Info*    Configuring the session ...
\o 
\o 	Library      = IMP_AN_SIGNAL_GEN_GM
\o 	Cell         = S3_TB
\o 	View         = schematic
\o 	Simulator    = spectre
\o 	State Path   = $AXL_SETUPDB_DIR/test_states
\o 	State Name   = IMP_AN_SIGNAL_GEN_GM:S3_TB:2_none_MonteCarlo.2
\o 	Results DB   = /home/saul/projects/IMPLANTABLE_AMS/version1/saul/IMP_AN_SIGNAL_GEN_GM/S3_TB/adexlNVM/results/data/MonteCarlo.2.rdb
\o 	Results Dir  = /home/saul/Sim/IMP_AN_SIGNAL_GEN_GM/S3_TB/adexlNVM/results/data/MonteCarlo.2/1/IMP_AN_SIGNAL_GEN_GM:S3_TB:2
\o 	Results Loc  = /home/saul/Sim/IMP_AN_SIGNAL_GEN_GM/S3_TB/adexlNVM/results/data
\o 	Project Dir  = /home/saul/projects/IMPLANTABLE_AMS/version1/saul/SimVM
\o 	Setup DB loc = /home/saul/projects/IMPLANTABLE_AMS/version1/saul/IMP_AN_SIGNAL_GEN_GM/S3_TB/adexlNVM
\o 	File Encoding = 0
\o 
\o 
\o Loading simui.cxt 
\o Loading awv.cxt 
\o Loading viva.cxt 
\o *Info*    Spectre controlMode is set "batch".
\o 
\o Loading spectrei.cxt 
\# Memory report: now 165793792 (0x9e1d000) bytes, process size 913113088 (0x366d0000) bytes at UTC 2015.10.19 09:53:21.482
\o Loading relXpert.cxt 
\w *WARNING* LIB TECH_H18A6 from File /home/saul/projects/IMPLANTABLE_AMS/version1/saul/cds.lib Line 69 redefines
\w LIB TECH_H18A6 from the same file (defined earlier.)
\w *WARNING* The directory: '/pkg/AMS411/cds/HK_H18/TECH_H18A7AMAM' does not exist
\w 	but was defined in libFile '/home/saul/projects/IMPLANTABLE_AMS/version1/saul/cds.lib' for Lib 'TECH_H18A7AM'.
\w *WARNING* The directory: '/pkg/AMS411/cds/HK_H18/TECH_H18A5AMAM' does not exist
\w 	but was defined in libFile '/home/saul/projects/IMPLANTABLE_AMS/version1/saul/cds.lib' for Lib 'TECH_H18A5AM'.
\w *WARNING* The directory: '/pkg/AMS411/cds/HK_H18/TECH_H18A4AMAM' does not exist
\w 	but was defined in libFile '/home/saul/projects/IMPLANTABLE_AMS/version1/saul/cds.lib' for Lib 'TECH_H18A4AM'.
\w *WARNING* The directory: '/pkg/AMS411/cds/HK_H18/TECH_H18A3AMAM' does not exist
\w 	but was defined in libFile '/home/saul/projects/IMPLANTABLE_AMS/version1/saul/cds.lib' for Lib 'TECH_H18A3AM'.
\o Loading hspiceD.cxt 
\o Loading spectreinl.cxt 
\o Loading msgHandler.cxt 
\o Loading UltraSim.cxt 
\o Loading AMSOSS.cxt 
\o Loading AMS.cxt 
\o Loading devCheck.cxt 
\o 
\o 
\o 
\o 
\o 
\o *Info*    Run start for Point ID (19 51) on testbench [
\o           IMP_AN_SIGNAL_GEN_GM:S3_TB:2 ].
\o 
\o Resetting statistical vars
\o 
\o *Info*    Setting parameter values ...
\o 
\o Setting var CMFB_VAC = "0"
\o Setting var CPAD = "4p"
\o Setting var DC_IN = "0"
\o Setting var G0 = "1.8"
\o Setting var G1 = "1.8"
\o Setting var G2 = "1.8"
\o Setting var G3 = "1.8"
\o Setting var I_REF = "100u"
\o Setting var PULSE_CMFB = "0"
\o Setting var RL = "1000"
\o Setting var VAC_CM = "1"
\o Setting var VCM_PULSE = "10m"
\o Setting var VDC_CM = "900m"
\o Setting var VDD_PULSE = "0"
\o Setting var VIN_AC = "0"
\o Setting var VIN_PULSE = "0"
\o Loading monte.cxt 
\o Setting temp(T) = 27
\o 
\o *Info*    Netlist Directory =
\o           /home/saul/Sim/IMP_AN_SIGNAL_GEN_GM/S3_TB/adexlNVM/results/data/MonteCarlo.2/51/IMP_AN_SIGNAL_GEN_GM:S3_TB:2/netlist
\o 
\o 
\o *Info*    Data Directory    =
\o           /home/saul/Sim/IMP_AN_SIGNAL_GEN_GM/S3_TB/adexlNVM/results/data/MonteCarlo.2/51/IMP_AN_SIGNAL_GEN_GM:S3_TB:2
\o 
\o 
\o *Info*    Creating Netlist for Point ID (19 51)
\o 
\o generate netlist...
\e *Error* load: can't access file - "/afs/ict.kth.se/proj/ektlab/PDK/AMS/cds/HK_ALL/skill/ansCdlCompPrim.il"
\o Loading seCore.cxt 
\e *Error* load: can't access file - "/afs/ict.kth.se/proj/ektlab/PDK/AMS/cds/HK_ALL/skill/ansCdlCompPrim.il"
\e *Error* load: can't access file - "/afs/ict.kth.se/proj/ektlab/PDK/AMS/cds/HK_ALL/skill/ansCdlCompPrim.il"
\o Begin Incremental Netlisting Oct 19 11:53:23 2015
\o WARNING (OSSHNL-145): Incremental netlisting is not possible since the netlist in this run directory
\o was generated using a previous IHNL version which is incompatible with the
\o current IHNL version. Therefore re-netlisting the entire design using the
\o current IHNL version.
\o 
\o End netlisting Oct 19 11:53:23 2015
\o 
\o Netlisting Statistics:
\o 	Number of components:  140
\o 
\o 	Elapsed time:          0.0s
\o Errors: 0	Warnings: 0
\o       ...successful.
\o compose simulator input file...
\o       ...successful.
\o 
\o *Info*    Running simulation on testbench [
\o           IMP_AN_SIGNAL_GEN_GM:S3_TB:2 ] for Point ID (19 51).
\o 
\o *Info*    Spectre controlMode is set "batch" due to monte carlo run.
\o 
\o Delete psf data in /home/saul/Sim/IMP_AN_SIGNAL_GEN_GM/S3_TB/adexlNVM/results/data/MonteCarlo.2/51/IMP_AN_SIGNAL_GEN_GM:S3_TB:2/psf.
\o generate netlist...
\e *Error* load: can't access file - "/afs/ict.kth.se/proj/ektlab/PDK/AMS/cds/HK_ALL/skill/ansCdlCompPrim.il"
\e *Error* load: can't access file - "/afs/ict.kth.se/proj/ektlab/PDK/AMS/cds/HK_ALL/skill/ansCdlCompPrim.il"
\o Begin Incremental Netlisting Oct 19 11:53:24 2015
\o End netlisting Oct 19 11:53:24 2015
\o 
\o 	The netlist is up to date.
\o 	Time taken to compare the design with netlist:   0.0s
\o       ...successful.
\o compose simulator input file...
\o       ...successful.
\o start simulator if needed...
\o       ...successful.
\o simulate...
\o To view the simulator output, right-click on the test name, result 
\o name, or any value in the "Results" tab of the Outputs section and 
\o choose "Output Log" menu option.
\o Loading paraplot.cxt 
\# Memory report: Maximum memory size now 21649055744 (0x50a626000) bytes, UTC 2015.10.19 09:53:28.391
\o Initializing IBM_PDK functions
\o IBM_PDK skill procedures for Cadence 6.1 - Nov 29 08:29:37 2010
\o Licensed Materials - Property of IBM - All Rights Reserved 
\o Copyright: International Business Machines Corporation, 2015
\o This Material may not be copied without the written consent of 
\o Semiconductor Research and Development Center, IBM Corp., Essex Junction, VT 05452-4299.
\o  Default set for Left & Right WindowCoordIBM
\o System hardware set for Linux IBM_PDK procedures
\o Setting calibre env variable table for cmhv7sf 
\o Using menu definition file: /pkg/AMS411/cds/HK_H18/cmhv7sf/ibmPdkMenu.def
\o set cmhv7sf  calibre env variables based on ibmPdkMenuCalibre settings
\o set cmhv7sf  calibre env variables based on ibmPdkMenuCalibreDrc settings
\o set cmhv7sf  calibre env variables based on ibmPdkMenuCalibreLvs settings
\o set cmhv7sf  calibre env variables based on ibmPdkMenuCalibrePerc settings
\e *Error* ("error" 0 t nil ("*Error* drfGetWaveformXVec (DRL-18): argument not a valid srr waveform interface object -141.0375"))
\e 
\e 
\o 
\o *Error*   Evaluating expression (histo(value(phaseDeg((VF("/OUTP") - VF("/OUTN"))) 1000000) 40 -2 4)). 
\o 
\o 
\e *Error* ("error" 0 t nil ("*Error* drfGetWaveformXVec (DRL-18): argument not a valid srr waveform interface object 2.319116e-06"))
\e 
\e 
\o 
\o *Error*   Evaluating expression (histo(value(mag((VF("/OUTP") - VF("/OUTN"))) 1000000) 40 0.117 0.121)). 
\o 
\o 
\o Loading stats.cxt 
\e *Error* ("error" 0 t nil ("*Error* drfGetWaveformXVec (DRL-18): argument not a valid srr waveform interface object 31.11351"))
\e 
\e 
\o 
\o *Error*   Evaluating expression (histo(value(phaseDeg((VF("/OUTP") - VF("/OUTN"))) 1000000) 40 -2 4)). 
\o 
\o 
\e *Error* ("error" 0 t nil ("*Error* drfGetWaveformXVec (DRL-18): argument not a valid srr waveform interface object 1.452935e-05"))
\e 
\e 
\o 
\o *Error*   Evaluating expression (histo(value(mag((VF("/OUTP") - VF("/OUTN"))) 1000000) 40 0.117 0.121)). 
\o 
\o 
\o *Info*    Client has finished evaluating ... 
\o 
\o 
\o *Info*    Run complete for Point ID (19 51) on testbench [
\o           IMP_AN_SIGNAL_GEN_GM:S3_TB:2 ].
\o 
\o 
\o 
\o 
\o 
\e *Error* ("error" 0 t nil ("*Error* drfGetWaveformXVec (DRL-18): argument not a valid srr waveform interface object 98.83209"))
\e 
\e 
\o 
\o *Error*   Evaluating expression (histo(value(phaseDeg((VF("/OUTP") - VF("/OUTN"))) 1000000) 40 -2 4)). 
\o 
\o 
\e *Error* ("error" 0 t nil ("*Error* drfGetWaveformXVec (DRL-18): argument not a valid srr waveform interface object 5.297389e-05"))
\e 
\e 
\o 
\o *Error*   Evaluating expression (histo(value(mag((VF("/OUTP") - VF("/OUTN"))) 1000000) 40 0.117 0.121)). 
\o 
\o 
\o *Info*    Client has finished evaluating ... 
\o 
\o 
\o *Info*    Run complete for Point ID (19 52) on testbench [
\o           IMP_AN_SIGNAL_GEN_GM:S3_TB:2 ].
\o 
\o 
\o 
\o 
\o 
\e *Error* ("error" 0 t nil ("*Error* drfGetWaveformXVec (DRL-18): argument not a valid srr waveform interface object -151.1992"))
\e 
\e 
\o 
\o *Error*   Evaluating expression (histo(value(phaseDeg((VF("/OUTP") - VF("/OUTN"))) 1000000) 40 -2 4)). 
\o 
\o 
\e *Error* ("error" 0 t nil ("*Error* drfGetWaveformXVec (DRL-18): argument not a valid srr waveform interface object 3.484873e-05"))
\e 
\e 
\o 
\o *Error*   Evaluating expression (histo(value(mag((VF("/OUTP") - VF("/OUTN"))) 1000000) 40 0.117 0.121)). 
\o 
\o 
\o *Info*    Client has finished evaluating ... 
\o 
\o 
\o *Info*    Run complete for Point ID (19 53) on testbench [
\o           IMP_AN_SIGNAL_GEN_GM:S3_TB:2 ].
\o 
\o 
\o 
\o 
\o 
\e *Error* ("error" 0 t nil ("*Error* drfGetWaveformXVec (DRL-18): argument not a valid srr waveform interface object -131.2387"))
\e 
\e 
\o 
\o *Error*   Evaluating expression (histo(value(phaseDeg((VF("/OUTP") - VF("/OUTN"))) 1000000) 40 -2 4)). 
\o 
\o 
\e *Error* ("error" 0 t nil ("*Error* drfGetWaveformXVec (DRL-18): argument not a valid srr waveform interface object 2.526829e-06"))
\e 
\e 
\o 
\o *Error*   Evaluating expression (histo(value(mag((VF("/OUTP") - VF("/OUTN"))) 1000000) 40 0.117 0.121)). 
\o 
\o 
\o *Info*    Client has finished evaluating ... 
\o 
\o 
\o *Info*    Run complete for Point ID (19 54) on testbench [
\o           IMP_AN_SIGNAL_GEN_GM:S3_TB:2 ].
\o 
\o 
\o 
\o 
\o 
\# Memory report: Maximum memory size now 21194457088 (0x4ef49c000) bytes, UTC 2015.10.19 09:54:28.408
\e *Error* ("error" 0 t nil ("*Error* drfGetWaveformXVec (DRL-18): argument not a valid srr waveform interface object 21.88956"))
\e 
\e 
\o 
\o *Error*   Evaluating expression (histo(value(phaseDeg((VF("/OUTP") - VF("/OUTN"))) 1000000) 40 -2 4)). 
\o 
\o 
\e *Error* ("error" 0 t nil ("*Error* drfGetWaveformXVec (DRL-18): argument not a valid srr waveform interface object 3.00956e-05"))
\e 
\e 
\o 
\o *Error*   Evaluating expression (histo(value(mag((VF("/OUTP") - VF("/OUTN"))) 1000000) 40 0.117 0.121)). 
\o 
\o 
\o *Info*    Client has finished evaluating ... 
\o 
\o 
\o *Info*    Run complete for Point ID (19 55) on testbench [
\o           IMP_AN_SIGNAL_GEN_GM:S3_TB:2 ].
\o 
\o 
\o 
\o 
\o 
\e *Error* ("error" 0 t nil ("*Error* drfGetWaveformXVec (DRL-18): argument not a valid srr waveform interface object -81.25925"))
\e 
\e 
\o 
\o *Error*   Evaluating expression (histo(value(phaseDeg((VF("/OUTP") - VF("/OUTN"))) 1000000) 40 -2 4)). 
\o 
\o 
\e *Error* ("error" 0 t nil ("*Error* drfGetWaveformXVec (DRL-18): argument not a valid srr waveform interface object 1.209943e-06"))
\e 
\e 
\o 
\o *Error*   Evaluating expression (histo(value(mag((VF("/OUTP") - VF("/OUTN"))) 1000000) 40 0.117 0.121)). 
\o 
\o 
\o *Info*    Client has finished evaluating ... 
\o 
\o 
\o *Info*    Run complete for Point ID (19 56) on testbench [
\o           IMP_AN_SIGNAL_GEN_GM:S3_TB:2 ].
\o 
\o 
\o 
\o 
\o 
\e *Error* ("error" 0 t nil ("*Error* drfGetWaveformXVec (DRL-18): argument not a valid srr waveform interface object -146.2703"))
\e 
\e 
\o 
\o *Error*   Evaluating expression (histo(value(phaseDeg((VF("/OUTP") - VF("/OUTN"))) 1000000) 40 -2 4)). 
\o 
\o 
\e *Error* ("error" 0 t nil ("*Error* drfGetWaveformXVec (DRL-18): argument not a valid srr waveform interface object 4.792253e-05"))
\e 
\e 
\o 
\o *Error*   Evaluating expression (histo(value(mag((VF("/OUTP") - VF("/OUTN"))) 1000000) 40 0.117 0.121)). 
\o 
\o 
\o *Info*    Client has finished evaluating ... 
\o 
\o 
\o *Info*    Run complete for Point ID (19 57) on testbench [
\o           IMP_AN_SIGNAL_GEN_GM:S3_TB:2 ].
\o 
\o 
\o 
\o 
\o 
\e *Error* ("error" 0 t nil ("*Error* drfGetWaveformXVec (DRL-18): argument not a valid srr waveform interface object -83.46969"))
\e 
\e 
\o 
\o *Error*   Evaluating expression (histo(value(phaseDeg((VF("/OUTP") - VF("/OUTN"))) 1000000) 40 -2 4)). 
\o 
\o 
\e *Error* ("error" 0 t nil ("*Error* drfGetWaveformXVec (DRL-18): argument not a valid srr waveform interface object 4.954444e-06"))
\e 
\e 
\o 
\o *Error*   Evaluating expression (histo(value(mag((VF("/OUTP") - VF("/OUTN"))) 1000000) 40 0.117 0.121)). 
\o 
\o 
\o *Info*    Client has finished evaluating ... 
\o 
\o 
\o *Info*    Run complete for Point ID (19 58) on testbench [
\o           IMP_AN_SIGNAL_GEN_GM:S3_TB:2 ].
\o 
\o 
\o 
\o 
\o 
\e *Error* ("error" 0 t nil ("*Error* drfGetWaveformXVec (DRL-18): argument not a valid srr waveform interface object 17.86171"))
\e 
\e 
\o 
\o *Error*   Evaluating expression (histo(value(phaseDeg((VF("/OUTP") - VF("/OUTN"))) 1000000) 40 -2 4)). 
\o 
\o 
\e *Error* ("error" 0 t nil ("*Error* drfGetWaveformXVec (DRL-18): argument not a valid srr waveform interface object 1.539369e-05"))
\e 
\e 
\o 
\o *Error*   Evaluating expression (histo(value(mag((VF("/OUTP") - VF("/OUTN"))) 1000000) 40 0.117 0.121)). 
\o 
\o 
\o *Info*    Client has finished evaluating ... 
\o 
\o 
\o *Info*    Run complete for Point ID (19 59) on testbench [
\o           IMP_AN_SIGNAL_GEN_GM:S3_TB:2 ].
\o 
\o 
\o 
\o 
\o 
\e *Error* ("error" 0 t nil ("*Error* drfGetWaveformXVec (DRL-18): argument not a valid srr waveform interface object -143.5604"))
\e 
\e 
\o 
\o *Error*   Evaluating expression (histo(value(phaseDeg((VF("/OUTP") - VF("/OUTN"))) 1000000) 40 -2 4)). 
\o 
\o 
\e *Error* ("error" 0 t nil ("*Error* drfGetWaveformXVec (DRL-18): argument not a valid srr waveform interface object 1.905602e-05"))
\e 
\e 
\o 
\o *Error*   Evaluating expression (histo(value(mag((VF("/OUTP") - VF("/OUTN"))) 1000000) 40 0.117 0.121)). 
\o 
\o 
\o *Info*    Client has finished evaluating ... 
\o 
\o 
\o *Info*    Run complete for Point ID (19 60) on testbench [
\o           IMP_AN_SIGNAL_GEN_GM:S3_TB:2 ].
\o 
\o 
\o 
\o 
\o 
\e *Error* ("error" 0 t nil ("*Error* drfGetWaveformXVec (DRL-18): argument not a valid srr waveform interface object -143.6519"))
\e 
\e 
\o 
\o *Error*   Evaluating expression (histo(value(phaseDeg((VF("/OUTP") - VF("/OUTN"))) 1000000) 40 -2 4)). 
\o 
\o 
\e *Error* ("error" 0 t nil ("*Error* drfGetWaveformXVec (DRL-18): argument not a valid srr waveform interface object 2.413116e-05"))
\e 
\e 
\o 
\o *Error*   Evaluating expression (histo(value(mag((VF("/OUTP") - VF("/OUTN"))) 1000000) 40 0.117 0.121)). 
\o 
\o 
\o *Info*    Client has finished evaluating ... 
\o 
\o 
\o *Info*    Run complete for Point ID (19 61) on testbench [
\o           IMP_AN_SIGNAL_GEN_GM:S3_TB:2 ].
\o 
\o 
\o 
\o 
\o 
\e *Error* ("error" 0 t nil ("*Error* drfGetWaveformXVec (DRL-18): argument not a valid srr waveform interface object -145.7337"))
\e 
\e 
\o 
\o *Error*   Evaluating expression (histo(value(phaseDeg((VF("/OUTP") - VF("/OUTN"))) 1000000) 40 -2 4)). 
\o 
\o 
\e *Error* ("error" 0 t nil ("*Error* drfGetWaveformXVec (DRL-18): argument not a valid srr waveform interface object 3.663498e-05"))
\e 
\e 
\o 
\o *Error*   Evaluating expression (histo(value(mag((VF("/OUTP") - VF("/OUTN"))) 1000000) 40 0.117 0.121)). 
\o 
\o 
\o *Info*    Client has finished evaluating ... 
\o 
\o 
\o *Info*    Run complete for Point ID (19 62) on testbench [
\o           IMP_AN_SIGNAL_GEN_GM:S3_TB:2 ].
\o 
\o 
\o 
\o 
\o 
\e *Error* ("error" 0 t nil ("*Error* drfGetWaveformXVec (DRL-18): argument not a valid srr waveform interface object -126.4753"))
\e 
\e 
\o 
\o *Error*   Evaluating expression (histo(value(phaseDeg((VF("/OUTP") - VF("/OUTN"))) 1000000) 40 -2 4)). 
\o 
\o 
\e *Error* ("error" 0 t nil ("*Error* drfGetWaveformXVec (DRL-18): argument not a valid srr waveform interface object 1.475496e-05"))
\e 
\e 
\o 
\o *Error*   Evaluating expression (histo(value(mag((VF("/OUTP") - VF("/OUTN"))) 1000000) 40 0.117 0.121)). 
\o 
\o 
\o *Info*    Client has finished evaluating ... 
\o 
\o 
\o *Info*    Run complete for Point ID (19 63) on testbench [
\o           IMP_AN_SIGNAL_GEN_GM:S3_TB:2 ].
\o 
\o 
\o 
\o 
\o 
\e *Error* ("error" 0 t nil ("*Error* drfGetWaveformXVec (DRL-18): argument not a valid srr waveform interface object 31.76655"))
\e 
\e 
\o 
\o *Error*   Evaluating expression (histo(value(phaseDeg((VF("/OUTP") - VF("/OUTN"))) 1000000) 40 -2 4)). 
\o 
\o 
\e *Error* ("error" 0 t nil ("*Error* drfGetWaveformXVec (DRL-18): argument not a valid srr waveform interface object 4.168671e-05"))
\e 
\e 
\o 
\o *Error*   Evaluating expression (histo(value(mag((VF("/OUTP") - VF("/OUTN"))) 1000000) 40 0.117 0.121)). 
\o 
\o 
\o *Info*    Client has finished evaluating ... 
\o 
\o 
\o *Info*    Run complete for Point ID (19 64) on testbench [
\o           IMP_AN_SIGNAL_GEN_GM:S3_TB:2 ].
\o 
\o 
\o 
\o 
\o 
\e *Error* ("error" 0 t nil ("*Error* drfGetWaveformXVec (DRL-18): argument not a valid srr waveform interface object 36.10561"))
\e 
\e 
\o 
\o *Error*   Evaluating expression (histo(value(phaseDeg((VF("/OUTP") - VF("/OUTN"))) 1000000) 40 -2 4)). 
\o 
\o 
\e *Error* ("error" 0 t nil ("*Error* drfGetWaveformXVec (DRL-18): argument not a valid srr waveform interface object 3.522968e-05"))
\e 
\e 
\o 
\o *Error*   Evaluating expression (histo(value(mag((VF("/OUTP") - VF("/OUTN"))) 1000000) 40 0.117 0.121)). 
\o 
\o 
\o *Info*    Client has finished evaluating ... 
\o 
\o 
\o *Info*    Run complete for Point ID (19 65) on testbench [
\o           IMP_AN_SIGNAL_GEN_GM:S3_TB:2 ].
\o 
\o 
\o 
\o 
\o 
\# Memory report: Maximum memory size now 20753928192 (0x4d507d000) bytes, UTC 2015.10.19 09:55:40.701
\e *Error* ("error" 0 t nil ("*Error* drfGetWaveformXVec (DRL-18): argument not a valid srr waveform interface object -149.3407"))
\e 
\e 
\o 
\o *Error*   Evaluating expression (histo(value(phaseDeg((VF("/OUTP") - VF("/OUTN"))) 1000000) 40 -2 4)). 
\o 
\o 
\e *Error* ("error" 0 t nil ("*Error* drfGetWaveformXVec (DRL-18): argument not a valid srr waveform interface object 5.15634e-05"))
\e 
\e 
\o 
\o *Error*   Evaluating expression (histo(value(mag((VF("/OUTP") - VF("/OUTN"))) 1000000) 40 0.117 0.121)). 
\o 
\o 
\o *Info*    Client has finished evaluating ... 
\o 
\o 
\o *Info*    Run complete for Point ID (19 66) on testbench [
\o           IMP_AN_SIGNAL_GEN_GM:S3_TB:2 ].
\o 
\o 
\o 
\o 
\o 
\e *Error* ("error" 0 t nil ("*Error* drfGetWaveformXVec (DRL-18): argument not a valid srr waveform interface object -155.9647"))
\e 
\e 
\o 
\o *Error*   Evaluating expression (histo(value(phaseDeg((VF("/OUTP") - VF("/OUTN"))) 1000000) 40 -2 4)). 
\o 
\o 
\e *Error* ("error" 0 t nil ("*Error* drfGetWaveformXVec (DRL-18): argument not a valid srr waveform interface object 1.74951e-05"))
\e 
\e 
\o 
\o *Error*   Evaluating expression (histo(value(mag((VF("/OUTP") - VF("/OUTN"))) 1000000) 40 0.117 0.121)). 
\o 
\o 
\o *Info*    Client has finished evaluating ... 
\o 
\o 
\o *Info*    Run complete for Point ID (19 67) on testbench [
\o           IMP_AN_SIGNAL_GEN_GM:S3_TB:2 ].
\o 
\o 
\o 
\o 
\o 
\e *Error* ("error" 0 t nil ("*Error* drfGetWaveformXVec (DRL-18): argument not a valid srr waveform interface object -150.6949"))
\e 
\e 
\o 
\o *Error*   Evaluating expression (histo(value(phaseDeg((VF("/OUTP") - VF("/OUTN"))) 1000000) 40 -2 4)). 
\o 
\o 
\e *Error* ("error" 0 t nil ("*Error* drfGetWaveformXVec (DRL-18): argument not a valid srr waveform interface object 1.454384e-05"))
\e 
\e 
\o 
\o *Error*   Evaluating expression (histo(value(mag((VF("/OUTP") - VF("/OUTN"))) 1000000) 40 0.117 0.121)). 
\o 
\o 
\o *Info*    Client has finished evaluating ... 
\o 
\o 
\o *Info*    Run complete for Point ID (19 68) on testbench [
\o           IMP_AN_SIGNAL_GEN_GM:S3_TB:2 ].
\o 
\o 
\o 
\o 
\o 
\e *Error* ("error" 0 t nil ("*Error* drfGetWaveformXVec (DRL-18): argument not a valid srr waveform interface object -138.739"))
\e 
\e 
\o 
\o *Error*   Evaluating expression (histo(value(phaseDeg((VF("/OUTP") - VF("/OUTN"))) 1000000) 40 -2 4)). 
\o 
\o 
\e *Error* ("error" 0 t nil ("*Error* drfGetWaveformXVec (DRL-18): argument not a valid srr waveform interface object 2.774499e-05"))
\e 
\e 
\o 
\o *Error*   Evaluating expression (histo(value(mag((VF("/OUTP") - VF("/OUTN"))) 1000000) 40 0.117 0.121)). 
\o 
\o 
\o *Info*    Client has finished evaluating ... 
\o 
\o 
\o *Info*    Run complete for Point ID (19 69) on testbench [
\o           IMP_AN_SIGNAL_GEN_GM:S3_TB:2 ].
\o 
\o 
\o 
\o 
\o 
\e *Error* ("error" 0 t nil ("*Error* drfGetWaveformXVec (DRL-18): argument not a valid srr waveform interface object 22.4188"))
\e 
\e 
\o 
\o *Error*   Evaluating expression (histo(value(phaseDeg((VF("/OUTP") - VF("/OUTN"))) 1000000) 40 -2 4)). 
\o 
\o 
\e *Error* ("error" 0 t nil ("*Error* drfGetWaveformXVec (DRL-18): argument not a valid srr waveform interface object 0.0003646054"))
\e 
\e 
\o 
\o *Error*   Evaluating expression (histo(value(mag((VF("/OUTP") - VF("/OUTN"))) 1000000) 40 0.117 0.121)). 
\o 
\o 
\o *Info*    Client has finished evaluating ... 
\o 
\o 
\o *Info*    Run complete for Point ID (19 70) on testbench [
\o           IMP_AN_SIGNAL_GEN_GM:S3_TB:2 ].
\o 
\o 
\o 
\o 
\o 
\e *Error* ("error" 0 t nil ("*Error* drfGetWaveformXVec (DRL-18): argument not a valid srr waveform interface object 120.2584"))
\e 
\e 
\o 
\o *Error*   Evaluating expression (histo(value(phaseDeg((VF("/OUTP") - VF("/OUTN"))) 1000000) 40 -2 4)). 
\o 
\o 
\e *Error* ("error" 0 t nil ("*Error* drfGetWaveformXVec (DRL-18): argument not a valid srr waveform interface object 0.000120785"))
\e 
\e 
\o 
\o *Error*   Evaluating expression (histo(value(mag((VF("/OUTP") - VF("/OUTN"))) 1000000) 40 0.117 0.121)). 
\o 
\o 
\o *Info*    Client has finished evaluating ... 
\o 
\o 
\o *Info*    Run complete for Point ID (19 71) on testbench [
\o           IMP_AN_SIGNAL_GEN_GM:S3_TB:2 ].
\o 
\o 
\o 
\o 
\o 
\e *Error* ("error" 0 t nil ("*Error* drfGetWaveformXVec (DRL-18): argument not a valid srr waveform interface object -94.88791"))
\e 
\e 
\o 
\o *Error*   Evaluating expression (histo(value(phaseDeg((VF("/OUTP") - VF("/OUTN"))) 1000000) 40 -2 4)). 
\o 
\o 
\e *Error* ("error" 0 t nil ("*Error* drfGetWaveformXVec (DRL-18): argument not a valid srr waveform interface object 0.0001129907"))
\e 
\e 
\o 
\o *Error*   Evaluating expression (histo(value(mag((VF("/OUTP") - VF("/OUTN"))) 1000000) 40 0.117 0.121)). 
\o 
\o 
\o *Info*    Client has finished evaluating ... 
\o 
\o 
\o *Info*    Run complete for Point ID (19 72) on testbench [
\o           IMP_AN_SIGNAL_GEN_GM:S3_TB:2 ].
\o 
\o 
\o 
\o 
\o 
\e *Error* ("error" 0 t nil ("*Error* drfGetWaveformXVec (DRL-18): argument not a valid srr waveform interface object -146.0443"))
\e 
\e 
\o 
\o *Error*   Evaluating expression (histo(value(phaseDeg((VF("/OUTP") - VF("/OUTN"))) 1000000) 40 -2 4)). 
\o 
\o 
\e *Error* ("error" 0 t nil ("*Error* drfGetWaveformXVec (DRL-18): argument not a valid srr waveform interface object 1.88692e-05"))
\e 
\e 
\o 
\o *Error*   Evaluating expression (histo(value(mag((VF("/OUTP") - VF("/OUTN"))) 1000000) 40 0.117 0.121)). 
\o 
\o 
\o *Info*    Client has finished evaluating ... 
\o 
\o 
\o *Info*    Run complete for Point ID (19 73) on testbench [
\o           IMP_AN_SIGNAL_GEN_GM:S3_TB:2 ].
\o 
\o 
\o 
\o 
\o 
\# Available memory:	19759592 (0x12d81e8) kilobytes UTC 2015.10.19 09:56:40.859
\e *Error* ("error" 0 t nil ("*Error* drfGetWaveformXVec (DRL-18): argument not a valid srr waveform interface object -146.0116"))
\e 
\e 
\o 
\o *Error*   Evaluating expression (histo(value(phaseDeg((VF("/OUTP") - VF("/OUTN"))) 1000000) 40 -2 4)). 
\o 
\o 
\e *Error* ("error" 0 t nil ("*Error* drfGetWaveformXVec (DRL-18): argument not a valid srr waveform interface object 2.378941e-05"))
\e 
\e 
\o 
\o *Error*   Evaluating expression (histo(value(mag((VF("/OUTP") - VF("/OUTN"))) 1000000) 40 0.117 0.121)). 
\o 
\o 
\o *Info*    Client has finished evaluating ... 
\o 
\o 
\o *Info*    Run complete for Point ID (19 74) on testbench [
\o           IMP_AN_SIGNAL_GEN_GM:S3_TB:2 ].
\o 
\o 
\o 
\o 
\o 
\e *Error* ("error" 0 t nil ("*Error* drfGetWaveformXVec (DRL-18): argument not a valid srr waveform interface object -155.2339"))
\e 
\e 
\o 
\o *Error*   Evaluating expression (histo(value(phaseDeg((VF("/OUTP") - VF("/OUTN"))) 1000000) 40 -2 4)). 
\o 
\o 
\e *Error* ("error" 0 t nil ("*Error* drfGetWaveformXVec (DRL-18): argument not a valid srr waveform interface object 5.721815e-06"))
\e 
\e 
\o 
\o *Error*   Evaluating expression (histo(value(mag((VF("/OUTP") - VF("/OUTN"))) 1000000) 40 0.117 0.121)). 
\o 
\o 
\o *Info*    Client has finished evaluating ... 
\o 
\o 
\o *Info*    Run complete for Point ID (19 75) on testbench [
\o           IMP_AN_SIGNAL_GEN_GM:S3_TB:2 ].
\o 
\o 
\o 
\o 
\o 
\e *Error* ("error" 0 t nil ("*Error* drfGetWaveformXVec (DRL-18): argument not a valid srr waveform interface object 34.17223"))
\e 
\e 
\o 
\o *Error*   Evaluating expression (histo(value(phaseDeg((VF("/OUTP") - VF("/OUTN"))) 1000000) 40 -2 4)). 
\o 
\o 
\e *Error* ("error" 0 t nil ("*Error* drfGetWaveformXVec (DRL-18): argument not a valid srr waveform interface object 4.071131e-05"))
\e 
\e 
\o 
\o *Error*   Evaluating expression (histo(value(mag((VF("/OUTP") - VF("/OUTN"))) 1000000) 40 0.117 0.121)). 
\o 
\o 
\o *Info*    Client has finished evaluating ... 
\o 
\o 
\o *Info*    Run complete for Point ID (19 76) on testbench [
\o           IMP_AN_SIGNAL_GEN_GM:S3_TB:2 ].
\o 
\o 
\o 
\o 
\o 
\# Memory report: Maximum memory size now 20338016256 (0x4bc3d8000) bytes, UTC 2015.10.19 09:57:02.674
\e *Error* ("error" 0 t nil ("*Error* drfGetWaveformXVec (DRL-18): argument not a valid srr waveform interface object 4.329423"))
\e 
\e 
\o 
\o *Error*   Evaluating expression (histo(value(phaseDeg((VF("/OUTP") - VF("/OUTN"))) 1000000) 40 -2 4)). 
\o 
\o 
\e *Error* ("error" 0 t nil ("*Error* drfGetWaveformXVec (DRL-18): argument not a valid srr waveform interface object 7.618567e-05"))
\e 
\e 
\o 
\o *Error*   Evaluating expression (histo(value(mag((VF("/OUTP") - VF("/OUTN"))) 1000000) 40 0.117 0.121)). 
\o 
\o 
\o *Info*    Client has finished evaluating ... 
\o 
\o 
\o *Info*    Run complete for Point ID (19 77) on testbench [
\o           IMP_AN_SIGNAL_GEN_GM:S3_TB:2 ].
\o 
\o 
\o 
\o 
\o 
\e *Error* ("error" 0 t nil ("*Error* drfGetWaveformXVec (DRL-18): argument not a valid srr waveform interface object 34.00843"))
\e 
\e 
\o 
\o *Error*   Evaluating expression (histo(value(phaseDeg((VF("/OUTP") - VF("/OUTN"))) 1000000) 40 -2 4)). 
\o 
\o 
\e *Error* ("error" 0 t nil ("*Error* drfGetWaveformXVec (DRL-18): argument not a valid srr waveform interface object 3.563743e-05"))
\e 
\e 
\o 
\o *Error*   Evaluating expression (histo(value(mag((VF("/OUTP") - VF("/OUTN"))) 1000000) 40 0.117 0.121)). 
\o 
\o 
\o *Info*    Client has finished evaluating ... 
\o 
\o 
\o *Info*    Run complete for Point ID (19 78) on testbench [
\o           IMP_AN_SIGNAL_GEN_GM:S3_TB:2 ].
\o 
\o 
\o 
\o 
\o 
\e *Error* ("error" 0 t nil ("*Error* drfGetWaveformXVec (DRL-18): argument not a valid srr waveform interface object 33.26882"))
\e 
\e 
\o 
\o *Error*   Evaluating expression (histo(value(phaseDeg((VF("/OUTP") - VF("/OUTN"))) 1000000) 40 -2 4)). 
\o 
\o 
\e *Error* ("error" 0 t nil ("*Error* drfGetWaveformXVec (DRL-18): argument not a valid srr waveform interface object 2.543775e-05"))
\e 
\e 
\o 
\o *Error*   Evaluating expression (histo(value(mag((VF("/OUTP") - VF("/OUTN"))) 1000000) 40 0.117 0.121)). 
\o 
\o 
\o *Info*    Client has finished evaluating ... 
\o 
\o 
\o *Info*    Run complete for Point ID (19 79) on testbench [
\o           IMP_AN_SIGNAL_GEN_GM:S3_TB:2 ].
\o 
\o 
\o 
\o 
\o 
\e *Error* ("error" 0 t nil ("*Error* drfGetWaveformXVec (DRL-18): argument not a valid srr waveform interface object -144.8536"))
\e 
\e 
\o 
\o *Error*   Evaluating expression (histo(value(phaseDeg((VF("/OUTP") - VF("/OUTN"))) 1000000) 40 -2 4)). 
\o 
\o 
\e *Error* ("error" 0 t nil ("*Error* drfGetWaveformXVec (DRL-18): argument not a valid srr waveform interface object 2.664603e-05"))
\e 
\e 
\o 
\o *Error*   Evaluating expression (histo(value(mag((VF("/OUTP") - VF("/OUTN"))) 1000000) 40 0.117 0.121)). 
\o 
\o 
\o *Info*    Client has finished evaluating ... 
\o 
\o 
\o *Info*    Run complete for Point ID (19 80) on testbench [
\o           IMP_AN_SIGNAL_GEN_GM:S3_TB:2 ].
\o 
\o 
\o 
\o 
\o 
\e *Error* ("error" 0 t nil ("*Error* drfGetWaveformXVec (DRL-18): argument not a valid srr waveform interface object 26.93761"))
\e 
\e 
\o 
\o *Error*   Evaluating expression (histo(value(phaseDeg((VF("/OUTP") - VF("/OUTN"))) 1000000) 40 -2 4)). 
\o 
\o 
\e *Error* ("error" 0 t nil ("*Error* drfGetWaveformXVec (DRL-18): argument not a valid srr waveform interface object 2.018423e-05"))
\e 
\e 
\o 
\o *Error*   Evaluating expression (histo(value(mag((VF("/OUTP") - VF("/OUTN"))) 1000000) 40 0.117 0.121)). 
\o 
\o 
\o *Info*    Client has finished evaluating ... 
\o 
\o 
\o *Info*    Run complete for Point ID (19 81) on testbench [
\o           IMP_AN_SIGNAL_GEN_GM:S3_TB:2 ].
\o 
\o 
\o 
\o 
\o 
\e *Error* ("error" 0 t nil ("*Error* drfGetWaveformXVec (DRL-18): argument not a valid srr waveform interface object -179.6793"))
\e 
\e 
\o 
\o *Error*   Evaluating expression (histo(value(phaseDeg((VF("/OUTP") - VF("/OUTN"))) 1000000) 40 -2 4)). 
\o 
\o 
\e *Error* ("error" 0 t nil ("*Error* drfGetWaveformXVec (DRL-18): argument not a valid srr waveform interface object 1.820801e-05"))
\e 
\e 
\o 
\o *Error*   Evaluating expression (histo(value(mag((VF("/OUTP") - VF("/OUTN"))) 1000000) 40 0.117 0.121)). 
\o 
\o 
\o *Info*    Client has finished evaluating ... 
\o 
\o 
\o *Info*    Run complete for Point ID (19 82) on testbench [
\o           IMP_AN_SIGNAL_GEN_GM:S3_TB:2 ].
\o 
\o 
\o 
\o 
\o 
\e *Error* ("error" 0 t nil ("*Error* drfGetWaveformXVec (DRL-18): argument not a valid srr waveform interface object 41.32428"))
\e 
\e 
\o 
\o *Error*   Evaluating expression (histo(value(phaseDeg((VF("/OUTP") - VF("/OUTN"))) 1000000) 40 -2 4)). 
\o 
\o 
\e *Error* ("error" 0 t nil ("*Error* drfGetWaveformXVec (DRL-18): argument not a valid srr waveform interface object 2.30888e-05"))
\e 
\e 
\o 
\o *Error*   Evaluating expression (histo(value(mag((VF("/OUTP") - VF("/OUTN"))) 1000000) 40 0.117 0.121)). 
\o 
\o 
\o *Info*    Client has finished evaluating ... 
\o 
\o 
\o *Info*    Run complete for Point ID (19 83) on testbench [
\o           IMP_AN_SIGNAL_GEN_GM:S3_TB:2 ].
\o 
\o 
\o 
\o 
\o 
\e *Error* ("error" 0 t nil ("*Error* drfGetWaveformXVec (DRL-18): argument not a valid srr waveform interface object 26.69175"))
\e 
\e 
\o 
\o *Error*   Evaluating expression (histo(value(phaseDeg((VF("/OUTP") - VF("/OUTN"))) 1000000) 40 -2 4)). 
\o 
\o 
\e *Error* ("error" 0 t nil ("*Error* drfGetWaveformXVec (DRL-18): argument not a valid srr waveform interface object 1.253113e-05"))
\e 
\e 
\o 
\o *Error*   Evaluating expression (histo(value(mag((VF("/OUTP") - VF("/OUTN"))) 1000000) 40 0.117 0.121)). 
\o 
\o 
\o *Info*    Client has finished evaluating ... 
\o 
\o 
\o *Info*    Run complete for Point ID (19 84) on testbench [
\o           IMP_AN_SIGNAL_GEN_GM:S3_TB:2 ].
\o 
\o 
\o 
\o 
\o 
\e *Error* ("error" 0 t nil ("*Error* drfGetWaveformXVec (DRL-18): argument not a valid srr waveform interface object -160.4503"))
\e 
\e 
\o 
\o *Error*   Evaluating expression (histo(value(phaseDeg((VF("/OUTP") - VF("/OUTN"))) 1000000) 40 -2 4)). 
\o 
\o 
\e *Error* ("error" 0 t nil ("*Error* drfGetWaveformXVec (DRL-18): argument not a valid srr waveform interface object 6.593431e-06"))
\e 
\e 
\o 
\o *Error*   Evaluating expression (histo(value(mag((VF("/OUTP") - VF("/OUTN"))) 1000000) 40 0.117 0.121)). 
\o 
\o 
\o *Info*    Client has finished evaluating ... 
\o 
\o 
\o *Info*    Run complete for Point ID (19 85) on testbench [
\o           IMP_AN_SIGNAL_GEN_GM:S3_TB:2 ].
\o 
\o 
\o 
\o 
\o 
\e *Error* ("error" 0 t nil ("*Error* drfGetWaveformXVec (DRL-18): argument not a valid srr waveform interface object 34.78581"))
\e 
\e 
\o 
\o *Error*   Evaluating expression (histo(value(phaseDeg((VF("/OUTP") - VF("/OUTN"))) 1000000) 40 -2 4)). 
\o 
\o 
\e *Error* ("error" 0 t nil ("*Error* drfGetWaveformXVec (DRL-18): argument not a valid srr waveform interface object 3.207232e-05"))
\e 
\e 
\o 
\o *Error*   Evaluating expression (histo(value(mag((VF("/OUTP") - VF("/OUTN"))) 1000000) 40 0.117 0.121)). 
\o 
\o 
\o *Info*    Client has finished evaluating ... 
\o 
\o 
\o *Info*    Run complete for Point ID (19 86) on testbench [
\o           IMP_AN_SIGNAL_GEN_GM:S3_TB:2 ].
\o 
\o 
\o 
\o 
\o 
\e *Error* ("error" 0 t nil ("*Error* drfGetWaveformXVec (DRL-18): argument not a valid srr waveform interface object 65.39849"))
\e 
\e 
\o 
\o *Error*   Evaluating expression (histo(value(phaseDeg((VF("/OUTP") - VF("/OUTN"))) 1000000) 40 -2 4)). 
\o 
\o 
\e *Error* ("error" 0 t nil ("*Error* drfGetWaveformXVec (DRL-18): argument not a valid srr waveform interface object 2.06369e-05"))
\e 
\e 
\o 
\o *Error*   Evaluating expression (histo(value(mag((VF("/OUTP") - VF("/OUTN"))) 1000000) 40 0.117 0.121)). 
\o 
\o 
\o *Info*    Client has finished evaluating ... 
\o 
\o 
\o *Info*    Run complete for Point ID (19 87) on testbench [
\o           IMP_AN_SIGNAL_GEN_GM:S3_TB:2 ].
\o 
\o 
\o 
\o 
\o 
\# Memory report: Maximum memory size now 19902914560 (0x4a24e6000) bytes, UTC 2015.10.19 09:58:22.748
\e *Error* ("error" 0 t nil ("*Error* drfGetWaveformXVec (DRL-18): argument not a valid srr waveform interface object -151.5211"))
\e 
\e 
\o 
\o *Error*   Evaluating expression (histo(value(phaseDeg((VF("/OUTP") - VF("/OUTN"))) 1000000) 40 -2 4)). 
\o 
\o 
\e *Error* ("error" 0 t nil ("*Error* drfGetWaveformXVec (DRL-18): argument not a valid srr waveform interface object 5.823612e-05"))
\e 
\e 
\o 
\o *Error*   Evaluating expression (histo(value(mag((VF("/OUTP") - VF("/OUTN"))) 1000000) 40 0.117 0.121)). 
\o 
\o 
\o *Info*    Client has finished evaluating ... 
\o 
\o 
\o *Info*    Run complete for Point ID (19 88) on testbench [
\o           IMP_AN_SIGNAL_GEN_GM:S3_TB:2 ].
\o 
\o 
\o 
\o 
\o 
\e *Error* ("error" 0 t nil ("*Error* drfGetWaveformXVec (DRL-18): argument not a valid srr waveform interface object -7.779646"))
\e 
\e 
\o 
\o *Error*   Evaluating expression (histo(value(phaseDeg((VF("/OUTP") - VF("/OUTN"))) 1000000) 40 -2 4)). 
\o 
\o 
\e *Error* ("error" 0 t nil ("*Error* drfGetWaveformXVec (DRL-18): argument not a valid srr waveform interface object 7.267752e-05"))
\e 
\e 
\o 
\o *Error*   Evaluating expression (histo(value(mag((VF("/OUTP") - VF("/OUTN"))) 1000000) 40 0.117 0.121)). 
\o 
\o 
\o *Info*    Client has finished evaluating ... 
\o 
\o 
\o *Info*    Run complete for Point ID (19 89) on testbench [
\o           IMP_AN_SIGNAL_GEN_GM:S3_TB:2 ].
\o 
\o 
\o 
\o 
\o 
\e *Error* ("error" 0 t nil ("*Error* drfGetWaveformXVec (DRL-18): argument not a valid srr waveform interface object -144.3836"))
\e 
\e 
\o 
\o *Error*   Evaluating expression (histo(value(phaseDeg((VF("/OUTP") - VF("/OUTN"))) 1000000) 40 -2 4)). 
\o 
\o 
\e *Error* ("error" 0 t nil ("*Error* drfGetWaveformXVec (DRL-18): argument not a valid srr waveform interface object 1.798718e-05"))
\e 
\e 
\o 
\o *Error*   Evaluating expression (histo(value(mag((VF("/OUTP") - VF("/OUTN"))) 1000000) 40 0.117 0.121)). 
\o 
\o 
\o *Info*    Client has finished evaluating ... 
\o 
\o 
\o *Info*    Run complete for Point ID (19 90) on testbench [
\o           IMP_AN_SIGNAL_GEN_GM:S3_TB:2 ].
\o 
\o 
\o 
\o 
\o 
\e *Error* ("error" 0 t nil ("*Error* drfGetWaveformXVec (DRL-18): argument not a valid srr waveform interface object 6.214319"))
\e 
\e 
\o 
\o *Error*   Evaluating expression (histo(value(phaseDeg((VF("/OUTP") - VF("/OUTN"))) 1000000) 40 -2 4)). 
\o 
\o 
\e *Error* ("error" 0 t nil ("*Error* drfGetWaveformXVec (DRL-18): argument not a valid srr waveform interface object 1.480575e-05"))
\e 
\e 
\o 
\o *Error*   Evaluating expression (histo(value(mag((VF("/OUTP") - VF("/OUTN"))) 1000000) 40 0.117 0.121)). 
\o 
\o 
\o *Info*    Client has finished evaluating ... 
\o 
\o 
\o *Info*    Run complete for Point ID (19 91) on testbench [
\o           IMP_AN_SIGNAL_GEN_GM:S3_TB:2 ].
\o 
\o 
\o 
\o 
\o 
\e *Error* ("error" 0 t nil ("*Error* drfGetWaveformXVec (DRL-18): argument not a valid srr waveform interface object -173.1612"))
\e 
\e 
\o 
\o *Error*   Evaluating expression (histo(value(phaseDeg((VF("/OUTP") - VF("/OUTN"))) 1000000) 40 -2 4)). 
\o 
\o 
\e *Error* ("error" 0 t nil ("*Error* drfGetWaveformXVec (DRL-18): argument not a valid srr waveform interface object 6.664973e-06"))
\e 
\e 
\o 
\o *Error*   Evaluating expression (histo(value(mag((VF("/OUTP") - VF("/OUTN"))) 1000000) 40 0.117 0.121)). 
\o 
\o 
\o *Info*    Client has finished evaluating ... 
\o 
\o 
\o *Info*    Run complete for Point ID (19 92) on testbench [
\o           IMP_AN_SIGNAL_GEN_GM:S3_TB:2 ].
\o 
\o 
\o 
\o 
\o 
\e *Error* ("error" 0 t nil ("*Error* drfGetWaveformXVec (DRL-18): argument not a valid srr waveform interface object -144.532"))
\e 
\e 
\o 
\o *Error*   Evaluating expression (histo(value(phaseDeg((VF("/OUTP") - VF("/OUTN"))) 1000000) 40 -2 4)). 
\o 
\o 
\e *Error* ("error" 0 t nil ("*Error* drfGetWaveformXVec (DRL-18): argument not a valid srr waveform interface object 6.167837e-05"))
\e 
\e 
\o 
\o *Error*   Evaluating expression (histo(value(mag((VF("/OUTP") - VF("/OUTN"))) 1000000) 40 0.117 0.121)). 
\o 
\o 
\o *Info*    Client has finished evaluating ... 
\o 
\o 
\o *Info*    Run complete for Point ID (19 93) on testbench [
\o           IMP_AN_SIGNAL_GEN_GM:S3_TB:2 ].
\o 
\o 
\o 
\o 
\o 
\e *Error* ("error" 0 t nil ("*Error* drfGetWaveformXVec (DRL-18): argument not a valid srr waveform interface object -148.8239"))
\e 
\e 
\o 
\o *Error*   Evaluating expression (histo(value(phaseDeg((VF("/OUTP") - VF("/OUTN"))) 1000000) 40 -2 4)). 
\o 
\o 
\e *Error* ("error" 0 t nil ("*Error* drfGetWaveformXVec (DRL-18): argument not a valid srr waveform interface object 1.852471e-05"))
\e 
\e 
\o 
\o *Error*   Evaluating expression (histo(value(mag((VF("/OUTP") - VF("/OUTN"))) 1000000) 40 0.117 0.121)). 
\o 
\o 
\o *Info*    Client has finished evaluating ... 
\o 
\o 
\o *Info*    Run complete for Point ID (19 94) on testbench [
\o           IMP_AN_SIGNAL_GEN_GM:S3_TB:2 ].
\o 
\o 
\o 
\o 
\o 
\e *Error* ("error" 0 t nil ("*Error* drfGetWaveformXVec (DRL-18): argument not a valid srr waveform interface object -141.1782"))
\e 
\e 
\o 
\o *Error*   Evaluating expression (histo(value(phaseDeg((VF("/OUTP") - VF("/OUTN"))) 1000000) 40 -2 4)). 
\o 
\o 
\e *Error* ("error" 0 t nil ("*Error* drfGetWaveformXVec (DRL-18): argument not a valid srr waveform interface object 1.679866e-05"))
\e 
\e 
\o 
\o *Error*   Evaluating expression (histo(value(mag((VF("/OUTP") - VF("/OUTN"))) 1000000) 40 0.117 0.121)). 
\o 
\o 
\o *Info*    Client has finished evaluating ... 
\o 
\o 
\o *Info*    Run complete for Point ID (19 95) on testbench [
\o           IMP_AN_SIGNAL_GEN_GM:S3_TB:2 ].
\o 
\o 
\o 
\o 
\o 
\e *Error* ("error" 0 t nil ("*Error* drfGetWaveformXVec (DRL-18): argument not a valid srr waveform interface object 151.4217"))
\e 
\e 
\o 
\o *Error*   Evaluating expression (histo(value(phaseDeg((VF("/OUTP") - VF("/OUTN"))) 1000000) 40 -2 4)). 
\o 
\o 
\e *Error* ("error" 0 t nil ("*Error* drfGetWaveformXVec (DRL-18): argument not a valid srr waveform interface object 6.102849e-06"))
\e 
\e 
\o 
\o *Error*   Evaluating expression (histo(value(mag((VF("/OUTP") - VF("/OUTN"))) 1000000) 40 0.117 0.121)). 
\o 
\o 
\o *Info*    Client has finished evaluating ... 
\o 
\o 
\o *Info*    Run complete for Point ID (19 96) on testbench [
\o           IMP_AN_SIGNAL_GEN_GM:S3_TB:2 ].
\o 
\o 
\o 
\o 
\o 
\e *Error* ("error" 0 t nil ("*Error* drfGetWaveformXVec (DRL-18): argument not a valid srr waveform interface object 26.49053"))
\e 
\e 
\o 
\o *Error*   Evaluating expression (histo(value(phaseDeg((VF("/OUTP") - VF("/OUTN"))) 1000000) 40 -2 4)). 
\o 
\o 
\e *Error* ("error" 0 t nil ("*Error* drfGetWaveformXVec (DRL-18): argument not a valid srr waveform interface object 1.448725e-05"))
\e 
\e 
\o 
\o *Error*   Evaluating expression (histo(value(mag((VF("/OUTP") - VF("/OUTN"))) 1000000) 40 0.117 0.121)). 
\o 
\o 
\o *Info*    Client has finished evaluating ... 
\o 
\o 
\o *Info*    Run complete for Point ID (19 97) on testbench [
\o           IMP_AN_SIGNAL_GEN_GM:S3_TB:2 ].
\o 
\o 
\o 
\o 
\o 
\# Memory report: Maximum memory size now 19507073024 (0x48ab65000) bytes, UTC 2015.10.19 09:59:44.402
\e *Error* ("error" 0 t nil ("*Error* drfGetWaveformXVec (DRL-18): argument not a valid srr waveform interface object 13.94641"))
\e 
\e 
\o 
\o *Error*   Evaluating expression (histo(value(phaseDeg((VF("/OUTP") - VF("/OUTN"))) 1000000) 40 -2 4)). 
\o 
\o 
\e *Error* ("error" 0 t nil ("*Error* drfGetWaveformXVec (DRL-18): argument not a valid srr waveform interface object 2.479299e-05"))
\e 
\e 
\o 
\o *Error*   Evaluating expression (histo(value(mag((VF("/OUTP") - VF("/OUTN"))) 1000000) 40 0.117 0.121)). 
\o 
\o 
\o *Info*    Client has finished evaluating ... 
\o 
\o 
\o *Info*    Run complete for Point ID (19 98) on testbench [
\o           IMP_AN_SIGNAL_GEN_GM:S3_TB:2 ].
\o 
\o 
\o 
\o 
\o 
\# Memory report: Maximum memory size now 19919933440 (0x4a3521000) bytes, UTC 2015.10.19 09:59:54.402
\e *Error* ("error" 0 t nil ("*Error* drfGetWaveformXVec (DRL-18): argument not a valid srr waveform interface object -143.5506"))
\e 
\e 
\o 
\o *Error*   Evaluating expression (histo(value(phaseDeg((VF("/OUTP") - VF("/OUTN"))) 1000000) 40 -2 4)). 
\o 
\o 
\e *Error* ("error" 0 t nil ("*Error* drfGetWaveformXVec (DRL-18): argument not a valid srr waveform interface object 2.841185e-05"))
\e 
\e 
\o 
\o *Error*   Evaluating expression (histo(value(mag((VF("/OUTP") - VF("/OUTN"))) 1000000) 40 0.117 0.121)). 
\o 
\o 
\o *Info*    Client has finished evaluating ... 
\o 
\o 
\o *Info*    Run complete for Point ID (19 99) on testbench [
\o           IMP_AN_SIGNAL_GEN_GM:S3_TB:2 ].
\o 
\o 
\o 
\o 
\o 
\o INFO (ADE-3071): Simulation completed successfully.
\o reading simulation data...
\o       ...successful.
\o *Info*    Monte Carlo Simulation completed successfully...
\o WARNING (WIA-1120):  : Invalid directory found while clearing SST2 resources.
\o *Info*    Client has finished evaluating ... 
\o 
\o 
\o *Info*    Run complete for Point ID (19 100) on testbench [
\o           IMP_AN_SIGNAL_GEN_GM:S3_TB:2 ].
\o 
\o 
\o 
\o 
\o 
\# Memory report: Maximum memory size now 21213249536 (0x4f0688000) bytes, UTC 2015.10.19 10:00:04.403
\o Simulation design variables differ from those on the cellView,
\o they have been saved in the file "/tmp/saved-design-variables".
\o To save future changes, copy variables to cellView before exiting.
\# Memory report: on exit 233037824 (0xde3e000) bytes, process size 980357120 (0x3a6f1000) bytes at UTC 2015.10.19 10:05:09.035
\# Memory report: peak usage 233058304 (0xde43000) bytes, process size 980369408 (0x3a6f4000) bytes
