\# Program start time UTC 2016.06.07 14:54:40.773
\# Local time Tuesday 7 June 2016, 4:54 pm
\o Program:		@(#)$CDS: virtuoso version 6.1.5-64b 06/11/2013 20:05 (sjfnl006) $
\o Hierarchy:		/pkg/Cadence/installs/IC615/tools.lnx86/dfII/
\o Sub version:		sub-version  IC6.1.5-64b.500.17  (64-bit addresses)
\# Host name (type):	s2424.it.kth.se (x86_64)
\# Operating system:	Linux 2.6.18-407.el5 #1 SMP Wed Nov 11 08:12:41 EST 2015
\# X display name (WxH):	s2424.it.kth.se:80.0 (1024x868)
\# Available geometry:			TL(0:0) BR(1023:867)
\# X server:			RealVNC Ltd (VNC nograph server)
\# Depth of Visual (Root):	16 (16)
\# Number of Planes Used:	16
\# X version:		11.0 (vendor release 3370)
\# X resource pool:	base 0x1400000, mask 0x3fffff (4194303), shift 0
\# 			current id 0x31, current max 0x3ffffa (4194298)
\# Memory report:	maximum data size 18446744073709551615 (0xffffffffffffffff) bytes
\# Memory report:	maximum process size 18446744073709551615 (0xffffffffffffffff) bytes
\# Initial sbrk value:	341008384 (0x14536000) bytes
\# Available memory:	64644784 (0x3da66b0) kilobytes
\# System memory:	80336196 (0x4c9d544) kilobytes
\# Maximum memory size:	81980985344 (0x1316729000) bytes
\# Max mem available:	66253987840 (0xf6d0ba000) bytes
\# Initial memory used:	57729024 (0x370e000) bytes
\#        process size:	673452032 (0x28241000) bytes
\# Qt version:		4.5.3
\# Window Manager:	other
\# User Name:		saul
\o Working Directory:	s2424.it.kth.se:/home/saul/projects/IMPLANTABLE_AMS/version1/saul
\# Process Id:		6672
\o 
\o COPYRIGHT © 1992-2013  CADENCE DESIGN SYSTEMS INC.  ALL RIGHTS RESERVED.
\o           © 1992-2013  UNIX SYSTEMS Laboratories INC.,
\o                          Reproduced with permission.
\o 
\o This Cadence Design Systems program and online documentation are
\o proprietary/confidential information and may be disclosed/used only
\o as authorized in a license agreement controlling such use and disclosure.
\o 
\o           RESTRICTED RIGHTS NOTICE (SHORT FORM)
\o Use/reproduction/disclosure is subject to restriction
\o set forth at FAR 1252.227-19 or its equivalent.
\# Available memory:	64590768 (0x3d993b0) kilobytes UTC 2016.06.07 14:54:41.030
\# Memory report: Maximum memory size now 66221670400 (0xf6b1e8000) bytes, UTC 2016.06.07 14:54:41.030
\o Loading geView.cxt 
\o Loading menuBuilder.cxt 
\o Loading schView.cxt 
\o Loading selectSv.cxt 
\o Loading LVS.cxt 
\o Loading layerProc.cxt 
\o Loading xlUI.cxt 
\o Loading auCore.cxt 
\o Loading dcm.cxt 
\o Loading vhdl.cxt 
\o Loading seismic.cxt 
\o Loading ci.cxt 
\o Loading ams.cxt 
\o Loading adexl.cxt 
\o Loading oasis.cxt 
\o Loading asimenv.cxt 
\o Loading analog.cxt 
\o Loading par.cxt 
\o Loading socket.cxt 
\o Loading alvs.cxt 
\o *Info*    Exporting services from client ... 
\o 
\w *WARNING* LIB TECH_H18A6 from File /home/saul/projects/IMPLANTABLE_AMS/version1/saul/cds.lib Line 69 redefines
\w LIB TECH_H18A6 from the same file (defined earlier.)
\w *WARNING* The directory: '/pkg/AMS411/cds/HK_H18/TECH_H18A7AMAM' does not exist
\w 	but was defined in libFile '/home/saul/projects/IMPLANTABLE_AMS/version1/saul/cds.lib' for Lib 'TECH_H18A7AM'.
\w *WARNING* The directory: '/pkg/AMS411/cds/HK_H18/TECH_H18A5AMAM' does not exist
\w 	but was defined in libFile '/home/saul/projects/IMPLANTABLE_AMS/version1/saul/cds.lib' for Lib 'TECH_H18A5AM'.
\w *WARNING* The directory: '/pkg/AMS411/cds/HK_H18/TECH_H18A4AMAM' does not exist
\w 	but was defined in libFile '/home/saul/projects/IMPLANTABLE_AMS/version1/saul/cds.lib' for Lib 'TECH_H18A4AM'.
\w *WARNING* The directory: '/pkg/AMS411/cds/HK_H18/TECH_H18A3AMAM' does not exist
\w 	but was defined in libFile '/home/saul/projects/IMPLANTABLE_AMS/version1/saul/cds.lib' for Lib 'TECH_H18A3AM'.
\o ......................................................................................
\o            ams AG hitkit v.ams_4.11
\o ......................................................................................
\o COPYRIGHT (c) 2013 Full Service Foundry @ ams AG.  ALL RIGHTS RESERVED
\o This hitkit and attached documentation are confidential information and may 
\o only be used as authorized by the hitkit license agreement.
\o ......................................................................................
\o Loading simulator default settings.
\o HitKit On-Line Documentation not enabled - does ~/data.reg exist?
\o No mx check
\o //
\o //  Calibre Skill Interface * (v2012.4_16.11) *
\o //
\o //                 Copyright Mentor Graphics Corporation 2005
\o //                             All Rights Reserved.
\o //         THIS WORK CONTAINS TRADE SECRET AND PROPRIETARY INFORMATION
\o //            WHICH IS THE PROPERTY OF MENTOR GRAPHICS CORPORATION
\o //              OR ITS LICENSORS AND IS SUBJECT TO LICENSE TERMS.
\o //
\o //
\o  
\o Loading IBM PDK cmhv7sf procedures for Cadence Version "6.1.5-64b"...
\o ...IBM PDK cmhv7sf procedures loaded.
\o  
\o Loading simulator default settings.
\o *Info*    Client has finished starting ... 
\o 
\p hitkit: ams_4.11  Tech: h18a6am  User: saul 
\o Initializing IBM_PDK functions
\o IBM_PDK skill procedures for Cadence 6.1 - Nov 29 08:29:37 2010
\o Licensed Materials - Property of IBM - All Rights Reserved 
\o Copyright: International Business Machines Corporation, 2016
\o This Material may not be copied without the written consent of 
\o Semiconductor Research and Development Center, IBM Corp., Essex Junction, VT 05452-4299.
\o  Default set for Left & Right WindowCoordIBM
\o System hardware set for Linux IBM_PDK procedures
\o Setting calibre env variable table for cmhv7sf 
\o Using menu definition file: /pkg/AMS411/cds/HK_H18/cmhv7sf/ibmPdkMenu.def
\o set cmhv7sf  calibre env variables based on ibmPdkMenuCalibre settings
\o set cmhv7sf  calibre env variables based on ibmPdkMenuCalibreDrc settings
\o set cmhv7sf  calibre env variables based on ibmPdkMenuCalibreLvs settings
\o set cmhv7sf  calibre env variables based on ibmPdkMenuCalibrePerc settings
\o 
\o 
\o *Info*    Configuring the session ...
\o 
\o 	Library      = IMP_AN_SIGNAL_GEN
\o 	Cell         = Signal_Generator_no_DAC_tb
\o 	View         = schematic
\o 	Simulator    = spectre
\o 	State Path   = $AXL_SETUPDB_DIR/test_states
\o 	State Name   = IMP_AN_SIGNAL_GEN:Signal_Generator_no_DAC_tb:1:1_IMP_AN_SIGNAL_GEN:Signal_Generator_no_DAC_tb:1:1_state_MonteCarlo.16
\o 	Results DB   = /home/saul/projects/IMPLANTABLE_AMS/version1/saul/IMP_AN_SIGNAL_GEN/Signal_Generator_no_DAC_tb/adexl/results/data/MonteCarlo.16.rdb
\o 	Results Dir  = /home/saul/Sim/IMP_AN_SIGNAL_GEN/Signal_Generator_no_DAC_tb/adexl/results/data/MonteCarlo.16/1/IMP_AN_SIGNAL_GEN:Signal_Generator_no_DAC_tb:1:1
\o 	Results Loc  = /home/saul/Sim/IMP_AN_SIGNAL_GEN/Signal_Generator_no_DAC_tb/adexl/results/data
\o 	Project Dir  = /home/saul/projects/IMPLANTABLE_AMS/version1/saul/SimVM
\o 	Setup DB loc = /home/saul/projects/IMPLANTABLE_AMS/version1/saul/IMP_AN_SIGNAL_GEN/Signal_Generator_no_DAC_tb/adexl
\o 	File Encoding = 0
\o 
\o 
\o Loading simui.cxt 
\o Loading awv.cxt 
\o Loading viva.cxt 
\o *Info*    Spectre controlMode is set "batch".
\o 
\o Loading spectrei.cxt 
\# Memory report: now 168202240 (0xa069000) bytes, process size 915677184 (0x36942000) bytes at UTC 2016.06.07 14:54:44.205
\o Loading relXpert.cxt 
\w *WARNING* LIB TECH_H18A6 from File /home/saul/projects/IMPLANTABLE_AMS/version1/saul/cds.lib Line 69 redefines
\w LIB TECH_H18A6 from the same file (defined earlier.)
\w *WARNING* The directory: '/pkg/AMS411/cds/HK_H18/TECH_H18A7AMAM' does not exist
\w 	but was defined in libFile '/home/saul/projects/IMPLANTABLE_AMS/version1/saul/cds.lib' for Lib 'TECH_H18A7AM'.
\w *WARNING* The directory: '/pkg/AMS411/cds/HK_H18/TECH_H18A5AMAM' does not exist
\w 	but was defined in libFile '/home/saul/projects/IMPLANTABLE_AMS/version1/saul/cds.lib' for Lib 'TECH_H18A5AM'.
\w *WARNING* The directory: '/pkg/AMS411/cds/HK_H18/TECH_H18A4AMAM' does not exist
\w 	but was defined in libFile '/home/saul/projects/IMPLANTABLE_AMS/version1/saul/cds.lib' for Lib 'TECH_H18A4AM'.
\w *WARNING* The directory: '/pkg/AMS411/cds/HK_H18/TECH_H18A3AMAM' does not exist
\w 	but was defined in libFile '/home/saul/projects/IMPLANTABLE_AMS/version1/saul/cds.lib' for Lib 'TECH_H18A3AM'.
\o Loading hspiceD.cxt 
\o Loading spectreinl.cxt 
\o Loading msgHandler.cxt 
\o Loading UltraSim.cxt 
\o Loading AMSOSS.cxt 
\o Loading AMS.cxt 
\o Loading devCheck.cxt 
\o 
\o 
\o 
\o 
\o 
\o *Info*    Run start for Point ID (16 51) on testbench [
\o           IMP_AN_SIGNAL_GEN:Signal_Generator_no_DAC_tb:1:1 ].
\o 
\o Resetting statistical vars
\o 
\o *Info*    Setting parameter values ...
\o 
\o Setting var CC = "0.25p"
\o Setting var CMCC = "70p"
\o Setting var CMRES = "20k"
\o Setting var CPAD = "1p"
\o Setting var DC_IN = "0"
\o Setting var G0 = "0"
\o Setting var G1 = "0"
\o Setting var G2 = "0"
\o Setting var G3 = "0"
\o Setting var R_DUT = "1M"
\o Setting var VAC_CM = "0"
\o Setting var VCMFB_PULSE = "0"
\o Setting var VCM_PULSE = "0"
\o Setting var VDC_CM = "900m"
\o Setting var VDD_PULSE = "0"
\o Setting var VIN_AC = "1"
\o Setting var VIN_PULSE = "0"
\o Loading monte.cxt 
\o Setting temp(T) = 27
\o 
\o *Info*    Netlist Directory =
\o           /home/saul/Sim/IMP_AN_SIGNAL_GEN/Signal_Generator_no_DAC_tb/adexl/results/data/MonteCarlo.16/51/IMP_AN_SIGNAL_GEN:Signal_Generator_no_DAC_tb:1:1/netlist
\o 
\o 
\o *Info*    Data Directory    =
\o           /home/saul/Sim/IMP_AN_SIGNAL_GEN/Signal_Generator_no_DAC_tb/adexl/results/data/MonteCarlo.16/51/IMP_AN_SIGNAL_GEN:Signal_Generator_no_DAC_tb:1:1
\o 
\o 
\o *Info*    Creating Netlist for Point ID (16 51)
\o 
\o generate netlist...
\o Loading seCore.cxt 
\o function ansCdlCompPrim redefined
\o function ansCdlCompPrim redefined
\o Begin Incremental Netlisting Jun  7 16:54:47 2016
\o WARNING (OSSHNL-145): Incremental netlisting is not possible since the netlist in this run directory
\o was generated using a previous IHNL version which is incompatible with the
\o current IHNL version. Therefore re-netlisting the entire design using the
\o current IHNL version.
\o 
\o End netlisting Jun  7 16:54:47 2016
\o 
\o Netlisting Statistics:
\o 	Number of components:  148
\o 
\o 	Elapsed time:          1.0s (148.00/s)
\o Errors: 0	Warnings: 0
\o       ...successful.
\o compose simulator input file...
\o       ...successful.
\o 
\o *Info*    Running simulation on testbench [
\o           IMP_AN_SIGNAL_GEN:Signal_Generator_no_DAC_tb:1:1 ] for
\o           Point ID (16 51).
\o 
\o *Info*    Spectre controlMode is set "batch" due to monte carlo run.
\o 
\o Delete psf data in /home/saul/Sim/IMP_AN_SIGNAL_GEN/Signal_Generator_no_DAC_tb/adexl/results/data/MonteCarlo.16/51/IMP_AN_SIGNAL_GEN:Signal_Generator_no_DAC_tb:1:1/psf.
\o generate netlist...
\o function ansCdlCompPrim redefined
\o function ansCdlCompPrim redefined
\o Begin Incremental Netlisting Jun  7 16:54:48 2016
\o End netlisting Jun  7 16:54:48 2016
\o 
\o 	The netlist is up to date.
\o 	Time taken to compare the design with netlist:   0.0s
\o       ...successful.
\o compose simulator input file...
\o       ...successful.
\o start simulator if needed...
\o       ...successful.
\o simulate...
\o To view the simulator output, right-click on the test name, result 
\o name, or any value in the "Results" tab of the Outputs section and 
\o choose "Output Log" menu option.
\o Loading paraplot.cxt 
\e *Error* phaseDeg: can't handle phaseDeg(nil)
\e 
\e 
\e *Error* ("difference" 0 t nil ("*Error* difference: can't handle (nil - nil)"))
\e 
\e 
\o 
\o *Error*   Evaluating expression ((VT("/VOUTP") - VT("/VOUTN"))). 
\o 
\o 
\e *Error* deriv: can't handle deriv(1.078939e-07)
\e 
\e 
\o Loading stats.cxt 
\e *Error* phaseDeg: can't handle phaseDeg(nil)
\e 
\e 
\e *Error* ("difference" 0 t nil ("*Error* difference: can't handle (nil - nil)"))
\e 
\e 
\o 
\o *Error*   Evaluating expression ((VT("/VOUTP") - VT("/VOUTN"))). 
\o 
\o 
\e *Error* deriv: can't handle deriv(-5.191813e-09)
\e 
\e 
\# Memory report: now 275644416 (0x106e0000) bytes, process size 1023119360 (0x3cfb9000) bytes at UTC 2016.06.07 14:54:52.161
\o *Info*    Client has finished evaluating ... 
\o 
\o 
\o *Info*    Run complete for Point ID (16 51) on testbench [
\o           IMP_AN_SIGNAL_GEN:Signal_Generator_no_DAC_tb:1:1 ].
\o 
\o 
\o 
\o 
\o 
\e *Error* phaseDeg: can't handle phaseDeg(nil)
\e 
\e 
\e *Error* ("difference" 0 t nil ("*Error* difference: can't handle (nil - nil)"))
\e 
\e 
\o 
\o *Error*   Evaluating expression ((VT("/VOUTP") - VT("/VOUTN"))). 
\o 
\o 
\e *Error* deriv: can't handle deriv(1.37542e-07)
\e 
\e 
\o *Info*    Client has finished evaluating ... 
\o 
\o 
\o *Info*    Run complete for Point ID (16 52) on testbench [
\o           IMP_AN_SIGNAL_GEN:Signal_Generator_no_DAC_tb:1:1 ].
\o 
\o 
\o 
\o 
\o 
\e *Error* phaseDeg: can't handle phaseDeg(nil)
\e 
\e 
\e *Error* ("difference" 0 t nil ("*Error* difference: can't handle (nil - nil)"))
\e 
\e 
\o 
\o *Error*   Evaluating expression ((VT("/VOUTP") - VT("/VOUTN"))). 
\o 
\o 
\e *Error* deriv: can't handle deriv(1.025604e-08)
\e 
\e 
\o *Info*    Client has finished evaluating ... 
\o 
\o 
\o *Info*    Run complete for Point ID (16 53) on testbench [
\o           IMP_AN_SIGNAL_GEN:Signal_Generator_no_DAC_tb:1:1 ].
\o 
\o 
\o 
\o 
\o 
\e *Error* phaseDeg: can't handle phaseDeg(nil)
\e 
\e 
\e *Error* ("difference" 0 t nil ("*Error* difference: can't handle (nil - nil)"))
\e 
\e 
\o 
\o *Error*   Evaluating expression ((VT("/VOUTP") - VT("/VOUTN"))). 
\o 
\o 
\e *Error* deriv: can't handle deriv(-2.736133e-08)
\e 
\e 
\o *Info*    Client has finished evaluating ... 
\o 
\o 
\o *Info*    Run complete for Point ID (16 54) on testbench [
\o           IMP_AN_SIGNAL_GEN:Signal_Generator_no_DAC_tb:1:1 ].
\o 
\o 
\o 
\o 
\o 
\e *Error* phaseDeg: can't handle phaseDeg(nil)
\e 
\e 
\e *Error* ("difference" 0 t nil ("*Error* difference: can't handle (nil - nil)"))
\e 
\e 
\o 
\o *Error*   Evaluating expression ((VT("/VOUTP") - VT("/VOUTN"))). 
\o 
\o 
\e *Error* deriv: can't handle deriv(-2.479191e-08)
\e 
\e 
\o *Info*    Client has finished evaluating ... 
\o 
\o 
\o *Info*    Run complete for Point ID (16 55) on testbench [
\o           IMP_AN_SIGNAL_GEN:Signal_Generator_no_DAC_tb:1:1 ].
\o 
\o 
\o 
\o 
\o 
\e *Error* phaseDeg: can't handle phaseDeg(nil)
\e 
\e 
\e *Error* ("difference" 0 t nil ("*Error* difference: can't handle (nil - nil)"))
\e 
\e 
\o 
\o *Error*   Evaluating expression ((VT("/VOUTP") - VT("/VOUTN"))). 
\o 
\o 
\e *Error* deriv: can't handle deriv(4.908693e-09)
\e 
\e 
\o *Info*    Client has finished evaluating ... 
\o 
\o 
\o *Info*    Run complete for Point ID (16 56) on testbench [
\o           IMP_AN_SIGNAL_GEN:Signal_Generator_no_DAC_tb:1:1 ].
\o 
\o 
\o 
\o 
\o 
\e *Error* phaseDeg: can't handle phaseDeg(nil)
\e 
\e 
\e *Error* ("difference" 0 t nil ("*Error* difference: can't handle (nil - nil)"))
\e 
\e 
\o 
\o *Error*   Evaluating expression ((VT("/VOUTP") - VT("/VOUTN"))). 
\o 
\o 
\e *Error* deriv: can't handle deriv(9.175114e-09)
\e 
\e 
\o *Info*    Client has finished evaluating ... 
\o 
\o 
\o *Info*    Run complete for Point ID (16 57) on testbench [
\o           IMP_AN_SIGNAL_GEN:Signal_Generator_no_DAC_tb:1:1 ].
\o 
\o 
\o 
\o 
\o 
\e *Error* phaseDeg: can't handle phaseDeg(nil)
\e 
\e 
\e *Error* ("difference" 0 t nil ("*Error* difference: can't handle (nil - nil)"))
\e 
\e 
\o 
\o *Error*   Evaluating expression ((VT("/VOUTP") - VT("/VOUTN"))). 
\o 
\o 
\e *Error* deriv: can't handle deriv(-5.950728e-08)
\e 
\e 
\o *Info*    Client has finished evaluating ... 
\o 
\o 
\o *Info*    Run complete for Point ID (16 58) on testbench [
\o           IMP_AN_SIGNAL_GEN:Signal_Generator_no_DAC_tb:1:1 ].
\o 
\o 
\o 
\o 
\o 
\e *Error* phaseDeg: can't handle phaseDeg(nil)
\e 
\e 
\e *Error* ("difference" 0 t nil ("*Error* difference: can't handle (nil - nil)"))
\e 
\e 
\o 
\o *Error*   Evaluating expression ((VT("/VOUTP") - VT("/VOUTN"))). 
\o 
\o 
\e *Error* deriv: can't handle deriv(3.717833e-08)
\e 
\e 
\o *Info*    Client has finished evaluating ... 
\o 
\o 
\o *Info*    Run complete for Point ID (16 59) on testbench [
\o           IMP_AN_SIGNAL_GEN:Signal_Generator_no_DAC_tb:1:1 ].
\o 
\o 
\o 
\o 
\o 
\e *Error* phaseDeg: can't handle phaseDeg(nil)
\e 
\e 
\e *Error* ("difference" 0 t nil ("*Error* difference: can't handle (nil - nil)"))
\e 
\e 
\o 
\o *Error*   Evaluating expression ((VT("/VOUTP") - VT("/VOUTN"))). 
\o 
\o 
\e *Error* deriv: can't handle deriv(-2.219055e-09)
\e 
\e 
\o *Info*    Client has finished evaluating ... 
\o 
\o 
\o *Info*    Run complete for Point ID (16 60) on testbench [
\o           IMP_AN_SIGNAL_GEN:Signal_Generator_no_DAC_tb:1:1 ].
\o 
\o 
\o 
\o 
\o 
\e *Error* phaseDeg: can't handle phaseDeg(nil)
\e 
\e 
\e *Error* ("difference" 0 t nil ("*Error* difference: can't handle (nil - nil)"))
\e 
\e 
\o 
\o *Error*   Evaluating expression ((VT("/VOUTP") - VT("/VOUTN"))). 
\o 
\o 
\e *Error* deriv: can't handle deriv(-6.918803e-09)
\e 
\e 
\o *Info*    Client has finished evaluating ... 
\o 
\o 
\o *Info*    Run complete for Point ID (16 61) on testbench [
\o           IMP_AN_SIGNAL_GEN:Signal_Generator_no_DAC_tb:1:1 ].
\o 
\o 
\o 
\o 
\o 
\e *Error* phaseDeg: can't handle phaseDeg(nil)
\e 
\e 
\e *Error* ("difference" 0 t nil ("*Error* difference: can't handle (nil - nil)"))
\e 
\e 
\o 
\o *Error*   Evaluating expression ((VT("/VOUTP") - VT("/VOUTN"))). 
\o 
\o 
\e *Error* deriv: can't handle deriv(7.71412e-08)
\e 
\e 
\o *Info*    Client has finished evaluating ... 
\o 
\o 
\o *Info*    Run complete for Point ID (16 62) on testbench [
\o           IMP_AN_SIGNAL_GEN:Signal_Generator_no_DAC_tb:1:1 ].
\o 
\o 
\o 
\o 
\o 
\e *Error* phaseDeg: can't handle phaseDeg(nil)
\e 
\e 
\e *Error* ("difference" 0 t nil ("*Error* difference: can't handle (nil - nil)"))
\e 
\e 
\o 
\o *Error*   Evaluating expression ((VT("/VOUTP") - VT("/VOUTN"))). 
\o 
\o 
\e *Error* deriv: can't handle deriv(1.14544e-07)
\e 
\e 
\o *Info*    Client has finished evaluating ... 
\o 
\o 
\o *Info*    Run complete for Point ID (16 63) on testbench [
\o           IMP_AN_SIGNAL_GEN:Signal_Generator_no_DAC_tb:1:1 ].
\o 
\o 
\o 
\o 
\o 
\e *Error* phaseDeg: can't handle phaseDeg(nil)
\e 
\e 
\e *Error* ("difference" 0 t nil ("*Error* difference: can't handle (nil - nil)"))
\e 
\e 
\o 
\o *Error*   Evaluating expression ((VT("/VOUTP") - VT("/VOUTN"))). 
\o 
\o 
\e *Error* deriv: can't handle deriv(-7.257284e-09)
\e 
\e 
\o *Info*    Client has finished evaluating ... 
\o 
\o 
\o *Info*    Run complete for Point ID (16 64) on testbench [
\o           IMP_AN_SIGNAL_GEN:Signal_Generator_no_DAC_tb:1:1 ].
\o 
\o 
\o 
\o 
\o 
\e *Error* phaseDeg: can't handle phaseDeg(nil)
\e 
\e 
\e *Error* ("difference" 0 t nil ("*Error* difference: can't handle (nil - nil)"))
\e 
\e 
\o 
\o *Error*   Evaluating expression ((VT("/VOUTP") - VT("/VOUTN"))). 
\o 
\o 
\e *Error* deriv: can't handle deriv(4.219494e-08)
\e 
\e 
\o *Info*    Client has finished evaluating ... 
\o 
\o 
\o *Info*    Run complete for Point ID (16 65) on testbench [
\o           IMP_AN_SIGNAL_GEN:Signal_Generator_no_DAC_tb:1:1 ].
\o 
\o 
\o 
\o 
\o 
\e *Error* phaseDeg: can't handle phaseDeg(nil)
\e 
\e 
\e *Error* ("difference" 0 t nil ("*Error* difference: can't handle (nil - nil)"))
\e 
\e 
\o 
\o *Error*   Evaluating expression ((VT("/VOUTP") - VT("/VOUTN"))). 
\o 
\o 
\e *Error* deriv: can't handle deriv(-7.015535e-08)
\e 
\e 
\o *Info*    Client has finished evaluating ... 
\o 
\o 
\o *Info*    Run complete for Point ID (16 66) on testbench [
\o           IMP_AN_SIGNAL_GEN:Signal_Generator_no_DAC_tb:1:1 ].
\o 
\o 
\o 
\o 
\o 
\e *Error* phaseDeg: can't handle phaseDeg(nil)
\e 
\e 
\e *Error* ("difference" 0 t nil ("*Error* difference: can't handle (nil - nil)"))
\e 
\e 
\o 
\o *Error*   Evaluating expression ((VT("/VOUTP") - VT("/VOUTN"))). 
\o 
\o 
\e *Error* deriv: can't handle deriv(-7.606657e-08)
\e 
\e 
\o *Info*    Client has finished evaluating ... 
\o 
\o 
\o *Info*    Run complete for Point ID (16 67) on testbench [
\o           IMP_AN_SIGNAL_GEN:Signal_Generator_no_DAC_tb:1:1 ].
\o 
\o 
\o 
\o 
\o 
\e *Error* phaseDeg: can't handle phaseDeg(nil)
\e 
\e 
\e *Error* ("difference" 0 t nil ("*Error* difference: can't handle (nil - nil)"))
\e 
\e 
\o 
\o *Error*   Evaluating expression ((VT("/VOUTP") - VT("/VOUTN"))). 
\o 
\o 
\e *Error* deriv: can't handle deriv(-3.568078e-08)
\e 
\e 
\o *Info*    Client has finished evaluating ... 
\o 
\o 
\o *Info*    Run complete for Point ID (16 68) on testbench [
\o           IMP_AN_SIGNAL_GEN:Signal_Generator_no_DAC_tb:1:1 ].
\o 
\o 
\o 
\o 
\o 
\e *Error* phaseDeg: can't handle phaseDeg(nil)
\e 
\e 
\e *Error* ("difference" 0 t nil ("*Error* difference: can't handle (nil - nil)"))
\e 
\e 
\o 
\o *Error*   Evaluating expression ((VT("/VOUTP") - VT("/VOUTN"))). 
\o 
\o 
\e *Error* deriv: can't handle deriv(1.548409e-08)
\e 
\e 
\o *Info*    Client has finished evaluating ... 
\o 
\o 
\o *Info*    Run complete for Point ID (16 69) on testbench [
\o           IMP_AN_SIGNAL_GEN:Signal_Generator_no_DAC_tb:1:1 ].
\o 
\o 
\o 
\o 
\o 
\e *Error* phaseDeg: can't handle phaseDeg(nil)
\e 
\e 
\e *Error* ("difference" 0 t nil ("*Error* difference: can't handle (nil - nil)"))
\e 
\e 
\o 
\o *Error*   Evaluating expression ((VT("/VOUTP") - VT("/VOUTN"))). 
\o 
\o 
\e *Error* deriv: can't handle deriv(5.614488e-08)
\e 
\e 
\o *Info*    Client has finished evaluating ... 
\o 
\o 
\o *Info*    Run complete for Point ID (16 70) on testbench [
\o           IMP_AN_SIGNAL_GEN:Signal_Generator_no_DAC_tb:1:1 ].
\o 
\o 
\o 
\o 
\o 
\e *Error* phaseDeg: can't handle phaseDeg(nil)
\e 
\e 
\e *Error* ("difference" 0 t nil ("*Error* difference: can't handle (nil - nil)"))
\e 
\e 
\o 
\o *Error*   Evaluating expression ((VT("/VOUTP") - VT("/VOUTN"))). 
\o 
\o 
\e *Error* deriv: can't handle deriv(-6.826411e-08)
\e 
\e 
\o *Info*    Client has finished evaluating ... 
\o 
\o 
\o *Info*    Run complete for Point ID (16 71) on testbench [
\o           IMP_AN_SIGNAL_GEN:Signal_Generator_no_DAC_tb:1:1 ].
\o 
\o 
\o 
\o 
\o 
\e *Error* phaseDeg: can't handle phaseDeg(nil)
\e 
\e 
\e *Error* ("difference" 0 t nil ("*Error* difference: can't handle (nil - nil)"))
\e 
\e 
\o 
\o *Error*   Evaluating expression ((VT("/VOUTP") - VT("/VOUTN"))). 
\o 
\o 
\e *Error* deriv: can't handle deriv(-1.64841e-08)
\e 
\e 
\o *Info*    Client has finished evaluating ... 
\o 
\o 
\o *Info*    Run complete for Point ID (16 72) on testbench [
\o           IMP_AN_SIGNAL_GEN:Signal_Generator_no_DAC_tb:1:1 ].
\o 
\o 
\o 
\o 
\o 
\e *Error* phaseDeg: can't handle phaseDeg(nil)
\e 
\e 
\e *Error* ("difference" 0 t nil ("*Error* difference: can't handle (nil - nil)"))
\e 
\e 
\o 
\o *Error*   Evaluating expression ((VT("/VOUTP") - VT("/VOUTN"))). 
\o 
\o 
\e *Error* deriv: can't handle deriv(8.1808e-08)
\e 
\e 
\o *Info*    Client has finished evaluating ... 
\o 
\o 
\o *Info*    Run complete for Point ID (16 73) on testbench [
\o           IMP_AN_SIGNAL_GEN:Signal_Generator_no_DAC_tb:1:1 ].
\o 
\o 
\o 
\o 
\o 
\e *Error* phaseDeg: can't handle phaseDeg(nil)
\e 
\e 
\e *Error* ("difference" 0 t nil ("*Error* difference: can't handle (nil - nil)"))
\e 
\e 
\o 
\o *Error*   Evaluating expression ((VT("/VOUTP") - VT("/VOUTN"))). 
\o 
\o 
\e *Error* deriv: can't handle deriv(5.069569e-08)
\e 
\e 
\o *Info*    Client has finished evaluating ... 
\o 
\o 
\o *Info*    Run complete for Point ID (16 74) on testbench [
\o           IMP_AN_SIGNAL_GEN:Signal_Generator_no_DAC_tb:1:1 ].
\o 
\o 
\o 
\o 
\o 
\e *Error* phaseDeg: can't handle phaseDeg(nil)
\e 
\e 
\e *Error* ("difference" 0 t nil ("*Error* difference: can't handle (nil - nil)"))
\e 
\e 
\o 
\o *Error*   Evaluating expression ((VT("/VOUTP") - VT("/VOUTN"))). 
\o 
\o 
\e *Error* deriv: can't handle deriv(-4.526036e-08)
\e 
\e 
\o *Info*    Client has finished evaluating ... 
\o 
\o 
\o *Info*    Run complete for Point ID (16 75) on testbench [
\o           IMP_AN_SIGNAL_GEN:Signal_Generator_no_DAC_tb:1:1 ].
\o 
\o 
\o 
\o 
\o 
\e *Error* phaseDeg: can't handle phaseDeg(nil)
\e 
\e 
\e *Error* ("difference" 0 t nil ("*Error* difference: can't handle (nil - nil)"))
\e 
\e 
\o 
\o *Error*   Evaluating expression ((VT("/VOUTP") - VT("/VOUTN"))). 
\o 
\o 
\e *Error* deriv: can't handle deriv(-1.404498e-08)
\e 
\e 
\o *Info*    Client has finished evaluating ... 
\o 
\o 
\o *Info*    Run complete for Point ID (16 76) on testbench [
\o           IMP_AN_SIGNAL_GEN:Signal_Generator_no_DAC_tb:1:1 ].
\o 
\o 
\o 
\o 
\o 
\e *Error* phaseDeg: can't handle phaseDeg(nil)
\e 
\e 
\e *Error* ("difference" 0 t nil ("*Error* difference: can't handle (nil - nil)"))
\e 
\e 
\o 
\o *Error*   Evaluating expression ((VT("/VOUTP") - VT("/VOUTN"))). 
\o 
\o 
\e *Error* deriv: can't handle deriv(-4.191342e-08)
\e 
\e 
\o *Info*    Client has finished evaluating ... 
\o 
\o 
\o *Info*    Run complete for Point ID (16 77) on testbench [
\o           IMP_AN_SIGNAL_GEN:Signal_Generator_no_DAC_tb:1:1 ].
\o 
\o 
\o 
\o 
\o 
\e *Error* phaseDeg: can't handle phaseDeg(nil)
\e 
\e 
\e *Error* ("difference" 0 t nil ("*Error* difference: can't handle (nil - nil)"))
\e 
\e 
\o 
\o *Error*   Evaluating expression ((VT("/VOUTP") - VT("/VOUTN"))). 
\o 
\o 
\e *Error* deriv: can't handle deriv(6.054321e-08)
\e 
\e 
\o *Info*    Client has finished evaluating ... 
\o 
\o 
\o *Info*    Run complete for Point ID (16 78) on testbench [
\o           IMP_AN_SIGNAL_GEN:Signal_Generator_no_DAC_tb:1:1 ].
\o 
\o 
\o 
\o 
\o 
\e *Error* phaseDeg: can't handle phaseDeg(nil)
\e 
\e 
\e *Error* ("difference" 0 t nil ("*Error* difference: can't handle (nil - nil)"))
\e 
\e 
\o 
\o *Error*   Evaluating expression ((VT("/VOUTP") - VT("/VOUTN"))). 
\o 
\o 
\e *Error* deriv: can't handle deriv(-8.879755e-08)
\e 
\e 
\o *Info*    Client has finished evaluating ... 
\o 
\o 
\o *Info*    Run complete for Point ID (16 79) on testbench [
\o           IMP_AN_SIGNAL_GEN:Signal_Generator_no_DAC_tb:1:1 ].
\o 
\o 
\o 
\o 
\o 
\e *Error* phaseDeg: can't handle phaseDeg(nil)
\e 
\e 
\e *Error* ("difference" 0 t nil ("*Error* difference: can't handle (nil - nil)"))
\e 
\e 
\o 
\o *Error*   Evaluating expression ((VT("/VOUTP") - VT("/VOUTN"))). 
\o 
\o 
\e *Error* deriv: can't handle deriv(-4.489049e-09)
\e 
\e 
\o *Info*    Client has finished evaluating ... 
\o 
\o 
\o *Info*    Run complete for Point ID (16 80) on testbench [
\o           IMP_AN_SIGNAL_GEN:Signal_Generator_no_DAC_tb:1:1 ].
\o 
\o 
\o 
\o 
\o 
\e *Error* phaseDeg: can't handle phaseDeg(nil)
\e 
\e 
\e *Error* ("difference" 0 t nil ("*Error* difference: can't handle (nil - nil)"))
\e 
\e 
\o 
\o *Error*   Evaluating expression ((VT("/VOUTP") - VT("/VOUTN"))). 
\o 
\o 
\e *Error* deriv: can't handle deriv(3.958328e-08)
\e 
\e 
\o *Info*    Client has finished evaluating ... 
\o 
\o 
\o *Info*    Run complete for Point ID (16 81) on testbench [
\o           IMP_AN_SIGNAL_GEN:Signal_Generator_no_DAC_tb:1:1 ].
\o 
\o 
\o 
\o 
\o 
\e *Error* phaseDeg: can't handle phaseDeg(nil)
\e 
\e 
\e *Error* ("difference" 0 t nil ("*Error* difference: can't handle (nil - nil)"))
\e 
\e 
\o 
\o *Error*   Evaluating expression ((VT("/VOUTP") - VT("/VOUTN"))). 
\o 
\o 
\e *Error* deriv: can't handle deriv(2.855831e-08)
\e 
\e 
\o *Info*    Client has finished evaluating ... 
\o 
\o 
\o *Info*    Run complete for Point ID (16 82) on testbench [
\o           IMP_AN_SIGNAL_GEN:Signal_Generator_no_DAC_tb:1:1 ].
\o 
\o 
\o 
\o 
\o 
\e *Error* phaseDeg: can't handle phaseDeg(nil)
\e 
\e 
\e *Error* ("difference" 0 t nil ("*Error* difference: can't handle (nil - nil)"))
\e 
\e 
\o 
\o *Error*   Evaluating expression ((VT("/VOUTP") - VT("/VOUTN"))). 
\o 
\o 
\e *Error* deriv: can't handle deriv(6.46086e-08)
\e 
\e 
\o *Info*    Client has finished evaluating ... 
\o 
\o 
\o *Info*    Run complete for Point ID (16 83) on testbench [
\o           IMP_AN_SIGNAL_GEN:Signal_Generator_no_DAC_tb:1:1 ].
\o 
\o 
\o 
\o 
\o 
\e *Error* phaseDeg: can't handle phaseDeg(nil)
\e 
\e 
\e *Error* ("difference" 0 t nil ("*Error* difference: can't handle (nil - nil)"))
\e 
\e 
\o 
\o *Error*   Evaluating expression ((VT("/VOUTP") - VT("/VOUTN"))). 
\o 
\o 
\e *Error* deriv: can't handle deriv(-2.665835e-08)
\e 
\e 
\o *Info*    Client has finished evaluating ... 
\o 
\o 
\o *Info*    Run complete for Point ID (16 84) on testbench [
\o           IMP_AN_SIGNAL_GEN:Signal_Generator_no_DAC_tb:1:1 ].
\o 
\o 
\o 
\o 
\o 
\e *Error* phaseDeg: can't handle phaseDeg(nil)
\e 
\e 
\e *Error* ("difference" 0 t nil ("*Error* difference: can't handle (nil - nil)"))
\e 
\e 
\o 
\o *Error*   Evaluating expression ((VT("/VOUTP") - VT("/VOUTN"))). 
\o 
\o 
\e *Error* deriv: can't handle deriv(-1.023899e-07)
\e 
\e 
\o *Info*    Client has finished evaluating ... 
\o 
\o 
\o *Info*    Run complete for Point ID (16 85) on testbench [
\o           IMP_AN_SIGNAL_GEN:Signal_Generator_no_DAC_tb:1:1 ].
\o 
\o 
\o 
\o 
\o 
\e *Error* phaseDeg: can't handle phaseDeg(nil)
\e 
\e 
\e *Error* ("difference" 0 t nil ("*Error* difference: can't handle (nil - nil)"))
\e 
\e 
\o 
\o *Error*   Evaluating expression ((VT("/VOUTP") - VT("/VOUTN"))). 
\o 
\o 
\e *Error* deriv: can't handle deriv(-6.580396e-09)
\e 
\e 
\o *Info*    Client has finished evaluating ... 
\o 
\o 
\o *Info*    Run complete for Point ID (16 86) on testbench [
\o           IMP_AN_SIGNAL_GEN:Signal_Generator_no_DAC_tb:1:1 ].
\o 
\o 
\o 
\o 
\o 
\e *Error* phaseDeg: can't handle phaseDeg(nil)
\e 
\e 
\e *Error* ("difference" 0 t nil ("*Error* difference: can't handle (nil - nil)"))
\e 
\e 
\o 
\o *Error*   Evaluating expression ((VT("/VOUTP") - VT("/VOUTN"))). 
\o 
\o 
\e *Error* deriv: can't handle deriv(-1.524291e-08)
\e 
\e 
\o *Info*    Client has finished evaluating ... 
\o 
\o 
\o *Info*    Run complete for Point ID (16 87) on testbench [
\o           IMP_AN_SIGNAL_GEN:Signal_Generator_no_DAC_tb:1:1 ].
\o 
\o 
\o 
\o 
\o 
\e *Error* phaseDeg: can't handle phaseDeg(nil)
\e 
\e 
\e *Error* ("difference" 0 t nil ("*Error* difference: can't handle (nil - nil)"))
\e 
\e 
\o 
\o *Error*   Evaluating expression ((VT("/VOUTP") - VT("/VOUTN"))). 
\o 
\o 
\e *Error* deriv: can't handle deriv(2.003638e-08)
\e 
\e 
\o *Info*    Client has finished evaluating ... 
\o 
\o 
\o *Info*    Run complete for Point ID (16 88) on testbench [
\o           IMP_AN_SIGNAL_GEN:Signal_Generator_no_DAC_tb:1:1 ].
\o 
\o 
\o 
\o 
\o 
\e *Error* phaseDeg: can't handle phaseDeg(nil)
\e 
\e 
\e *Error* ("difference" 0 t nil ("*Error* difference: can't handle (nil - nil)"))
\e 
\e 
\o 
\o *Error*   Evaluating expression ((VT("/VOUTP") - VT("/VOUTN"))). 
\o 
\o 
\e *Error* deriv: can't handle deriv(-1.607583e-08)
\e 
\e 
\o *Info*    Client has finished evaluating ... 
\o 
\o 
\o *Info*    Run complete for Point ID (16 89) on testbench [
\o           IMP_AN_SIGNAL_GEN:Signal_Generator_no_DAC_tb:1:1 ].
\o 
\o 
\o 
\o 
\o 
\e *Error* phaseDeg: can't handle phaseDeg(nil)
\e 
\e 
\e *Error* ("difference" 0 t nil ("*Error* difference: can't handle (nil - nil)"))
\e 
\e 
\o 
\o *Error*   Evaluating expression ((VT("/VOUTP") - VT("/VOUTN"))). 
\o 
\o 
\e *Error* deriv: can't handle deriv(-5.116182e-08)
\e 
\e 
\o *Info*    Client has finished evaluating ... 
\o 
\o 
\o *Info*    Run complete for Point ID (16 90) on testbench [
\o           IMP_AN_SIGNAL_GEN:Signal_Generator_no_DAC_tb:1:1 ].
\o 
\o 
\o 
\o 
\o 
\e *Error* phaseDeg: can't handle phaseDeg(nil)
\e 
\e 
\e *Error* ("difference" 0 t nil ("*Error* difference: can't handle (nil - nil)"))
\e 
\e 
\o 
\o *Error*   Evaluating expression ((VT("/VOUTP") - VT("/VOUTN"))). 
\o 
\o 
\e *Error* deriv: can't handle deriv(-1.660665e-07)
\e 
\e 
\o *Info*    Client has finished evaluating ... 
\o 
\o 
\o *Info*    Run complete for Point ID (16 91) on testbench [
\o           IMP_AN_SIGNAL_GEN:Signal_Generator_no_DAC_tb:1:1 ].
\o 
\o 
\o 
\o 
\o 
\e *Error* phaseDeg: can't handle phaseDeg(nil)
\e 
\e 
\e *Error* ("difference" 0 t nil ("*Error* difference: can't handle (nil - nil)"))
\e 
\e 
\o 
\o *Error*   Evaluating expression ((VT("/VOUTP") - VT("/VOUTN"))). 
\o 
\o 
\e *Error* deriv: can't handle deriv(-4.36838e-08)
\e 
\e 
\o *Info*    Client has finished evaluating ... 
\o 
\o 
\o *Info*    Run complete for Point ID (16 92) on testbench [
\o           IMP_AN_SIGNAL_GEN:Signal_Generator_no_DAC_tb:1:1 ].
\o 
\o 
\o 
\o 
\o 
\e *Error* phaseDeg: can't handle phaseDeg(nil)
\e 
\e 
\e *Error* ("difference" 0 t nil ("*Error* difference: can't handle (nil - nil)"))
\e 
\e 
\o 
\o *Error*   Evaluating expression ((VT("/VOUTP") - VT("/VOUTN"))). 
\o 
\o 
\e *Error* deriv: can't handle deriv(-1.593177e-08)
\e 
\e 
\o *Info*    Client has finished evaluating ... 
\o 
\o 
\o *Info*    Run complete for Point ID (16 93) on testbench [
\o           IMP_AN_SIGNAL_GEN:Signal_Generator_no_DAC_tb:1:1 ].
\o 
\o 
\o 
\o 
\o 
\e *Error* phaseDeg: can't handle phaseDeg(nil)
\e 
\e 
\e *Error* ("difference" 0 t nil ("*Error* difference: can't handle (nil - nil)"))
\e 
\e 
\o 
\o *Error*   Evaluating expression ((VT("/VOUTP") - VT("/VOUTN"))). 
\o 
\o 
\e *Error* deriv: can't handle deriv(7.881092e-08)
\e 
\e 
\o *Info*    Client has finished evaluating ... 
\o 
\o 
\o *Info*    Run complete for Point ID (16 94) on testbench [
\o           IMP_AN_SIGNAL_GEN:Signal_Generator_no_DAC_tb:1:1 ].
\o 
\o 
\o 
\o 
\o 
\e *Error* phaseDeg: can't handle phaseDeg(nil)
\e 
\e 
\e *Error* ("difference" 0 t nil ("*Error* difference: can't handle (nil - nil)"))
\e 
\e 
\o 
\o *Error*   Evaluating expression ((VT("/VOUTP") - VT("/VOUTN"))). 
\o 
\o 
\e *Error* deriv: can't handle deriv(1.517967e-09)
\e 
\e 
\o *Info*    Client has finished evaluating ... 
\o 
\o 
\o *Info*    Run complete for Point ID (16 95) on testbench [
\o           IMP_AN_SIGNAL_GEN:Signal_Generator_no_DAC_tb:1:1 ].
\o 
\o 
\o 
\o 
\o 
\e *Error* phaseDeg: can't handle phaseDeg(nil)
\e 
\e 
\e *Error* ("difference" 0 t nil ("*Error* difference: can't handle (nil - nil)"))
\e 
\e 
\o 
\o *Error*   Evaluating expression ((VT("/VOUTP") - VT("/VOUTN"))). 
\o 
\o 
\e *Error* deriv: can't handle deriv(4.504386e-08)
\e 
\e 
\o *Info*    Client has finished evaluating ... 
\o 
\o 
\o *Info*    Run complete for Point ID (16 96) on testbench [
\o           IMP_AN_SIGNAL_GEN:Signal_Generator_no_DAC_tb:1:1 ].
\o 
\o 
\o 
\o 
\o 
\e *Error* phaseDeg: can't handle phaseDeg(nil)
\e 
\e 
\e *Error* ("difference" 0 t nil ("*Error* difference: can't handle (nil - nil)"))
\e 
\e 
\o 
\o *Error*   Evaluating expression ((VT("/VOUTP") - VT("/VOUTN"))). 
\o 
\o 
\e *Error* deriv: can't handle deriv(1.828859e-08)
\e 
\e 
\o *Info*    Client has finished evaluating ... 
\o 
\o 
\o *Info*    Run complete for Point ID (16 97) on testbench [
\o           IMP_AN_SIGNAL_GEN:Signal_Generator_no_DAC_tb:1:1 ].
\o 
\o 
\o 
\o 
\o 
\e *Error* phaseDeg: can't handle phaseDeg(nil)
\e 
\e 
\e *Error* ("difference" 0 t nil ("*Error* difference: can't handle (nil - nil)"))
\e 
\e 
\o 
\o *Error*   Evaluating expression ((VT("/VOUTP") - VT("/VOUTN"))). 
\o 
\o 
\e *Error* deriv: can't handle deriv(-1.57824e-08)
\e 
\e 
\o *Info*    Client has finished evaluating ... 
\o 
\o 
\o *Info*    Run complete for Point ID (16 98) on testbench [
\o           IMP_AN_SIGNAL_GEN:Signal_Generator_no_DAC_tb:1:1 ].
\o 
\o 
\o 
\o 
\o 
\e *Error* phaseDeg: can't handle phaseDeg(nil)
\e 
\e 
\e *Error* ("difference" 0 t nil ("*Error* difference: can't handle (nil - nil)"))
\e 
\e 
\o 
\o *Error*   Evaluating expression ((VT("/VOUTP") - VT("/VOUTN"))). 
\o 
\o 
\e *Error* deriv: can't handle deriv(-5.020008e-08)
\e 
\e 
\o *Info*    Client has finished evaluating ... 
\o 
\o 
\o *Info*    Run complete for Point ID (16 99) on testbench [
\o           IMP_AN_SIGNAL_GEN:Signal_Generator_no_DAC_tb:1:1 ].
\o 
\o 
\o 
\o 
\o 
\o INFO (ADE-3071): Simulation completed successfully.
\o reading simulation data...
\o       ...successful.
\o *Info*    Monte Carlo Simulation completed successfully...
\o WARNING (WIA-1120):  : Invalid directory found while clearing SST2 resources.
\o *Info*    Client has finished evaluating ... 
\o 
\o 
\o *Info*    Run complete for Point ID (16 100) on testbench [
\o           IMP_AN_SIGNAL_GEN:Signal_Generator_no_DAC_tb:1:1 ].
\o 
\o 
\o 
\o 
\o 
\o Simulation design variables differ from those on the cellView,
\o they have been saved in the file "/tmp/saved-design-variables2".
\o To save future changes, copy variables to cellView before exiting.
\# Memory report: on exit 275628032 (0x106dc000) bytes, process size 1023102976 (0x3cfb5000) bytes at UTC 2016.06.07 15:00:20.670
\# Memory report: peak usage 275652608 (0x106e2000) bytes, process size 1023119360 (0x3cfb9000) bytes
