\# Program start time UTC 2015.10.16 09:36:41.614
\# Local time Friday 16 October 2015, 11:36 am
\o Program:		@(#)$CDS: virtuoso version 6.1.5-64b 06/11/2013 20:05 (sjfnl006) $
\o Hierarchy:		/pkg/Cadence/installs/IC615/tools.lnx86/dfII/
\o Sub version:		sub-version  IC6.1.5-64b.500.17  (64-bit addresses)
\# Host name (type):	localhost.localdomain (x86_64)
\# Operating system:	Linux 2.6.18-406.el5 #1 SMP Tue Jun 2 17:25:57 EDT 2015
\# X display name (WxH):	localhost.localdomain:80.0 (1024x868)
\# Available geometry:			TL(0:0) BR(1023:867)
\# X server:			RealVNC Ltd (VNC nograph server)
\# Depth of Visual (Root):	16 (16)
\# Number of Planes Used:	16
\# X version:		11.0 (vendor release 3370)
\# X resource pool:	base 0x2400000, mask 0x3fffff (4194303), shift 0
\# 			current id 0x31, current max 0x3ffffa (4194298)
\# Memory report:	maximum data size 18446744073709551615 (0xffffffffffffffff) bytes
\# Memory report:	maximum process size 18446744073709551615 (0xffffffffffffffff) bytes
\# Initial sbrk value:	394977280 (0x178ae000) bytes
\# Available memory:	21929028 (0x14e9c44) kilobytes
\# System memory:	24046944 (0x16eed60) kilobytes
\# Maximum memory size:	24285507584 (0x5a7877000) bytes
\# Max mem available:	22511738880 (0x53dcde000) bytes
\# Initial memory used:	56414208 (0x35cd000) bytes
\#        process size:	671981568 (0x280da000) bytes
\# Qt version:		4.5.3
\# Window Manager:	other
\# User Name:		saul
\o Working Directory:	localhost.localdomain:/home/saul/projects/IMPLANTABLE_AMS/version1/saul
\# Process Id:		7712
\o 
\o COPYRIGHT © 1992-2013  CADENCE DESIGN SYSTEMS INC.  ALL RIGHTS RESERVED.
\o           © 1992-2013  UNIX SYSTEMS Laboratories INC.,
\o                          Reproduced with permission.
\o 
\o This Cadence Design Systems program and online documentation are
\o proprietary/confidential information and may be disclosed/used only
\o as authorized in a license agreement controlling such use and disclosure.
\o 
\o           RESTRICTED RIGHTS NOTICE (SHORT FORM)
\o Use/reproduction/disclosure is subject to restriction
\o set forth at FAR 1252.227-19 or its equivalent.
\# Available memory:	21877524 (0x14dd314) kilobytes UTC 2015.10.16 09:36:41.963
\# Memory report: Maximum memory size now 22481993728 (0x53c080000) bytes, UTC 2015.10.16 09:36:41.963
\o Loading geView.cxt 
\o Loading menuBuilder.cxt 
\o Loading schView.cxt 
\o Loading selectSv.cxt 
\o Loading LVS.cxt 
\o Loading layerProc.cxt 
\o Loading xlUI.cxt 
\o Loading auCore.cxt 
\o Loading dcm.cxt 
\o Loading vhdl.cxt 
\o Loading seismic.cxt 
\o Loading ci.cxt 
\o Loading ams.cxt 
\o Loading adexl.cxt 
\o Loading oasis.cxt 
\o Loading asimenv.cxt 
\o Loading analog.cxt 
\o Loading par.cxt 
\o Loading socket.cxt 
\o Loading alvs.cxt 
\o *Info*    Exporting services from client ... 
\o 
\w *WARNING* LIB TECH_H18A6 from File /home/saul/projects/IMPLANTABLE_AMS/version1/saul/cds.lib Line 69 redefines
\w LIB TECH_H18A6 from the same file (defined earlier.)
\w *WARNING* The directory: '/pkg/AMS411/cds/HK_H18/TECH_H18A7AMAM' does not exist
\w 	but was defined in libFile '/home/saul/projects/IMPLANTABLE_AMS/version1/saul/cds.lib' for Lib 'TECH_H18A7AM'.
\w *WARNING* The directory: '/pkg/AMS411/cds/HK_H18/TECH_H18A5AMAM' does not exist
\w 	but was defined in libFile '/home/saul/projects/IMPLANTABLE_AMS/version1/saul/cds.lib' for Lib 'TECH_H18A5AM'.
\w *WARNING* The directory: '/pkg/AMS411/cds/HK_H18/TECH_H18A4AMAM' does not exist
\w 	but was defined in libFile '/home/saul/projects/IMPLANTABLE_AMS/version1/saul/cds.lib' for Lib 'TECH_H18A4AM'.
\w *WARNING* The directory: '/pkg/AMS411/cds/HK_H18/TECH_H18A3AMAM' does not exist
\w 	but was defined in libFile '/home/saul/projects/IMPLANTABLE_AMS/version1/saul/cds.lib' for Lib 'TECH_H18A3AM'.
\o ......................................................................................
\o            ams AG hitkit v.ams_4.11
\o ......................................................................................
\o COPYRIGHT (c) 2013 Full Service Foundry @ ams AG.  ALL RIGHTS RESERVED
\o This hitkit and attached documentation are confidential information and may 
\o only be used as authorized by the hitkit license agreement.
\o ......................................................................................
\o Loading simulator default settings.
\o HitKit On-Line Documentation not enabled - does ~/data.reg exist?
\o No mx check
\o  
\o Loading IBM PDK cmhv7sf procedures for Cadence Version "6.1.5-64b"...
\o ...IBM PDK cmhv7sf procedures loaded.
\o  
\o Loading simulator default settings.
\o *Info*    Client has finished starting ... 
\o 
\p hitkit: ams_4.11  Tech: h18a6am  User: saul 
\o 
\o 
\o *Info*    Configuring the session ...
\o 
\o 	Library      = IMP_AN_SIGNAL_GEN_GM
\o 	Cell         = S3_TB
\o 	View         = schematic
\o 	Simulator    = spectre
\o 	State Path   = $AXL_SETUPDB_DIR/test_states
\o 	State Name   = IMP_AN_SIGNAL_GEN_GM:S3_TB:2_none_Interactive.30
\o 	Results DB   = /home/saul/projects/IMPLANTABLE_AMS/version1/saul/IMP_AN_SIGNAL_GEN_GM/S3_TB/adexlNVM/results/data/Interactive.30.rdb
\o 	Results Dir  = /home/saul/Sim/IMP_AN_SIGNAL_GEN_GM/S3_TB/adexlNVM/results/data/Interactive.30/2/IMP_AN_SIGNAL_GEN_GM:S3_TB:2
\o 	Results Loc  = /home/saul/Sim/IMP_AN_SIGNAL_GEN_GM/S3_TB/adexlNVM/results/data
\o 	Project Dir  = /home/saul/projects/IMPLANTABLE_AMS/version1/saul/SimVM
\o 	Setup DB loc = /home/saul/projects/IMPLANTABLE_AMS/version1/saul/IMP_AN_SIGNAL_GEN_GM/S3_TB/adexlNVM
\o 	File Encoding = 0
\o 
\o 
\o Loading simui.cxt 
\o Loading awv.cxt 
\o Loading viva.cxt 
\o *Info*    Spectre controlMode is set "batch".
\o 
\o Loading spectrei.cxt 
\# Memory report: now 165986304 (0x9e4c000) bytes, process size 913305600 (0x366ff000) bytes at UTC 2015.10.16 09:36:45.389
\o Loading relXpert.cxt 
\w *WARNING* LIB TECH_H18A6 from File /home/saul/projects/IMPLANTABLE_AMS/version1/saul/cds.lib Line 69 redefines
\w LIB TECH_H18A6 from the same file (defined earlier.)
\w *WARNING* The directory: '/pkg/AMS411/cds/HK_H18/TECH_H18A7AMAM' does not exist
\w 	but was defined in libFile '/home/saul/projects/IMPLANTABLE_AMS/version1/saul/cds.lib' for Lib 'TECH_H18A7AM'.
\w *WARNING* The directory: '/pkg/AMS411/cds/HK_H18/TECH_H18A5AMAM' does not exist
\w 	but was defined in libFile '/home/saul/projects/IMPLANTABLE_AMS/version1/saul/cds.lib' for Lib 'TECH_H18A5AM'.
\w *WARNING* The directory: '/pkg/AMS411/cds/HK_H18/TECH_H18A4AMAM' does not exist
\w 	but was defined in libFile '/home/saul/projects/IMPLANTABLE_AMS/version1/saul/cds.lib' for Lib 'TECH_H18A4AM'.
\w *WARNING* The directory: '/pkg/AMS411/cds/HK_H18/TECH_H18A3AMAM' does not exist
\w 	but was defined in libFile '/home/saul/projects/IMPLANTABLE_AMS/version1/saul/cds.lib' for Lib 'TECH_H18A3AM'.
\o Loading hspiceD.cxt 
\o Loading spectreinl.cxt 
\o Loading msgHandler.cxt 
\o Loading UltraSim.cxt 
\o Loading AMSOSS.cxt 
\o Loading AMS.cxt 
\o Loading devCheck.cxt 
\o 
\o 
\o 
\o 
\o 
\o *Info*    Run start for Point ID (30 12) on testbench [
\o           IMP_AN_SIGNAL_GEN_GM:S3_TB:2 ].
\o 
\o Resetting statistical vars
\o 
\o *Info*    Setting parameter values ...
\o 
\o Setting var CMFB_VAC = "0"
\o Setting var CPAD = "3p"
\o Setting var DC_IN = "0"
\o Setting var G0 = "1.8"
\o Setting var G1 = "1.8"
\o Setting var G2 = "1.8"
\o Setting var G3 = "1.8"
\o Setting var I_REF = "100u"
\o Setting var PULSE_CMFB = "0"
\o Setting var RL = "1000"
\o Setting var VAC_CM = "1"
\o Setting var VCM_PULSE = "10m"
\o Setting var VDC_CM = "900m"
\o Setting var VIN_AC = "0"
\o Setting var VIN_PULSE = "0"
\o Setting temp(T) = 27
\o 
\o *Info*    Netlist Directory =
\o           /home/saul/Sim/IMP_AN_SIGNAL_GEN_GM/S3_TB/adexlNVM/results/data/Interactive.30/12/IMP_AN_SIGNAL_GEN_GM:S3_TB:2/netlist
\o 
\o 
\o *Info*    Data Directory    =
\o           /home/saul/Sim/IMP_AN_SIGNAL_GEN_GM/S3_TB/adexlNVM/results/data/Interactive.30/12/IMP_AN_SIGNAL_GEN_GM:S3_TB:2
\o 
\o 
\o *Info*    Creating Netlist for Point ID (30 12)
\o 
\o generate netlist...
\e *Error* load: can't access file - "/afs/ict.kth.se/proj/ektlab/PDK/AMS/cds/HK_ALL/skill/ansCdlCompPrim.il"
\o Loading seCore.cxt 
\e *Error* load: can't access file - "/afs/ict.kth.se/proj/ektlab/PDK/AMS/cds/HK_ALL/skill/ansCdlCompPrim.il"
\e *Error* load: can't access file - "/afs/ict.kth.se/proj/ektlab/PDK/AMS/cds/HK_ALL/skill/ansCdlCompPrim.il"
\o Begin Incremental Netlisting Oct 16 11:36:47 2015
\o WARNING (OSSHNL-145): Incremental netlisting is not possible since the netlist in this run directory
\o was generated using a previous IHNL version which is incompatible with the
\o current IHNL version. Therefore re-netlisting the entire design using the
\o current IHNL version.
\o 
\o End netlisting Oct 16 11:36:47 2015
\o 
\o Netlisting Statistics:
\o 	Number of components:  138
\o 
\o 	Elapsed time:          0.0s
\o Errors: 0	Warnings: 0
\o       ...successful.
\o compose simulator input file...
\o       ...successful.
\o 
\o *Info*    Running simulation on testbench [
\o           IMP_AN_SIGNAL_GEN_GM:S3_TB:2 ] for Point ID (30 12).
\o 
\o Delete psf data in /home/saul/Sim/IMP_AN_SIGNAL_GEN_GM/S3_TB/adexlNVM/results/data/Interactive.30/12/IMP_AN_SIGNAL_GEN_GM:S3_TB:2/psf.
\o compose simulator input file...
\o       ...successful.
\o start simulator if needed...
\o       ...successful.
\o simulate...
\o To view the simulator output, right-click on the test name, result 
\o name, or any value in the "Results" tab of the Outputs section and 
\o choose "Output Log" menu option.
\o Loading paraplot.cxt 
\o Initializing IBM_PDK functions
\o IBM_PDK skill procedures for Cadence 6.1 - Nov 29 08:29:37 2010
\o Licensed Materials - Property of IBM - All Rights Reserved 
\o Copyright: International Business Machines Corporation, 2015
\o This Material may not be copied without the written consent of 
\o Semiconductor Research and Development Center, IBM Corp., Essex Junction, VT 05452-4299.
\o  Default set for Left & Right WindowCoordIBM
\o System hardware set for Linux IBM_PDK procedures
\o Setting calibre env variable table for cmhv7sf 
\o Using menu definition file: /pkg/AMS411/cds/HK_H18/cmhv7sf/ibmPdkMenu.def
\o set cmhv7sf  calibre env variables based on ibmPdkMenuCalibre settings
\o set cmhv7sf  calibre env variables based on ibmPdkMenuCalibreDrc settings
\o set cmhv7sf  calibre env variables based on ibmPdkMenuCalibreLvs settings
\o set cmhv7sf  calibre env variables based on ibmPdkMenuCalibrePerc settings
\o INFO (ADE-3071): Simulation completed successfully.
\o reading simulation data...
\o       ...successful.
\o *Info*    Client has finished evaluating ... 
\o 
\e *Error* ("error" 0 t nil ("*Error* drfGetWaveformXVec (DRL-18): argument not a valid srr waveform interface object 17.15242"))
\e 
\e 
\o 
\o *Error*   Evaluating expression (histo(value(phaseDeg((VF("/OUTP") - VF("/OUTN"))) 1000000) 40 -2 4)). 
\o 
\o 
\e *Error* ("error" 0 t nil ("*Error* drfGetWaveformXVec (DRL-18): argument not a valid srr waveform interface object 9.411391e-15"))
\e 
\e 
\o 
\o *Error*   Evaluating expression (histo(value(mag((VF("/OUTP") - VF("/OUTN"))) 1000000) 40 0.117 0.121)). 
\o 
\o 
\o 
\o *Info*    Run complete for Point ID (30 12) on testbench [
\o           IMP_AN_SIGNAL_GEN_GM:S3_TB:2 ].
\o 
\o 
\o 
\o 
\o 
\o 
\o 
\o 
\o 
\o 
\o *Info*    Run start for Point ID (30 17) on testbench [
\o           IMP_AN_SIGNAL_GEN_GM:S3_TB:2 ].
\o 
\o Resetting statistical vars
\o 
\o *Info*    Setting parameter values ...
\o 
\o 
\o *Info*    Netlist Directory =
\o           /home/saul/Sim/IMP_AN_SIGNAL_GEN_GM/S3_TB/adexlNVM/results/data/Interactive.30/17/IMP_AN_SIGNAL_GEN_GM:S3_TB:2/netlist
\o 
\o 
\o *Info*    Data Directory    =
\o           /home/saul/Sim/IMP_AN_SIGNAL_GEN_GM/S3_TB/adexlNVM/results/data/Interactive.30/17/IMP_AN_SIGNAL_GEN_GM:S3_TB:2
\o 
\o 
\o *Info*    Creating Netlist for Point ID (30 17)
\o 
\o generate netlist...
\e *Error* load: can't access file - "/afs/ict.kth.se/proj/ektlab/PDK/AMS/cds/HK_ALL/skill/ansCdlCompPrim.il"
\e *Error* load: can't access file - "/afs/ict.kth.se/proj/ektlab/PDK/AMS/cds/HK_ALL/skill/ansCdlCompPrim.il"
\o Begin Incremental Netlisting Oct 16 11:36:57 2015
\o End netlisting Oct 16 11:36:57 2015
\o 
\o 	The netlist is up to date.
\o 	Time taken to compare the design with netlist:   0.0s
\o       ...successful.
\o compose simulator input file...
\o       ...successful.
\o 
\o *Info*    Running simulation on testbench [
\o           IMP_AN_SIGNAL_GEN_GM:S3_TB:2 ] for Point ID (30 17).
\o 
\o Delete psf data in /home/saul/Sim/IMP_AN_SIGNAL_GEN_GM/S3_TB/adexlNVM/results/data/Interactive.30/17/IMP_AN_SIGNAL_GEN_GM:S3_TB:2/psf.
\o compose simulator input file...
\o       ...successful.
\o start simulator if needed...
\o       ...successful.
\o simulate...
\o To view the simulator output, right-click on the test name, result 
\o name, or any value in the "Results" tab of the Outputs section and 
\o choose "Output Log" menu option.
\# Memory report: Maximum memory size now 22038470656 (0x521986000) bytes, UTC 2015.10.16 09:37:01.965
\o INFO (ADE-3071): Simulation completed successfully.
\o reading simulation data...
\o       ...successful.
\o *Info*    Client has finished evaluating ... 
\o 
\e *Error* ("error" 0 t nil ("*Error* drfGetWaveformXVec (DRL-18): argument not a valid srr waveform interface object 166.5413"))
\e 
\e 
\o 
\o *Error*   Evaluating expression (histo(value(phaseDeg((VF("/OUTP") - VF("/OUTN"))) 1000000) 40 -2 4)). 
\o 
\o 
\e *Error* ("error" 0 t nil ("*Error* drfGetWaveformXVec (DRL-18): argument not a valid srr waveform interface object 5.342561e-14"))
\e 
\e 
\o 
\o *Error*   Evaluating expression (histo(value(mag((VF("/OUTP") - VF("/OUTN"))) 1000000) 40 0.117 0.121)). 
\o 
\o 
\o 
\o *Info*    Run complete for Point ID (30 17) on testbench [
\o           IMP_AN_SIGNAL_GEN_GM:S3_TB:2 ].
\o 
\o 
\o 
\o 
\o 
\o 
\o 
\o 
\o 
\o 
\o *Info*    Run start for Point ID (30 7) on testbench [
\o           IMP_AN_SIGNAL_GEN_GM:S3_TB:2 ].
\o 
\o Resetting statistical vars
\o 
\o *Info*    Setting parameter values ...
\o 
\o 
\o *Info*    Netlist Directory =
\o           /home/saul/Sim/IMP_AN_SIGNAL_GEN_GM/S3_TB/adexlNVM/results/data/Interactive.30/7/IMP_AN_SIGNAL_GEN_GM:S3_TB:2/netlist
\o 
\o 
\o *Info*    Data Directory    =
\o           /home/saul/Sim/IMP_AN_SIGNAL_GEN_GM/S3_TB/adexlNVM/results/data/Interactive.30/7/IMP_AN_SIGNAL_GEN_GM:S3_TB:2
\o 
\o 
\o *Info*    Creating Netlist for Point ID (30 7)
\o 
\o generate netlist...
\e *Error* load: can't access file - "/afs/ict.kth.se/proj/ektlab/PDK/AMS/cds/HK_ALL/skill/ansCdlCompPrim.il"
\e *Error* load: can't access file - "/afs/ict.kth.se/proj/ektlab/PDK/AMS/cds/HK_ALL/skill/ansCdlCompPrim.il"
\o Begin Incremental Netlisting Oct 16 11:37:07 2015
\o End netlisting Oct 16 11:37:07 2015
\o 
\o 	The netlist is up to date.
\o 	Time taken to compare the design with netlist:   0.0s
\o       ...successful.
\o compose simulator input file...
\o       ...successful.
\o 
\o *Info*    Running simulation on testbench [
\o           IMP_AN_SIGNAL_GEN_GM:S3_TB:2 ] for Point ID (30 7).
\o 
\o Delete psf data in /home/saul/Sim/IMP_AN_SIGNAL_GEN_GM/S3_TB/adexlNVM/results/data/Interactive.30/7/IMP_AN_SIGNAL_GEN_GM:S3_TB:2/psf.
\o compose simulator input file...
\o       ...successful.
\o start simulator if needed...
\o       ...successful.
\o simulate...
\o To view the simulator output, right-click on the test name, result 
\o name, or any value in the "Results" tab of the Outputs section and 
\o choose "Output Log" menu option.
\o INFO (ADE-3071): Simulation completed successfully.
\o reading simulation data...
\o       ...successful.
\o *Info*    Client has finished evaluating ... 
\o 
\e *Error* ("error" 0 t nil ("*Error* drfGetWaveformXVec (DRL-18): argument not a valid srr waveform interface object 130.7515"))
\e 
\e 
\o 
\o *Error*   Evaluating expression (histo(value(phaseDeg((VF("/OUTP") - VF("/OUTN"))) 1000000) 40 -2 4)). 
\o 
\o 
\e *Error* ("error" 0 t nil ("*Error* drfGetWaveformXVec (DRL-18): argument not a valid srr waveform interface object 1.102093e-13"))
\e 
\e 
\o 
\o *Error*   Evaluating expression (histo(value(mag((VF("/OUTP") - VF("/OUTN"))) 1000000) 40 0.117 0.121)). 
\o 
\o 
\o 
\o *Info*    Run complete for Point ID (30 7) on testbench [
\o           IMP_AN_SIGNAL_GEN_GM:S3_TB:2 ].
\o 
\o 
\o 
\o 
\o 
\o 
\o 
\o 
\o 
\o 
\o *Info*    Run start for Point ID (30 11) on testbench [
\o           IMP_AN_SIGNAL_GEN_GM:S3_TB:2 ].
\o 
\o Resetting statistical vars
\o 
\o *Info*    Setting parameter values ...
\o 
\o 
\o *Info*    Netlist Directory =
\o           /home/saul/Sim/IMP_AN_SIGNAL_GEN_GM/S3_TB/adexlNVM/results/data/Interactive.30/11/IMP_AN_SIGNAL_GEN_GM:S3_TB:2/netlist
\o 
\o 
\o *Info*    Data Directory    =
\o           /home/saul/Sim/IMP_AN_SIGNAL_GEN_GM/S3_TB/adexlNVM/results/data/Interactive.30/11/IMP_AN_SIGNAL_GEN_GM:S3_TB:2
\o 
\o 
\o *Info*    Creating Netlist for Point ID (30 11)
\o 
\o generate netlist...
\e *Error* load: can't access file - "/afs/ict.kth.se/proj/ektlab/PDK/AMS/cds/HK_ALL/skill/ansCdlCompPrim.il"
\e *Error* load: can't access file - "/afs/ict.kth.se/proj/ektlab/PDK/AMS/cds/HK_ALL/skill/ansCdlCompPrim.il"
\o Begin Incremental Netlisting Oct 16 11:37:15 2015
\o End netlisting Oct 16 11:37:15 2015
\o 
\o 	The netlist is up to date.
\o 	Time taken to compare the design with netlist:   0.0s
\o       ...successful.
\o compose simulator input file...
\o       ...successful.
\o 
\o *Info*    Running simulation on testbench [
\o           IMP_AN_SIGNAL_GEN_GM:S3_TB:2 ] for Point ID (30 11).
\o 
\o Delete psf data in /home/saul/Sim/IMP_AN_SIGNAL_GEN_GM/S3_TB/adexlNVM/results/data/Interactive.30/11/IMP_AN_SIGNAL_GEN_GM:S3_TB:2/psf.
\o compose simulator input file...
\o       ...successful.
\o start simulator if needed...
\o       ...successful.
\o simulate...
\o To view the simulator output, right-click on the test name, result 
\o name, or any value in the "Results" tab of the Outputs section and 
\o choose "Output Log" menu option.
\o INFO (ADE-3071): Simulation completed successfully.
\o reading simulation data...
\o       ...successful.
\o *Info*    Client has finished evaluating ... 
\o 
\e *Error* ("error" 0 t nil ("*Error* drfGetWaveformXVec (DRL-18): argument not a valid srr waveform interface object 17.15242"))
\e 
\e 
\o 
\o *Error*   Evaluating expression (histo(value(phaseDeg((VF("/OUTP") - VF("/OUTN"))) 1000000) 40 -2 4)). 
\o 
\o 
\e *Error* ("error" 0 t nil ("*Error* drfGetWaveformXVec (DRL-18): argument not a valid srr waveform interface object 9.411391e-15"))
\e 
\e 
\o 
\o *Error*   Evaluating expression (histo(value(mag((VF("/OUTP") - VF("/OUTN"))) 1000000) 40 0.117 0.121)). 
\o 
\o 
\o 
\o *Info*    Run complete for Point ID (30 11) on testbench [
\o           IMP_AN_SIGNAL_GEN_GM:S3_TB:2 ].
\o 
\o 
\o 
\o 
\o 
\o Simulation design variables differ from those on the cellView,
\o they have been saved in the file "/tmp/saved-design-variables".
\o To save future changes, copy variables to cellView before exiting.
\o 
\o 
\o *Info*    Configuring the session ...
\o 
\o 	Library      = IMP_AN_SIGNAL_GEN_GM
\o 	Cell         = S3_TB
\o 	View         = schematic
\o 	Simulator    = spectre
\o 	State Path   = $AXL_SETUPDB_DIR/test_states
\o 	State Name   = IMP_AN_SIGNAL_GEN_GM:S3_TB:2_none_MonteCarlo.0
\o 	Results DB   = /home/saul/projects/IMPLANTABLE_AMS/version1/saul/IMP_AN_SIGNAL_GEN_GM/S3_TB/adexlNVM/results/data/MonteCarlo.0.rdb
\o 	Results Dir  = /home/saul/Sim/IMP_AN_SIGNAL_GEN_GM/S3_TB/adexlNVM/results/data/MonteCarlo.0/1/IMP_AN_SIGNAL_GEN_GM:S3_TB:2
\o 	Results Loc  = /home/saul/Sim/IMP_AN_SIGNAL_GEN_GM/S3_TB/adexlNVM/results/data
\o 	Project Dir  = /home/saul/projects/IMPLANTABLE_AMS/version1/saul/SimVM
\o 	Setup DB loc = /home/saul/projects/IMPLANTABLE_AMS/version1/saul/IMP_AN_SIGNAL_GEN_GM/S3_TB/adexlNVM
\o 	File Encoding = 0
\o 
\o 
\o *Info*    Spectre controlMode is set "batch".
\o 
\o 
\o 
\o 
\o 
\o 
\o *Info*    Run start for Point ID (31 1) on testbench [
\o           IMP_AN_SIGNAL_GEN_GM:S3_TB:2 ].
\o 
\o Resetting statistical vars
\o 
\o *Info*    Setting parameter values ...
\o 
\o Setting var CMFB_VAC = "0"
\o Setting var CPAD = "3p"
\o Setting var DC_IN = "0"
\o Setting var G0 = "1.8"
\o Setting var G1 = "1.8"
\o Setting var G2 = "1.8"
\o Setting var G3 = "1.8"
\o Setting var I_REF = "100u"
\o Setting var PULSE_CMFB = "0"
\o Setting var RL = "1000"
\o Setting var VAC_CM = "1"
\o Setting var VCM_PULSE = "10m"
\o Setting var VDC_CM = "900m"
\o Setting var VIN_AC = "0"
\o Setting var VIN_PULSE = "0"
\o Loading monte.cxt 
\o Setting temp(T) = 27
\o 
\o *Info*    Netlist Directory =
\o           /home/saul/Sim/IMP_AN_SIGNAL_GEN_GM/S3_TB/adexlNVM/results/data/MonteCarlo.0/1/IMP_AN_SIGNAL_GEN_GM:S3_TB:2/netlist
\o 
\o 
\o *Info*    Data Directory    =
\o           /home/saul/Sim/IMP_AN_SIGNAL_GEN_GM/S3_TB/adexlNVM/results/data/MonteCarlo.0/1/IMP_AN_SIGNAL_GEN_GM:S3_TB:2
\o 
\o 
\o *Info*    Creating Netlist for Point ID (31 1)
\o 
\o generate netlist...
\e *Error* load: can't access file - "/afs/ict.kth.se/proj/ektlab/PDK/AMS/cds/HK_ALL/skill/ansCdlCompPrim.il"
\e *Error* load: can't access file - "/afs/ict.kth.se/proj/ektlab/PDK/AMS/cds/HK_ALL/skill/ansCdlCompPrim.il"
\o Begin Incremental Netlisting Oct 16 11:42:25 2015
\o End netlisting Oct 16 11:42:25 2015
\o 
\o 	The netlist is up to date.
\o 	Time taken to compare the design with netlist:   0.0s
\o       ...successful.
\o compose simulator input file...
\o       ...successful.
\o 
\o *Info*    Running simulation on testbench [
\o           IMP_AN_SIGNAL_GEN_GM:S3_TB:2 ] for Point ID (31 1).
\o 
\o *Info*    Spectre controlMode is set "batch" due to monte carlo run.
\o 
\o Delete psf data in /home/saul/Sim/IMP_AN_SIGNAL_GEN_GM/S3_TB/adexlNVM/results/data/MonteCarlo.0/1/IMP_AN_SIGNAL_GEN_GM:S3_TB:2/psf.
\o generate netlist...
\e *Error* load: can't access file - "/afs/ict.kth.se/proj/ektlab/PDK/AMS/cds/HK_ALL/skill/ansCdlCompPrim.il"
\e *Error* load: can't access file - "/afs/ict.kth.se/proj/ektlab/PDK/AMS/cds/HK_ALL/skill/ansCdlCompPrim.il"
\o Begin Incremental Netlisting Oct 16 11:42:25 2015
\o End netlisting Oct 16 11:42:25 2015
\o 
\o 	The netlist is up to date.
\o 	Time taken to compare the design with netlist:   0.0s
\o       ...successful.
\o compose simulator input file...
\o       ...successful.
\o start simulator if needed...
\o       ...successful.
\o simulate...
\o To view the simulator output, right-click on the test name, result 
\o name, or any value in the "Results" tab of the Outputs section and 
\o choose "Output Log" menu option.
\e *Error* ("error" 0 t nil ("*Error* drfGetWaveformXVec (DRL-18): argument not a valid srr waveform interface object 66.28221"))
\e 
\e 
\o 
\o *Error*   Evaluating expression (histo(value(phaseDeg((VF("/OUTP") - VF("/OUTN"))) 1000000) 40 -2 4)). 
\o 
\o 
\e *Error* ("error" 0 t nil ("*Error* drfGetWaveformXVec (DRL-18): argument not a valid srr waveform interface object 1.819603e-06"))
\e 
\e 
\o 
\o *Error*   Evaluating expression (histo(value(mag((VF("/OUTP") - VF("/OUTN"))) 1000000) 40 0.117 0.121)). 
\o 
\o 
\o Loading stats.cxt 
\e *Error* ("error" 0 t nil ("*Error* drfGetWaveformXVec (DRL-18): argument not a valid srr waveform interface object -175.2375"))
\e 
\e 
\o 
\o *Error*   Evaluating expression (histo(value(phaseDeg((VF("/OUTP") - VF("/OUTN"))) 1000000) 40 -2 4)). 
\o 
\o 
\e *Error* ("error" 0 t nil ("*Error* drfGetWaveformXVec (DRL-18): argument not a valid srr waveform interface object 6.398256e-05"))
\e 
\e 
\o 
\o *Error*   Evaluating expression (histo(value(mag((VF("/OUTP") - VF("/OUTN"))) 1000000) 40 0.117 0.121)). 
\o 
\o 
\o *Info*    Client has finished evaluating ... 
\o 
\o 
\o *Info*    Run complete for Point ID (31 1) on testbench [
\o           IMP_AN_SIGNAL_GEN_GM:S3_TB:2 ].
\o 
\o 
\o 
\o 
\o 
\e *Error* ("error" 0 t nil ("*Error* drfGetWaveformXVec (DRL-18): argument not a valid srr waveform interface object 6.558839"))
\e 
\e 
\o 
\o *Error*   Evaluating expression (histo(value(phaseDeg((VF("/OUTP") - VF("/OUTN"))) 1000000) 40 -2 4)). 
\o 
\o 
\e *Error* ("error" 0 t nil ("*Error* drfGetWaveformXVec (DRL-18): argument not a valid srr waveform interface object 9.092794e-06"))
\e 
\e 
\o 
\o *Error*   Evaluating expression (histo(value(mag((VF("/OUTP") - VF("/OUTN"))) 1000000) 40 0.117 0.121)). 
\o 
\o 
\o *Info*    Client has finished evaluating ... 
\o 
\o 
\o *Info*    Run complete for Point ID (31 2) on testbench [
\o           IMP_AN_SIGNAL_GEN_GM:S3_TB:2 ].
\o 
\o 
\o 
\o 
\o 
\e *Error* ("error" 0 t nil ("*Error* drfGetWaveformXVec (DRL-18): argument not a valid srr waveform interface object 3.316912"))
\e 
\e 
\o 
\o *Error*   Evaluating expression (histo(value(phaseDeg((VF("/OUTP") - VF("/OUTN"))) 1000000) 40 -2 4)). 
\o 
\o 
\e *Error* ("error" 0 t nil ("*Error* drfGetWaveformXVec (DRL-18): argument not a valid srr waveform interface object 2.585529e-05"))
\e 
\e 
\o 
\o *Error*   Evaluating expression (histo(value(mag((VF("/OUTP") - VF("/OUTN"))) 1000000) 40 0.117 0.121)). 
\o 
\o 
\o *Info*    Client has finished evaluating ... 
\o 
\o 
\o *Info*    Run complete for Point ID (31 3) on testbench [
\o           IMP_AN_SIGNAL_GEN_GM:S3_TB:2 ].
\o 
\o 
\o 
\o 
\o 
\e *Error* ("error" 0 t nil ("*Error* drfGetWaveformXVec (DRL-18): argument not a valid srr waveform interface object -83.76323"))
\e 
\e 
\o 
\o *Error*   Evaluating expression (histo(value(phaseDeg((VF("/OUTP") - VF("/OUTN"))) 1000000) 40 -2 4)). 
\o 
\o 
\e *Error* ("error" 0 t nil ("*Error* drfGetWaveformXVec (DRL-18): argument not a valid srr waveform interface object 1.844469e-05"))
\e 
\e 
\o 
\o *Error*   Evaluating expression (histo(value(mag((VF("/OUTP") - VF("/OUTN"))) 1000000) 40 0.117 0.121)). 
\o 
\o 
\o *Info*    Client has finished evaluating ... 
\o 
\o 
\o *Info*    Run complete for Point ID (31 4) on testbench [
\o           IMP_AN_SIGNAL_GEN_GM:S3_TB:2 ].
\o 
\o 
\o 
\o 
\o 
\e *Error* ("error" 0 t nil ("*Error* drfGetWaveformXVec (DRL-18): argument not a valid srr waveform interface object -140.5959"))
\e 
\e 
\o 
\o *Error*   Evaluating expression (histo(value(phaseDeg((VF("/OUTP") - VF("/OUTN"))) 1000000) 40 -2 4)). 
\o 
\o 
\e *Error* ("error" 0 t nil ("*Error* drfGetWaveformXVec (DRL-18): argument not a valid srr waveform interface object 1.726159e-05"))
\e 
\e 
\o 
\o *Error*   Evaluating expression (histo(value(mag((VF("/OUTP") - VF("/OUTN"))) 1000000) 40 0.117 0.121)). 
\o 
\o 
\o *Info*    Client has finished evaluating ... 
\o 
\o 
\o *Info*    Run complete for Point ID (31 5) on testbench [
\o           IMP_AN_SIGNAL_GEN_GM:S3_TB:2 ].
\o 
\o 
\o 
\o 
\o 
\e *Error* ("error" 0 t nil ("*Error* drfGetWaveformXVec (DRL-18): argument not a valid srr waveform interface object -147.0187"))
\e 
\e 
\o 
\o *Error*   Evaluating expression (histo(value(phaseDeg((VF("/OUTP") - VF("/OUTN"))) 1000000) 40 -2 4)). 
\o 
\o 
\e *Error* ("error" 0 t nil ("*Error* drfGetWaveformXVec (DRL-18): argument not a valid srr waveform interface object 1.630807e-05"))
\e 
\e 
\o 
\o *Error*   Evaluating expression (histo(value(mag((VF("/OUTP") - VF("/OUTN"))) 1000000) 40 0.117 0.121)). 
\o 
\o 
\o *Info*    Client has finished evaluating ... 
\o 
\o 
\o *Info*    Run complete for Point ID (31 6) on testbench [
\o           IMP_AN_SIGNAL_GEN_GM:S3_TB:2 ].
\o 
\o 
\o 
\o 
\o 
\# Memory report: Maximum memory size now 21605126144 (0x507c41000) bytes, UTC 2015.10.16 09:43:32.316
\e *Error* ("error" 0 t nil ("*Error* drfGetWaveformXVec (DRL-18): argument not a valid srr waveform interface object -146.6513"))
\e 
\e 
\o 
\o *Error*   Evaluating expression (histo(value(phaseDeg((VF("/OUTP") - VF("/OUTN"))) 1000000) 40 -2 4)). 
\o 
\o 
\e *Error* ("error" 0 t nil ("*Error* drfGetWaveformXVec (DRL-18): argument not a valid srr waveform interface object 7.428605e-06"))
\e 
\e 
\o 
\o *Error*   Evaluating expression (histo(value(mag((VF("/OUTP") - VF("/OUTN"))) 1000000) 40 0.117 0.121)). 
\o 
\o 
\o *Info*    Client has finished evaluating ... 
\o 
\o 
\o *Info*    Run complete for Point ID (31 7) on testbench [
\o           IMP_AN_SIGNAL_GEN_GM:S3_TB:2 ].
\o 
\o 
\o 
\o 
\o 
\e *Error* ("error" 0 t nil ("*Error* drfGetWaveformXVec (DRL-18): argument not a valid srr waveform interface object 46.04222"))
\e 
\e 
\o 
\o *Error*   Evaluating expression (histo(value(phaseDeg((VF("/OUTP") - VF("/OUTN"))) 1000000) 40 -2 4)). 
\o 
\o 
\e *Error* ("error" 0 t nil ("*Error* drfGetWaveformXVec (DRL-18): argument not a valid srr waveform interface object 1.50794e-05"))
\e 
\e 
\o 
\o *Error*   Evaluating expression (histo(value(mag((VF("/OUTP") - VF("/OUTN"))) 1000000) 40 0.117 0.121)). 
\o 
\o 
\o *Info*    Client has finished evaluating ... 
\o 
\o 
\o *Info*    Run complete for Point ID (31 8) on testbench [
\o           IMP_AN_SIGNAL_GEN_GM:S3_TB:2 ].
\o 
\o 
\o 
\o 
\o 
\e *Error* ("error" 0 t nil ("*Error* drfGetWaveformXVec (DRL-18): argument not a valid srr waveform interface object 26.17948"))
\e 
\e 
\o 
\o *Error*   Evaluating expression (histo(value(phaseDeg((VF("/OUTP") - VF("/OUTN"))) 1000000) 40 -2 4)). 
\o 
\o 
\e *Error* ("error" 0 t nil ("*Error* drfGetWaveformXVec (DRL-18): argument not a valid srr waveform interface object 0.0001679818"))
\e 
\e 
\o 
\o *Error*   Evaluating expression (histo(value(mag((VF("/OUTP") - VF("/OUTN"))) 1000000) 40 0.117 0.121)). 
\o 
\o 
\o *Info*    Client has finished evaluating ... 
\o 
\o 
\o *Info*    Run complete for Point ID (31 9) on testbench [
\o           IMP_AN_SIGNAL_GEN_GM:S3_TB:2 ].
\o 
\o 
\o 
\o 
\o 
\e *Error* ("error" 0 t nil ("*Error* drfGetWaveformXVec (DRL-18): argument not a valid srr waveform interface object -120.2945"))
\e 
\e 
\o 
\o *Error*   Evaluating expression (histo(value(phaseDeg((VF("/OUTP") - VF("/OUTN"))) 1000000) 40 -2 4)). 
\o 
\o 
\e *Error* ("error" 0 t nil ("*Error* drfGetWaveformXVec (DRL-18): argument not a valid srr waveform interface object 0.0001139837"))
\e 
\e 
\o 
\o *Error*   Evaluating expression (histo(value(mag((VF("/OUTP") - VF("/OUTN"))) 1000000) 40 0.117 0.121)). 
\o 
\o 
\o *Info*    Client has finished evaluating ... 
\o 
\o 
\o *Info*    Run complete for Point ID (31 10) on testbench [
\o           IMP_AN_SIGNAL_GEN_GM:S3_TB:2 ].
\o 
\o 
\o 
\o 
\o 
\e *Error* ("error" 0 t nil ("*Error* drfGetWaveformXVec (DRL-18): argument not a valid srr waveform interface object 84.2906"))
\e 
\e 
\o 
\o *Error*   Evaluating expression (histo(value(phaseDeg((VF("/OUTP") - VF("/OUTN"))) 1000000) 40 -2 4)). 
\o 
\o 
\e *Error* ("error" 0 t nil ("*Error* drfGetWaveformXVec (DRL-18): argument not a valid srr waveform interface object 4.23478e-05"))
\e 
\e 
\o 
\o *Error*   Evaluating expression (histo(value(mag((VF("/OUTP") - VF("/OUTN"))) 1000000) 40 0.117 0.121)). 
\o 
\o 
\o *Info*    Client has finished evaluating ... 
\o 
\o 
\o *Info*    Run complete for Point ID (31 11) on testbench [
\o           IMP_AN_SIGNAL_GEN_GM:S3_TB:2 ].
\o 
\o 
\o 
\o 
\o 
\e *Error* ("error" 0 t nil ("*Error* drfGetWaveformXVec (DRL-18): argument not a valid srr waveform interface object -9.690946"))
\e 
\e 
\o 
\o *Error*   Evaluating expression (histo(value(phaseDeg((VF("/OUTP") - VF("/OUTN"))) 1000000) 40 -2 4)). 
\o 
\o 
\e *Error* ("error" 0 t nil ("*Error* drfGetWaveformXVec (DRL-18): argument not a valid srr waveform interface object 4.937133e-06"))
\e 
\e 
\o 
\o *Error*   Evaluating expression (histo(value(mag((VF("/OUTP") - VF("/OUTN"))) 1000000) 40 0.117 0.121)). 
\o 
\o 
\o *Info*    Client has finished evaluating ... 
\o 
\o 
\o *Info*    Run complete for Point ID (31 12) on testbench [
\o           IMP_AN_SIGNAL_GEN_GM:S3_TB:2 ].
\o 
\o 
\o 
\o 
\o 
\e *Error* ("error" 0 t nil ("*Error* drfGetWaveformXVec (DRL-18): argument not a valid srr waveform interface object 88.89322"))
\e 
\e 
\o 
\o *Error*   Evaluating expression (histo(value(phaseDeg((VF("/OUTP") - VF("/OUTN"))) 1000000) 40 -2 4)). 
\o 
\o 
\e *Error* ("error" 0 t nil ("*Error* drfGetWaveformXVec (DRL-18): argument not a valid srr waveform interface object 1.084753e-05"))
\e 
\e 
\o 
\o *Error*   Evaluating expression (histo(value(mag((VF("/OUTP") - VF("/OUTN"))) 1000000) 40 0.117 0.121)). 
\o 
\o 
\o *Info*    Client has finished evaluating ... 
\o 
\o 
\o *Info*    Run complete for Point ID (31 13) on testbench [
\o           IMP_AN_SIGNAL_GEN_GM:S3_TB:2 ].
\o 
\o 
\o 
\o 
\o 
\e *Error* ("error" 0 t nil ("*Error* drfGetWaveformXVec (DRL-18): argument not a valid srr waveform interface object 26.77858"))
\e 
\e 
\o 
\o *Error*   Evaluating expression (histo(value(phaseDeg((VF("/OUTP") - VF("/OUTN"))) 1000000) 40 -2 4)). 
\o 
\o 
\e *Error* ("error" 0 t nil ("*Error* drfGetWaveformXVec (DRL-18): argument not a valid srr waveform interface object 0.0001406034"))
\e 
\e 
\o 
\o *Error*   Evaluating expression (histo(value(mag((VF("/OUTP") - VF("/OUTN"))) 1000000) 40 0.117 0.121)). 
\o 
\o 
\o *Info*    Client has finished evaluating ... 
\o 
\o 
\o *Info*    Run complete for Point ID (31 14) on testbench [
\o           IMP_AN_SIGNAL_GEN_GM:S3_TB:2 ].
\o 
\o 
\o 
\o 
\o 
\e *Error* ("error" 0 t nil ("*Error* drfGetWaveformXVec (DRL-18): argument not a valid srr waveform interface object 123.1068"))
\e 
\e 
\o 
\o *Error*   Evaluating expression (histo(value(phaseDeg((VF("/OUTP") - VF("/OUTN"))) 1000000) 40 -2 4)). 
\o 
\o 
\e *Error* ("error" 0 t nil ("*Error* drfGetWaveformXVec (DRL-18): argument not a valid srr waveform interface object 2.098663e-06"))
\e 
\e 
\o 
\o *Error*   Evaluating expression (histo(value(mag((VF("/OUTP") - VF("/OUTN"))) 1000000) 40 0.117 0.121)). 
\o 
\o 
\o *Info*    Client has finished evaluating ... 
\o 
\o 
\o *Info*    Run complete for Point ID (31 15) on testbench [
\o           IMP_AN_SIGNAL_GEN_GM:S3_TB:2 ].
\o 
\o 
\o 
\o 
\o 
\e *Error* ("error" 0 t nil ("*Error* drfGetWaveformXVec (DRL-18): argument not a valid srr waveform interface object -136.2986"))
\e 
\e 
\o 
\o *Error*   Evaluating expression (histo(value(phaseDeg((VF("/OUTP") - VF("/OUTN"))) 1000000) 40 -2 4)). 
\o 
\o 
\e *Error* ("error" 0 t nil ("*Error* drfGetWaveformXVec (DRL-18): argument not a valid srr waveform interface object 1.136958e-05"))
\e 
\e 
\o 
\o *Error*   Evaluating expression (histo(value(mag((VF("/OUTP") - VF("/OUTN"))) 1000000) 40 0.117 0.121)). 
\o 
\o 
\o *Info*    Client has finished evaluating ... 
\o 
\o 
\o *Info*    Run complete for Point ID (31 16) on testbench [
\o           IMP_AN_SIGNAL_GEN_GM:S3_TB:2 ].
\o 
\o 
\o 
\o 
\o 
\e *Error* ("error" 0 t nil ("*Error* drfGetWaveformXVec (DRL-18): argument not a valid srr waveform interface object 35.17952"))
\e 
\e 
\o 
\o *Error*   Evaluating expression (histo(value(phaseDeg((VF("/OUTP") - VF("/OUTN"))) 1000000) 40 -2 4)). 
\o 
\o 
\e *Error* ("error" 0 t nil ("*Error* drfGetWaveformXVec (DRL-18): argument not a valid srr waveform interface object 4.852901e-05"))
\e 
\e 
\o 
\o *Error*   Evaluating expression (histo(value(mag((VF("/OUTP") - VF("/OUTN"))) 1000000) 40 0.117 0.121)). 
\o 
\o 
\o *Info*    Client has finished evaluating ... 
\o 
\o 
\o *Info*    Run complete for Point ID (31 17) on testbench [
\o           IMP_AN_SIGNAL_GEN_GM:S3_TB:2 ].
\o 
\o 
\o 
\o 
\o 
\e *Error* ("error" 0 t nil ("*Error* drfGetWaveformXVec (DRL-18): argument not a valid srr waveform interface object -133.2246"))
\e 
\e 
\o 
\o *Error*   Evaluating expression (histo(value(phaseDeg((VF("/OUTP") - VF("/OUTN"))) 1000000) 40 -2 4)). 
\o 
\o 
\e *Error* ("error" 0 t nil ("*Error* drfGetWaveformXVec (DRL-18): argument not a valid srr waveform interface object 5.03007e-05"))
\e 
\e 
\o 
\o *Error*   Evaluating expression (histo(value(mag((VF("/OUTP") - VF("/OUTN"))) 1000000) 40 0.117 0.121)). 
\o 
\o 
\o *Info*    Client has finished evaluating ... 
\o 
\o 
\o *Info*    Run complete for Point ID (31 18) on testbench [
\o           IMP_AN_SIGNAL_GEN_GM:S3_TB:2 ].
\o 
\o 
\o 
\o 
\o 
\e *Error* ("error" 0 t nil ("*Error* drfGetWaveformXVec (DRL-18): argument not a valid srr waveform interface object 48.2768"))
\e 
\e 
\o 
\o *Error*   Evaluating expression (histo(value(phaseDeg((VF("/OUTP") - VF("/OUTN"))) 1000000) 40 -2 4)). 
\o 
\o 
\e *Error* ("error" 0 t nil ("*Error* drfGetWaveformXVec (DRL-18): argument not a valid srr waveform interface object 2.902417e-06"))
\e 
\e 
\o 
\o *Error*   Evaluating expression (histo(value(mag((VF("/OUTP") - VF("/OUTN"))) 1000000) 40 0.117 0.121)). 
\o 
\o 
\o *Info*    Client has finished evaluating ... 
\o 
\o 
\o *Info*    Run complete for Point ID (31 19) on testbench [
\o           IMP_AN_SIGNAL_GEN_GM:S3_TB:2 ].
\o 
\o 
\o 
\o 
\o 
\e *Error* ("error" 0 t nil ("*Error* drfGetWaveformXVec (DRL-18): argument not a valid srr waveform interface object -121.1828"))
\e 
\e 
\o 
\o *Error*   Evaluating expression (histo(value(phaseDeg((VF("/OUTP") - VF("/OUTN"))) 1000000) 40 -2 4)). 
\o 
\o 
\e *Error* ("error" 0 t nil ("*Error* drfGetWaveformXVec (DRL-18): argument not a valid srr waveform interface object 1.117675e-05"))
\e 
\e 
\o 
\o *Error*   Evaluating expression (histo(value(mag((VF("/OUTP") - VF("/OUTN"))) 1000000) 40 0.117 0.121)). 
\o 
\o 
\o *Info*    Client has finished evaluating ... 
\o 
\o 
\o *Info*    Run complete for Point ID (31 20) on testbench [
\o           IMP_AN_SIGNAL_GEN_GM:S3_TB:2 ].
\o 
\o 
\o 
\o 
\o 
\# Memory report: Maximum memory size now 21178548224 (0x4ee570000) bytes, UTC 2015.10.16 09:45:12.321
\e *Error* ("error" 0 t nil ("*Error* drfGetWaveformXVec (DRL-18): argument not a valid srr waveform interface object 121.8877"))
\e 
\e 
\o 
\o *Error*   Evaluating expression (histo(value(phaseDeg((VF("/OUTP") - VF("/OUTN"))) 1000000) 40 -2 4)). 
\o 
\o 
\e *Error* ("error" 0 t nil ("*Error* drfGetWaveformXVec (DRL-18): argument not a valid srr waveform interface object 5.215461e-06"))
\e 
\e 
\o 
\o *Error*   Evaluating expression (histo(value(mag((VF("/OUTP") - VF("/OUTN"))) 1000000) 40 0.117 0.121)). 
\o 
\o 
\o *Info*    Client has finished evaluating ... 
\o 
\o 
\o *Info*    Run complete for Point ID (31 21) on testbench [
\o           IMP_AN_SIGNAL_GEN_GM:S3_TB:2 ].
\o 
\o 
\o 
\o 
\o 
\e *Error* ("error" 0 t nil ("*Error* drfGetWaveformXVec (DRL-18): argument not a valid srr waveform interface object 64.48573"))
\e 
\e 
\o 
\o *Error*   Evaluating expression (histo(value(phaseDeg((VF("/OUTP") - VF("/OUTN"))) 1000000) 40 -2 4)). 
\o 
\o 
\e *Error* ("error" 0 t nil ("*Error* drfGetWaveformXVec (DRL-18): argument not a valid srr waveform interface object 8.222321e-05"))
\e 
\e 
\o 
\o *Error*   Evaluating expression (histo(value(mag((VF("/OUTP") - VF("/OUTN"))) 1000000) 40 0.117 0.121)). 
\o 
\o 
\o *Info*    Client has finished evaluating ... 
\o 
\o 
\o *Info*    Run complete for Point ID (31 22) on testbench [
\o           IMP_AN_SIGNAL_GEN_GM:S3_TB:2 ].
\o 
\o 
\o 
\o 
\o 
\e *Error* ("error" 0 t nil ("*Error* drfGetWaveformXVec (DRL-18): argument not a valid srr waveform interface object 135.0932"))
\e 
\e 
\o 
\o *Error*   Evaluating expression (histo(value(phaseDeg((VF("/OUTP") - VF("/OUTN"))) 1000000) 40 -2 4)). 
\o 
\o 
\e *Error* ("error" 0 t nil ("*Error* drfGetWaveformXVec (DRL-18): argument not a valid srr waveform interface object 7.964615e-06"))
\e 
\e 
\o 
\o *Error*   Evaluating expression (histo(value(mag((VF("/OUTP") - VF("/OUTN"))) 1000000) 40 0.117 0.121)). 
\o 
\o 
\o *Info*    Client has finished evaluating ... 
\o 
\o 
\o *Info*    Run complete for Point ID (31 23) on testbench [
\o           IMP_AN_SIGNAL_GEN_GM:S3_TB:2 ].
\o 
\o 
\o 
\o 
\o 
\e *Error* ("error" 0 t nil ("*Error* drfGetWaveformXVec (DRL-18): argument not a valid srr waveform interface object -96.29647"))
\e 
\e 
\o 
\o *Error*   Evaluating expression (histo(value(phaseDeg((VF("/OUTP") - VF("/OUTN"))) 1000000) 40 -2 4)). 
\o 
\o 
\e *Error* ("error" 0 t nil ("*Error* drfGetWaveformXVec (DRL-18): argument not a valid srr waveform interface object 5.020544e-06"))
\e 
\e 
\o 
\o *Error*   Evaluating expression (histo(value(mag((VF("/OUTP") - VF("/OUTN"))) 1000000) 40 0.117 0.121)). 
\o 
\o 
\o *Info*    Client has finished evaluating ... 
\o 
\o 
\o *Info*    Run complete for Point ID (31 24) on testbench [
\o           IMP_AN_SIGNAL_GEN_GM:S3_TB:2 ].
\o 
\o 
\o 
\o 
\o 
\e *Error* ("error" 0 t nil ("*Error* drfGetWaveformXVec (DRL-18): argument not a valid srr waveform interface object 16.84939"))
\e 
\e 
\o 
\o *Error*   Evaluating expression (histo(value(phaseDeg((VF("/OUTP") - VF("/OUTN"))) 1000000) 40 -2 4)). 
\o 
\o 
\e *Error* ("error" 0 t nil ("*Error* drfGetWaveformXVec (DRL-18): argument not a valid srr waveform interface object 1.325228e-05"))
\e 
\e 
\o 
\o *Error*   Evaluating expression (histo(value(mag((VF("/OUTP") - VF("/OUTN"))) 1000000) 40 0.117 0.121)). 
\o 
\o 
\o *Info*    Client has finished evaluating ... 
\o 
\o 
\o *Info*    Run complete for Point ID (31 25) on testbench [
\o           IMP_AN_SIGNAL_GEN_GM:S3_TB:2 ].
\o 
\o 
\o 
\o 
\o 
\e *Error* ("error" 0 t nil ("*Error* drfGetWaveformXVec (DRL-18): argument not a valid srr waveform interface object 69.05965"))
\e 
\e 
\o 
\o *Error*   Evaluating expression (histo(value(phaseDeg((VF("/OUTP") - VF("/OUTN"))) 1000000) 40 -2 4)). 
\o 
\o 
\e *Error* ("error" 0 t nil ("*Error* drfGetWaveformXVec (DRL-18): argument not a valid srr waveform interface object 9.723432e-06"))
\e 
\e 
\o 
\o *Error*   Evaluating expression (histo(value(mag((VF("/OUTP") - VF("/OUTN"))) 1000000) 40 0.117 0.121)). 
\o 
\o 
\o *Info*    Client has finished evaluating ... 
\o 
\o 
\o *Info*    Run complete for Point ID (31 26) on testbench [
\o           IMP_AN_SIGNAL_GEN_GM:S3_TB:2 ].
\o 
\o 
\o 
\o 
\o 
\e *Error* ("error" 0 t nil ("*Error* drfGetWaveformXVec (DRL-18): argument not a valid srr waveform interface object 160.7169"))
\e 
\e 
\o 
\o *Error*   Evaluating expression (histo(value(phaseDeg((VF("/OUTP") - VF("/OUTN"))) 1000000) 40 -2 4)). 
\o 
\o 
\e *Error* ("error" 0 t nil ("*Error* drfGetWaveformXVec (DRL-18): argument not a valid srr waveform interface object 1.117155e-05"))
\e 
\e 
\o 
\o *Error*   Evaluating expression (histo(value(mag((VF("/OUTP") - VF("/OUTN"))) 1000000) 40 0.117 0.121)). 
\o 
\o 
\o *Info*    Client has finished evaluating ... 
\o 
\o 
\o *Info*    Run complete for Point ID (31 27) on testbench [
\o           IMP_AN_SIGNAL_GEN_GM:S3_TB:2 ].
\o 
\o 
\o 
\o 
\o 
\e *Error* ("error" 0 t nil ("*Error* drfGetWaveformXVec (DRL-18): argument not a valid srr waveform interface object 62.37652"))
\e 
\e 
\o 
\o *Error*   Evaluating expression (histo(value(phaseDeg((VF("/OUTP") - VF("/OUTN"))) 1000000) 40 -2 4)). 
\o 
\o 
\e *Error* ("error" 0 t nil ("*Error* drfGetWaveformXVec (DRL-18): argument not a valid srr waveform interface object 4.818727e-05"))
\e 
\e 
\o 
\o *Error*   Evaluating expression (histo(value(mag((VF("/OUTP") - VF("/OUTN"))) 1000000) 40 0.117 0.121)). 
\o 
\o 
\o *Info*    Client has finished evaluating ... 
\o 
\o 
\o *Info*    Run complete for Point ID (31 28) on testbench [
\o           IMP_AN_SIGNAL_GEN_GM:S3_TB:2 ].
\o 
\o 
\o 
\o 
\o 
\e *Error* ("error" 0 t nil ("*Error* drfGetWaveformXVec (DRL-18): argument not a valid srr waveform interface object -127.6132"))
\e 
\e 
\o 
\o *Error*   Evaluating expression (histo(value(phaseDeg((VF("/OUTP") - VF("/OUTN"))) 1000000) 40 -2 4)). 
\o 
\o 
\e *Error* ("error" 0 t nil ("*Error* drfGetWaveformXVec (DRL-18): argument not a valid srr waveform interface object 2.936976e-05"))
\e 
\e 
\o 
\o *Error*   Evaluating expression (histo(value(mag((VF("/OUTP") - VF("/OUTN"))) 1000000) 40 0.117 0.121)). 
\o 
\o 
\o *Info*    Client has finished evaluating ... 
\o 
\o 
\o *Info*    Run complete for Point ID (31 29) on testbench [
\o           IMP_AN_SIGNAL_GEN_GM:S3_TB:2 ].
\o 
\o 
\o 
\o 
\o 
\e *Error* ("error" 0 t nil ("*Error* drfGetWaveformXVec (DRL-18): argument not a valid srr waveform interface object 61.40316"))
\e 
\e 
\o 
\o *Error*   Evaluating expression (histo(value(phaseDeg((VF("/OUTP") - VF("/OUTN"))) 1000000) 40 -2 4)). 
\o 
\o 
\e *Error* ("error" 0 t nil ("*Error* drfGetWaveformXVec (DRL-18): argument not a valid srr waveform interface object 1.584978e-05"))
\e 
\e 
\o 
\o *Error*   Evaluating expression (histo(value(mag((VF("/OUTP") - VF("/OUTN"))) 1000000) 40 0.117 0.121)). 
\o 
\o 
\o *Info*    Client has finished evaluating ... 
\o 
\o 
\o *Info*    Run complete for Point ID (31 30) on testbench [
\o           IMP_AN_SIGNAL_GEN_GM:S3_TB:2 ].
\o 
\o 
\o 
\o 
\o 
\e *Error* ("error" 0 t nil ("*Error* drfGetWaveformXVec (DRL-18): argument not a valid srr waveform interface object -139.7302"))
\e 
\e 
\o 
\o *Error*   Evaluating expression (histo(value(phaseDeg((VF("/OUTP") - VF("/OUTN"))) 1000000) 40 -2 4)). 
\o 
\o 
\e *Error* ("error" 0 t nil ("*Error* drfGetWaveformXVec (DRL-18): argument not a valid srr waveform interface object 1.333931e-05"))
\e 
\e 
\o 
\o *Error*   Evaluating expression (histo(value(mag((VF("/OUTP") - VF("/OUTN"))) 1000000) 40 0.117 0.121)). 
\o 
\o 
\o *Info*    Client has finished evaluating ... 
\o 
\o 
\o *Info*    Run complete for Point ID (31 31) on testbench [
\o           IMP_AN_SIGNAL_GEN_GM:S3_TB:2 ].
\o 
\o 
\o 
\o 
\o 
\e *Error* ("error" 0 t nil ("*Error* drfGetWaveformXVec (DRL-18): argument not a valid srr waveform interface object -168.0847"))
\e 
\e 
\o 
\o *Error*   Evaluating expression (histo(value(phaseDeg((VF("/OUTP") - VF("/OUTN"))) 1000000) 40 -2 4)). 
\o 
\o 
\e *Error* ("error" 0 t nil ("*Error* drfGetWaveformXVec (DRL-18): argument not a valid srr waveform interface object 2.218519e-05"))
\e 
\e 
\o 
\o *Error*   Evaluating expression (histo(value(mag((VF("/OUTP") - VF("/OUTN"))) 1000000) 40 0.117 0.121)). 
\o 
\o 
\o *Info*    Client has finished evaluating ... 
\o 
\o 
\o *Info*    Run complete for Point ID (31 32) on testbench [
\o           IMP_AN_SIGNAL_GEN_GM:S3_TB:2 ].
\o 
\o 
\o 
\o 
\o 
\e *Error* ("error" 0 t nil ("*Error* drfGetWaveformXVec (DRL-18): argument not a valid srr waveform interface object 35.90962"))
\e 
\e 
\o 
\o *Error*   Evaluating expression (histo(value(phaseDeg((VF("/OUTP") - VF("/OUTN"))) 1000000) 40 -2 4)). 
\o 
\o 
\e *Error* ("error" 0 t nil ("*Error* drfGetWaveformXVec (DRL-18): argument not a valid srr waveform interface object 1.082424e-05"))
\e 
\e 
\o 
\o *Error*   Evaluating expression (histo(value(mag((VF("/OUTP") - VF("/OUTN"))) 1000000) 40 0.117 0.121)). 
\o 
\o 
\o *Info*    Client has finished evaluating ... 
\o 
\o 
\o *Info*    Run complete for Point ID (31 33) on testbench [
\o           IMP_AN_SIGNAL_GEN_GM:S3_TB:2 ].
\o 
\o 
\o 
\o 
\o 
\e *Error* ("error" 0 t nil ("*Error* drfGetWaveformXVec (DRL-18): argument not a valid srr waveform interface object 85.48616"))
\e 
\e 
\o 
\o *Error*   Evaluating expression (histo(value(phaseDeg((VF("/OUTP") - VF("/OUTN"))) 1000000) 40 -2 4)). 
\o 
\o 
\e *Error* ("error" 0 t nil ("*Error* drfGetWaveformXVec (DRL-18): argument not a valid srr waveform interface object 1.310255e-05"))
\e 
\e 
\o 
\o *Error*   Evaluating expression (histo(value(mag((VF("/OUTP") - VF("/OUTN"))) 1000000) 40 0.117 0.121)). 
\o 
\o 
\o *Info*    Client has finished evaluating ... 
\o 
\o 
\o *Info*    Run complete for Point ID (31 34) on testbench [
\o           IMP_AN_SIGNAL_GEN_GM:S3_TB:2 ].
\o 
\o 
\o 
\o 
\o 
\e *Error* ("error" 0 t nil ("*Error* drfGetWaveformXVec (DRL-18): argument not a valid srr waveform interface object 108.1976"))
\e 
\e 
\o 
\o *Error*   Evaluating expression (histo(value(phaseDeg((VF("/OUTP") - VF("/OUTN"))) 1000000) 40 -2 4)). 
\o 
\o 
\e *Error* ("error" 0 t nil ("*Error* drfGetWaveformXVec (DRL-18): argument not a valid srr waveform interface object 6.453281e-06"))
\e 
\e 
\o 
\o *Error*   Evaluating expression (histo(value(mag((VF("/OUTP") - VF("/OUTN"))) 1000000) 40 0.117 0.121)). 
\o 
\o 
\o *Info*    Client has finished evaluating ... 
\o 
\o 
\o *Info*    Run complete for Point ID (31 35) on testbench [
\o           IMP_AN_SIGNAL_GEN_GM:S3_TB:2 ].
\o 
\o 
\o 
\o 
\o 
\# Memory report: Maximum memory size now 20732477440 (0x4d3c08000) bytes, UTC 2015.10.16 09:46:52.781
\e *Error* ("error" 0 t nil ("*Error* drfGetWaveformXVec (DRL-18): argument not a valid srr waveform interface object -134.9722"))
\e 
\e 
\o 
\o *Error*   Evaluating expression (histo(value(phaseDeg((VF("/OUTP") - VF("/OUTN"))) 1000000) 40 -2 4)). 
\o 
\o 
\e *Error* ("error" 0 t nil ("*Error* drfGetWaveformXVec (DRL-18): argument not a valid srr waveform interface object 9.11354e-06"))
\e 
\e 
\o 
\o *Error*   Evaluating expression (histo(value(mag((VF("/OUTP") - VF("/OUTN"))) 1000000) 40 0.117 0.121)). 
\o 
\o 
\o *Info*    Client has finished evaluating ... 
\o 
\o 
\o *Info*    Run complete for Point ID (31 36) on testbench [
\o           IMP_AN_SIGNAL_GEN_GM:S3_TB:2 ].
\o 
\o 
\o 
\o 
\o 
\e *Error* ("error" 0 t nil ("*Error* drfGetWaveformXVec (DRL-18): argument not a valid srr waveform interface object 46.05208"))
\e 
\e 
\o 
\o *Error*   Evaluating expression (histo(value(phaseDeg((VF("/OUTP") - VF("/OUTN"))) 1000000) 40 -2 4)). 
\o 
\o 
\e *Error* ("error" 0 t nil ("*Error* drfGetWaveformXVec (DRL-18): argument not a valid srr waveform interface object 3.265673e-06"))
\e 
\e 
\o 
\o *Error*   Evaluating expression (histo(value(mag((VF("/OUTP") - VF("/OUTN"))) 1000000) 40 0.117 0.121)). 
\o 
\o 
\o *Info*    Client has finished evaluating ... 
\o 
\o 
\o *Info*    Run complete for Point ID (31 37) on testbench [
\o           IMP_AN_SIGNAL_GEN_GM:S3_TB:2 ].
\o 
\o 
\o 
\o 
\o 
\e *Error* ("error" 0 t nil ("*Error* drfGetWaveformXVec (DRL-18): argument not a valid srr waveform interface object 84.09273"))
\e 
\e 
\o 
\o *Error*   Evaluating expression (histo(value(phaseDeg((VF("/OUTP") - VF("/OUTN"))) 1000000) 40 -2 4)). 
\o 
\o 
\e *Error* ("error" 0 t nil ("*Error* drfGetWaveformXVec (DRL-18): argument not a valid srr waveform interface object 9.854615e-06"))
\e 
\e 
\o 
\o *Error*   Evaluating expression (histo(value(mag((VF("/OUTP") - VF("/OUTN"))) 1000000) 40 0.117 0.121)). 
\o 
\o 
\o *Info*    Client has finished evaluating ... 
\o 
\o 
\o *Info*    Run complete for Point ID (31 38) on testbench [
\o           IMP_AN_SIGNAL_GEN_GM:S3_TB:2 ].
\o 
\o 
\o 
\o 
\o 
\e *Error* ("error" 0 t nil ("*Error* drfGetWaveformXVec (DRL-18): argument not a valid srr waveform interface object -56.89437"))
\e 
\e 
\o 
\o *Error*   Evaluating expression (histo(value(phaseDeg((VF("/OUTP") - VF("/OUTN"))) 1000000) 40 -2 4)). 
\o 
\o 
\e *Error* ("error" 0 t nil ("*Error* drfGetWaveformXVec (DRL-18): argument not a valid srr waveform interface object 5.507344e-05"))
\e 
\e 
\o 
\o *Error*   Evaluating expression (histo(value(mag((VF("/OUTP") - VF("/OUTN"))) 1000000) 40 0.117 0.121)). 
\o 
\o 
\o *Info*    Client has finished evaluating ... 
\o 
\o 
\o *Info*    Run complete for Point ID (31 39) on testbench [
\o           IMP_AN_SIGNAL_GEN_GM:S3_TB:2 ].
\o 
\o 
\o 
\o 
\o 
\e *Error* ("error" 0 t nil ("*Error* drfGetWaveformXVec (DRL-18): argument not a valid srr waveform interface object -124.7688"))
\e 
\e 
\o 
\o *Error*   Evaluating expression (histo(value(phaseDeg((VF("/OUTP") - VF("/OUTN"))) 1000000) 40 -2 4)). 
\o 
\o 
\e *Error* ("error" 0 t nil ("*Error* drfGetWaveformXVec (DRL-18): argument not a valid srr waveform interface object 1.843472e-05"))
\e 
\e 
\o 
\o *Error*   Evaluating expression (histo(value(mag((VF("/OUTP") - VF("/OUTN"))) 1000000) 40 0.117 0.121)). 
\o 
\o 
\o *Info*    Client has finished evaluating ... 
\o 
\o 
\o *Info*    Run complete for Point ID (31 40) on testbench [
\o           IMP_AN_SIGNAL_GEN_GM:S3_TB:2 ].
\o 
\o 
\o 
\o 
\o 
\e *Error* ("error" 0 t nil ("*Error* drfGetWaveformXVec (DRL-18): argument not a valid srr waveform interface object 37.52569"))
\e 
\e 
\o 
\o *Error*   Evaluating expression (histo(value(phaseDeg((VF("/OUTP") - VF("/OUTN"))) 1000000) 40 -2 4)). 
\o 
\o 
\e *Error* ("error" 0 t nil ("*Error* drfGetWaveformXVec (DRL-18): argument not a valid srr waveform interface object 2.076405e-05"))
\e 
\e 
\o 
\o *Error*   Evaluating expression (histo(value(mag((VF("/OUTP") - VF("/OUTN"))) 1000000) 40 0.117 0.121)). 
\o 
\o 
\o *Info*    Client has finished evaluating ... 
\o 
\o 
\o *Info*    Run complete for Point ID (31 41) on testbench [
\o           IMP_AN_SIGNAL_GEN_GM:S3_TB:2 ].
\o 
\o 
\o 
\o 
\o 
\e *Error* ("error" 0 t nil ("*Error* drfGetWaveformXVec (DRL-18): argument not a valid srr waveform interface object 21.26144"))
\e 
\e 
\o 
\o *Error*   Evaluating expression (histo(value(phaseDeg((VF("/OUTP") - VF("/OUTN"))) 1000000) 40 -2 4)). 
\o 
\o 
\e *Error* ("error" 0 t nil ("*Error* drfGetWaveformXVec (DRL-18): argument not a valid srr waveform interface object 2.118332e-06"))
\e 
\e 
\o 
\o *Error*   Evaluating expression (histo(value(mag((VF("/OUTP") - VF("/OUTN"))) 1000000) 40 0.117 0.121)). 
\o 
\o 
\o *Info*    Client has finished evaluating ... 
\o 
\o 
\o *Info*    Run complete for Point ID (31 42) on testbench [
\o           IMP_AN_SIGNAL_GEN_GM:S3_TB:2 ].
\o 
\o 
\o 
\o 
\o 
\# Available memory:	19834448 (0x12ea650) kilobytes UTC 2015.10.16 09:47:33.120
\e *Error* ("error" 0 t nil ("*Error* drfGetWaveformXVec (DRL-18): argument not a valid srr waveform interface object 16.85358"))
\e 
\e 
\o 
\o *Error*   Evaluating expression (histo(value(phaseDeg((VF("/OUTP") - VF("/OUTN"))) 1000000) 40 -2 4)). 
\o 
\o 
\e *Error* ("error" 0 t nil ("*Error* drfGetWaveformXVec (DRL-18): argument not a valid srr waveform interface object 9.340873e-06"))
\e 
\e 
\o 
\o *Error*   Evaluating expression (histo(value(mag((VF("/OUTP") - VF("/OUTN"))) 1000000) 40 0.117 0.121)). 
\o 
\o 
\o *Info*    Client has finished evaluating ... 
\o 
\o 
\o *Info*    Run complete for Point ID (31 43) on testbench [
\o           IMP_AN_SIGNAL_GEN_GM:S3_TB:2 ].
\o 
\o 
\o 
\o 
\o 
\e *Error* ("error" 0 t nil ("*Error* drfGetWaveformXVec (DRL-18): argument not a valid srr waveform interface object 153.7514"))
\e 
\e 
\o 
\o *Error*   Evaluating expression (histo(value(phaseDeg((VF("/OUTP") - VF("/OUTN"))) 1000000) 40 -2 4)). 
\o 
\o 
\e *Error* ("error" 0 t nil ("*Error* drfGetWaveformXVec (DRL-18): argument not a valid srr waveform interface object 4.267516e-06"))
\e 
\e 
\o 
\o *Error*   Evaluating expression (histo(value(mag((VF("/OUTP") - VF("/OUTN"))) 1000000) 40 0.117 0.121)). 
\o 
\o 
\o *Info*    Client has finished evaluating ... 
\o 
\o 
\o *Info*    Run complete for Point ID (31 44) on testbench [
\o           IMP_AN_SIGNAL_GEN_GM:S3_TB:2 ].
\o 
\o 
\o 
\o 
\o 
\e *Error* ("error" 0 t nil ("*Error* drfGetWaveformXVec (DRL-18): argument not a valid srr waveform interface object -143.7467"))
\e 
\e 
\o 
\o *Error*   Evaluating expression (histo(value(phaseDeg((VF("/OUTP") - VF("/OUTN"))) 1000000) 40 -2 4)). 
\o 
\o 
\e *Error* ("error" 0 t nil ("*Error* drfGetWaveformXVec (DRL-18): argument not a valid srr waveform interface object 9.048383e-06"))
\e 
\e 
\o 
\o *Error*   Evaluating expression (histo(value(mag((VF("/OUTP") - VF("/OUTN"))) 1000000) 40 0.117 0.121)). 
\o 
\o 
\o *Info*    Client has finished evaluating ... 
\o 
\o 
\o *Info*    Run complete for Point ID (31 45) on testbench [
\o           IMP_AN_SIGNAL_GEN_GM:S3_TB:2 ].
\o 
\o 
\o 
\o 
\o 
\e *Error* ("error" 0 t nil ("*Error* drfGetWaveformXVec (DRL-18): argument not a valid srr waveform interface object -150.4202"))
\e 
\e 
\o 
\o *Error*   Evaluating expression (histo(value(phaseDeg((VF("/OUTP") - VF("/OUTN"))) 1000000) 40 -2 4)). 
\o 
\o 
\e *Error* ("error" 0 t nil ("*Error* drfGetWaveformXVec (DRL-18): argument not a valid srr waveform interface object 1.217615e-05"))
\e 
\e 
\o 
\o *Error*   Evaluating expression (histo(value(mag((VF("/OUTP") - VF("/OUTN"))) 1000000) 40 0.117 0.121)). 
\o 
\o 
\o *Info*    Client has finished evaluating ... 
\o 
\o 
\o *Info*    Run complete for Point ID (31 46) on testbench [
\o           IMP_AN_SIGNAL_GEN_GM:S3_TB:2 ].
\o 
\o 
\o 
\o 
\o 
\e *Error* ("error" 0 t nil ("*Error* drfGetWaveformXVec (DRL-18): argument not a valid srr waveform interface object -143.5309"))
\e 
\e 
\o 
\o *Error*   Evaluating expression (histo(value(phaseDeg((VF("/OUTP") - VF("/OUTN"))) 1000000) 40 -2 4)). 
\o 
\o 
\e *Error* ("error" 0 t nil ("*Error* drfGetWaveformXVec (DRL-18): argument not a valid srr waveform interface object 3.755322e-05"))
\e 
\e 
\o 
\o *Error*   Evaluating expression (histo(value(mag((VF("/OUTP") - VF("/OUTN"))) 1000000) 40 0.117 0.121)). 
\o 
\o 
\o *Info*    Client has finished evaluating ... 
\o 
\o 
\o *Info*    Run complete for Point ID (31 47) on testbench [
\o           IMP_AN_SIGNAL_GEN_GM:S3_TB:2 ].
\o 
\o 
\o 
\o 
\o 
\e *Error* ("error" 0 t nil ("*Error* drfGetWaveformXVec (DRL-18): argument not a valid srr waveform interface object -168.3948"))
\e 
\e 
\o 
\o *Error*   Evaluating expression (histo(value(phaseDeg((VF("/OUTP") - VF("/OUTN"))) 1000000) 40 -2 4)). 
\o 
\o 
\e *Error* ("error" 0 t nil ("*Error* drfGetWaveformXVec (DRL-18): argument not a valid srr waveform interface object 2.204424e-05"))
\e 
\e 
\o 
\o *Error*   Evaluating expression (histo(value(mag((VF("/OUTP") - VF("/OUTN"))) 1000000) 40 0.117 0.121)). 
\o 
\o 
\o *Info*    Client has finished evaluating ... 
\o 
\o 
\o *Info*    Run complete for Point ID (31 48) on testbench [
\o           IMP_AN_SIGNAL_GEN_GM:S3_TB:2 ].
\o 
\o 
\o 
\o 
\o 
\# Memory report: Maximum memory size now 21573292032 (0x505de5000) bytes, UTC 2015.10.16 09:48:13.158
\e *Error* ("error" 0 t nil ("*Error* drfGetWaveformXVec (DRL-18): argument not a valid srr waveform interface object -140.4004"))
\e 
\e 
\o 
\o *Error*   Evaluating expression (histo(value(phaseDeg((VF("/OUTP") - VF("/OUTN"))) 1000000) 40 -2 4)). 
\o 
\o 
\e *Error* ("error" 0 t nil ("*Error* drfGetWaveformXVec (DRL-18): argument not a valid srr waveform interface object 1.779091e-05"))
\e 
\e 
\o 
\o *Error*   Evaluating expression (histo(value(mag((VF("/OUTP") - VF("/OUTN"))) 1000000) 40 0.117 0.121)). 
\o 
\o 
\o *Info*    Client has finished evaluating ... 
\o 
\o 
\o *Info*    Run complete for Point ID (31 49) on testbench [
\o           IMP_AN_SIGNAL_GEN_GM:S3_TB:2 ].
\o 
\o 
\o 
\o 
\o 
\o INFO (ADE-3071): Simulation completed successfully.
\o reading simulation data...
\o       ...successful.
\o *Info*    Monte Carlo Simulation completed successfully...
\o WARNING (WIA-1120):  : Invalid directory found while clearing SST2 resources.
\o *Info*    Client has finished evaluating ... 
\o 
\o 
\o *Info*    Run complete for Point ID (31 50) on testbench [
\o           IMP_AN_SIGNAL_GEN_GM:S3_TB:2 ].
\o 
\o 
\o 
\o 
\o 
\o Simulation design variables differ from those on the cellView,
\o they have been saved in the file "/tmp/saved-design-variables".
\o To save future changes, copy variables to cellView before exiting.
\# Memory report: on exit 235143168 (0xe040000) bytes, process size 982462464 (0x3a8f3000) bytes at UTC 2015.10.16 09:53:20.066
\# Memory report: peak usage 235163648 (0xe045000) bytes, process size 982474752 (0x3a8f6000) bytes
