\# Program start time UTC 2016.06.12 18:43:21.856
\# Local time Sunday 12 June 2016, 8:43 pm
\o Program:		@(#)$CDS: virtuoso version 6.1.5-64b 06/11/2013 20:05 (sjfnl006) $
\o Hierarchy:		/pkg/Cadence/installs/IC615/tools.lnx86/dfII/
\o Sub version:		sub-version  IC6.1.5-64b.500.17  (64-bit addresses)
\# Host name (type):	localhost.localdomain (x86_64)
\# Operating system:	Linux 2.6.18-406.el5 #1 SMP Tue Jun 2 17:25:57 EDT 2015
\# X display name (WxH):	localhost.localdomain:80.0 (1024x868)
\# Available geometry:			TL(0:0) BR(1023:867)
\# X server:			RealVNC Ltd (VNC nograph server)
\# Depth of Visual (Root):	16 (16)
\# Number of Planes Used:	16
\# X version:		11.0 (vendor release 3370)
\# X resource pool:	base 0x1800000, mask 0x3fffff (4194303), shift 0
\# 			current id 0x31, current max 0x3ffffa (4194298)
\# Memory report:	maximum data size 18446744073709551615 (0xffffffffffffffff) bytes
\# Memory report:	maximum process size 18446744073709551615 (0xffffffffffffffff) bytes
\# Initial sbrk value:	483258368 (0x1ccdf000) bytes
\# Available memory:	14835528 (0xe25f48) kilobytes
\# System memory:	18405228 (0x118d76c) kilobytes
\# Maximum memory size:	18421424128 (0x44a00a000) bytes
\# Max mem available:	15249309696 (0x38cee0000) bytes
\# Initial memory used:	57729024 (0x370e000) bytes
\#        process size:	669097984 (0x27e1a000) bytes
\# Qt version:		4.5.3
\# Window Manager:	other
\# User Name:		saul
\o Working Directory:	localhost.localdomain:/home/saul/projects/IMPLANTABLE_AMS/version1/saul
\# Process Id:		19926
\o 
\o COPYRIGHT © 1992-2013  CADENCE DESIGN SYSTEMS INC.  ALL RIGHTS RESERVED.
\o           © 1992-2013  UNIX SYSTEMS Laboratories INC.,
\o                          Reproduced with permission.
\o 
\o This Cadence Design Systems program and online documentation are
\o proprietary/confidential information and may be disclosed/used only
\o as authorized in a license agreement controlling such use and disclosure.
\o 
\o           RESTRICTED RIGHTS NOTICE (SHORT FORM)
\o Use/reproduction/disclosure is subject to restriction
\o set forth at FAR 1252.227-19 or its equivalent.
\# Available memory:	14754740 (0xe123b4) kilobytes UTC 2016.06.12 18:43:22.032
\# Memory report: Maximum memory size now 15189606400 (0x3895f0000) bytes, UTC 2016.06.12 18:43:22.032
\o Loading geView.cxt 
\o Loading menuBuilder.cxt 
\o Loading schView.cxt 
\o Loading selectSv.cxt 
\o Loading LVS.cxt 
\o Loading layerProc.cxt 
\o Loading xlUI.cxt 
\o Loading auCore.cxt 
\o Loading dcm.cxt 
\o Loading vhdl.cxt 
\o Loading seismic.cxt 
\o Loading ci.cxt 
\o Loading ams.cxt 
\o Loading adexl.cxt 
\o Loading oasis.cxt 
\o Loading asimenv.cxt 
\o Loading analog.cxt 
\o Loading par.cxt 
\o Loading socket.cxt 
\o Loading alvs.cxt 
\o *Info*    Exporting services from client ... 
\o 
\w *WARNING* LIB TECH_H18A6 from File /home/saul/projects/IMPLANTABLE_AMS/version1/saul/cds.lib Line 69 redefines
\w LIB TECH_H18A6 from the same file (defined earlier.)
\w *WARNING* The directory: '/pkg/AMS411/cds/HK_H18/TECH_H18A7AMAM' does not exist
\w 	but was defined in libFile '/home/saul/projects/IMPLANTABLE_AMS/version1/saul/cds.lib' for Lib 'TECH_H18A7AM'.
\w *WARNING* The directory: '/pkg/AMS411/cds/HK_H18/TECH_H18A5AMAM' does not exist
\w 	but was defined in libFile '/home/saul/projects/IMPLANTABLE_AMS/version1/saul/cds.lib' for Lib 'TECH_H18A5AM'.
\w *WARNING* The directory: '/pkg/AMS411/cds/HK_H18/TECH_H18A4AMAM' does not exist
\w 	but was defined in libFile '/home/saul/projects/IMPLANTABLE_AMS/version1/saul/cds.lib' for Lib 'TECH_H18A4AM'.
\w *WARNING* The directory: '/pkg/AMS411/cds/HK_H18/TECH_H18A3AMAM' does not exist
\w 	but was defined in libFile '/home/saul/projects/IMPLANTABLE_AMS/version1/saul/cds.lib' for Lib 'TECH_H18A3AM'.
\o ......................................................................................
\o            ams AG hitkit v.ams_4.11
\o ......................................................................................
\o COPYRIGHT (c) 2013 Full Service Foundry @ ams AG.  ALL RIGHTS RESERVED
\o This hitkit and attached documentation are confidential information and may 
\o only be used as authorized by the hitkit license agreement.
\o ......................................................................................
\o Loading simulator default settings.
\o HitKit On-Line Documentation not enabled - does ~/data.reg exist?
\o No mx check
\e *Error* load: can't access file - "/pkg/calibre_2012/ixl_cal_2012.4_16.11/shared/pkgs/icv.ixl/tools/queryskl/calibre.skl"
\o  
\o Loading IBM PDK cmhv7sf procedures for Cadence Version "6.1.5-64b"...
\o ...IBM PDK cmhv7sf procedures loaded.
\o  
\o Loading simulator default settings.
\o *Info*    Client has finished starting ... 
\o 
\p hitkit: ams_4.11  Tech: h18a6am  User: saul 
\o 
\o 
\o *Info*    Configuring the session ...
\o 
\o 	Library      = IMP_AN_SIGNAL_GEN
\o 	Cell         = Signal_Generator_no_DAC_tb
\o 	View         = config
\o 	Simulator    = spectre
\o 	State Path   = $AXL_SETUPDB_DIR/test_states
\o 	State Name   = IMP_AN_SIGNAL_GEN:Signal_Generator_no_DAC_tb:1_none_MonteCarlo.11
\o 	Results DB   = /home/saul/projects/IMPLANTABLE_AMS/version1/saul/IMP_AN_SIGNAL_GEN/Signal_Generator_no_DAC_tb/adexl_par/results/data/MonteCarlo.11.rdb
\o 	Results Dir  = /home/saul/Sim/IMP_AN_SIGNAL_GEN/Signal_Generator_no_DAC_tb/adexl_par/results/data/MonteCarlo.11/1/IMP_AN_SIGNAL_GEN:Signal_Generator_no_DAC_tb:1
\o 	Results Loc  = /home/saul/Sim/IMP_AN_SIGNAL_GEN/Signal_Generator_no_DAC_tb/adexl_par/results/data
\o 	Project Dir  = /home/saul/projects/IMPLANTABLE_AMS/version1/saul/SimVM
\o 	Setup DB loc = /home/saul/projects/IMPLANTABLE_AMS/version1/saul/IMP_AN_SIGNAL_GEN/Signal_Generator_no_DAC_tb/adexl_par
\o 	File Encoding = 0
\o 
\o 
\o Loading simui.cxt 
\o Loading awv.cxt 
\o Loading viva.cxt 
\o *Info*    Spectre controlMode is set "batch".
\o 
\o Loading spectrei.cxt 
\# Memory report: now 168157184 (0xa05e000) bytes, process size 915570688 (0x36928000) bytes at UTC 2016.06.12 18:43:23.947
\o Loading relXpert.cxt 
\w *WARNING* LIB TECH_H18A6 from File /home/saul/projects/IMPLANTABLE_AMS/version1/saul/cds.lib Line 69 redefines
\w LIB TECH_H18A6 from the same file (defined earlier.)
\w *WARNING* The directory: '/pkg/AMS411/cds/HK_H18/TECH_H18A7AMAM' does not exist
\w 	but was defined in libFile '/home/saul/projects/IMPLANTABLE_AMS/version1/saul/cds.lib' for Lib 'TECH_H18A7AM'.
\w *WARNING* The directory: '/pkg/AMS411/cds/HK_H18/TECH_H18A5AMAM' does not exist
\w 	but was defined in libFile '/home/saul/projects/IMPLANTABLE_AMS/version1/saul/cds.lib' for Lib 'TECH_H18A5AM'.
\w *WARNING* The directory: '/pkg/AMS411/cds/HK_H18/TECH_H18A4AMAM' does not exist
\w 	but was defined in libFile '/home/saul/projects/IMPLANTABLE_AMS/version1/saul/cds.lib' for Lib 'TECH_H18A4AM'.
\w *WARNING* The directory: '/pkg/AMS411/cds/HK_H18/TECH_H18A3AMAM' does not exist
\w 	but was defined in libFile '/home/saul/projects/IMPLANTABLE_AMS/version1/saul/cds.lib' for Lib 'TECH_H18A3AM'.
\o Loading hspiceD.cxt 
\o Loading spectreinl.cxt 
\o Loading msgHandler.cxt 
\o Loading UltraSim.cxt 
\o Loading AMSOSS.cxt 
\o Loading AMS.cxt 
\o Loading devCheck.cxt 
\o 
\o 
\o 
\o 
\o 
\o *Info*    Run start for Point ID (4 1) on testbench [
\o           IMP_AN_SIGNAL_GEN:Signal_Generator_no_DAC_tb:1 ].
\o 
\o Resetting statistical vars
\o 
\o *Info*    Setting parameter values ...
\o 
\o Setting var CPAD = "1p"
\o Setting var DC_IN = "0"
\o Setting var G0 = "1.8"
\o Setting var G1 = "1.8"
\o Setting var G2 = "0"
\o Setting var G3 = "0"
\o Setting var R_DUT = "1k"
\o Setting var VAC_CM = "0"
\o Setting var VCM_PULSE = "0"
\o Setting var VDC_CM = "900m"
\o Setting var VDD_PULSE = "0"
\o Setting var VIN_AC = "1"
\o Setting var VIN_PULSE = "0"
\o Setting var Vsupply = "1.8"
\o Loading monte.cxt 
\o Setting temp(T) = 27
\o 
\o *Info*    Netlist Directory =
\o           /home/saul/Sim/IMP_AN_SIGNAL_GEN/Signal_Generator_no_DAC_tb/adexl_par/results/data/MonteCarlo.11/1/IMP_AN_SIGNAL_GEN:Signal_Generator_no_DAC_tb:1/netlist
\o 
\o 
\o *Info*    Data Directory    =
\o           /home/saul/Sim/IMP_AN_SIGNAL_GEN/Signal_Generator_no_DAC_tb/adexl_par/results/data/MonteCarlo.11/1/IMP_AN_SIGNAL_GEN:Signal_Generator_no_DAC_tb:1
\o 
\o 
\o *Info*    Creating Netlist for Point ID (4 1)
\o 
\o generate netlist...
\o Loading seCore.cxt 
\o function ansCdlCompPrim redefined
\o function ansCdlCompPrim redefined
\o Begin Incremental Netlisting Jun 12 20:43:25 2016
\o WARNING (OSSHNL-145): Incremental netlisting is not possible since the netlist in this run directory
\o was generated using a previous IHNL version which is incompatible with the
\o current IHNL version. Therefore re-netlisting the entire design using the
\o current IHNL version.
\o 
\o End netlisting Jun 12 20:43:25 2016
\o 
\o Netlisting Statistics:
\o 	Number of components:  159
\o 
\o 	Elapsed time:          0.0s
\o Errors: 0	Warnings: 0
\o       ...successful.
\o compose simulator input file...
\o       ...successful.
\o 
\o *Info*    Running simulation on testbench [
\o           IMP_AN_SIGNAL_GEN:Signal_Generator_no_DAC_tb:1 ] for Point
\o           ID (4 1).
\o 
\o *Info*    Spectre controlMode is set "batch" due to monte carlo run.
\o 
\o Delete psf data in /home/saul/Sim/IMP_AN_SIGNAL_GEN/Signal_Generator_no_DAC_tb/adexl_par/results/data/MonteCarlo.11/1/IMP_AN_SIGNAL_GEN:Signal_Generator_no_DAC_tb:1/psf.
\o generate netlist...
\o function ansCdlCompPrim redefined
\o function ansCdlCompPrim redefined
\o Begin Incremental Netlisting Jun 12 20:43:25 2016
\o End netlisting Jun 12 20:43:25 2016
\o 
\o 	The netlist is up to date.
\o 	Time taken to compare the design with netlist:   0.0s
\o       ...successful.
\o compose simulator input file...
\o       ...successful.
\o start simulator if needed...
\o       ...successful.
\o simulate...
\o To view the simulator output, right-click on the test name, result 
\o name, or any value in the "Results" tab of the Outputs section and 
\o choose "Output Log" menu option.
\o Loading paraplot.cxt 
\o Initializing IBM_PDK functions
\o IBM_PDK skill procedures for Cadence 6.1 - Nov 29 08:29:37 2010
\o Licensed Materials - Property of IBM - All Rights Reserved 
\o Copyright: International Business Machines Corporation, 2016
\o This Material may not be copied without the written consent of 
\o Semiconductor Research and Development Center, IBM Corp., Essex Junction, VT 05452-4299.
\o  Default set for Left & Right WindowCoordIBM
\o System hardware set for Linux IBM_PDK procedures
\o Setting calibre env variable table for cmhv7sf 
\o Using menu definition file: /pkg/AMS411/cds/HK_H18/cmhv7sf/ibmPdkMenu.def
\o set cmhv7sf  calibre env variables based on ibmPdkMenuCalibre settings
\o set cmhv7sf  calibre env variables based on ibmPdkMenuCalibreDrc settings
\o set cmhv7sf  calibre env variables based on ibmPdkMenuCalibreLvs settings
\o set cmhv7sf  calibre env variables based on ibmPdkMenuCalibrePerc settings
\# Memory report: Maximum memory size now 14437707776 (0x35c8df000) bytes, UTC 2016.06.12 18:43:32.032
\o Loading stats.cxt 
\# Memory report: now 274477056 (0x105c3000) bytes, process size 1021890560 (0x3ce8d000) bytes at UTC 2016.06.12 18:43:39.828
\o *Info*    Client has finished evaluating ... 
\o 
\o 
\o *Info*    Run complete for Point ID (4 1) on testbench [
\o           IMP_AN_SIGNAL_GEN:Signal_Generator_no_DAC_tb:1 ].
\o 
\o 
\o 
\o 
\o 
\o *Info*    Client has finished evaluating ... 
\o 
\o 
\o *Info*    Run complete for Point ID (4 2) on testbench [
\o           IMP_AN_SIGNAL_GEN:Signal_Generator_no_DAC_tb:1 ].
\o 
\o 
\o 
\o 
\o 
\o *Info*    Client has finished evaluating ... 
\o 
\o 
\o *Info*    Run complete for Point ID (4 3) on testbench [
\o           IMP_AN_SIGNAL_GEN:Signal_Generator_no_DAC_tb:1 ].
\o 
\o 
\o 
\o 
\o 
\o *Info*    Client has finished evaluating ... 
\o 
\o 
\o *Info*    Run complete for Point ID (4 4) on testbench [
\o           IMP_AN_SIGNAL_GEN:Signal_Generator_no_DAC_tb:1 ].
\o 
\o 
\o 
\o 
\o 
\o *Info*    Client has finished evaluating ... 
\o 
\o 
\o *Info*    Run complete for Point ID (4 5) on testbench [
\o           IMP_AN_SIGNAL_GEN:Signal_Generator_no_DAC_tb:1 ].
\o 
\o 
\o 
\o 
\o 
\o *Info*    Client has finished evaluating ... 
\o 
\o 
\o *Info*    Run complete for Point ID (4 6) on testbench [
\o           IMP_AN_SIGNAL_GEN:Signal_Generator_no_DAC_tb:1 ].
\o 
\o 
\o 
\o 
\o 
\o *Info*    Client has finished evaluating ... 
\o 
\o 
\o *Info*    Run complete for Point ID (4 7) on testbench [
\o           IMP_AN_SIGNAL_GEN:Signal_Generator_no_DAC_tb:1 ].
\o 
\o 
\o 
\o 
\o 
\o *Info*    Client has finished evaluating ... 
\o 
\o 
\o *Info*    Run complete for Point ID (4 8) on testbench [
\o           IMP_AN_SIGNAL_GEN:Signal_Generator_no_DAC_tb:1 ].
\o 
\o 
\o 
\o 
\o 
\o *Info*    Client has finished evaluating ... 
\o 
\o 
\o *Info*    Run complete for Point ID (4 9) on testbench [
\o           IMP_AN_SIGNAL_GEN:Signal_Generator_no_DAC_tb:1 ].
\o 
\o 
\o 
\o 
\o 
\o *Info*    Client has finished evaluating ... 
\o 
\o 
\o *Info*    Run complete for Point ID (4 10) on testbench [
\o           IMP_AN_SIGNAL_GEN:Signal_Generator_no_DAC_tb:1 ].
\o 
\o 
\o 
\o 
\o 
\o *Info*    Client has finished evaluating ... 
\o 
\o 
\o *Info*    Run complete for Point ID (4 11) on testbench [
\o           IMP_AN_SIGNAL_GEN:Signal_Generator_no_DAC_tb:1 ].
\o 
\o 
\o 
\o 
\o 
\o *Info*    Client has finished evaluating ... 
\o 
\o 
\o *Info*    Run complete for Point ID (4 12) on testbench [
\o           IMP_AN_SIGNAL_GEN:Signal_Generator_no_DAC_tb:1 ].
\o 
\o 
\o 
\o 
\o 
\o *Info*    Client has finished evaluating ... 
\o 
\o 
\o *Info*    Run complete for Point ID (4 13) on testbench [
\o           IMP_AN_SIGNAL_GEN:Signal_Generator_no_DAC_tb:1 ].
\o 
\o 
\o 
\o 
\o 
\o *Info*    Client has finished evaluating ... 
\o 
\o 
\o *Info*    Run complete for Point ID (4 14) on testbench [
\o           IMP_AN_SIGNAL_GEN:Signal_Generator_no_DAC_tb:1 ].
\o 
\o 
\o 
\o 
\o 
\o *Info*    Client has finished evaluating ... 
\o 
\o 
\o *Info*    Run complete for Point ID (4 15) on testbench [
\o           IMP_AN_SIGNAL_GEN:Signal_Generator_no_DAC_tb:1 ].
\o 
\o 
\o 
\o 
\o 
\o *Info*    Client has finished evaluating ... 
\o 
\o 
\o *Info*    Run complete for Point ID (4 16) on testbench [
\o           IMP_AN_SIGNAL_GEN:Signal_Generator_no_DAC_tb:1 ].
\o 
\o 
\o 
\o 
\o 
\o *Info*    Client has finished evaluating ... 
\o 
\o 
\o *Info*    Run complete for Point ID (4 17) on testbench [
\o           IMP_AN_SIGNAL_GEN:Signal_Generator_no_DAC_tb:1 ].
\o 
\o 
\o 
\o 
\o 
\o *Info*    Client has finished evaluating ... 
\o 
\o 
\o *Info*    Run complete for Point ID (4 18) on testbench [
\o           IMP_AN_SIGNAL_GEN:Signal_Generator_no_DAC_tb:1 ].
\o 
\o 
\o 
\o 
\o 
\o *Info*    Client has finished evaluating ... 
\o 
\o 
\o *Info*    Run complete for Point ID (4 19) on testbench [
\o           IMP_AN_SIGNAL_GEN:Signal_Generator_no_DAC_tb:1 ].
\o 
\o 
\o 
\o 
\o 
\o *Info*    Client has finished evaluating ... 
\o 
\o 
\o *Info*    Run complete for Point ID (4 20) on testbench [
\o           IMP_AN_SIGNAL_GEN:Signal_Generator_no_DAC_tb:1 ].
\o 
\o 
\o 
\o 
\o 
\o *Info*    Client has finished evaluating ... 
\o 
\o 
\o *Info*    Run complete for Point ID (4 21) on testbench [
\o           IMP_AN_SIGNAL_GEN:Signal_Generator_no_DAC_tb:1 ].
\o 
\o 
\o 
\o 
\o 
\o *Info*    Client has finished evaluating ... 
\o 
\o 
\o *Info*    Run complete for Point ID (4 22) on testbench [
\o           IMP_AN_SIGNAL_GEN:Signal_Generator_no_DAC_tb:1 ].
\o 
\o 
\o 
\o 
\o 
\o *Info*    Client has finished evaluating ... 
\o 
\o 
\o *Info*    Run complete for Point ID (4 23) on testbench [
\o           IMP_AN_SIGNAL_GEN:Signal_Generator_no_DAC_tb:1 ].
\o 
\o 
\o 
\o 
\o 
\o *Info*    Client has finished evaluating ... 
\o 
\o 
\o *Info*    Run complete for Point ID (4 24) on testbench [
\o           IMP_AN_SIGNAL_GEN:Signal_Generator_no_DAC_tb:1 ].
\o 
\o 
\o 
\o 
\o 
\o *Info*    Client has finished evaluating ... 
\o 
\o 
\o *Info*    Run complete for Point ID (4 25) on testbench [
\o           IMP_AN_SIGNAL_GEN:Signal_Generator_no_DAC_tb:1 ].
\o 
\o 
\o 
\o 
\o 
\o *Info*    Client has finished evaluating ... 
\o 
\o 
\o *Info*    Run complete for Point ID (4 26) on testbench [
\o           IMP_AN_SIGNAL_GEN:Signal_Generator_no_DAC_tb:1 ].
\o 
\o 
\o 
\o 
\o 
\o *Info*    Client has finished evaluating ... 
\o 
\o 
\o *Info*    Run complete for Point ID (4 27) on testbench [
\o           IMP_AN_SIGNAL_GEN:Signal_Generator_no_DAC_tb:1 ].
\o 
\o 
\o 
\o 
\o 
\o *Info*    Client has finished evaluating ... 
\o 
\o 
\o *Info*    Run complete for Point ID (4 28) on testbench [
\o           IMP_AN_SIGNAL_GEN:Signal_Generator_no_DAC_tb:1 ].
\o 
\o 
\o 
\o 
\o 
\o *Info*    Client has finished evaluating ... 
\o 
\o 
\o *Info*    Run complete for Point ID (4 29) on testbench [
\o           IMP_AN_SIGNAL_GEN:Signal_Generator_no_DAC_tb:1 ].
\o 
\o 
\o 
\o 
\o 
\o *Info*    Client has finished evaluating ... 
\o 
\o 
\o *Info*    Run complete for Point ID (4 30) on testbench [
\o           IMP_AN_SIGNAL_GEN:Signal_Generator_no_DAC_tb:1 ].
\o 
\o 
\o 
\o 
\o 
\o *Info*    Client has finished evaluating ... 
\o 
\o 
\o *Info*    Run complete for Point ID (4 31) on testbench [
\o           IMP_AN_SIGNAL_GEN:Signal_Generator_no_DAC_tb:1 ].
\o 
\o 
\o 
\o 
\o 
\o *Info*    Client has finished evaluating ... 
\o 
\o 
\o *Info*    Run complete for Point ID (4 32) on testbench [
\o           IMP_AN_SIGNAL_GEN:Signal_Generator_no_DAC_tb:1 ].
\o 
\o 
\o 
\o 
\o 
\o *Info*    Client has finished evaluating ... 
\o 
\o 
\o *Info*    Run complete for Point ID (4 33) on testbench [
\o           IMP_AN_SIGNAL_GEN:Signal_Generator_no_DAC_tb:1 ].
\o 
\o 
\o 
\o 
\o 
\o *Info*    Client has finished evaluating ... 
\o 
\o 
\o *Info*    Run complete for Point ID (4 34) on testbench [
\o           IMP_AN_SIGNAL_GEN:Signal_Generator_no_DAC_tb:1 ].
\o 
\o 
\o 
\o 
\o 
\o *Info*    Client has finished evaluating ... 
\o 
\o 
\o *Info*    Run complete for Point ID (4 35) on testbench [
\o           IMP_AN_SIGNAL_GEN:Signal_Generator_no_DAC_tb:1 ].
\o 
\o 
\o 
\o 
\o 
\o *Info*    Client has finished evaluating ... 
\o 
\o 
\o *Info*    Run complete for Point ID (4 36) on testbench [
\o           IMP_AN_SIGNAL_GEN:Signal_Generator_no_DAC_tb:1 ].
\o 
\o 
\o 
\o 
\o 
\o *Info*    Client has finished evaluating ... 
\o 
\o 
\o *Info*    Run complete for Point ID (4 37) on testbench [
\o           IMP_AN_SIGNAL_GEN:Signal_Generator_no_DAC_tb:1 ].
\o 
\o 
\o 
\o 
\o 
\o *Info*    Client has finished evaluating ... 
\o 
\o 
\o *Info*    Run complete for Point ID (4 38) on testbench [
\o           IMP_AN_SIGNAL_GEN:Signal_Generator_no_DAC_tb:1 ].
\o 
\o 
\o 
\o 
\o 
\o *Info*    Client has finished evaluating ... 
\o 
\o 
\o *Info*    Run complete for Point ID (4 39) on testbench [
\o           IMP_AN_SIGNAL_GEN:Signal_Generator_no_DAC_tb:1 ].
\o 
\o 
\o 
\o 
\o 
\o *Info*    Client has finished evaluating ... 
\o 
\o 
\o *Info*    Run complete for Point ID (4 40) on testbench [
\o           IMP_AN_SIGNAL_GEN:Signal_Generator_no_DAC_tb:1 ].
\o 
\o 
\o 
\o 
\o 
\o *Info*    Client has finished evaluating ... 
\o 
\o 
\o *Info*    Run complete for Point ID (4 41) on testbench [
\o           IMP_AN_SIGNAL_GEN:Signal_Generator_no_DAC_tb:1 ].
\o 
\o 
\o 
\o 
\o 
\o *Info*    Client has finished evaluating ... 
\o 
\o 
\o *Info*    Run complete for Point ID (4 42) on testbench [
\o           IMP_AN_SIGNAL_GEN:Signal_Generator_no_DAC_tb:1 ].
\o 
\o 
\o 
\o 
\o 
\o *Info*    Client has finished evaluating ... 
\o 
\o 
\o *Info*    Run complete for Point ID (4 43) on testbench [
\o           IMP_AN_SIGNAL_GEN:Signal_Generator_no_DAC_tb:1 ].
\o 
\o 
\o 
\o 
\o 
\o *Info*    Client has finished evaluating ... 
\o 
\o 
\o *Info*    Run complete for Point ID (4 44) on testbench [
\o           IMP_AN_SIGNAL_GEN:Signal_Generator_no_DAC_tb:1 ].
\o 
\o 
\o 
\o 
\o 
\o *Info*    Client has finished evaluating ... 
\o 
\o 
\o *Info*    Run complete for Point ID (4 45) on testbench [
\o           IMP_AN_SIGNAL_GEN:Signal_Generator_no_DAC_tb:1 ].
\o 
\o 
\o 
\o 
\o 
\o *Info*    Client has finished evaluating ... 
\o 
\o 
\o *Info*    Run complete for Point ID (4 46) on testbench [
\o           IMP_AN_SIGNAL_GEN:Signal_Generator_no_DAC_tb:1 ].
\o 
\o 
\o 
\o 
\o 
\o *Info*    Client has finished evaluating ... 
\o 
\o 
\o *Info*    Run complete for Point ID (4 47) on testbench [
\o           IMP_AN_SIGNAL_GEN:Signal_Generator_no_DAC_tb:1 ].
\o 
\o 
\o 
\o 
\o 
\o *Info*    Client has finished evaluating ... 
\o 
\o 
\o *Info*    Run complete for Point ID (4 48) on testbench [
\o           IMP_AN_SIGNAL_GEN:Signal_Generator_no_DAC_tb:1 ].
\o 
\o 
\o 
\o 
\o 
\o *Info*    Client has finished evaluating ... 
\o 
\o 
\o *Info*    Run complete for Point ID (4 49) on testbench [
\o           IMP_AN_SIGNAL_GEN:Signal_Generator_no_DAC_tb:1 ].
\o 
\o 
\o 
\o 
\o 
\o INFO (ADE-3071): Simulation completed successfully.
\o reading simulation data...
\o       ...successful.
\o *Info*    Monte Carlo Simulation completed successfully...
\o WARNING (WIA-1120):  : Invalid directory found while clearing SST2 resources.
\o *Info*    Client has finished evaluating ... 
\o 
\o 
\o *Info*    Run complete for Point ID (4 50) on testbench [
\o           IMP_AN_SIGNAL_GEN:Signal_Generator_no_DAC_tb:1 ].
\o 
\o 
\o 
\o 
\o 
\# Memory report: Maximum memory size now 14800904192 (0x37233e000) bytes, UTC 2016.06.12 18:44:22.149
\o Simulation design variables differ from those on the cellView,
\o they have been saved in the file "/tmp/saved-design-variables".
\o To save future changes, copy variables to cellView before exiting.
\o 
\o 
\o *Info*    Configuring the session ...
\o 
\o 	Library      = IMP_AN_SIGNAL_GEN
\o 	Cell         = Signal_Generator_no_DAC_tb
\o 	View         = config
\o 	Simulator    = spectre
\o 	State Path   = $AXL_SETUPDB_DIR/test_states
\o 	State Name   = IMP_AN_SIGNAL_GEN:Signal_Generator_no_DAC_tb:1_none_MonteCarlo.12
\o 	Results DB   = /home/saul/projects/IMPLANTABLE_AMS/version1/saul/IMP_AN_SIGNAL_GEN/Signal_Generator_no_DAC_tb/adexl_par/results/data/MonteCarlo.12.rdb
\o 	Results Dir  = /home/saul/Sim/IMP_AN_SIGNAL_GEN/Signal_Generator_no_DAC_tb/adexl_par/results/data/MonteCarlo.12/1/IMP_AN_SIGNAL_GEN:Signal_Generator_no_DAC_tb:1
\o 	Results Loc  = /home/saul/Sim/IMP_AN_SIGNAL_GEN/Signal_Generator_no_DAC_tb/adexl_par/results/data
\o 	Project Dir  = /home/saul/projects/IMPLANTABLE_AMS/version1/saul/SimVM
\o 	Setup DB loc = /home/saul/projects/IMPLANTABLE_AMS/version1/saul/IMP_AN_SIGNAL_GEN/Signal_Generator_no_DAC_tb/adexl_par
\o 	File Encoding = 0
\o 
\o 
\o *Info*    Spectre controlMode is set "batch".
\o 
\o 
\o 
\o 
\o 
\o 
\o *Info*    Run start for Point ID (5 151) on testbench [
\o           IMP_AN_SIGNAL_GEN:Signal_Generator_no_DAC_tb:1 ].
\o 
\o Resetting statistical vars
\o 
\o *Info*    Setting parameter values ...
\o 
\o Setting var CPAD = "1p"
\o Setting var DC_IN = "0"
\o Setting var G0 = "1.8"
\o Setting var G1 = "1.8"
\o Setting var G2 = "0"
\o Setting var G3 = "0"
\o Setting var R_DUT = "100k"
\o Setting var VAC_CM = "0"
\o Setting var VCM_PULSE = "0"
\o Setting var VDC_CM = "900m"
\o Setting var VDD_PULSE = "0"
\o Setting var VIN_AC = "1"
\o Setting var VIN_PULSE = "0"
\o Setting var Vsupply = "1.8"
\o Setting temp(T) = 27
\o 
\o *Info*    Netlist Directory =
\o           /home/saul/Sim/IMP_AN_SIGNAL_GEN/Signal_Generator_no_DAC_tb/adexl_par/results/data/MonteCarlo.12/151/IMP_AN_SIGNAL_GEN:Signal_Generator_no_DAC_tb:1/netlist
\o 
\o 
\o *Info*    Data Directory    =
\o           /home/saul/Sim/IMP_AN_SIGNAL_GEN/Signal_Generator_no_DAC_tb/adexl_par/results/data/MonteCarlo.12/151/IMP_AN_SIGNAL_GEN:Signal_Generator_no_DAC_tb:1
\o 
\o 
\o *Info*    Creating Netlist for Point ID (5 151)
\o 
\o generate netlist...
\o function ansCdlCompPrim redefined
\o function ansCdlCompPrim redefined
\o Begin Incremental Netlisting Jun 12 20:45:26 2016
\o End netlisting Jun 12 20:45:26 2016
\o 
\o 	The netlist is up to date.
\o 	Time taken to compare the design with netlist:   0.0s
\o       ...successful.
\o compose simulator input file...
\o       ...successful.
\o 
\o *Info*    Running simulation on testbench [
\o           IMP_AN_SIGNAL_GEN:Signal_Generator_no_DAC_tb:1 ] for Point
\o           ID (5 151).
\o 
\o *Info*    Spectre controlMode is set "batch" due to monte carlo run.
\o 
\o Delete psf data in /home/saul/Sim/IMP_AN_SIGNAL_GEN/Signal_Generator_no_DAC_tb/adexl_par/results/data/MonteCarlo.12/151/IMP_AN_SIGNAL_GEN:Signal_Generator_no_DAC_tb:1/psf.
\o generate netlist...
\o function ansCdlCompPrim redefined
\o function ansCdlCompPrim redefined
\o Begin Incremental Netlisting Jun 12 20:45:26 2016
\o End netlisting Jun 12 20:45:26 2016
\o 
\o 	The netlist is up to date.
\o 	Time taken to compare the design with netlist:   0.0s
\o       ...successful.
\o compose simulator input file...
\o       ...successful.
\o start simulator if needed...
\o       ...successful.
\o simulate...
\o To view the simulator output, right-click on the test name, result 
\o name, or any value in the "Results" tab of the Outputs section and 
\o choose "Output Log" menu option.
\# Memory report: Maximum memory size now 14210740224 (0x34f06b000) bytes, UTC 2016.06.12 18:45:32.149
\o *Info*    Client has finished evaluating ... 
\o 
\o 
\o *Info*    Run complete for Point ID (5 151) on testbench [
\o           IMP_AN_SIGNAL_GEN:Signal_Generator_no_DAC_tb:1 ].
\o 
\o 
\o 
\o 
\o 
\o *Info*    Client has finished evaluating ... 
\o 
\o 
\o *Info*    Run complete for Point ID (5 152) on testbench [
\o           IMP_AN_SIGNAL_GEN:Signal_Generator_no_DAC_tb:1 ].
\o 
\o 
\o 
\o 
\o 
\o *Info*    Client has finished evaluating ... 
\o 
\o 
\o *Info*    Run complete for Point ID (5 153) on testbench [
\o           IMP_AN_SIGNAL_GEN:Signal_Generator_no_DAC_tb:1 ].
\o 
\o 
\o 
\o 
\o 
\o *Info*    Client has finished evaluating ... 
\o 
\o 
\o *Info*    Run complete for Point ID (5 154) on testbench [
\o           IMP_AN_SIGNAL_GEN:Signal_Generator_no_DAC_tb:1 ].
\o 
\o 
\o 
\o 
\o 
\o *Info*    Client has finished evaluating ... 
\o 
\o 
\o *Info*    Run complete for Point ID (5 155) on testbench [
\o           IMP_AN_SIGNAL_GEN:Signal_Generator_no_DAC_tb:1 ].
\o 
\o 
\o 
\o 
\o 
\o *Info*    Client has finished evaluating ... 
\o 
\o 
\o *Info*    Run complete for Point ID (5 156) on testbench [
\o           IMP_AN_SIGNAL_GEN:Signal_Generator_no_DAC_tb:1 ].
\o 
\o 
\o 
\o 
\o 
\o *Info*    Client has finished evaluating ... 
\o 
\o 
\o *Info*    Run complete for Point ID (5 157) on testbench [
\o           IMP_AN_SIGNAL_GEN:Signal_Generator_no_DAC_tb:1 ].
\o 
\o 
\o 
\o 
\o 
\o *Info*    Client has finished evaluating ... 
\o 
\o 
\o *Info*    Run complete for Point ID (5 158) on testbench [
\o           IMP_AN_SIGNAL_GEN:Signal_Generator_no_DAC_tb:1 ].
\o 
\o 
\o 
\o 
\o 
\o *Info*    Client has finished evaluating ... 
\o 
\o 
\o *Info*    Run complete for Point ID (5 159) on testbench [
\o           IMP_AN_SIGNAL_GEN:Signal_Generator_no_DAC_tb:1 ].
\o 
\o 
\o 
\o 
\o 
\o *Info*    Client has finished evaluating ... 
\o 
\o 
\o *Info*    Run complete for Point ID (5 160) on testbench [
\o           IMP_AN_SIGNAL_GEN:Signal_Generator_no_DAC_tb:1 ].
\o 
\o 
\o 
\o 
\o 
\o *Info*    Client has finished evaluating ... 
\o 
\o 
\o *Info*    Run complete for Point ID (5 161) on testbench [
\o           IMP_AN_SIGNAL_GEN:Signal_Generator_no_DAC_tb:1 ].
\o 
\o 
\o 
\o 
\o 
\o *Info*    Client has finished evaluating ... 
\o 
\o 
\o *Info*    Run complete for Point ID (5 162) on testbench [
\o           IMP_AN_SIGNAL_GEN:Signal_Generator_no_DAC_tb:1 ].
\o 
\o 
\o 
\o 
\o 
\o *Info*    Client has finished evaluating ... 
\o 
\o 
\o *Info*    Run complete for Point ID (5 163) on testbench [
\o           IMP_AN_SIGNAL_GEN:Signal_Generator_no_DAC_tb:1 ].
\o 
\o 
\o 
\o 
\o 
\# Available memory:	13360532 (0xcbdd94) kilobytes UTC 2016.06.12 18:45:52.153
\o *Info*    Client has finished evaluating ... 
\o 
\o 
\o *Info*    Run complete for Point ID (5 164) on testbench [
\o           IMP_AN_SIGNAL_GEN:Signal_Generator_no_DAC_tb:1 ].
\o 
\o 
\o 
\o 
\o 
\o *Info*    Client has finished evaluating ... 
\o 
\o 
\o *Info*    Run complete for Point ID (5 165) on testbench [
\o           IMP_AN_SIGNAL_GEN:Signal_Generator_no_DAC_tb:1 ].
\o 
\o 
\o 
\o 
\o 
\o *Info*    Client has finished evaluating ... 
\o 
\o 
\o *Info*    Run complete for Point ID (5 166) on testbench [
\o           IMP_AN_SIGNAL_GEN:Signal_Generator_no_DAC_tb:1 ].
\o 
\o 
\o 
\o 
\o 
\o *Info*    Client has finished evaluating ... 
\o 
\o 
\o *Info*    Run complete for Point ID (5 167) on testbench [
\o           IMP_AN_SIGNAL_GEN:Signal_Generator_no_DAC_tb:1 ].
\o 
\o 
\o 
\o 
\o 
\o *Info*    Client has finished evaluating ... 
\o 
\o 
\o *Info*    Run complete for Point ID (5 168) on testbench [
\o           IMP_AN_SIGNAL_GEN:Signal_Generator_no_DAC_tb:1 ].
\o 
\o 
\o 
\o 
\o 
\o *Info*    Client has finished evaluating ... 
\o 
\o 
\o *Info*    Run complete for Point ID (5 169) on testbench [
\o           IMP_AN_SIGNAL_GEN:Signal_Generator_no_DAC_tb:1 ].
\o 
\o 
\o 
\o 
\o 
\o *Info*    Client has finished evaluating ... 
\o 
\o 
\o *Info*    Run complete for Point ID (5 170) on testbench [
\o           IMP_AN_SIGNAL_GEN:Signal_Generator_no_DAC_tb:1 ].
\o 
\o 
\o 
\o 
\o 
\o *Info*    Client has finished evaluating ... 
\o 
\o 
\o *Info*    Run complete for Point ID (5 171) on testbench [
\o           IMP_AN_SIGNAL_GEN:Signal_Generator_no_DAC_tb:1 ].
\o 
\o 
\o 
\o 
\o 
\o *Info*    Client has finished evaluating ... 
\o 
\o 
\o *Info*    Run complete for Point ID (5 172) on testbench [
\o           IMP_AN_SIGNAL_GEN:Signal_Generator_no_DAC_tb:1 ].
\o 
\o 
\o 
\o 
\o 
\o *Info*    Client has finished evaluating ... 
\o 
\o 
\o *Info*    Run complete for Point ID (5 173) on testbench [
\o           IMP_AN_SIGNAL_GEN:Signal_Generator_no_DAC_tb:1 ].
\o 
\o 
\o 
\o 
\o 
\o *Info*    Client has finished evaluating ... 
\o 
\o 
\o *Info*    Run complete for Point ID (5 174) on testbench [
\o           IMP_AN_SIGNAL_GEN:Signal_Generator_no_DAC_tb:1 ].
\o 
\o 
\o 
\o 
\o 
\o *Info*    Client has finished evaluating ... 
\o 
\o 
\o *Info*    Run complete for Point ID (5 175) on testbench [
\o           IMP_AN_SIGNAL_GEN:Signal_Generator_no_DAC_tb:1 ].
\o 
\o 
\o 
\o 
\o 
\o *Info*    Client has finished evaluating ... 
\o 
\o 
\o *Info*    Run complete for Point ID (5 176) on testbench [
\o           IMP_AN_SIGNAL_GEN:Signal_Generator_no_DAC_tb:1 ].
\o 
\o 
\o 
\o 
\o 
\# Memory report: Maximum memory size now 13913178112 (0x33d4a4000) bytes, UTC 2016.06.12 18:46:02.154
\o *Info*    Client has finished evaluating ... 
\o 
\o 
\o *Info*    Run complete for Point ID (5 177) on testbench [
\o           IMP_AN_SIGNAL_GEN:Signal_Generator_no_DAC_tb:1 ].
\o 
\o 
\o 
\o 
\o 
\o *Info*    Client has finished evaluating ... 
\o 
\o 
\o *Info*    Run complete for Point ID (5 178) on testbench [
\o           IMP_AN_SIGNAL_GEN:Signal_Generator_no_DAC_tb:1 ].
\o 
\o 
\o 
\o 
\o 
\o *Info*    Client has finished evaluating ... 
\o 
\o 
\o *Info*    Run complete for Point ID (5 179) on testbench [
\o           IMP_AN_SIGNAL_GEN:Signal_Generator_no_DAC_tb:1 ].
\o 
\o 
\o 
\o 
\o 
\o *Info*    Client has finished evaluating ... 
\o 
\o 
\o *Info*    Run complete for Point ID (5 180) on testbench [
\o           IMP_AN_SIGNAL_GEN:Signal_Generator_no_DAC_tb:1 ].
\o 
\o 
\o 
\o 
\o 
\o *Info*    Client has finished evaluating ... 
\o 
\o 
\o *Info*    Run complete for Point ID (5 181) on testbench [
\o           IMP_AN_SIGNAL_GEN:Signal_Generator_no_DAC_tb:1 ].
\o 
\o 
\o 
\o 
\o 
\o *Info*    Client has finished evaluating ... 
\o 
\o 
\o *Info*    Run complete for Point ID (5 182) on testbench [
\o           IMP_AN_SIGNAL_GEN:Signal_Generator_no_DAC_tb:1 ].
\o 
\o 
\o 
\o 
\o 
\o *Info*    Client has finished evaluating ... 
\o 
\o 
\o *Info*    Run complete for Point ID (5 183) on testbench [
\o           IMP_AN_SIGNAL_GEN:Signal_Generator_no_DAC_tb:1 ].
\o 
\o 
\o 
\o 
\o 
\o *Info*    Client has finished evaluating ... 
\o 
\o 
\o *Info*    Run complete for Point ID (5 184) on testbench [
\o           IMP_AN_SIGNAL_GEN:Signal_Generator_no_DAC_tb:1 ].
\o 
\o 
\o 
\o 
\o 
\o *Info*    Client has finished evaluating ... 
\o 
\o 
\o *Info*    Run complete for Point ID (5 185) on testbench [
\o           IMP_AN_SIGNAL_GEN:Signal_Generator_no_DAC_tb:1 ].
\o 
\o 
\o 
\o 
\o 
\o *Info*    Client has finished evaluating ... 
\o 
\o 
\o *Info*    Run complete for Point ID (5 186) on testbench [
\o           IMP_AN_SIGNAL_GEN:Signal_Generator_no_DAC_tb:1 ].
\o 
\o 
\o 
\o 
\o 
\o *Info*    Client has finished evaluating ... 
\o 
\o 
\o *Info*    Run complete for Point ID (5 187) on testbench [
\o           IMP_AN_SIGNAL_GEN:Signal_Generator_no_DAC_tb:1 ].
\o 
\o 
\o 
\o 
\o 
\o *Info*    Client has finished evaluating ... 
\o 
\o 
\o *Info*    Run complete for Point ID (5 188) on testbench [
\o           IMP_AN_SIGNAL_GEN:Signal_Generator_no_DAC_tb:1 ].
\o 
\o 
\o 
\o 
\o 
\o *Info*    Client has finished evaluating ... 
\o 
\o 
\o *Info*    Run complete for Point ID (5 189) on testbench [
\o           IMP_AN_SIGNAL_GEN:Signal_Generator_no_DAC_tb:1 ].
\o 
\o 
\o 
\o 
\o 
\o *Info*    Client has finished evaluating ... 
\o 
\o 
\o *Info*    Run complete for Point ID (5 190) on testbench [
\o           IMP_AN_SIGNAL_GEN:Signal_Generator_no_DAC_tb:1 ].
\o 
\o 
\o 
\o 
\o 
\o *Info*    Client has finished evaluating ... 
\o 
\o 
\o *Info*    Run complete for Point ID (5 191) on testbench [
\o           IMP_AN_SIGNAL_GEN:Signal_Generator_no_DAC_tb:1 ].
\o 
\o 
\o 
\o 
\o 
\o *Info*    Client has finished evaluating ... 
\o 
\o 
\o *Info*    Run complete for Point ID (5 192) on testbench [
\o           IMP_AN_SIGNAL_GEN:Signal_Generator_no_DAC_tb:1 ].
\o 
\o 
\o 
\o 
\o 
\o *Info*    Client has finished evaluating ... 
\o 
\o 
\o *Info*    Run complete for Point ID (5 193) on testbench [
\o           IMP_AN_SIGNAL_GEN:Signal_Generator_no_DAC_tb:1 ].
\o 
\o 
\o 
\o 
\o 
\o *Info*    Client has finished evaluating ... 
\o 
\o 
\o *Info*    Run complete for Point ID (5 194) on testbench [
\o           IMP_AN_SIGNAL_GEN:Signal_Generator_no_DAC_tb:1 ].
\o 
\o 
\o 
\o 
\o 
\o *Info*    Client has finished evaluating ... 
\o 
\o 
\o *Info*    Run complete for Point ID (5 195) on testbench [
\o           IMP_AN_SIGNAL_GEN:Signal_Generator_no_DAC_tb:1 ].
\o 
\o 
\o 
\o 
\o 
\o *Info*    Client has finished evaluating ... 
\o 
\o 
\o *Info*    Run complete for Point ID (5 196) on testbench [
\o           IMP_AN_SIGNAL_GEN:Signal_Generator_no_DAC_tb:1 ].
\o 
\o 
\o 
\o 
\o 
\o *Info*    Client has finished evaluating ... 
\o 
\o 
\o *Info*    Run complete for Point ID (5 197) on testbench [
\o           IMP_AN_SIGNAL_GEN:Signal_Generator_no_DAC_tb:1 ].
\o 
\o 
\o 
\o 
\o 
\o *Info*    Client has finished evaluating ... 
\o 
\o 
\o *Info*    Run complete for Point ID (5 198) on testbench [
\o           IMP_AN_SIGNAL_GEN:Signal_Generator_no_DAC_tb:1 ].
\o 
\o 
\o 
\o 
\o 
\o *Info*    Client has finished evaluating ... 
\o 
\o 
\o *Info*    Run complete for Point ID (5 199) on testbench [
\o           IMP_AN_SIGNAL_GEN:Signal_Generator_no_DAC_tb:1 ].
\o 
\o 
\o 
\o 
\o 
\o INFO (ADE-3071): Simulation completed successfully.
\o reading simulation data...
\o       ...successful.
\o *Info*    Monte Carlo Simulation completed successfully...
\# Memory report: Maximum memory size now 14276202496 (0x352ed9000) bytes, UTC 2016.06.12 18:46:22.191
\o WARNING (WIA-1120):  : Invalid directory found while clearing SST2 resources.
\o *Info*    Client has finished evaluating ... 
\o 
\o 
\o *Info*    Run complete for Point ID (5 200) on testbench [
\o           IMP_AN_SIGNAL_GEN:Signal_Generator_no_DAC_tb:1 ].
\o 
\o 
\o 
\o 
\o 
\o Simulation design variables differ from those on the cellView,
\o they have been saved in the file "/tmp/saved-design-variables".
\o To save future changes, copy variables to cellView before exiting.
\# Memory report: on exit 279216128 (0x10a48000) bytes, process size 1026629632 (0x3d312000) bytes at UTC 2016.06.12 18:51:28.243
\# Memory report: peak usage 279236608 (0x10a4d000) bytes, process size 1026650112 (0x3d317000) bytes
