\# Program start time UTC 2015.10.21 12:17:38.744
\# Local time Wednesday 21 October 2015, 2:17 pm
\o Program:		@(#)$CDS: virtuoso version 6.1.5-64b 06/11/2013 20:05 (sjfnl006) $
\o Hierarchy:		/pkg/Cadence/installs/IC615/tools.lnx86/dfII/
\o Sub version:		sub-version  IC6.1.5-64b.500.17  (64-bit addresses)
\# Host name (type):	localhost.localdomain (x86_64)
\# Operating system:	Linux 2.6.18-406.el5 #1 SMP Tue Jun 2 17:25:57 EDT 2015
\# X display name (WxH):	localhost.localdomain:80.0 (1024x868)
\# Available geometry:			TL(0:0) BR(1023:867)
\# X server:			RealVNC Ltd (VNC nograph server)
\# Depth of Visual (Root):	16 (16)
\# Number of Planes Used:	16
\# X version:		11.0 (vendor release 3370)
\# X resource pool:	base 0x1800000, mask 0x3fffff (4194303), shift 0
\# 			current id 0x31, current max 0x3ffffa (4194298)
\# Memory report:	maximum data size 18446744073709551615 (0xffffffffffffffff) bytes
\# Memory report:	maximum process size 18446744073709551615 (0xffffffffffffffff) bytes
\# Initial sbrk value:	278343680 (0x10973000) bytes
\# Available memory:	12824520 (0xc3afc8) kilobytes
\# System memory:	18405228 (0x118d76c) kilobytes
\# Maximum memory size:	18626318336 (0x456371000) bytes
\# Max mem available:	13190017024 (0x3122fb000) bytes
\# Initial memory used:	57708544 (0x3709000) bytes
\#        process size:	669077504 (0x27e15000) bytes
\# Qt version:		4.5.3
\# Window Manager:	other
\# User Name:		saul
\o Working Directory:	localhost.localdomain:/home/saul/projects/IMPLANTABLE_AMS/version1/saul
\# Process Id:		20393
\o 
\o COPYRIGHT © 1992-2013  CADENCE DESIGN SYSTEMS INC.  ALL RIGHTS RESERVED.
\o           © 1992-2013  UNIX SYSTEMS Laboratories INC.,
\o                          Reproduced with permission.
\o 
\o This Cadence Design Systems program and online documentation are
\o proprietary/confidential information and may be disclosed/used only
\o as authorized in a license agreement controlling such use and disclosure.
\o 
\o           RESTRICTED RIGHTS NOTICE (SHORT FORM)
\o Use/reproduction/disclosure is subject to restriction
\o set forth at FAR 1252.227-19 or its equivalent.
\# Available memory:	12806640 (0xc369f0) kilobytes UTC 2015.10.21 12:17:39.668
\# Memory report: Maximum memory size now 13174468608 (0x311427000) bytes, UTC 2015.10.21 12:17:39.668
\o Loading geView.cxt 
\o Loading menuBuilder.cxt 
\o Loading schView.cxt 
\o Loading selectSv.cxt 
\o Loading LVS.cxt 
\o Loading layerProc.cxt 
\o Loading xlUI.cxt 
\o Loading auCore.cxt 
\o Loading dcm.cxt 
\o Loading vhdl.cxt 
\o Loading seismic.cxt 
\o Loading ci.cxt 
\o Loading ams.cxt 
\o Loading adexl.cxt 
\o Loading oasis.cxt 
\o Loading asimenv.cxt 
\o Loading analog.cxt 
\o Loading par.cxt 
\o Loading socket.cxt 
\o Loading alvs.cxt 
\o *Info*    Exporting services from client ... 
\o 
\w *WARNING* LIB TECH_H18A6 from File /home/saul/projects/IMPLANTABLE_AMS/version1/saul/cds.lib Line 69 redefines
\w LIB TECH_H18A6 from the same file (defined earlier.)
\w *WARNING* The directory: '/pkg/AMS/cds/HK_H18/TECH_H18A7AMAM' does not exist
\w 	but was defined in libFile '/home/saul/projects/IMPLANTABLE_AMS/version1/saul/cds.lib' for Lib 'TECH_H18A7AM'.
\w *WARNING* The directory: '/pkg/AMS/cds/HK_H18/TECH_H18A5AMAM' does not exist
\w 	but was defined in libFile '/home/saul/projects/IMPLANTABLE_AMS/version1/saul/cds.lib' for Lib 'TECH_H18A5AM'.
\w *WARNING* The directory: '/pkg/AMS/cds/HK_H18/TECH_H18A4AMAM' does not exist
\w 	but was defined in libFile '/home/saul/projects/IMPLANTABLE_AMS/version1/saul/cds.lib' for Lib 'TECH_H18A4AM'.
\w *WARNING* The directory: '/pkg/AMS/cds/HK_H18/TECH_H18A3AMAM' does not exist
\w 	but was defined in libFile '/home/saul/projects/IMPLANTABLE_AMS/version1/saul/cds.lib' for Lib 'TECH_H18A3AM'.
\o ......................................................................................
\o            ams AG hitkit v.ams_4.11
\o ......................................................................................
\o COPYRIGHT (c) 2013 Full Service Foundry @ ams AG.  ALL RIGHTS RESERVED
\o This hitkit and attached documentation are confidential information and may 
\o only be used as authorized by the hitkit license agreement.
\o ......................................................................................
\o Loading simulator default settings.
\o HitKit On-Line Documentation not enabled - does ~/data.reg exist?
\o No mx check
\o  
\o Loading IBM PDK cmhv7sf procedures for Cadence Version "6.1.5-64b"...
\o ...IBM PDK cmhv7sf procedures loaded.
\o  
\o Loading simulator default settings.
\o *Info*    Client has finished starting ... 
\o 
\p hitkit: ams_4.11  Tech: h18a6am  User: saul 
\o 
\o 
\o *Info*    Configuring the session ...
\o 
\o 	Library      = IMP_AN_SIGNAL_GEN_GM
\o 	Cell         = S3_TB
\o 	View         = schematic
\o 	Simulator    = spectre
\o 	State Path   = $AXL_SETUPDB_DIR/test_states
\o 	State Name   = IMP_AN_SIGNAL_GEN_GM:S3_TB:1_spectre_state1VM_MonteCarlo.2
\o 	Results DB   = /home/saul/projects/IMPLANTABLE_AMS/version1/saul/IMP_AN_SIGNAL_GEN_GM/S3_TB/adexlVM/results/data/MonteCarlo.2.rdb
\o 	Results Dir  = /home/saul/Sim/IMP_AN_SIGNAL_GEN_GM/S3_TB/adexlVM/results/data/MonteCarlo.2/1/IMP_AN_SIGNAL_GEN_GM:S3_TB:1
\o 	Results Loc  = /home/saul/Sim/IMP_AN_SIGNAL_GEN_GM/S3_TB/adexlVM/results/data
\o 	Project Dir  = /home/saul/projects/IMPLANTABLE_AMS/version1/saul/SimVM
\o 	Setup DB loc = /home/saul/projects/IMPLANTABLE_AMS/version1/saul/IMP_AN_SIGNAL_GEN_GM/S3_TB/adexlVM
\o 	File Encoding = 0
\o 
\o 
\o Loading simui.cxt 
\o Loading awv.cxt 
\o Loading viva.cxt 
\o *Info*    Spectre controlMode is set "batch".
\o 
\o Loading spectrei.cxt 
\# Memory report: now 167997440 (0xa037000) bytes, process size 915410944 (0x36901000) bytes at UTC 2015.10.21 12:17:42.040
\o Loading relXpert.cxt 
\w *WARNING* LIB TECH_H18A6 from File /home/saul/projects/IMPLANTABLE_AMS/version1/saul/cds.lib Line 69 redefines
\w LIB TECH_H18A6 from the same file (defined earlier.)
\w *WARNING* The directory: '/pkg/AMS/cds/HK_H18/TECH_H18A7AMAM' does not exist
\w 	but was defined in libFile '/home/saul/projects/IMPLANTABLE_AMS/version1/saul/cds.lib' for Lib 'TECH_H18A7AM'.
\w *WARNING* The directory: '/pkg/AMS/cds/HK_H18/TECH_H18A5AMAM' does not exist
\w 	but was defined in libFile '/home/saul/projects/IMPLANTABLE_AMS/version1/saul/cds.lib' for Lib 'TECH_H18A5AM'.
\w *WARNING* The directory: '/pkg/AMS/cds/HK_H18/TECH_H18A4AMAM' does not exist
\w 	but was defined in libFile '/home/saul/projects/IMPLANTABLE_AMS/version1/saul/cds.lib' for Lib 'TECH_H18A4AM'.
\w *WARNING* The directory: '/pkg/AMS/cds/HK_H18/TECH_H18A3AMAM' does not exist
\w 	but was defined in libFile '/home/saul/projects/IMPLANTABLE_AMS/version1/saul/cds.lib' for Lib 'TECH_H18A3AM'.
\o Loading hspiceD.cxt 
\o Loading spectreinl.cxt 
\o Loading msgHandler.cxt 
\o Loading UltraSim.cxt 
\o Loading AMSOSS.cxt 
\o Loading AMS.cxt 
\o Loading devCheck.cxt 
\o 
\o 
\o 
\o 
\o 
\o *Info*    Run start for Point ID (148 151) on testbench [
\o           IMP_AN_SIGNAL_GEN_GM:S3_TB:1 ].
\o 
\o Resetting statistical vars
\o 
\o *Info*    Setting parameter values ...
\o 
\o Setting var CMFB_VAC = "0"
\o Setting var CPAD = "0"
\o Setting var DC_IN = "0"
\o Setting var G0 = "1.8"
\o Setting var G1 = "1.8"
\o Setting var G2 = "1.8"
\o Setting var G3 = "1.8"
\o Setting var I_REF = "100u"
\o Setting var PULSE_CMFB = "0"
\o Setting var RL = "1.2k"
\o Setting var VAC_CM = "1"
\o Setting var VCM_PULSE = "10m"
\o Setting var VDC_CM = "1000m"
\o Setting var VDD_PULSE = "0"
\o Setting var VIN_AC = "0"
\o Setting var VIN_PULSE = "0"
\o Loading monte.cxt 
\o Setting temp(T) = 27
\o 
\o *Info*    Netlist Directory =
\o           /home/saul/Sim/IMP_AN_SIGNAL_GEN_GM/S3_TB/adexlVM/results/data/MonteCarlo.2/151/IMP_AN_SIGNAL_GEN_GM:S3_TB:1/netlist
\o 
\o 
\o *Info*    Data Directory    =
\o           /home/saul/Sim/IMP_AN_SIGNAL_GEN_GM/S3_TB/adexlVM/results/data/MonteCarlo.2/151/IMP_AN_SIGNAL_GEN_GM:S3_TB:1
\o 
\o 
\o *Info*    Creating Netlist for Point ID (148 151)
\o 
\o generate netlist...
\e *Error* load: can't access file - "/afs/ict.kth.se/proj/ektlab/PDK/AMS/cds/HK_ALL/skill/ansCdlCompPrim.il"
\o Loading seCore.cxt 
\e *Error* load: can't access file - "/afs/ict.kth.se/proj/ektlab/PDK/AMS/cds/HK_ALL/skill/ansCdlCompPrim.il"
\e *Error* load: can't access file - "/afs/ict.kth.se/proj/ektlab/PDK/AMS/cds/HK_ALL/skill/ansCdlCompPrim.il"
\o Begin Incremental Netlisting Oct 21 14:17:43 2015
\o WARNING (OSSHNL-145): Incremental netlisting is not possible since the netlist in this run directory
\o was generated using a previous IHNL version which is incompatible with the
\o current IHNL version. Therefore re-netlisting the entire design using the
\o current IHNL version.
\o 
\o End netlisting Oct 21 14:17:43 2015
\o 
\o Netlisting Statistics:
\o 	Number of components:  166
\o 
\o 	Elapsed time:          0.0s
\o Errors: 0	Warnings: 0
\o       ...successful.
\o compose simulator input file...
\o       ...successful.
\o 
\o *Info*    Running simulation on testbench [
\o           IMP_AN_SIGNAL_GEN_GM:S3_TB:1 ] for Point ID (148 151).
\o 
\o *Info*    Spectre controlMode is set "batch" due to monte carlo run.
\o 
\o Delete psf data in /home/saul/Sim/IMP_AN_SIGNAL_GEN_GM/S3_TB/adexlVM/results/data/MonteCarlo.2/151/IMP_AN_SIGNAL_GEN_GM:S3_TB:1/psf.
\o generate netlist...
\e *Error* load: can't access file - "/afs/ict.kth.se/proj/ektlab/PDK/AMS/cds/HK_ALL/skill/ansCdlCompPrim.il"
\e *Error* load: can't access file - "/afs/ict.kth.se/proj/ektlab/PDK/AMS/cds/HK_ALL/skill/ansCdlCompPrim.il"
\o Begin Incremental Netlisting Oct 21 14:17:43 2015
\o End netlisting Oct 21 14:17:43 2015
\o 
\o 	The netlist is up to date.
\o 	Time taken to compare the design with netlist:   0.0s
\o       ...successful.
\o compose simulator input file...
\o       ...successful.
\o start simulator if needed...
\o       ...successful.
\o simulate...
\o To view the simulator output, right-click on the test name, result 
\o name, or any value in the "Results" tab of the Outputs section and 
\o choose "Output Log" menu option.
\o Loading paraplot.cxt 
\# Memory report: Maximum memory size now 12456062976 (0x2e6707000) bytes, UTC 2015.10.21 12:17:49.668
\o Initializing IBM_PDK functions
\o IBM_PDK skill procedures for Cadence 6.1 - Nov 29 08:29:37 2010
\o Licensed Materials - Property of IBM - All Rights Reserved 
\o Copyright: International Business Machines Corporation, 2015
\o This Material may not be copied without the written consent of 
\o Semiconductor Research and Development Center, IBM Corp., Essex Junction, VT 05452-4299.
\o  Default set for Left & Right WindowCoordIBM
\o System hardware set for Linux IBM_PDK procedures
\o Setting calibre env variable table for cmhv7sf 
\o Using menu definition file: /pkg/AMS/cds/HK_H18/cmhv7sf/ibmPdkMenu.def
\o set cmhv7sf  calibre env variables based on ibmPdkMenuCalibre settings
\o set cmhv7sf  calibre env variables based on ibmPdkMenuCalibreDrc settings
\o set cmhv7sf  calibre env variables based on ibmPdkMenuCalibreLvs settings
\o set cmhv7sf  calibre env variables based on ibmPdkMenuCalibrePerc settings
\e *Error* ("difference" 0 t nil ("*Error* difference: can't handle (nil - nil)"))
\e 
\e 
\o 
\o *Error*   Evaluating expression ((VDC("/OUTP") - VDC("/OUTN"))). 
\o 
\o 
\o Loading stats.cxt 
\e *Error* ("difference" 0 t nil ("*Error* difference: can't handle (nil - nil)"))
\e 
\e 
\o 
\o *Error*   Evaluating expression ((VDC("/OUTP") - VDC("/OUTN"))). 
\o 
\o 
\o *Info*    Client has finished evaluating ... 
\o 
\o 
\o *Info*    Run complete for Point ID (148 151) on testbench [
\o           IMP_AN_SIGNAL_GEN_GM:S3_TB:1 ].
\o 
\o 
\o 
\o 
\o 
\e *Error* ("difference" 0 t nil ("*Error* difference: can't handle (nil - nil)"))
\e 
\e 
\o 
\o *Error*   Evaluating expression ((VDC("/OUTP") - VDC("/OUTN"))). 
\o 
\o 
\o *Info*    Client has finished evaluating ... 
\o 
\o 
\o *Info*    Run complete for Point ID (148 152) on testbench [
\o           IMP_AN_SIGNAL_GEN_GM:S3_TB:1 ].
\o 
\o 
\o 
\o 
\o 
\e *Error* ("difference" 0 t nil ("*Error* difference: can't handle (nil - nil)"))
\e 
\e 
\o 
\o *Error*   Evaluating expression ((VDC("/OUTP") - VDC("/OUTN"))). 
\o 
\o 
\o *Info*    Client has finished evaluating ... 
\o 
\o 
\o *Info*    Run complete for Point ID (148 153) on testbench [
\o           IMP_AN_SIGNAL_GEN_GM:S3_TB:1 ].
\o 
\o 
\o 
\o 
\o 
\e *Error* ("difference" 0 t nil ("*Error* difference: can't handle (nil - nil)"))
\e 
\e 
\o 
\o *Error*   Evaluating expression ((VDC("/OUTP") - VDC("/OUTN"))). 
\o 
\o 
\o *Info*    Client has finished evaluating ... 
\o 
\o 
\o *Info*    Run complete for Point ID (148 154) on testbench [
\o           IMP_AN_SIGNAL_GEN_GM:S3_TB:1 ].
\o 
\o 
\o 
\o 
\o 
\e *Error* ("difference" 0 t nil ("*Error* difference: can't handle (nil - nil)"))
\e 
\e 
\o 
\o *Error*   Evaluating expression ((VDC("/OUTP") - VDC("/OUTN"))). 
\o 
\o 
\o *Info*    Client has finished evaluating ... 
\o 
\o 
\o *Info*    Run complete for Point ID (148 155) on testbench [
\o           IMP_AN_SIGNAL_GEN_GM:S3_TB:1 ].
\o 
\o 
\o 
\o 
\o 
\e *Error* ("difference" 0 t nil ("*Error* difference: can't handle (nil - nil)"))
\e 
\e 
\o 
\o *Error*   Evaluating expression ((VDC("/OUTP") - VDC("/OUTN"))). 
\o 
\o 
\o *Info*    Client has finished evaluating ... 
\o 
\o 
\o *Info*    Run complete for Point ID (148 156) on testbench [
\o           IMP_AN_SIGNAL_GEN_GM:S3_TB:1 ].
\o 
\o 
\o 
\o 
\o 
\e *Error* ("difference" 0 t nil ("*Error* difference: can't handle (nil - nil)"))
\e 
\e 
\o 
\o *Error*   Evaluating expression ((VDC("/OUTP") - VDC("/OUTN"))). 
\o 
\o 
\o *Info*    Client has finished evaluating ... 
\o 
\o 
\o *Info*    Run complete for Point ID (148 157) on testbench [
\o           IMP_AN_SIGNAL_GEN_GM:S3_TB:1 ].
\o 
\o 
\o 
\o 
\o 
\e *Error* ("difference" 0 t nil ("*Error* difference: can't handle (nil - nil)"))
\e 
\e 
\o 
\o *Error*   Evaluating expression ((VDC("/OUTP") - VDC("/OUTN"))). 
\o 
\o 
\o *Info*    Client has finished evaluating ... 
\o 
\o 
\o *Info*    Run complete for Point ID (148 158) on testbench [
\o           IMP_AN_SIGNAL_GEN_GM:S3_TB:1 ].
\o 
\o 
\o 
\o 
\o 
\e *Error* ("difference" 0 t nil ("*Error* difference: can't handle (nil - nil)"))
\e 
\e 
\o 
\o *Error*   Evaluating expression ((VDC("/OUTP") - VDC("/OUTN"))). 
\o 
\o 
\o *Info*    Client has finished evaluating ... 
\o 
\o 
\o *Info*    Run complete for Point ID (148 159) on testbench [
\o           IMP_AN_SIGNAL_GEN_GM:S3_TB:1 ].
\o 
\o 
\o 
\o 
\o 
\e *Error* ("difference" 0 t nil ("*Error* difference: can't handle (nil - nil)"))
\e 
\e 
\o 
\o *Error*   Evaluating expression ((VDC("/OUTP") - VDC("/OUTN"))). 
\o 
\o 
\o *Info*    Client has finished evaluating ... 
\o 
\o 
\o *Info*    Run complete for Point ID (148 160) on testbench [
\o           IMP_AN_SIGNAL_GEN_GM:S3_TB:1 ].
\o 
\o 
\o 
\o 
\o 
\e *Error* ("difference" 0 t nil ("*Error* difference: can't handle (nil - nil)"))
\e 
\e 
\o 
\o *Error*   Evaluating expression ((VDC("/OUTP") - VDC("/OUTN"))). 
\o 
\o 
\o *Info*    Client has finished evaluating ... 
\o 
\o 
\o *Info*    Run complete for Point ID (148 161) on testbench [
\o           IMP_AN_SIGNAL_GEN_GM:S3_TB:1 ].
\o 
\o 
\o 
\o 
\o 
\e *Error* ("difference" 0 t nil ("*Error* difference: can't handle (nil - nil)"))
\e 
\e 
\o 
\o *Error*   Evaluating expression ((VDC("/OUTP") - VDC("/OUTN"))). 
\o 
\o 
\o *Info*    Client has finished evaluating ... 
\o 
\o 
\o *Info*    Run complete for Point ID (148 162) on testbench [
\o           IMP_AN_SIGNAL_GEN_GM:S3_TB:1 ].
\o 
\o 
\o 
\o 
\o 
\e *Error* ("difference" 0 t nil ("*Error* difference: can't handle (nil - nil)"))
\e 
\e 
\o 
\o *Error*   Evaluating expression ((VDC("/OUTP") - VDC("/OUTN"))). 
\o 
\o 
\o *Info*    Client has finished evaluating ... 
\o 
\o 
\o *Info*    Run complete for Point ID (148 163) on testbench [
\o           IMP_AN_SIGNAL_GEN_GM:S3_TB:1 ].
\o 
\o 
\o 
\o 
\o 
\e *Error* ("difference" 0 t nil ("*Error* difference: can't handle (nil - nil)"))
\e 
\e 
\o 
\o *Error*   Evaluating expression ((VDC("/OUTP") - VDC("/OUTN"))). 
\o 
\o 
\o *Info*    Client has finished evaluating ... 
\o 
\o 
\o *Info*    Run complete for Point ID (148 164) on testbench [
\o           IMP_AN_SIGNAL_GEN_GM:S3_TB:1 ].
\o 
\o 
\o 
\o 
\o 
\e *Error* ("difference" 0 t nil ("*Error* difference: can't handle (nil - nil)"))
\e 
\e 
\o 
\o *Error*   Evaluating expression ((VDC("/OUTP") - VDC("/OUTN"))). 
\o 
\o 
\o *Info*    Client has finished evaluating ... 
\o 
\o 
\o *Info*    Run complete for Point ID (148 165) on testbench [
\o           IMP_AN_SIGNAL_GEN_GM:S3_TB:1 ].
\o 
\o 
\o 
\o 
\o 
\e *Error* ("difference" 0 t nil ("*Error* difference: can't handle (nil - nil)"))
\e 
\e 
\o 
\o *Error*   Evaluating expression ((VDC("/OUTP") - VDC("/OUTN"))). 
\o 
\o 
\o *Info*    Client has finished evaluating ... 
\o 
\o 
\o *Info*    Run complete for Point ID (148 166) on testbench [
\o           IMP_AN_SIGNAL_GEN_GM:S3_TB:1 ].
\o 
\o 
\o 
\o 
\o 
\e *Error* ("difference" 0 t nil ("*Error* difference: can't handle (nil - nil)"))
\e 
\e 
\o 
\o *Error*   Evaluating expression ((VDC("/OUTP") - VDC("/OUTN"))). 
\o 
\o 
\o *Info*    Client has finished evaluating ... 
\o 
\o 
\o *Info*    Run complete for Point ID (148 167) on testbench [
\o           IMP_AN_SIGNAL_GEN_GM:S3_TB:1 ].
\o 
\o 
\o 
\o 
\o 
\e *Error* ("difference" 0 t nil ("*Error* difference: can't handle (nil - nil)"))
\e 
\e 
\o 
\o *Error*   Evaluating expression ((VDC("/OUTP") - VDC("/OUTN"))). 
\o 
\o 
\o *Info*    Client has finished evaluating ... 
\o 
\o 
\o *Info*    Run complete for Point ID (148 168) on testbench [
\o           IMP_AN_SIGNAL_GEN_GM:S3_TB:1 ].
\o 
\o 
\o 
\o 
\o 
\# Memory report: Maximum memory size now 12812562432 (0x2fbb03000) bytes, UTC 2015.10.21 12:18:30.013
\e *Error* ("difference" 0 t nil ("*Error* difference: can't handle (nil - nil)"))
\e 
\e 
\o 
\o *Error*   Evaluating expression ((VDC("/OUTP") - VDC("/OUTN"))). 
\o 
\o 
\o *Info*    Client has finished evaluating ... 
\o 
\o 
\o *Info*    Run complete for Point ID (148 169) on testbench [
\o           IMP_AN_SIGNAL_GEN_GM:S3_TB:1 ].
\o 
\o 
\o 
\o 
\o 
\e *Error* ("difference" 0 t nil ("*Error* difference: can't handle (nil - nil)"))
\e 
\e 
\o 
\o *Error*   Evaluating expression ((VDC("/OUTP") - VDC("/OUTN"))). 
\o 
\o 
\o *Info*    Client has finished evaluating ... 
\o 
\o 
\o *Info*    Run complete for Point ID (148 170) on testbench [
\o           IMP_AN_SIGNAL_GEN_GM:S3_TB:1 ].
\o 
\o 
\o 
\o 
\o 
\e *Error* ("difference" 0 t nil ("*Error* difference: can't handle (nil - nil)"))
\e 
\e 
\o 
\o *Error*   Evaluating expression ((VDC("/OUTP") - VDC("/OUTN"))). 
\o 
\o 
\o *Info*    Client has finished evaluating ... 
\o 
\o 
\o *Info*    Run complete for Point ID (148 171) on testbench [
\o           IMP_AN_SIGNAL_GEN_GM:S3_TB:1 ].
\o 
\o 
\o 
\o 
\o 
\e *Error* ("difference" 0 t nil ("*Error* difference: can't handle (nil - nil)"))
\e 
\e 
\o 
\o *Error*   Evaluating expression ((VDC("/OUTP") - VDC("/OUTN"))). 
\o 
\o 
\o *Info*    Client has finished evaluating ... 
\o 
\o 
\o *Info*    Run complete for Point ID (148 172) on testbench [
\o           IMP_AN_SIGNAL_GEN_GM:S3_TB:1 ].
\o 
\o 
\o 
\o 
\o 
\e *Error* ("difference" 0 t nil ("*Error* difference: can't handle (nil - nil)"))
\e 
\e 
\o 
\o *Error*   Evaluating expression ((VDC("/OUTP") - VDC("/OUTN"))). 
\o 
\o 
\o *Info*    Client has finished evaluating ... 
\o 
\o 
\o *Info*    Run complete for Point ID (148 173) on testbench [
\o           IMP_AN_SIGNAL_GEN_GM:S3_TB:1 ].
\o 
\o 
\o 
\o 
\o 
\e *Error* ("difference" 0 t nil ("*Error* difference: can't handle (nil - nil)"))
\e 
\e 
\o 
\o *Error*   Evaluating expression ((VDC("/OUTP") - VDC("/OUTN"))). 
\o 
\o 
\o *Info*    Client has finished evaluating ... 
\o 
\o 
\o *Info*    Run complete for Point ID (148 174) on testbench [
\o           IMP_AN_SIGNAL_GEN_GM:S3_TB:1 ].
\o 
\o 
\o 
\o 
\o 
\e *Error* ("difference" 0 t nil ("*Error* difference: can't handle (nil - nil)"))
\e 
\e 
\o 
\o *Error*   Evaluating expression ((VDC("/OUTP") - VDC("/OUTN"))). 
\o 
\o 
\o *Info*    Client has finished evaluating ... 
\o 
\o 
\o *Info*    Run complete for Point ID (148 175) on testbench [
\o           IMP_AN_SIGNAL_GEN_GM:S3_TB:1 ].
\o 
\o 
\o 
\o 
\o 
\e *Error* ("difference" 0 t nil ("*Error* difference: can't handle (nil - nil)"))
\e 
\e 
\o 
\o *Error*   Evaluating expression ((VDC("/OUTP") - VDC("/OUTN"))). 
\o 
\o 
\o *Info*    Client has finished evaluating ... 
\o 
\o 
\o *Info*    Run complete for Point ID (148 176) on testbench [
\o           IMP_AN_SIGNAL_GEN_GM:S3_TB:1 ].
\o 
\o 
\o 
\o 
\o 
\e *Error* ("difference" 0 t nil ("*Error* difference: can't handle (nil - nil)"))
\e 
\e 
\o 
\o *Error*   Evaluating expression ((VDC("/OUTP") - VDC("/OUTN"))). 
\o 
\o 
\o *Info*    Client has finished evaluating ... 
\o 
\o 
\o *Info*    Run complete for Point ID (148 177) on testbench [
\o           IMP_AN_SIGNAL_GEN_GM:S3_TB:1 ].
\o 
\o 
\o 
\o 
\o 
\e *Error* ("difference" 0 t nil ("*Error* difference: can't handle (nil - nil)"))
\e 
\e 
\o 
\o *Error*   Evaluating expression ((VDC("/OUTP") - VDC("/OUTN"))). 
\o 
\o 
\o *Info*    Client has finished evaluating ... 
\o 
\o 
\o *Info*    Run complete for Point ID (148 178) on testbench [
\o           IMP_AN_SIGNAL_GEN_GM:S3_TB:1 ].
\o 
\o 
\o 
\o 
\o 
\e *Error* ("difference" 0 t nil ("*Error* difference: can't handle (nil - nil)"))
\e 
\e 
\o 
\o *Error*   Evaluating expression ((VDC("/OUTP") - VDC("/OUTN"))). 
\o 
\o 
\o *Info*    Client has finished evaluating ... 
\o 
\o 
\o *Info*    Run complete for Point ID (148 179) on testbench [
\o           IMP_AN_SIGNAL_GEN_GM:S3_TB:1 ].
\o 
\o 
\o 
\o 
\o 
\e *Error* ("difference" 0 t nil ("*Error* difference: can't handle (nil - nil)"))
\e 
\e 
\o 
\o *Error*   Evaluating expression ((VDC("/OUTP") - VDC("/OUTN"))). 
\o 
\o 
\o *Info*    Client has finished evaluating ... 
\o 
\o 
\o *Info*    Run complete for Point ID (148 180) on testbench [
\o           IMP_AN_SIGNAL_GEN_GM:S3_TB:1 ].
\o 
\o 
\o 
\o 
\o 
\e *Error* ("difference" 0 t nil ("*Error* difference: can't handle (nil - nil)"))
\e 
\e 
\o 
\o *Error*   Evaluating expression ((VDC("/OUTP") - VDC("/OUTN"))). 
\o 
\o 
\o *Info*    Client has finished evaluating ... 
\o 
\o 
\o *Info*    Run complete for Point ID (148 181) on testbench [
\o           IMP_AN_SIGNAL_GEN_GM:S3_TB:1 ].
\o 
\o 
\o 
\o 
\o 
\e *Error* ("difference" 0 t nil ("*Error* difference: can't handle (nil - nil)"))
\e 
\e 
\o 
\o *Error*   Evaluating expression ((VDC("/OUTP") - VDC("/OUTN"))). 
\o 
\o 
\o *Info*    Client has finished evaluating ... 
\o 
\o 
\o *Info*    Run complete for Point ID (148 182) on testbench [
\o           IMP_AN_SIGNAL_GEN_GM:S3_TB:1 ].
\o 
\o 
\o 
\o 
\o 
\e *Error* ("difference" 0 t nil ("*Error* difference: can't handle (nil - nil)"))
\e 
\e 
\o 
\o *Error*   Evaluating expression ((VDC("/OUTP") - VDC("/OUTN"))). 
\o 
\o 
\o *Info*    Client has finished evaluating ... 
\o 
\o 
\o *Info*    Run complete for Point ID (148 183) on testbench [
\o           IMP_AN_SIGNAL_GEN_GM:S3_TB:1 ].
\o 
\o 
\o 
\o 
\o 
\e *Error* ("difference" 0 t nil ("*Error* difference: can't handle (nil - nil)"))
\e 
\e 
\o 
\o *Error*   Evaluating expression ((VDC("/OUTP") - VDC("/OUTN"))). 
\o 
\o 
\o *Info*    Client has finished evaluating ... 
\o 
\o 
\o *Info*    Run complete for Point ID (148 184) on testbench [
\o           IMP_AN_SIGNAL_GEN_GM:S3_TB:1 ].
\o 
\o 
\o 
\o 
\o 
\e *Error* ("difference" 0 t nil ("*Error* difference: can't handle (nil - nil)"))
\e 
\e 
\o 
\o *Error*   Evaluating expression ((VDC("/OUTP") - VDC("/OUTN"))). 
\o 
\o 
\o *Info*    Client has finished evaluating ... 
\o 
\o 
\o *Info*    Run complete for Point ID (148 185) on testbench [
\o           IMP_AN_SIGNAL_GEN_GM:S3_TB:1 ].
\o 
\o 
\o 
\o 
\o 
\e *Error* ("difference" 0 t nil ("*Error* difference: can't handle (nil - nil)"))
\e 
\e 
\o 
\o *Error*   Evaluating expression ((VDC("/OUTP") - VDC("/OUTN"))). 
\o 
\o 
\o *Info*    Client has finished evaluating ... 
\o 
\o 
\o *Info*    Run complete for Point ID (148 186) on testbench [
\o           IMP_AN_SIGNAL_GEN_GM:S3_TB:1 ].
\o 
\o 
\o 
\o 
\o 
\e *Error* ("difference" 0 t nil ("*Error* difference: can't handle (nil - nil)"))
\e 
\e 
\o 
\o *Error*   Evaluating expression ((VDC("/OUTP") - VDC("/OUTN"))). 
\o 
\o 
\o *Info*    Client has finished evaluating ... 
\o 
\o 
\o *Info*    Run complete for Point ID (148 187) on testbench [
\o           IMP_AN_SIGNAL_GEN_GM:S3_TB:1 ].
\o 
\o 
\o 
\o 
\o 
\e *Error* ("difference" 0 t nil ("*Error* difference: can't handle (nil - nil)"))
\e 
\e 
\o 
\o *Error*   Evaluating expression ((VDC("/OUTP") - VDC("/OUTN"))). 
\o 
\o 
\o *Info*    Client has finished evaluating ... 
\o 
\o 
\o *Info*    Run complete for Point ID (148 188) on testbench [
\o           IMP_AN_SIGNAL_GEN_GM:S3_TB:1 ].
\o 
\o 
\o 
\o 
\o 
\e *Error* ("difference" 0 t nil ("*Error* difference: can't handle (nil - nil)"))
\e 
\e 
\o 
\o *Error*   Evaluating expression ((VDC("/OUTP") - VDC("/OUTN"))). 
\o 
\o 
\o *Info*    Client has finished evaluating ... 
\o 
\o 
\o *Info*    Run complete for Point ID (148 189) on testbench [
\o           IMP_AN_SIGNAL_GEN_GM:S3_TB:1 ].
\o 
\o 
\o 
\o 
\o 
\e *Error* ("difference" 0 t nil ("*Error* difference: can't handle (nil - nil)"))
\e 
\e 
\o 
\o *Error*   Evaluating expression ((VDC("/OUTP") - VDC("/OUTN"))). 
\o 
\o 
\o *Info*    Client has finished evaluating ... 
\o 
\o 
\o *Info*    Run complete for Point ID (148 190) on testbench [
\o           IMP_AN_SIGNAL_GEN_GM:S3_TB:1 ].
\o 
\o 
\o 
\o 
\o 
\e *Error* ("difference" 0 t nil ("*Error* difference: can't handle (nil - nil)"))
\e 
\e 
\o 
\o *Error*   Evaluating expression ((VDC("/OUTP") - VDC("/OUTN"))). 
\o 
\o 
\o *Info*    Client has finished evaluating ... 
\o 
\o 
\o *Info*    Run complete for Point ID (148 191) on testbench [
\o           IMP_AN_SIGNAL_GEN_GM:S3_TB:1 ].
\o 
\o 
\o 
\o 
\o 
\e *Error* ("difference" 0 t nil ("*Error* difference: can't handle (nil - nil)"))
\e 
\e 
\o 
\o *Error*   Evaluating expression ((VDC("/OUTP") - VDC("/OUTN"))). 
\o 
\o 
\o *Info*    Client has finished evaluating ... 
\o 
\o 
\o *Info*    Run complete for Point ID (148 192) on testbench [
\o           IMP_AN_SIGNAL_GEN_GM:S3_TB:1 ].
\o 
\o 
\o 
\o 
\o 
\e *Error* ("difference" 0 t nil ("*Error* difference: can't handle (nil - nil)"))
\e 
\e 
\o 
\o *Error*   Evaluating expression ((VDC("/OUTP") - VDC("/OUTN"))). 
\o 
\o 
\o *Info*    Client has finished evaluating ... 
\o 
\o 
\o *Info*    Run complete for Point ID (148 193) on testbench [
\o           IMP_AN_SIGNAL_GEN_GM:S3_TB:1 ].
\o 
\o 
\o 
\o 
\o 
\e *Error* ("difference" 0 t nil ("*Error* difference: can't handle (nil - nil)"))
\e 
\e 
\o 
\o *Error*   Evaluating expression ((VDC("/OUTP") - VDC("/OUTN"))). 
\o 
\o 
\o *Info*    Client has finished evaluating ... 
\o 
\o 
\o *Info*    Run complete for Point ID (148 194) on testbench [
\o           IMP_AN_SIGNAL_GEN_GM:S3_TB:1 ].
\o 
\o 
\o 
\o 
\o 
\e *Error* ("difference" 0 t nil ("*Error* difference: can't handle (nil - nil)"))
\e 
\e 
\o 
\o *Error*   Evaluating expression ((VDC("/OUTP") - VDC("/OUTN"))). 
\o 
\o 
\o *Info*    Client has finished evaluating ... 
\o 
\o 
\o *Info*    Run complete for Point ID (148 195) on testbench [
\o           IMP_AN_SIGNAL_GEN_GM:S3_TB:1 ].
\o 
\o 
\o 
\o 
\o 
\e *Error* ("difference" 0 t nil ("*Error* difference: can't handle (nil - nil)"))
\e 
\e 
\o 
\o *Error*   Evaluating expression ((VDC("/OUTP") - VDC("/OUTN"))). 
\o 
\o 
\o *Info*    Client has finished evaluating ... 
\o 
\o 
\o *Info*    Run complete for Point ID (148 196) on testbench [
\o           IMP_AN_SIGNAL_GEN_GM:S3_TB:1 ].
\o 
\o 
\o 
\o 
\o 
\e *Error* ("difference" 0 t nil ("*Error* difference: can't handle (nil - nil)"))
\e 
\e 
\o 
\o *Error*   Evaluating expression ((VDC("/OUTP") - VDC("/OUTN"))). 
\o 
\o 
\o *Info*    Client has finished evaluating ... 
\o 
\o 
\o *Info*    Run complete for Point ID (148 197) on testbench [
\o           IMP_AN_SIGNAL_GEN_GM:S3_TB:1 ].
\o 
\o 
\o 
\o 
\o 
\e *Error* ("difference" 0 t nil ("*Error* difference: can't handle (nil - nil)"))
\e 
\e 
\o 
\o *Error*   Evaluating expression ((VDC("/OUTP") - VDC("/OUTN"))). 
\o 
\o 
\o *Info*    Client has finished evaluating ... 
\o 
\o 
\o *Info*    Run complete for Point ID (148 198) on testbench [
\o           IMP_AN_SIGNAL_GEN_GM:S3_TB:1 ].
\o 
\o 
\o 
\o 
\o 
\e *Error* ("difference" 0 t nil ("*Error* difference: can't handle (nil - nil)"))
\e 
\e 
\o 
\o *Error*   Evaluating expression ((VDC("/OUTP") - VDC("/OUTN"))). 
\o 
\o 
\o *Info*    Client has finished evaluating ... 
\o 
\o 
\o *Info*    Run complete for Point ID (148 199) on testbench [
\o           IMP_AN_SIGNAL_GEN_GM:S3_TB:1 ].
\o 
\o 
\o 
\o 
\o 
\o INFO (ADE-3071): Simulation completed successfully.
\o reading simulation data...
\o       ...successful.
\o *Info*    Monte Carlo Simulation completed successfully...
\o WARNING (WIA-1120):  : Invalid directory found while clearing SST2 resources.
\o *Info*    Client has finished evaluating ... 
\o 
\o 
\o *Info*    Run complete for Point ID (148 200) on testbench [
\o           IMP_AN_SIGNAL_GEN_GM:S3_TB:1 ].
\o 
\o 
\o 
\o 
\o 
\# Memory report: Maximum memory size now 13385961472 (0x31ddd9000) bytes, UTC 2015.10.21 12:19:41.173
\o Simulation design variables differ from those on the cellView,
\o they have been saved in the file "/tmp/saved-design-variables".
\o To save future changes, copy variables to cellView before exiting.
\o 
\o 
\o *Info*    Configuring the session ...
\o 
\o 	Library      = IMP_AN_SIGNAL_GEN_GM
\o 	Cell         = S3_TB
\o 	View         = schematic
\o 	Simulator    = spectre
\o 	State Path   = $AXL_SETUPDB_DIR/test_states
\o 	State Name   = IMP_AN_SIGNAL_GEN_GM:S3_TB:1_spectre_state1VM_MonteCarlo.3
\o 	Results DB   = /home/saul/projects/IMPLANTABLE_AMS/version1/saul/IMP_AN_SIGNAL_GEN_GM/S3_TB/adexlVM/results/data/MonteCarlo.3.rdb
\o 	Results Dir  = /home/saul/Sim/IMP_AN_SIGNAL_GEN_GM/S3_TB/adexlVM/results/data/MonteCarlo.3/1/IMP_AN_SIGNAL_GEN_GM:S3_TB:1
\o 	Results Loc  = /home/saul/Sim/IMP_AN_SIGNAL_GEN_GM/S3_TB/adexlVM/results/data
\o 	Project Dir  = /home/saul/projects/IMPLANTABLE_AMS/version1/saul/SimVM
\o 	Setup DB loc = /home/saul/projects/IMPLANTABLE_AMS/version1/saul/IMP_AN_SIGNAL_GEN_GM/S3_TB/adexlVM
\o 	File Encoding = 0
\o 
\o 
\o *Info*    Spectre controlMode is set "batch".
\o 
\o 
\o 
\o 
\o 
\o 
\o *Info*    Run start for Point ID (149 1) on testbench [
\o           IMP_AN_SIGNAL_GEN_GM:S3_TB:1 ].
\o 
\o Resetting statistical vars
\o 
\o *Info*    Setting parameter values ...
\o 
\o Setting var CMFB_VAC = "0"
\o Setting var CPAD = "0"
\o Setting var DC_IN = "0"
\o Setting var G0 = "1.8"
\o Setting var G1 = "1.8"
\o Setting var G2 = "1.8"
\o Setting var G3 = "1.8"
\o Setting var I_REF = "100u"
\o Setting var PULSE_CMFB = "0"
\o Setting var RL = "1.2k"
\o Setting var VAC_CM = "1"
\o Setting var VCM_PULSE = "10m"
\o Setting var VDC_CM = "1000m"
\o Setting var VDD_PULSE = "0"
\o Setting var VIN_AC = "0"
\o Setting var VIN_PULSE = "0"
\o Setting temp(T) = 27
\o 
\o *Info*    Netlist Directory =
\o           /home/saul/Sim/IMP_AN_SIGNAL_GEN_GM/S3_TB/adexlVM/results/data/MonteCarlo.3/1/IMP_AN_SIGNAL_GEN_GM:S3_TB:1/netlist
\o 
\o 
\o *Info*    Data Directory    =
\o           /home/saul/Sim/IMP_AN_SIGNAL_GEN_GM/S3_TB/adexlVM/results/data/MonteCarlo.3/1/IMP_AN_SIGNAL_GEN_GM:S3_TB:1
\o 
\o 
\o *Info*    Creating Netlist for Point ID (149 1)
\o 
\o generate netlist...
\e *Error* load: can't access file - "/afs/ict.kth.se/proj/ektlab/PDK/AMS/cds/HK_ALL/skill/ansCdlCompPrim.il"
\e *Error* load: can't access file - "/afs/ict.kth.se/proj/ektlab/PDK/AMS/cds/HK_ALL/skill/ansCdlCompPrim.il"
\o Begin Incremental Netlisting Oct 21 14:23:07 2015
\o End netlisting Oct 21 14:23:07 2015
\o 
\o 	The netlist is up to date.
\o 	Time taken to compare the design with netlist:   0.0s
\o       ...successful.
\o compose simulator input file...
\o       ...successful.
\o 
\o *Info*    Running simulation on testbench [
\o           IMP_AN_SIGNAL_GEN_GM:S3_TB:1 ] for Point ID (149 1).
\o 
\o *Info*    Spectre controlMode is set "batch" due to monte carlo run.
\o 
\o Delete psf data in /home/saul/Sim/IMP_AN_SIGNAL_GEN_GM/S3_TB/adexlVM/results/data/MonteCarlo.3/1/IMP_AN_SIGNAL_GEN_GM:S3_TB:1/psf.
\o generate netlist...
\e *Error* load: can't access file - "/afs/ict.kth.se/proj/ektlab/PDK/AMS/cds/HK_ALL/skill/ansCdlCompPrim.il"
\e *Error* load: can't access file - "/afs/ict.kth.se/proj/ektlab/PDK/AMS/cds/HK_ALL/skill/ansCdlCompPrim.il"
\o Begin Incremental Netlisting Oct 21 14:23:07 2015
\o End netlisting Oct 21 14:23:07 2015
\o 
\o 	The netlist is up to date.
\o 	Time taken to compare the design with netlist:   0.0s
\o       ...successful.
\o compose simulator input file...
\o       ...successful.
\o start simulator if needed...
\o       ...successful.
\o simulate...
\o To view the simulator output, right-click on the test name, result 
\o name, or any value in the "Results" tab of the Outputs section and 
\o choose "Output Log" menu option.
\# Memory report: Maximum memory size now 12978331648 (0x30591a000) bytes, UTC 2015.10.21 12:23:11.176
\e *Error* ("difference" 0 t nil ("*Error* difference: can't handle (nil - nil)"))
\e 
\e 
\o 
\o *Error*   Evaluating expression ((VDC("/OUTP") - VDC("/OUTN"))). 
\o 
\o 
\e *Error* ("difference" 0 t nil ("*Error* difference: can't handle (nil - nil)"))
\e 
\e 
\o 
\o *Error*   Evaluating expression ((VDC("/OUTP") - VDC("/OUTN"))). 
\o 
\o 
\o *Info*    Client has finished evaluating ... 
\o 
\o 
\o *Info*    Run complete for Point ID (149 1) on testbench [
\o           IMP_AN_SIGNAL_GEN_GM:S3_TB:1 ].
\o 
\o 
\o 
\o 
\o 
\e *Error* ("difference" 0 t nil ("*Error* difference: can't handle (nil - nil)"))
\e 
\e 
\o 
\o *Error*   Evaluating expression ((VDC("/OUTP") - VDC("/OUTN"))). 
\o 
\o 
\o *Info*    Client has finished evaluating ... 
\o 
\o 
\o *Info*    Run complete for Point ID (149 2) on testbench [
\o           IMP_AN_SIGNAL_GEN_GM:S3_TB:1 ].
\o 
\o 
\o 
\o 
\o 
\e *Error* ("difference" 0 t nil ("*Error* difference: can't handle (nil - nil)"))
\e 
\e 
\o 
\o *Error*   Evaluating expression ((VDC("/OUTP") - VDC("/OUTN"))). 
\o 
\o 
\o *Info*    Client has finished evaluating ... 
\o 
\o 
\o *Info*    Run complete for Point ID (149 3) on testbench [
\o           IMP_AN_SIGNAL_GEN_GM:S3_TB:1 ].
\o 
\o 
\o 
\o 
\o 
\o INFO (ADE-3072): Simulation is stopped by user. Simulation results may not be complete.
\o reading simulation data...
\o       ...successful.
\o *Info*    Monte Carlo Simulation completed successfully...
\o WARNING (WIA-1120):  : Invalid directory found while clearing SST2 resources.
\o *Info*    Client has finished evaluating ... 
\o 
\o 
\o *Info*    Run complete for Point ID (149 4) on testbench [
\o           IMP_AN_SIGNAL_GEN_GM:S3_TB:1 ].
\o 
\o 
\o 
\o 
\o 
\o *Info*    Client has finished evaluating ... 
\o 
\o 
\o *Info*    Run complete for Point ID (149 5) on testbench [
\o           IMP_AN_SIGNAL_GEN_GM:S3_TB:1 ].
\o 
\o 
\o 
\o 
\o 
\o *Info*    Client has finished evaluating ... 
\o 
\o 
\o *Info*    Run complete for Point ID (149 6) on testbench [
\o           IMP_AN_SIGNAL_GEN_GM:S3_TB:1 ].
\o 
\o 
\o 
\o 
\o 
\o *Info*    Client has finished evaluating ... 
\o 
\o 
\o *Info*    Run complete for Point ID (149 7) on testbench [
\o           IMP_AN_SIGNAL_GEN_GM:S3_TB:1 ].
\o 
\o 
\o 
\o 
\o 
\o *Info*    Client has finished evaluating ... 
\o 
\o 
\o *Info*    Run complete for Point ID (149 8) on testbench [
\o           IMP_AN_SIGNAL_GEN_GM:S3_TB:1 ].
\o 
\o 
\o 
\o 
\o 
\o *Info*    Client has finished evaluating ... 
\o 
\o 
\o *Info*    Run complete for Point ID (149 9) on testbench [
\o           IMP_AN_SIGNAL_GEN_GM:S3_TB:1 ].
\o 
\o 
\o 
\o 
\o 
\o *Info*    Client has finished evaluating ... 
\o 
\o 
\o *Info*    Run complete for Point ID (149 10) on testbench [
\o           IMP_AN_SIGNAL_GEN_GM:S3_TB:1 ].
\o 
\o 
\o 
\o 
\o 
\o *Info*    Client has finished evaluating ... 
\o 
\o 
\o *Info*    Run complete for Point ID (149 11) on testbench [
\o           IMP_AN_SIGNAL_GEN_GM:S3_TB:1 ].
\o 
\o 
\o 
\o 
\o 
\o *Info*    Client has finished evaluating ... 
\o 
\o 
\o *Info*    Run complete for Point ID (149 12) on testbench [
\o           IMP_AN_SIGNAL_GEN_GM:S3_TB:1 ].
\o 
\o 
\o 
\o 
\o 
\o *Info*    Client has finished evaluating ... 
\o 
\o 
\o *Info*    Run complete for Point ID (149 13) on testbench [
\o           IMP_AN_SIGNAL_GEN_GM:S3_TB:1 ].
\o 
\o 
\o 
\o 
\o 
\o *Info*    Client has finished evaluating ... 
\o 
\o 
\o *Info*    Run complete for Point ID (149 14) on testbench [
\o           IMP_AN_SIGNAL_GEN_GM:S3_TB:1 ].
\o 
\o 
\o 
\o 
\o 
\o *Info*    Client has finished evaluating ... 
\o 
\o 
\o *Info*    Run complete for Point ID (149 15) on testbench [
\o           IMP_AN_SIGNAL_GEN_GM:S3_TB:1 ].
\o 
\o 
\o 
\o 
\o 
\o *Info*    Client has finished evaluating ... 
\o 
\o 
\o *Info*    Run complete for Point ID (149 16) on testbench [
\o           IMP_AN_SIGNAL_GEN_GM:S3_TB:1 ].
\o 
\o 
\o 
\o 
\o 
\o *Info*    Client has finished evaluating ... 
\o 
\o 
\o *Info*    Run complete for Point ID (149 17) on testbench [
\o           IMP_AN_SIGNAL_GEN_GM:S3_TB:1 ].
\o 
\o 
\o 
\o 
\o 
\o *Info*    Client has finished evaluating ... 
\o 
\o 
\o *Info*    Run complete for Point ID (149 18) on testbench [
\o           IMP_AN_SIGNAL_GEN_GM:S3_TB:1 ].
\o 
\o 
\o 
\o 
\o 
\o *Info*    Client has finished evaluating ... 
\o 
\o 
\o *Info*    Run complete for Point ID (149 19) on testbench [
\o           IMP_AN_SIGNAL_GEN_GM:S3_TB:1 ].
\o 
\o 
\o 
\o 
\o 
\o *Info*    Client has finished evaluating ... 
\o 
\o 
\o *Info*    Run complete for Point ID (149 20) on testbench [
\o           IMP_AN_SIGNAL_GEN_GM:S3_TB:1 ].
\o 
\o 
\o 
\o 
\o 
\o *Info*    Client has finished evaluating ... 
\o 
\o 
\o *Info*    Run complete for Point ID (149 21) on testbench [
\o           IMP_AN_SIGNAL_GEN_GM:S3_TB:1 ].
\o 
\o 
\o 
\o 
\o 
\o *Info*    Client has finished evaluating ... 
\o 
\o 
\o *Info*    Run complete for Point ID (149 22) on testbench [
\o           IMP_AN_SIGNAL_GEN_GM:S3_TB:1 ].
\o 
\o 
\o 
\o 
\o 
\o *Info*    Client has finished evaluating ... 
\o 
\o 
\o *Info*    Run complete for Point ID (149 23) on testbench [
\o           IMP_AN_SIGNAL_GEN_GM:S3_TB:1 ].
\o 
\o 
\o 
\o 
\o 
\o *Info*    Client has finished evaluating ... 
\o 
\o 
\o *Info*    Run complete for Point ID (149 24) on testbench [
\o           IMP_AN_SIGNAL_GEN_GM:S3_TB:1 ].
\o 
\o 
\o 
\o 
\o 
\o *Info*    Client has finished evaluating ... 
\o 
\o 
\o *Info*    Run complete for Point ID (149 25) on testbench [
\o           IMP_AN_SIGNAL_GEN_GM:S3_TB:1 ].
\o 
\o 
\o 
\o 
\o 
\o *Info*    Client has finished evaluating ... 
\o 
\o 
\o *Info*    Run complete for Point ID (149 26) on testbench [
\o           IMP_AN_SIGNAL_GEN_GM:S3_TB:1 ].
\o 
\o 
\o 
\o 
\o 
\o *Info*    Client has finished evaluating ... 
\o 
\o 
\o *Info*    Run complete for Point ID (149 27) on testbench [
\o           IMP_AN_SIGNAL_GEN_GM:S3_TB:1 ].
\o 
\o 
\o 
\o 
\o 
\o *Info*    Client has finished evaluating ... 
\o 
\o 
\o *Info*    Run complete for Point ID (149 28) on testbench [
\o           IMP_AN_SIGNAL_GEN_GM:S3_TB:1 ].
\o 
\o 
\o 
\o 
\o 
\o *Info*    Client has finished evaluating ... 
\o 
\o 
\o *Info*    Run complete for Point ID (149 29) on testbench [
\o           IMP_AN_SIGNAL_GEN_GM:S3_TB:1 ].
\o 
\o 
\o 
\o 
\o 
\o *Info*    Client has finished evaluating ... 
\o 
\o 
\o *Info*    Run complete for Point ID (149 30) on testbench [
\o           IMP_AN_SIGNAL_GEN_GM:S3_TB:1 ].
\o 
\o 
\o 
\o 
\o 
\o *Info*    Client has finished evaluating ... 
\o 
\o 
\o *Info*    Run complete for Point ID (149 31) on testbench [
\o           IMP_AN_SIGNAL_GEN_GM:S3_TB:1 ].
\o 
\o 
\o 
\o 
\o 
\o *Info*    Client has finished evaluating ... 
\o 
\o 
\o *Info*    Run complete for Point ID (149 32) on testbench [
\o           IMP_AN_SIGNAL_GEN_GM:S3_TB:1 ].
\o 
\o 
\o 
\o 
\o 
\o *Info*    Client has finished evaluating ... 
\o 
\o 
\o *Info*    Run complete for Point ID (149 33) on testbench [
\o           IMP_AN_SIGNAL_GEN_GM:S3_TB:1 ].
\o 
\o 
\o 
\o 
\o 
\o *Info*    Client has finished evaluating ... 
\o 
\o 
\o *Info*    Run complete for Point ID (149 34) on testbench [
\o           IMP_AN_SIGNAL_GEN_GM:S3_TB:1 ].
\o 
\o 
\o 
\o 
\o 
\o *Info*    Client has finished evaluating ... 
\o 
\o 
\o *Info*    Run complete for Point ID (149 35) on testbench [
\o           IMP_AN_SIGNAL_GEN_GM:S3_TB:1 ].
\o 
\o 
\o 
\o 
\o 
\o *Info*    Client has finished evaluating ... 
\o 
\o 
\o *Info*    Run complete for Point ID (149 36) on testbench [
\o           IMP_AN_SIGNAL_GEN_GM:S3_TB:1 ].
\o 
\o 
\o 
\o 
\o 
\o *Info*    Client has finished evaluating ... 
\o 
\o 
\o *Info*    Run complete for Point ID (149 37) on testbench [
\o           IMP_AN_SIGNAL_GEN_GM:S3_TB:1 ].
\o 
\o 
\o 
\o 
\o 
\o *Info*    Client has finished evaluating ... 
\o 
\o 
\o *Info*    Run complete for Point ID (149 38) on testbench [
\o           IMP_AN_SIGNAL_GEN_GM:S3_TB:1 ].
\o 
\o 
\o 
\o 
\o 
\o *Info*    Client has finished evaluating ... 
\o 
\o 
\o *Info*    Run complete for Point ID (149 39) on testbench [
\o           IMP_AN_SIGNAL_GEN_GM:S3_TB:1 ].
\o 
\o 
\o 
\o 
\o 
\o *Info*    Client has finished evaluating ... 
\o 
\o 
\o *Info*    Run complete for Point ID (149 40) on testbench [
\o           IMP_AN_SIGNAL_GEN_GM:S3_TB:1 ].
\o 
\o 
\o 
\o 
\o 
\o *Info*    Client has finished evaluating ... 
\o 
\o 
\o *Info*    Run complete for Point ID (149 41) on testbench [
\o           IMP_AN_SIGNAL_GEN_GM:S3_TB:1 ].
\o 
\o 
\o 
\o 
\o 
\o *Info*    Client has finished evaluating ... 
\o 
\o 
\o *Info*    Run complete for Point ID (149 42) on testbench [
\o           IMP_AN_SIGNAL_GEN_GM:S3_TB:1 ].
\o 
\o 
\o 
\o 
\o 
\o *Info*    Client has finished evaluating ... 
\o 
\o 
\o *Info*    Run complete for Point ID (149 43) on testbench [
\o           IMP_AN_SIGNAL_GEN_GM:S3_TB:1 ].
\o 
\o 
\o 
\o 
\o 
\o *Info*    Client has finished evaluating ... 
\o 
\o 
\o *Info*    Run complete for Point ID (149 44) on testbench [
\o           IMP_AN_SIGNAL_GEN_GM:S3_TB:1 ].
\o 
\o 
\o 
\o 
\o 
\o *Info*    Client has finished evaluating ... 
\o 
\o 
\o *Info*    Run complete for Point ID (149 45) on testbench [
\o           IMP_AN_SIGNAL_GEN_GM:S3_TB:1 ].
\o 
\o 
\o 
\o 
\o 
\o *Info*    Client has finished evaluating ... 
\o 
\o 
\o *Info*    Run complete for Point ID (149 46) on testbench [
\o           IMP_AN_SIGNAL_GEN_GM:S3_TB:1 ].
\o 
\o 
\o 
\o 
\o 
\o *Info*    Client has finished evaluating ... 
\o 
\o 
\o *Info*    Run complete for Point ID (149 47) on testbench [
\o           IMP_AN_SIGNAL_GEN_GM:S3_TB:1 ].
\o 
\o 
\o 
\o 
\o 
\o *Info*    Client has finished evaluating ... 
\o 
\o 
\o *Info*    Run complete for Point ID (149 48) on testbench [
\o           IMP_AN_SIGNAL_GEN_GM:S3_TB:1 ].
\o 
\o 
\o 
\o 
\o 
\o *Info*    Client has finished evaluating ... 
\o 
\o 
\o *Info*    Run complete for Point ID (149 49) on testbench [
\o           IMP_AN_SIGNAL_GEN_GM:S3_TB:1 ].
\o 
\o 
\o 
\o 
\o 
\o *Info*    Client has finished evaluating ... 
\o 
\o 
\o *Info*    Run complete for Point ID (149 50) on testbench [
\o           IMP_AN_SIGNAL_GEN_GM:S3_TB:1 ].
\o 
\o 
\o 
\o 
\o 
\o Simulation design variables differ from those on the cellView,
\o they have been saved in the file "/tmp/saved-design-variables".
\o To save future changes, copy variables to cellView before exiting.
\o 
\o 
\o *Info*    Configuring the session ...
\o 
\o 	Library      = IMP_AN_SIGNAL_GEN_GM
\o 	Cell         = S3_TB
\o 	View         = schematic
\o 	Simulator    = spectre
\o 	State Path   = $AXL_SETUPDB_DIR/test_states
\o 	State Name   = IMP_AN_SIGNAL_GEN_GM:S3_TB:1_spectre_state1VM_MonteCarlo.4
\o 	Results DB   = /home/saul/projects/IMPLANTABLE_AMS/version1/saul/IMP_AN_SIGNAL_GEN_GM/S3_TB/adexlVM/results/data/MonteCarlo.4.rdb
\o 	Results Dir  = /home/saul/Sim/IMP_AN_SIGNAL_GEN_GM/S3_TB/adexlVM/results/data/MonteCarlo.4/1/IMP_AN_SIGNAL_GEN_GM:S3_TB:1
\o 	Results Loc  = /home/saul/Sim/IMP_AN_SIGNAL_GEN_GM/S3_TB/adexlVM/results/data
\o 	Project Dir  = /home/saul/projects/IMPLANTABLE_AMS/version1/saul/SimVM
\o 	Setup DB loc = /home/saul/projects/IMPLANTABLE_AMS/version1/saul/IMP_AN_SIGNAL_GEN_GM/S3_TB/adexlVM
\o 	File Encoding = 0
\o 
\o 
\o *Info*    Spectre controlMode is set "batch".
\o 
\o 
\o 
\o 
\o 
\o 
\o *Info*    Run start for Point ID (150 1) on testbench [
\o           IMP_AN_SIGNAL_GEN_GM:S3_TB:1 ].
\o 
\o Resetting statistical vars
\o 
\o *Info*    Setting parameter values ...
\o 
\o Setting var CMFB_VAC = "0"
\o Setting var CPAD = "0"
\o Setting var DC_IN = "0"
\o Setting var G0 = "1.8"
\o Setting var G1 = "1.8"
\o Setting var G2 = "1.8"
\o Setting var G3 = "1.8"
\o Setting var I_REF = "100u"
\o Setting var PULSE_CMFB = "0"
\o Setting var RL = "1.2k"
\o Setting var VAC_CM = "1"
\o Setting var VCM_PULSE = "10m"
\o Setting var VDC_CM = "1000m"
\o Setting var VDD_PULSE = "0"
\o Setting var VIN_AC = "0"
\o Setting var VIN_PULSE = "0"
\o Setting temp(T) = 27
\o 
\o *Info*    Netlist Directory =
\o           /home/saul/Sim/IMP_AN_SIGNAL_GEN_GM/S3_TB/adexlVM/results/data/MonteCarlo.4/1/IMP_AN_SIGNAL_GEN_GM:S3_TB:1/netlist
\o 
\o 
\o *Info*    Data Directory    =
\o           /home/saul/Sim/IMP_AN_SIGNAL_GEN_GM/S3_TB/adexlVM/results/data/MonteCarlo.4/1/IMP_AN_SIGNAL_GEN_GM:S3_TB:1
\o 
\o 
\o *Info*    Creating Netlist for Point ID (150 1)
\o 
\o generate netlist...
\e *Error* load: can't access file - "/afs/ict.kth.se/proj/ektlab/PDK/AMS/cds/HK_ALL/skill/ansCdlCompPrim.il"
\e *Error* load: can't access file - "/afs/ict.kth.se/proj/ektlab/PDK/AMS/cds/HK_ALL/skill/ansCdlCompPrim.il"
\o Begin Incremental Netlisting Oct 21 14:24:14 2015
\o End netlisting Oct 21 14:24:14 2015
\o 
\o 	The netlist is up to date.
\o 	Time taken to compare the design with netlist:   0.0s
\o       ...successful.
\o compose simulator input file...
\o       ...successful.
\o 
\o *Info*    Running simulation on testbench [
\o           IMP_AN_SIGNAL_GEN_GM:S3_TB:1 ] for Point ID (150 1).
\o 
\o *Info*    Spectre controlMode is set "batch" due to monte carlo run.
\o 
\o Delete psf data in /home/saul/Sim/IMP_AN_SIGNAL_GEN_GM/S3_TB/adexlVM/results/data/MonteCarlo.4/1/IMP_AN_SIGNAL_GEN_GM:S3_TB:1/psf.
\o generate netlist...
\e *Error* load: can't access file - "/afs/ict.kth.se/proj/ektlab/PDK/AMS/cds/HK_ALL/skill/ansCdlCompPrim.il"
\e *Error* load: can't access file - "/afs/ict.kth.se/proj/ektlab/PDK/AMS/cds/HK_ALL/skill/ansCdlCompPrim.il"
\o Begin Incremental Netlisting Oct 21 14:24:14 2015
\o End netlisting Oct 21 14:24:15 2015
\o 
\o 	The netlist is up to date.
\o 	Time taken to compare the design with netlist:   1.0s
\o       ...successful.
\o compose simulator input file...
\o       ...successful.
\o start simulator if needed...
\o       ...successful.
\o simulate...
\o To view the simulator output, right-click on the test name, result 
\o name, or any value in the "Results" tab of the Outputs section and 
\o choose "Output Log" menu option.
\e *Error* ("difference" 0 t nil ("*Error* difference: can't handle (nil - nil)"))
\e 
\e 
\o 
\o *Error*   Evaluating expression ((VDC("/OUTP") - VDC("/OUTN"))). 
\o 
\o 
\e *Error* ("difference" 0 t nil ("*Error* difference: can't handle (nil - nil)"))
\e 
\e 
\o 
\o *Error*   Evaluating expression ((VDC("/OUTP") - VDC("/OUTN"))). 
\o 
\o 
\o *Info*    Client has finished evaluating ... 
\o 
\o 
\o *Info*    Run complete for Point ID (150 1) on testbench [
\o           IMP_AN_SIGNAL_GEN_GM:S3_TB:1 ].
\o 
\o 
\o 
\o 
\o 
\e *Error* ("difference" 0 t nil ("*Error* difference: can't handle (nil - nil)"))
\e 
\e 
\o 
\o *Error*   Evaluating expression ((VDC("/OUTP") - VDC("/OUTN"))). 
\o 
\o 
\o *Info*    Client has finished evaluating ... 
\o 
\o 
\o *Info*    Run complete for Point ID (150 2) on testbench [
\o           IMP_AN_SIGNAL_GEN_GM:S3_TB:1 ].
\o 
\o 
\o 
\o 
\o 
\e *Error* ("difference" 0 t nil ("*Error* difference: can't handle (nil - nil)"))
\e 
\e 
\o 
\o *Error*   Evaluating expression ((VDC("/OUTP") - VDC("/OUTN"))). 
\o 
\o 
\o *Info*    Client has finished evaluating ... 
\o 
\o 
\o *Info*    Run complete for Point ID (150 3) on testbench [
\o           IMP_AN_SIGNAL_GEN_GM:S3_TB:1 ].
\o 
\o 
\o 
\o 
\o 
\e *Error* ("difference" 0 t nil ("*Error* difference: can't handle (nil - nil)"))
\e 
\e 
\o 
\o *Error*   Evaluating expression ((VDC("/OUTP") - VDC("/OUTN"))). 
\o 
\o 
\o *Info*    Client has finished evaluating ... 
\o 
\o 
\o *Info*    Run complete for Point ID (150 4) on testbench [
\o           IMP_AN_SIGNAL_GEN_GM:S3_TB:1 ].
\o 
\o 
\o 
\o 
\o 
\e *Error* ("difference" 0 t nil ("*Error* difference: can't handle (nil - nil)"))
\e 
\e 
\o 
\o *Error*   Evaluating expression ((VDC("/OUTP") - VDC("/OUTN"))). 
\o 
\o 
\o *Info*    Client has finished evaluating ... 
\o 
\o 
\o *Info*    Run complete for Point ID (150 5) on testbench [
\o           IMP_AN_SIGNAL_GEN_GM:S3_TB:1 ].
\o 
\o 
\o 
\o 
\o 
\e *Error* ("difference" 0 t nil ("*Error* difference: can't handle (nil - nil)"))
\e 
\e 
\o 
\o *Error*   Evaluating expression ((VDC("/OUTP") - VDC("/OUTN"))). 
\o 
\o 
\o *Info*    Client has finished evaluating ... 
\o 
\o 
\o *Info*    Run complete for Point ID (150 6) on testbench [
\o           IMP_AN_SIGNAL_GEN_GM:S3_TB:1 ].
\o 
\o 
\o 
\o 
\o 
\e *Error* ("difference" 0 t nil ("*Error* difference: can't handle (nil - nil)"))
\e 
\e 
\o 
\o *Error*   Evaluating expression ((VDC("/OUTP") - VDC("/OUTN"))). 
\o 
\o 
\o *Info*    Client has finished evaluating ... 
\o 
\o 
\o *Info*    Run complete for Point ID (150 7) on testbench [
\o           IMP_AN_SIGNAL_GEN_GM:S3_TB:1 ].
\o 
\o 
\o 
\o 
\o 
\e *Error* ("difference" 0 t nil ("*Error* difference: can't handle (nil - nil)"))
\e 
\e 
\o 
\o *Error*   Evaluating expression ((VDC("/OUTP") - VDC("/OUTN"))). 
\o 
\o 
\o *Info*    Client has finished evaluating ... 
\o 
\o 
\o *Info*    Run complete for Point ID (150 8) on testbench [
\o           IMP_AN_SIGNAL_GEN_GM:S3_TB:1 ].
\o 
\o 
\o 
\o 
\o 
\e *Error* ("difference" 0 t nil ("*Error* difference: can't handle (nil - nil)"))
\e 
\e 
\o 
\o *Error*   Evaluating expression ((VDC("/OUTP") - VDC("/OUTN"))). 
\o 
\o 
\o *Info*    Client has finished evaluating ... 
\o 
\o 
\o *Info*    Run complete for Point ID (150 9) on testbench [
\o           IMP_AN_SIGNAL_GEN_GM:S3_TB:1 ].
\o 
\o 
\o 
\o 
\o 
\e *Error* ("difference" 0 t nil ("*Error* difference: can't handle (nil - nil)"))
\e 
\e 
\o 
\o *Error*   Evaluating expression ((VDC("/OUTP") - VDC("/OUTN"))). 
\o 
\o 
\o *Info*    Client has finished evaluating ... 
\o 
\o 
\o *Info*    Run complete for Point ID (150 10) on testbench [
\o           IMP_AN_SIGNAL_GEN_GM:S3_TB:1 ].
\o 
\o 
\o 
\o 
\o 
\e *Error* ("difference" 0 t nil ("*Error* difference: can't handle (nil - nil)"))
\e 
\e 
\o 
\o *Error*   Evaluating expression ((VDC("/OUTP") - VDC("/OUTN"))). 
\o 
\o 
\o *Info*    Client has finished evaluating ... 
\o 
\o 
\o *Info*    Run complete for Point ID (150 11) on testbench [
\o           IMP_AN_SIGNAL_GEN_GM:S3_TB:1 ].
\o 
\o 
\o 
\o 
\o 
\e *Error* ("difference" 0 t nil ("*Error* difference: can't handle (nil - nil)"))
\e 
\e 
\o 
\o *Error*   Evaluating expression ((VDC("/OUTP") - VDC("/OUTN"))). 
\o 
\o 
\o *Info*    Client has finished evaluating ... 
\o 
\o 
\o *Info*    Run complete for Point ID (150 12) on testbench [
\o           IMP_AN_SIGNAL_GEN_GM:S3_TB:1 ].
\o 
\o 
\o 
\o 
\o 
\e *Error* ("difference" 0 t nil ("*Error* difference: can't handle (nil - nil)"))
\e 
\e 
\o 
\o *Error*   Evaluating expression ((VDC("/OUTP") - VDC("/OUTN"))). 
\o 
\o 
\o *Info*    Client has finished evaluating ... 
\o 
\o 
\o *Info*    Run complete for Point ID (150 13) on testbench [
\o           IMP_AN_SIGNAL_GEN_GM:S3_TB:1 ].
\o 
\o 
\o 
\o 
\o 
\e *Error* ("difference" 0 t nil ("*Error* difference: can't handle (nil - nil)"))
\e 
\e 
\o 
\o *Error*   Evaluating expression ((VDC("/OUTP") - VDC("/OUTN"))). 
\o 
\o 
\o *Info*    Client has finished evaluating ... 
\o 
\o 
\o *Info*    Run complete for Point ID (150 14) on testbench [
\o           IMP_AN_SIGNAL_GEN_GM:S3_TB:1 ].
\o 
\o 
\o 
\o 
\o 
\e *Error* ("difference" 0 t nil ("*Error* difference: can't handle (nil - nil)"))
\e 
\e 
\o 
\o *Error*   Evaluating expression ((VDC("/OUTP") - VDC("/OUTN"))). 
\o 
\o 
\o *Info*    Client has finished evaluating ... 
\o 
\o 
\o *Info*    Run complete for Point ID (150 15) on testbench [
\o           IMP_AN_SIGNAL_GEN_GM:S3_TB:1 ].
\o 
\o 
\o 
\o 
\o 
\e *Error* ("difference" 0 t nil ("*Error* difference: can't handle (nil - nil)"))
\e 
\e 
\o 
\o *Error*   Evaluating expression ((VDC("/OUTP") - VDC("/OUTN"))). 
\o 
\o 
\o *Info*    Client has finished evaluating ... 
\o 
\o 
\o *Info*    Run complete for Point ID (150 16) on testbench [
\o           IMP_AN_SIGNAL_GEN_GM:S3_TB:1 ].
\o 
\o 
\o 
\o 
\o 
\e *Error* ("difference" 0 t nil ("*Error* difference: can't handle (nil - nil)"))
\e 
\e 
\o 
\o *Error*   Evaluating expression ((VDC("/OUTP") - VDC("/OUTN"))). 
\o 
\o 
\o *Info*    Client has finished evaluating ... 
\o 
\o 
\o *Info*    Run complete for Point ID (150 17) on testbench [
\o           IMP_AN_SIGNAL_GEN_GM:S3_TB:1 ].
\o 
\o 
\o 
\o 
\o 
\e *Error* ("difference" 0 t nil ("*Error* difference: can't handle (nil - nil)"))
\e 
\e 
\o 
\o *Error*   Evaluating expression ((VDC("/OUTP") - VDC("/OUTN"))). 
\o 
\o 
\o *Info*    Client has finished evaluating ... 
\o 
\o 
\o *Info*    Run complete for Point ID (150 18) on testbench [
\o           IMP_AN_SIGNAL_GEN_GM:S3_TB:1 ].
\o 
\o 
\o 
\o 
\o 
\e *Error* ("difference" 0 t nil ("*Error* difference: can't handle (nil - nil)"))
\e 
\e 
\o 
\o *Error*   Evaluating expression ((VDC("/OUTP") - VDC("/OUTN"))). 
\o 
\o 
\o *Info*    Client has finished evaluating ... 
\o 
\o 
\o *Info*    Run complete for Point ID (150 19) on testbench [
\o           IMP_AN_SIGNAL_GEN_GM:S3_TB:1 ].
\o 
\o 
\o 
\o 
\o 
\e *Error* ("difference" 0 t nil ("*Error* difference: can't handle (nil - nil)"))
\e 
\e 
\o 
\o *Error*   Evaluating expression ((VDC("/OUTP") - VDC("/OUTN"))). 
\o 
\o 
\o *Info*    Client has finished evaluating ... 
\o 
\o 
\o *Info*    Run complete for Point ID (150 20) on testbench [
\o           IMP_AN_SIGNAL_GEN_GM:S3_TB:1 ].
\o 
\o 
\o 
\o 
\o 
\e *Error* ("difference" 0 t nil ("*Error* difference: can't handle (nil - nil)"))
\e 
\e 
\o 
\o *Error*   Evaluating expression ((VDC("/OUTP") - VDC("/OUTN"))). 
\o 
\o 
\o *Info*    Client has finished evaluating ... 
\o 
\o 
\o *Info*    Run complete for Point ID (150 21) on testbench [
\o           IMP_AN_SIGNAL_GEN_GM:S3_TB:1 ].
\o 
\o 
\o 
\o 
\o 
\e *Error* ("difference" 0 t nil ("*Error* difference: can't handle (nil - nil)"))
\e 
\e 
\o 
\o *Error*   Evaluating expression ((VDC("/OUTP") - VDC("/OUTN"))). 
\o 
\o 
\o *Info*    Client has finished evaluating ... 
\o 
\o 
\o *Info*    Run complete for Point ID (150 22) on testbench [
\o           IMP_AN_SIGNAL_GEN_GM:S3_TB:1 ].
\o 
\o 
\o 
\o 
\o 
\e *Error* ("difference" 0 t nil ("*Error* difference: can't handle (nil - nil)"))
\e 
\e 
\o 
\o *Error*   Evaluating expression ((VDC("/OUTP") - VDC("/OUTN"))). 
\o 
\o 
\o *Info*    Client has finished evaluating ... 
\o 
\o 
\o *Info*    Run complete for Point ID (150 23) on testbench [
\o           IMP_AN_SIGNAL_GEN_GM:S3_TB:1 ].
\o 
\o 
\o 
\o 
\o 
\e *Error* ("difference" 0 t nil ("*Error* difference: can't handle (nil - nil)"))
\e 
\e 
\o 
\o *Error*   Evaluating expression ((VDC("/OUTP") - VDC("/OUTN"))). 
\o 
\o 
\o *Info*    Client has finished evaluating ... 
\o 
\o 
\o *Info*    Run complete for Point ID (150 24) on testbench [
\o           IMP_AN_SIGNAL_GEN_GM:S3_TB:1 ].
\o 
\o 
\o 
\o 
\o 
\e *Error* ("difference" 0 t nil ("*Error* difference: can't handle (nil - nil)"))
\e 
\e 
\o 
\o *Error*   Evaluating expression ((VDC("/OUTP") - VDC("/OUTN"))). 
\o 
\o 
\o *Info*    Client has finished evaluating ... 
\o 
\o 
\o *Info*    Run complete for Point ID (150 25) on testbench [
\o           IMP_AN_SIGNAL_GEN_GM:S3_TB:1 ].
\o 
\o 
\o 
\o 
\o 
\e *Error* ("difference" 0 t nil ("*Error* difference: can't handle (nil - nil)"))
\e 
\e 
\o 
\o *Error*   Evaluating expression ((VDC("/OUTP") - VDC("/OUTN"))). 
\o 
\o 
\o *Info*    Client has finished evaluating ... 
\o 
\o 
\o *Info*    Run complete for Point ID (150 26) on testbench [
\o           IMP_AN_SIGNAL_GEN_GM:S3_TB:1 ].
\o 
\o 
\o 
\o 
\o 
\e *Error* ("difference" 0 t nil ("*Error* difference: can't handle (nil - nil)"))
\e 
\e 
\o 
\o *Error*   Evaluating expression ((VDC("/OUTP") - VDC("/OUTN"))). 
\o 
\o 
\o *Info*    Client has finished evaluating ... 
\o 
\o 
\o *Info*    Run complete for Point ID (150 27) on testbench [
\o           IMP_AN_SIGNAL_GEN_GM:S3_TB:1 ].
\o 
\o 
\o 
\o 
\o 
\e *Error* ("difference" 0 t nil ("*Error* difference: can't handle (nil - nil)"))
\e 
\e 
\o 
\o *Error*   Evaluating expression ((VDC("/OUTP") - VDC("/OUTN"))). 
\o 
\o 
\o *Info*    Client has finished evaluating ... 
\o 
\o 
\o *Info*    Run complete for Point ID (150 28) on testbench [
\o           IMP_AN_SIGNAL_GEN_GM:S3_TB:1 ].
\o 
\o 
\o 
\o 
\o 
\e *Error* ("difference" 0 t nil ("*Error* difference: can't handle (nil - nil)"))
\e 
\e 
\o 
\o *Error*   Evaluating expression ((VDC("/OUTP") - VDC("/OUTN"))). 
\o 
\o 
\o *Info*    Client has finished evaluating ... 
\o 
\o 
\o *Info*    Run complete for Point ID (150 29) on testbench [
\o           IMP_AN_SIGNAL_GEN_GM:S3_TB:1 ].
\o 
\o 
\o 
\o 
\o 
\e *Error* ("difference" 0 t nil ("*Error* difference: can't handle (nil - nil)"))
\e 
\e 
\o 
\o *Error*   Evaluating expression ((VDC("/OUTP") - VDC("/OUTN"))). 
\o 
\o 
\o *Info*    Client has finished evaluating ... 
\o 
\o 
\o *Info*    Run complete for Point ID (150 30) on testbench [
\o           IMP_AN_SIGNAL_GEN_GM:S3_TB:1 ].
\o 
\o 
\o 
\o 
\o 
\e *Error* ("difference" 0 t nil ("*Error* difference: can't handle (nil - nil)"))
\e 
\e 
\o 
\o *Error*   Evaluating expression ((VDC("/OUTP") - VDC("/OUTN"))). 
\o 
\o 
\o *Info*    Client has finished evaluating ... 
\o 
\o 
\o *Info*    Run complete for Point ID (150 31) on testbench [
\o           IMP_AN_SIGNAL_GEN_GM:S3_TB:1 ].
\o 
\o 
\o 
\o 
\o 
\e *Error* ("difference" 0 t nil ("*Error* difference: can't handle (nil - nil)"))
\e 
\e 
\o 
\o *Error*   Evaluating expression ((VDC("/OUTP") - VDC("/OUTN"))). 
\o 
\o 
\o *Info*    Client has finished evaluating ... 
\o 
\o 
\o *Info*    Run complete for Point ID (150 32) on testbench [
\o           IMP_AN_SIGNAL_GEN_GM:S3_TB:1 ].
\o 
\o 
\o 
\o 
\o 
\e *Error* ("difference" 0 t nil ("*Error* difference: can't handle (nil - nil)"))
\e 
\e 
\o 
\o *Error*   Evaluating expression ((VDC("/OUTP") - VDC("/OUTN"))). 
\o 
\o 
\o *Info*    Client has finished evaluating ... 
\o 
\o 
\o *Info*    Run complete for Point ID (150 33) on testbench [
\o           IMP_AN_SIGNAL_GEN_GM:S3_TB:1 ].
\o 
\o 
\o 
\o 
\o 
\e *Error* ("difference" 0 t nil ("*Error* difference: can't handle (nil - nil)"))
\e 
\e 
\o 
\o *Error*   Evaluating expression ((VDC("/OUTP") - VDC("/OUTN"))). 
\o 
\o 
\o *Info*    Client has finished evaluating ... 
\o 
\o 
\o *Info*    Run complete for Point ID (150 34) on testbench [
\o           IMP_AN_SIGNAL_GEN_GM:S3_TB:1 ].
\o 
\o 
\o 
\o 
\o 
\e *Error* ("difference" 0 t nil ("*Error* difference: can't handle (nil - nil)"))
\e 
\e 
\o 
\o *Error*   Evaluating expression ((VDC("/OUTP") - VDC("/OUTN"))). 
\o 
\o 
\o *Info*    Client has finished evaluating ... 
\o 
\o 
\o *Info*    Run complete for Point ID (150 35) on testbench [
\o           IMP_AN_SIGNAL_GEN_GM:S3_TB:1 ].
\o 
\o 
\o 
\o 
\o 
\e *Error* ("difference" 0 t nil ("*Error* difference: can't handle (nil - nil)"))
\e 
\e 
\o 
\o *Error*   Evaluating expression ((VDC("/OUTP") - VDC("/OUTN"))). 
\o 
\o 
\o *Info*    Client has finished evaluating ... 
\o 
\o 
\o *Info*    Run complete for Point ID (150 36) on testbench [
\o           IMP_AN_SIGNAL_GEN_GM:S3_TB:1 ].
\o 
\o 
\o 
\o 
\o 
\e *Error* ("difference" 0 t nil ("*Error* difference: can't handle (nil - nil)"))
\e 
\e 
\o 
\o *Error*   Evaluating expression ((VDC("/OUTP") - VDC("/OUTN"))). 
\o 
\o 
\o *Info*    Client has finished evaluating ... 
\o 
\o 
\o *Info*    Run complete for Point ID (150 37) on testbench [
\o           IMP_AN_SIGNAL_GEN_GM:S3_TB:1 ].
\o 
\o 
\o 
\o 
\o 
\e *Error* ("difference" 0 t nil ("*Error* difference: can't handle (nil - nil)"))
\e 
\e 
\o 
\o *Error*   Evaluating expression ((VDC("/OUTP") - VDC("/OUTN"))). 
\o 
\o 
\o *Info*    Client has finished evaluating ... 
\o 
\o 
\o *Info*    Run complete for Point ID (150 38) on testbench [
\o           IMP_AN_SIGNAL_GEN_GM:S3_TB:1 ].
\o 
\o 
\o 
\o 
\o 
\e *Error* ("difference" 0 t nil ("*Error* difference: can't handle (nil - nil)"))
\e 
\e 
\o 
\o *Error*   Evaluating expression ((VDC("/OUTP") - VDC("/OUTN"))). 
\o 
\o 
\o *Info*    Client has finished evaluating ... 
\o 
\o 
\o *Info*    Run complete for Point ID (150 39) on testbench [
\o           IMP_AN_SIGNAL_GEN_GM:S3_TB:1 ].
\o 
\o 
\o 
\o 
\o 
\e *Error* ("difference" 0 t nil ("*Error* difference: can't handle (nil - nil)"))
\e 
\e 
\o 
\o *Error*   Evaluating expression ((VDC("/OUTP") - VDC("/OUTN"))). 
\o 
\o 
\o *Info*    Client has finished evaluating ... 
\o 
\o 
\o *Info*    Run complete for Point ID (150 40) on testbench [
\o           IMP_AN_SIGNAL_GEN_GM:S3_TB:1 ].
\o 
\o 
\o 
\o 
\o 
\e *Error* ("difference" 0 t nil ("*Error* difference: can't handle (nil - nil)"))
\e 
\e 
\o 
\o *Error*   Evaluating expression ((VDC("/OUTP") - VDC("/OUTN"))). 
\o 
\o 
\o *Info*    Client has finished evaluating ... 
\o 
\o 
\o *Info*    Run complete for Point ID (150 41) on testbench [
\o           IMP_AN_SIGNAL_GEN_GM:S3_TB:1 ].
\o 
\o 
\o 
\o 
\o 
\e *Error* ("difference" 0 t nil ("*Error* difference: can't handle (nil - nil)"))
\e 
\e 
\o 
\o *Error*   Evaluating expression ((VDC("/OUTP") - VDC("/OUTN"))). 
\o 
\o 
\o *Info*    Client has finished evaluating ... 
\o 
\o 
\o *Info*    Run complete for Point ID (150 42) on testbench [
\o           IMP_AN_SIGNAL_GEN_GM:S3_TB:1 ].
\o 
\o 
\o 
\o 
\o 
\e *Error* ("difference" 0 t nil ("*Error* difference: can't handle (nil - nil)"))
\e 
\e 
\o 
\o *Error*   Evaluating expression ((VDC("/OUTP") - VDC("/OUTN"))). 
\o 
\o 
\o *Info*    Client has finished evaluating ... 
\o 
\o 
\o *Info*    Run complete for Point ID (150 43) on testbench [
\o           IMP_AN_SIGNAL_GEN_GM:S3_TB:1 ].
\o 
\o 
\o 
\o 
\o 
\e *Error* ("difference" 0 t nil ("*Error* difference: can't handle (nil - nil)"))
\e 
\e 
\o 
\o *Error*   Evaluating expression ((VDC("/OUTP") - VDC("/OUTN"))). 
\o 
\o 
\o *Info*    Client has finished evaluating ... 
\o 
\o 
\o *Info*    Run complete for Point ID (150 44) on testbench [
\o           IMP_AN_SIGNAL_GEN_GM:S3_TB:1 ].
\o 
\o 
\o 
\o 
\o 
\e *Error* ("difference" 0 t nil ("*Error* difference: can't handle (nil - nil)"))
\e 
\e 
\o 
\o *Error*   Evaluating expression ((VDC("/OUTP") - VDC("/OUTN"))). 
\o 
\o 
\o *Info*    Client has finished evaluating ... 
\o 
\o 
\o *Info*    Run complete for Point ID (150 45) on testbench [
\o           IMP_AN_SIGNAL_GEN_GM:S3_TB:1 ].
\o 
\o 
\o 
\o 
\o 
\e *Error* ("difference" 0 t nil ("*Error* difference: can't handle (nil - nil)"))
\e 
\e 
\o 
\o *Error*   Evaluating expression ((VDC("/OUTP") - VDC("/OUTN"))). 
\o 
\o 
\o *Info*    Client has finished evaluating ... 
\o 
\o 
\o *Info*    Run complete for Point ID (150 46) on testbench [
\o           IMP_AN_SIGNAL_GEN_GM:S3_TB:1 ].
\o 
\o 
\o 
\o 
\o 
\e *Error* ("difference" 0 t nil ("*Error* difference: can't handle (nil - nil)"))
\e 
\e 
\o 
\o *Error*   Evaluating expression ((VDC("/OUTP") - VDC("/OUTN"))). 
\o 
\o 
\o *Info*    Client has finished evaluating ... 
\o 
\o 
\o *Info*    Run complete for Point ID (150 47) on testbench [
\o           IMP_AN_SIGNAL_GEN_GM:S3_TB:1 ].
\o 
\o 
\o 
\o 
\o 
\e *Error* ("difference" 0 t nil ("*Error* difference: can't handle (nil - nil)"))
\e 
\e 
\o 
\o *Error*   Evaluating expression ((VDC("/OUTP") - VDC("/OUTN"))). 
\o 
\o 
\o *Info*    Client has finished evaluating ... 
\o 
\o 
\o *Info*    Run complete for Point ID (150 48) on testbench [
\o           IMP_AN_SIGNAL_GEN_GM:S3_TB:1 ].
\o 
\o 
\o 
\o 
\o 
\e *Error* ("difference" 0 t nil ("*Error* difference: can't handle (nil - nil)"))
\e 
\e 
\o 
\o *Error*   Evaluating expression ((VDC("/OUTP") - VDC("/OUTN"))). 
\o 
\o 
\o *Info*    Client has finished evaluating ... 
\o 
\o 
\o *Info*    Run complete for Point ID (150 49) on testbench [
\o           IMP_AN_SIGNAL_GEN_GM:S3_TB:1 ].
\o 
\o 
\o 
\o 
\o 
\o INFO (ADE-3071): Simulation completed successfully.
\o reading simulation data...
\o       ...successful.
\o *Info*    Monte Carlo Simulation completed successfully...
\o WARNING (WIA-1120):  : Invalid directory found while clearing SST2 resources.
\o *Info*    Client has finished evaluating ... 
\o 
\o 
\o *Info*    Run complete for Point ID (150 50) on testbench [
\o           IMP_AN_SIGNAL_GEN_GM:S3_TB:1 ].
\o 
\o 
\o 
\o 
\o 
\# Memory report: Maximum memory size now 13428715520 (0x32069f000) bytes, UTC 2015.10.21 12:26:12.186
\# Memory report: Maximum memory size now 13111726080 (0x30d851000) bytes, UTC 2015.10.21 12:27:52.187
\o Simulation design variables differ from those on the cellView,
\o they have been saved in the file "/tmp/saved-design-variables".
\o To save future changes, copy variables to cellView before exiting.
\# Memory report: on exit 248721408 (0xed33000) bytes, process size 996134912 (0x3b5fd000) bytes at UTC 2015.10.21 12:31:11.725
\# Memory report: peak usage 248741888 (0xed38000) bytes, process size 996147200 (0x3b600000) bytes
