\# Program start time UTC 2015.07.19 19:01:26.277
\# Local time Sunday 19 July 2015, 9:01 pm
\o Program:		@(#)$CDS: virtuoso version 6.1.5-64b 06/11/2013 20:05 (sjfnl006) $
\o Hierarchy:		/pkg/Cadence/installs/IC615/tools.lnx86/dfII/
\o Sub version:		sub-version  IC6.1.5-64b.500.17  (64-bit addresses)
\# Host name (type):	localhost.localdomain (x86_64)
\# Operating system:	Linux 2.6.18-406.el5 #1 SMP Tue Jun 2 17:25:57 EDT 2015
\# X display name (WxH):	localhost.localdomain:80.0 (1024x868)
\# Available geometry:			TL(0:0) BR(1023:867)
\# X server:			RealVNC Ltd (VNC nograph server)
\# Depth of Visual (Root):	16 (16)
\# Number of Planes Used:	16
\# X version:		11.0 (vendor release 3370)
\# X resource pool:	base 0x2000000, mask 0x3fffff (4194303), shift 0
\# 			current id 0x31, current max 0x3ffffa (4194298)
\# Memory report:	maximum data size 18446744073709551615 (0xffffffffffffffff) bytes
\# Memory report:	maximum process size 18446744073709551615 (0xffffffffffffffff) bytes
\# Initial sbrk value:	542851072 (0x205b4000) bytes
\# Available memory:	15994800 (0xf40fb0) kilobytes
\# System memory:	18405228 (0x118d76c) kilobytes
\# Maximum memory size:	18361802752 (0x44672e000) bytes
\# Max mem available:	16436375552 (0x3d3af3000) bytes
\# Initial memory used:	57700352 (0x3707000) bytes
\#        process size:	669069312 (0x27e13000) bytes
\# Qt version:		4.5.3
\# Window Manager:	other
\# User Name:		saul
\o Working Directory:	localhost.localdomain:/home/saul/projects/IMPLANTABLE_AMS/version1/saul
\# Process Id:		1169
\o 
\o COPYRIGHT © 1992-2013  CADENCE DESIGN SYSTEMS INC.  ALL RIGHTS RESERVED.
\o           © 1992-2013  UNIX SYSTEMS Laboratories INC.,
\o                          Reproduced with permission.
\o 
\o This Cadence Design Systems program and online documentation are
\o proprietary/confidential information and may be disclosed/used only
\o as authorized in a license agreement controlling such use and disclosure.
\o 
\o           RESTRICTED RIGHTS NOTICE (SHORT FORM)
\o Use/reproduction/disclosure is subject to restriction
\o set forth at FAR 1252.227-19 or its equivalent.
\# Available memory:	15942660 (0xf34404) kilobytes UTC 2015.07.19 19:01:26.476
\# Memory report: Maximum memory size now 16405995520 (0x3d1dfa000) bytes, UTC 2015.07.19 19:01:26.476
\o Loading geView.cxt 
\o Loading menuBuilder.cxt 
\o Loading schView.cxt 
\o Loading selectSv.cxt 
\o Loading LVS.cxt 
\o Loading layerProc.cxt 
\o Loading xlUI.cxt 
\o Loading auCore.cxt 
\o Loading dcm.cxt 
\o Loading vhdl.cxt 
\o Loading seismic.cxt 
\o Loading ci.cxt 
\o Loading ams.cxt 
\o Loading adexl.cxt 
\o Loading oasis.cxt 
\o Loading asimenv.cxt 
\o Loading analog.cxt 
\o Loading par.cxt 
\o Loading socket.cxt 
\o Loading alvs.cxt 
\o *Info*    Exporting services from client ... 
\o 
\w *WARNING* LIB TECH_H18A6 from File /home/saul/projects/IMPLANTABLE_AMS/version1/saul/cds.lib Line 67 redefines
\w LIB TECH_H18A6 from the same file (defined earlier.)
\w *WARNING* The directory: '/pkg/AMS/cds/HK_H18/TECH_H18A7AMAM' does not exist
\w 	but was defined in libFile '/home/saul/projects/IMPLANTABLE_AMS/version1/saul/cds.lib' for Lib 'TECH_H18A7AM'.
\w *WARNING* The directory: '/pkg/AMS/cds/HK_H18/TECH_H18A5AMAM' does not exist
\w 	but was defined in libFile '/home/saul/projects/IMPLANTABLE_AMS/version1/saul/cds.lib' for Lib 'TECH_H18A5AM'.
\w *WARNING* The directory: '/pkg/AMS/cds/HK_H18/TECH_H18A4AMAM' does not exist
\w 	but was defined in libFile '/home/saul/projects/IMPLANTABLE_AMS/version1/saul/cds.lib' for Lib 'TECH_H18A4AM'.
\w *WARNING* The directory: '/pkg/AMS/cds/HK_H18/TECH_H18A3AMAM' does not exist
\w 	but was defined in libFile '/home/saul/projects/IMPLANTABLE_AMS/version1/saul/cds.lib' for Lib 'TECH_H18A3AM'.
\o ......................................................................................
\o            ams AG hitkit v.ams_4.11
\o ......................................................................................
\o COPYRIGHT (c) 2013 Full Service Foundry @ ams AG.  ALL RIGHTS RESERVED
\o This hitkit and attached documentation are confidential information and may 
\o only be used as authorized by the hitkit license agreement.
\o ......................................................................................
\o Loading simulator default settings.
\o HitKit On-Line Documentation not enabled - does ~/data.reg exist?
\o No mx check
\o  
\o Loading IBM PDK cmhv7sf procedures for Cadence Version "6.1.5-64b"...
\o ...IBM PDK cmhv7sf procedures loaded.
\o  
\o Loading simulator default settings.
\o *Info*    Client has finished starting ... 
\o 
\p hitkit: ams_4.11  Tech: h18a6am  User: saul 
\o 
\o 
\o *Info*    Configuring the session ...
\o 
\o 	Library      = IMP_AN_LPF
\o 	Cell         = lpf_tb
\o 	View         = config
\o 	Simulator    = spectre
\o 	State Path   = $AXL_SETUPDB_DIR/test_states
\o 	State Name   = IMP_AN_LPF:lpf_tb:1_state1_MonteCarlo.0
\o 	Results DB   = /home/saul/projects/IMPLANTABLE_AMS/version1/saul/IMP_AN_LPF/lpf_tb/adexl/results/data/MonteCarlo.0.rdb
\o 	Results Dir  = /home/saul/Sim/IMP_AN_LPF/lpf_tb/adexl/results/data/MonteCarlo.0/1/IMP_AN_LPF:lpf_tb:1
\o 	Results Loc  = /home/saul/Sim/IMP_AN_LPF/lpf_tb/adexl/results/data
\o 	Project Dir  = /home/saul/projects/IMPLANTABLE_AMS/version1/saul/SimVM
\o 	Setup DB loc = /home/saul/projects/IMPLANTABLE_AMS/version1/saul/IMP_AN_LPF/lpf_tb/adexl
\o 	File Encoding = 0
\o 
\o 
\o Loading simui.cxt 
\o Loading awv.cxt 
\o Loading viva.cxt 
\o *Info*    Spectre controlMode is set "batch".
\o 
\o Loading spectrei.cxt 
\# Memory report: now 165638144 (0x9df7000) bytes, process size 913035264 (0x366bd000) bytes at UTC 2015.07.19 19:01:28.097
\o Loading relXpert.cxt 
\w *WARNING* LIB TECH_H18A6 from File /home/saul/projects/IMPLANTABLE_AMS/version1/saul/cds.lib Line 67 redefines
\w LIB TECH_H18A6 from the same file (defined earlier.)
\w *WARNING* The directory: '/pkg/AMS/cds/HK_H18/TECH_H18A7AMAM' does not exist
\w 	but was defined in libFile '/home/saul/projects/IMPLANTABLE_AMS/version1/saul/cds.lib' for Lib 'TECH_H18A7AM'.
\w *WARNING* The directory: '/pkg/AMS/cds/HK_H18/TECH_H18A5AMAM' does not exist
\w 	but was defined in libFile '/home/saul/projects/IMPLANTABLE_AMS/version1/saul/cds.lib' for Lib 'TECH_H18A5AM'.
\w *WARNING* The directory: '/pkg/AMS/cds/HK_H18/TECH_H18A4AMAM' does not exist
\w 	but was defined in libFile '/home/saul/projects/IMPLANTABLE_AMS/version1/saul/cds.lib' for Lib 'TECH_H18A4AM'.
\w *WARNING* The directory: '/pkg/AMS/cds/HK_H18/TECH_H18A3AMAM' does not exist
\w 	but was defined in libFile '/home/saul/projects/IMPLANTABLE_AMS/version1/saul/cds.lib' for Lib 'TECH_H18A3AM'.
\o Loading hspiceD.cxt 
\o Loading spectreinl.cxt 
\o Loading msgHandler.cxt 
\o Loading UltraSim.cxt 
\o Loading AMSOSS.cxt 
\o Loading AMS.cxt 
\o Loading devCheck.cxt 
\o Initializing IBM_PDK functions
\o IBM_PDK skill procedures for Cadence 6.1 - Nov 29 08:29:37 2010
\o Licensed Materials - Property of IBM - All Rights Reserved 
\o Copyright: International Business Machines Corporation, 2015
\o This Material may not be copied without the written consent of 
\o Semiconductor Research and Development Center, IBM Corp., Essex Junction, VT 05452-4299.
\o  Default set for Left & Right WindowCoordIBM
\o System hardware set for Linux IBM_PDK procedures
\o Setting calibre env variable table for cmhv7sf 
\o Using menu definition file: /pkg/AMS/cds/HK_H18/cmhv7sf/ibmPdkMenu.def
\o set cmhv7sf  calibre env variables based on ibmPdkMenuCalibre settings
\o set cmhv7sf  calibre env variables based on ibmPdkMenuCalibreDrc settings
\o set cmhv7sf  calibre env variables based on ibmPdkMenuCalibreLvs settings
\o set cmhv7sf  calibre env variables based on ibmPdkMenuCalibrePerc settings
\o 
\o 
\o 
\o 
\o 
\o *Info*    Run start for Point ID (34 51) on testbench [
\o           IMP_AN_LPF:lpf_tb:1 ].
\o 
\o Resetting statistical vars
\o 
\o *Info*    Setting parameter values ...
\o 
\o Setting var DC_IN = "0"
\o Setting var VDC_CM = "900m"
\o Setting var Vsupply = "1.8"
\o Loading monte.cxt 
\o Setting temp(T) = 27
\o 
\o *Info*    Netlist Directory =
\o           /home/saul/Sim/IMP_AN_LPF/lpf_tb/adexl/results/data/MonteCarlo.0/51/IMP_AN_LPF:lpf_tb:1/netlist
\o 
\o 
\o *Info*    Data Directory    =
\o           /home/saul/Sim/IMP_AN_LPF/lpf_tb/adexl/results/data/MonteCarlo.0/51/IMP_AN_LPF:lpf_tb:1
\o 
\o 
\o *Info*    Creating Netlist for Point ID (34 51)
\o 
\o generate netlist...
\e *Error* load: can't access file - "/afs/ict.kth.se/proj/ektlab/PDK/AMS/cds/HK_ALL/skill/ansCdlCompPrim.il"
\o Loading seCore.cxt 
\e *Error* load: can't access file - "/afs/ict.kth.se/proj/ektlab/PDK/AMS/cds/HK_ALL/skill/ansCdlCompPrim.il"
\e *Error* load: can't access file - "/afs/ict.kth.se/proj/ektlab/PDK/AMS/cds/HK_ALL/skill/ansCdlCompPrim.il"
\o Begin Incremental Netlisting Jul 19 21:01:29 2015
\o WARNING (OSSHNL-145): Incremental netlisting is not possible since the netlist in this run directory
\o was generated using a previous IHNL version which is incompatible with the
\o current IHNL version. Therefore re-netlisting the entire design using the
\o current IHNL version.
\o 
\o WARNING (ADE-6003): Terminal "IOUTN", specified in the CDF termOrder, does not exist
\o            in the cell-view "IMP_AN_LPF" "s1_gm1_block" "schematic"
\o WARNING (ADE-6004): Mismatch was found between the terminals in the cellView and those on the
\o            termOrder property on the CDF. Because of the mismatch, the CDF termOrder will
\o            be ignored. The terminals in the cellView will be netlisted in the alphabetical
\o            order of their names. Eliminate the mismatch if you want the CDF termOrder
\o            property to be used for netlisting.
\o            To edit CDF of a cell, 
\o            i) Open CIW->Tools->CDF->Edit.
\o            ii) Select Library Name & Cell Name.
\o            iii) Click on the Edit button in the simulation information section of the
\o                 Edit CDF window.
\o End netlisting Jul 19 21:01:29 2015
\o 
\o Netlisting Statistics:
\o 	Number of components:   93
\o 
\o 	Elapsed time:          0.0s
\o Errors: 0	Warnings: 2
\o       ...successful.
\o compose simulator input file...
\o       ...successful.
\o 
\o *Info*    Running simulation on testbench [ IMP_AN_LPF:lpf_tb:1 ] for
\o           Point ID (34 51).
\o 
\o *Info*    Spectre controlMode is set "batch" due to monte carlo run.
\o 
\o Delete psf data in /home/saul/Sim/IMP_AN_LPF/lpf_tb/adexl/results/data/MonteCarlo.0/51/IMP_AN_LPF:lpf_tb:1/psf.
\o generate netlist...
\e *Error* load: can't access file - "/afs/ict.kth.se/proj/ektlab/PDK/AMS/cds/HK_ALL/skill/ansCdlCompPrim.il"
\e *Error* load: can't access file - "/afs/ict.kth.se/proj/ektlab/PDK/AMS/cds/HK_ALL/skill/ansCdlCompPrim.il"
\o Begin Incremental Netlisting Jul 19 21:01:29 2015
\o End netlisting Jul 19 21:01:29 2015
\o 
\o 	The netlist is up to date.
\o 	Time taken to compare the design with netlist:   0.0s
\o       ...successful.
\o compose simulator input file...
\o       ...successful.
\o start simulator if needed...
\o       ...successful.
\o simulate...
\o To view the simulator output, right-click on the test name, result 
\o name, or any value in the "Results" tab of the Outputs section and 
\o choose "Output Log" menu option.
\o Loading paraplot.cxt 
\# Memory report: Maximum memory size now 15775531008 (0x3ac4b8000) bytes, UTC 2015.07.19 19:01:36.477
\e *Error* rms: can't handle rms(nil)
\e 
\e 
\o Loading stats.cxt 
\e *Error* rms: can't handle rms(nil)
\e 
\e 
\o *Info*    Client has finished evaluating ... 
\o 
\o 
\o *Info*    Run complete for Point ID (34 51) on testbench [
\o           IMP_AN_LPF:lpf_tb:1 ].
\o 
\o 
\o 
\o 
\o 
\e *Error* rms: can't handle rms(nil)
\e 
\e 
\o *Info*    Client has finished evaluating ... 
\o 
\o 
\o *Info*    Run complete for Point ID (34 52) on testbench [
\o           IMP_AN_LPF:lpf_tb:1 ].
\o 
\o 
\o 
\o 
\o 
\e *Error* rms: can't handle rms(nil)
\e 
\e 
\o *Info*    Client has finished evaluating ... 
\o 
\o 
\o *Info*    Run complete for Point ID (34 53) on testbench [
\o           IMP_AN_LPF:lpf_tb:1 ].
\o 
\o 
\o 
\o 
\o 
\e *Error* rms: can't handle rms(nil)
\e 
\e 
\o *Info*    Client has finished evaluating ... 
\o 
\o 
\o *Info*    Run complete for Point ID (34 54) on testbench [
\o           IMP_AN_LPF:lpf_tb:1 ].
\o 
\o 
\o 
\o 
\o 
\e *Error* rms: can't handle rms(nil)
\e 
\e 
\o *Info*    Client has finished evaluating ... 
\o 
\o 
\o *Info*    Run complete for Point ID (34 55) on testbench [
\o           IMP_AN_LPF:lpf_tb:1 ].
\o 
\o 
\o 
\o 
\o 
\e *Error* rms: can't handle rms(nil)
\e 
\e 
\o *Info*    Client has finished evaluating ... 
\o 
\o 
\o *Info*    Run complete for Point ID (34 56) on testbench [
\o           IMP_AN_LPF:lpf_tb:1 ].
\o 
\o 
\o 
\o 
\o 
\e *Error* rms: can't handle rms(nil)
\e 
\e 
\o *Info*    Client has finished evaluating ... 
\o 
\o 
\o *Info*    Run complete for Point ID (34 57) on testbench [
\o           IMP_AN_LPF:lpf_tb:1 ].
\o 
\o 
\o 
\o 
\o 
\e *Error* rms: can't handle rms(nil)
\e 
\e 
\o *Info*    Client has finished evaluating ... 
\o 
\o 
\o *Info*    Run complete for Point ID (34 58) on testbench [
\o           IMP_AN_LPF:lpf_tb:1 ].
\o 
\o 
\o 
\o 
\o 
\e *Error* rms: can't handle rms(nil)
\e 
\e 
\o *Info*    Client has finished evaluating ... 
\o 
\o 
\o *Info*    Run complete for Point ID (34 59) on testbench [
\o           IMP_AN_LPF:lpf_tb:1 ].
\o 
\o 
\o 
\o 
\o 
\e *Error* rms: can't handle rms(nil)
\e 
\e 
\o *Info*    Client has finished evaluating ... 
\o 
\o 
\o *Info*    Run complete for Point ID (34 60) on testbench [
\o           IMP_AN_LPF:lpf_tb:1 ].
\o 
\o 
\o 
\o 
\o 
\e *Error* rms: can't handle rms(nil)
\e 
\e 
\o *Info*    Client has finished evaluating ... 
\o 
\o 
\o *Info*    Run complete for Point ID (34 61) on testbench [
\o           IMP_AN_LPF:lpf_tb:1 ].
\o 
\o 
\o 
\o 
\o 
\e *Error* rms: can't handle rms(nil)
\e 
\e 
\o *Info*    Client has finished evaluating ... 
\o 
\o 
\o *Info*    Run complete for Point ID (34 62) on testbench [
\o           IMP_AN_LPF:lpf_tb:1 ].
\o 
\o 
\o 
\o 
\o 
\e *Error* rms: can't handle rms(nil)
\e 
\e 
\o *Info*    Client has finished evaluating ... 
\o 
\o 
\o *Info*    Run complete for Point ID (34 63) on testbench [
\o           IMP_AN_LPF:lpf_tb:1 ].
\o 
\o 
\o 
\o 
\o 
\e *Error* rms: can't handle rms(nil)
\e 
\e 
\o *Info*    Client has finished evaluating ... 
\o 
\o 
\o *Info*    Run complete for Point ID (34 64) on testbench [
\o           IMP_AN_LPF:lpf_tb:1 ].
\o 
\o 
\o 
\o 
\o 
\e *Error* rms: can't handle rms(nil)
\e 
\e 
\o *Info*    Client has finished evaluating ... 
\o 
\o 
\o *Info*    Run complete for Point ID (34 65) on testbench [
\o           IMP_AN_LPF:lpf_tb:1 ].
\o 
\o 
\o 
\o 
\o 
\e *Error* rms: can't handle rms(nil)
\e 
\e 
\o *Info*    Client has finished evaluating ... 
\o 
\o 
\o *Info*    Run complete for Point ID (34 66) on testbench [
\o           IMP_AN_LPF:lpf_tb:1 ].
\o 
\o 
\o 
\o 
\o 
\e *Error* rms: can't handle rms(nil)
\e 
\e 
\o *Info*    Client has finished evaluating ... 
\o 
\o 
\o *Info*    Run complete for Point ID (34 67) on testbench [
\o           IMP_AN_LPF:lpf_tb:1 ].
\o 
\o 
\o 
\o 
\o 
\e *Error* rms: can't handle rms(nil)
\e 
\e 
\o *Info*    Client has finished evaluating ... 
\o 
\o 
\o *Info*    Run complete for Point ID (34 68) on testbench [
\o           IMP_AN_LPF:lpf_tb:1 ].
\o 
\o 
\o 
\o 
\o 
\e *Error* rms: can't handle rms(nil)
\e 
\e 
\o *Info*    Client has finished evaluating ... 
\o 
\o 
\o *Info*    Run complete for Point ID (34 69) on testbench [
\o           IMP_AN_LPF:lpf_tb:1 ].
\o 
\o 
\o 
\o 
\o 
\e *Error* rms: can't handle rms(nil)
\e 
\e 
\o *Info*    Client has finished evaluating ... 
\o 
\o 
\o *Info*    Run complete for Point ID (34 70) on testbench [
\o           IMP_AN_LPF:lpf_tb:1 ].
\o 
\o 
\o 
\o 
\o 
\e *Error* rms: can't handle rms(nil)
\e 
\e 
\o *Info*    Client has finished evaluating ... 
\o 
\o 
\o *Info*    Run complete for Point ID (34 71) on testbench [
\o           IMP_AN_LPF:lpf_tb:1 ].
\o 
\o 
\o 
\o 
\o 
\e *Error* rms: can't handle rms(nil)
\e 
\e 
\o *Info*    Client has finished evaluating ... 
\o 
\o 
\o *Info*    Run complete for Point ID (34 72) on testbench [
\o           IMP_AN_LPF:lpf_tb:1 ].
\o 
\o 
\o 
\o 
\o 
\# Memory report: Maximum memory size now 15456280576 (0x399442000) bytes, UTC 2015.07.19 19:03:36.565
\e *Error* rms: can't handle rms(nil)
\e 
\e 
\o *Info*    Client has finished evaluating ... 
\o 
\o 
\o *Info*    Run complete for Point ID (34 73) on testbench [
\o           IMP_AN_LPF:lpf_tb:1 ].
\o 
\o 
\o 
\o 
\o 
\e *Error* rms: can't handle rms(nil)
\e 
\e 
\o *Info*    Client has finished evaluating ... 
\o 
\o 
\o *Info*    Run complete for Point ID (34 74) on testbench [
\o           IMP_AN_LPF:lpf_tb:1 ].
\o 
\o 
\o 
\o 
\o 
\e *Error* rms: can't handle rms(nil)
\e 
\e 
\o *Info*    Client has finished evaluating ... 
\o 
\o 
\o *Info*    Run complete for Point ID (34 75) on testbench [
\o           IMP_AN_LPF:lpf_tb:1 ].
\o 
\o 
\o 
\o 
\o 
\e *Error* rms: can't handle rms(nil)
\e 
\e 
\o *Info*    Client has finished evaluating ... 
\o 
\o 
\o *Info*    Run complete for Point ID (34 76) on testbench [
\o           IMP_AN_LPF:lpf_tb:1 ].
\o 
\o 
\o 
\o 
\o 
\e *Error* rms: can't handle rms(nil)
\e 
\e 
\o *Info*    Client has finished evaluating ... 
\o 
\o 
\o *Info*    Run complete for Point ID (34 77) on testbench [
\o           IMP_AN_LPF:lpf_tb:1 ].
\o 
\o 
\o 
\o 
\o 
\e *Error* rms: can't handle rms(nil)
\e 
\e 
\o *Info*    Client has finished evaluating ... 
\o 
\o 
\o *Info*    Run complete for Point ID (34 78) on testbench [
\o           IMP_AN_LPF:lpf_tb:1 ].
\o 
\o 
\o 
\o 
\o 
\e *Error* rms: can't handle rms(nil)
\e 
\e 
\o *Info*    Client has finished evaluating ... 
\o 
\o 
\o *Info*    Run complete for Point ID (34 79) on testbench [
\o           IMP_AN_LPF:lpf_tb:1 ].
\o 
\o 
\o 
\o 
\o 
\e *Error* rms: can't handle rms(nil)
\e 
\e 
\o *Info*    Client has finished evaluating ... 
\o 
\o 
\o *Info*    Run complete for Point ID (34 80) on testbench [
\o           IMP_AN_LPF:lpf_tb:1 ].
\o 
\o 
\o 
\o 
\o 
\e *Error* rms: can't handle rms(nil)
\e 
\e 
\o *Info*    Client has finished evaluating ... 
\o 
\o 
\o *Info*    Run complete for Point ID (34 81) on testbench [
\o           IMP_AN_LPF:lpf_tb:1 ].
\o 
\o 
\o 
\o 
\o 
\e *Error* rms: can't handle rms(nil)
\e 
\e 
\o *Info*    Client has finished evaluating ... 
\o 
\o 
\o *Info*    Run complete for Point ID (34 82) on testbench [
\o           IMP_AN_LPF:lpf_tb:1 ].
\o 
\o 
\o 
\o 
\o 
\e *Error* rms: can't handle rms(nil)
\e 
\e 
\o *Info*    Client has finished evaluating ... 
\o 
\o 
\o *Info*    Run complete for Point ID (34 83) on testbench [
\o           IMP_AN_LPF:lpf_tb:1 ].
\o 
\o 
\o 
\o 
\o 
\e *Error* rms: can't handle rms(nil)
\e 
\e 
\o *Info*    Client has finished evaluating ... 
\o 
\o 
\o *Info*    Run complete for Point ID (34 84) on testbench [
\o           IMP_AN_LPF:lpf_tb:1 ].
\o 
\o 
\o 
\o 
\o 
\e *Error* rms: can't handle rms(nil)
\e 
\e 
\o *Info*    Client has finished evaluating ... 
\o 
\o 
\o *Info*    Run complete for Point ID (34 85) on testbench [
\o           IMP_AN_LPF:lpf_tb:1 ].
\o 
\o 
\o 
\o 
\o 
\e *Error* rms: can't handle rms(nil)
\e 
\e 
\o *Info*    Client has finished evaluating ... 
\o 
\o 
\o *Info*    Run complete for Point ID (34 86) on testbench [
\o           IMP_AN_LPF:lpf_tb:1 ].
\o 
\o 
\o 
\o 
\o 
\e *Error* rms: can't handle rms(nil)
\e 
\e 
\o *Info*    Client has finished evaluating ... 
\o 
\o 
\o *Info*    Run complete for Point ID (34 87) on testbench [
\o           IMP_AN_LPF:lpf_tb:1 ].
\o 
\o 
\o 
\o 
\o 
\e *Error* rms: can't handle rms(nil)
\e 
\e 
\o *Info*    Client has finished evaluating ... 
\o 
\o 
\o *Info*    Run complete for Point ID (34 88) on testbench [
\o           IMP_AN_LPF:lpf_tb:1 ].
\o 
\o 
\o 
\o 
\o 
\e *Error* rms: can't handle rms(nil)
\e 
\e 
\o *Info*    Client has finished evaluating ... 
\o 
\o 
\o *Info*    Run complete for Point ID (34 89) on testbench [
\o           IMP_AN_LPF:lpf_tb:1 ].
\o 
\o 
\o 
\o 
\o 
\e *Error* rms: can't handle rms(nil)
\e 
\e 
\o *Info*    Client has finished evaluating ... 
\o 
\o 
\o *Info*    Run complete for Point ID (34 90) on testbench [
\o           IMP_AN_LPF:lpf_tb:1 ].
\o 
\o 
\o 
\o 
\o 
\e *Error* rms: can't handle rms(nil)
\e 
\e 
\o *Info*    Client has finished evaluating ... 
\o 
\o 
\o *Info*    Run complete for Point ID (34 91) on testbench [
\o           IMP_AN_LPF:lpf_tb:1 ].
\o 
\o 
\o 
\o 
\o 
\e *Error* rms: can't handle rms(nil)
\e 
\e 
\o *Info*    Client has finished evaluating ... 
\o 
\o 
\o *Info*    Run complete for Point ID (34 92) on testbench [
\o           IMP_AN_LPF:lpf_tb:1 ].
\o 
\o 
\o 
\o 
\o 
\e *Error* rms: can't handle rms(nil)
\e 
\e 
\o *Info*    Client has finished evaluating ... 
\o 
\o 
\o *Info*    Run complete for Point ID (34 93) on testbench [
\o           IMP_AN_LPF:lpf_tb:1 ].
\o 
\o 
\o 
\o 
\o 
\e *Error* rms: can't handle rms(nil)
\e 
\e 
\o *Info*    Client has finished evaluating ... 
\o 
\o 
\o *Info*    Run complete for Point ID (34 94) on testbench [
\o           IMP_AN_LPF:lpf_tb:1 ].
\o 
\o 
\o 
\o 
\o 
\e *Error* rms: can't handle rms(nil)
\e 
\e 
\o *Info*    Client has finished evaluating ... 
\o 
\o 
\o *Info*    Run complete for Point ID (34 95) on testbench [
\o           IMP_AN_LPF:lpf_tb:1 ].
\o 
\o 
\o 
\o 
\o 
\e *Error* rms: can't handle rms(nil)
\e 
\e 
\o *Info*    Client has finished evaluating ... 
\o 
\o 
\o *Info*    Run complete for Point ID (34 96) on testbench [
\o           IMP_AN_LPF:lpf_tb:1 ].
\o 
\o 
\o 
\o 
\o 
\e *Error* rms: can't handle rms(nil)
\e 
\e 
\o *Info*    Client has finished evaluating ... 
\o 
\o 
\o *Info*    Run complete for Point ID (34 97) on testbench [
\o           IMP_AN_LPF:lpf_tb:1 ].
\o 
\o 
\o 
\o 
\o 
\e *Error* rms: can't handle rms(nil)
\e 
\e 
\o *Info*    Client has finished evaluating ... 
\o 
\o 
\o *Info*    Run complete for Point ID (34 98) on testbench [
\o           IMP_AN_LPF:lpf_tb:1 ].
\o 
\o 
\o 
\o 
\o 
\e *Error* rms: can't handle rms(nil)
\e 
\e 
\o *Info*    Client has finished evaluating ... 
\o 
\o 
\o *Info*    Run complete for Point ID (34 99) on testbench [
\o           IMP_AN_LPF:lpf_tb:1 ].
\o 
\o 
\o 
\o 
\o 
\o INFO (ADE-3071): Simulation completed successfully.
\o reading simulation data...
\o       ...successful.
\o *Info*    Monte Carlo Simulation completed successfully...
\o WARNING (WIA-1120):  : Invalid directory found while clearing SST2 resources.
\o *Info*    Client has finished evaluating ... 
\o 
\o 
\o *Info*    Run complete for Point ID (34 100) on testbench [
\o           IMP_AN_LPF:lpf_tb:1 ].
\o 
\o 
\o 
\o 
\o 
\# Memory report: Maximum memory size now 15874928640 (0x3b2383000) bytes, UTC 2015.07.19 19:05:49.295
\o Simulation design variables differ from those on the cellView,
\o they have been saved in the file "/tmp/saved-design-variables".
\o To save future changes, copy variables to cellView before exiting.
\o 
\o *Info*    Received signal SIGTERM.
\o 
\o 
\# Memory report: on exit 207728640 (0xc61b000) bytes, process size 955142144 (0x38ee5000) bytes at UTC 2015.07.19 19:10:49.099
\# Memory report: peak usage 207749120 (0xc620000) bytes, process size 955154432 (0x38ee8000) bytes
