\# Program start time UTC 2015.11.26 14:32:13.258
\# Local time Thursday 26 November 2015, 3:32 pm
\o Program:		@(#)$CDS: virtuoso version 6.1.5-64b 06/11/2013 20:05 (sjfnl006) $
\o Hierarchy:		/pkg/Cadence/installs/IC615/tools.lnx86/dfII/
\o Sub version:		sub-version  IC6.1.5-64b.500.17  (64-bit addresses)
\# Host name (type):	s2424.it.kth.se (x86_64)
\# Operating system:	Linux 2.6.18-407.el5 #1 SMP Wed Nov 11 08:12:41 EST 2015
\# X display name (WxH):	s2424.it.kth.se:80.0 (1024x868)
\# Available geometry:			TL(0:0) BR(1023:867)
\# X server:			RealVNC Ltd (VNC nograph server)
\# Depth of Visual (Root):	16 (16)
\# Number of Planes Used:	16
\# X version:		11.0 (vendor release 3370)
\# X resource pool:	base 0x7c00000, mask 0x3fffff (4194303), shift 0
\# 			current id 0x31, current max 0x3ffffa (4194298)
\# Memory report:	maximum data size 18446744073709551615 (0xffffffffffffffff) bytes
\# Memory report:	maximum process size 18446744073709551615 (0xffffffffffffffff) bytes
\# Initial sbrk value:	471347200 (0x1c183000) bytes
\# Available memory:	67049680 (0x3ff18d0) kilobytes
\# System memory:	80336196 (0x4c9d544) kilobytes
\# Maximum memory size:	81850609664 (0x130ead3000) bytes
\# Max mem available:	68716564480 (0xfffd39000) bytes
\# Initial memory used:	57692160 (0x3705000) bytes
\#        process size:	673415168 (0x28238000) bytes
\# Qt version:		4.5.3
\# Window Manager:	other
\# User Name:		saul
\o Working Directory:	s2424.it.kth.se:/home/saul/projects/IMPLANTABLE_AMS/version1/saul
\# Process Id:		13484
\o 
\o COPYRIGHT © 1992-2013  CADENCE DESIGN SYSTEMS INC.  ALL RIGHTS RESERVED.
\o           © 1992-2013  UNIX SYSTEMS Laboratories INC.,
\o                          Reproduced with permission.
\o 
\o This Cadence Design Systems program and online documentation are
\o proprietary/confidential information and may be disclosed/used only
\o as authorized in a license agreement controlling such use and disclosure.
\o 
\o           RESTRICTED RIGHTS NOTICE (SHORT FORM)
\o Use/reproduction/disclosure is subject to restriction
\o set forth at FAR 1252.227-19 or its equivalent.
\# Available memory:	66876464 (0x3fc7430) kilobytes UTC 2015.11.26 14:32:13.484
\# Memory report: Maximum memory size now 68562165760 (0xff69fa000) bytes, UTC 2015.11.26 14:32:13.484
\o Loading geView.cxt 
\o Loading menuBuilder.cxt 
\o Loading schView.cxt 
\o Loading selectSv.cxt 
\o Loading LVS.cxt 
\o Loading layerProc.cxt 
\o Loading xlUI.cxt 
\o Loading auCore.cxt 
\o Loading dcm.cxt 
\o Loading vhdl.cxt 
\o Loading seismic.cxt 
\o Loading ci.cxt 
\o Loading ams.cxt 
\o Loading adexl.cxt 
\o Loading oasis.cxt 
\o Loading asimenv.cxt 
\o Loading analog.cxt 
\o Loading par.cxt 
\o Loading socket.cxt 
\o Loading alvs.cxt 
\o *Info*    Exporting services from client ... 
\o 
\w *WARNING* LIB TECH_H18A6 from File /home/saul/projects/IMPLANTABLE_AMS/version1/saul/cds.lib Line 69 redefines
\w LIB TECH_H18A6 from the same file (defined earlier.)
\w *WARNING* The directory: '/pkg/AMS411/cds/HK_H18/TECH_H18A7AMAM' does not exist
\w 	but was defined in libFile '/home/saul/projects/IMPLANTABLE_AMS/version1/saul/cds.lib' for Lib 'TECH_H18A7AM'.
\w *WARNING* The directory: '/pkg/AMS411/cds/HK_H18/TECH_H18A5AMAM' does not exist
\w 	but was defined in libFile '/home/saul/projects/IMPLANTABLE_AMS/version1/saul/cds.lib' for Lib 'TECH_H18A5AM'.
\w *WARNING* The directory: '/pkg/AMS411/cds/HK_H18/TECH_H18A4AMAM' does not exist
\w 	but was defined in libFile '/home/saul/projects/IMPLANTABLE_AMS/version1/saul/cds.lib' for Lib 'TECH_H18A4AM'.
\w *WARNING* The directory: '/pkg/AMS411/cds/HK_H18/TECH_H18A3AMAM' does not exist
\w 	but was defined in libFile '/home/saul/projects/IMPLANTABLE_AMS/version1/saul/cds.lib' for Lib 'TECH_H18A3AM'.
\o ......................................................................................
\o            ams AG hitkit v.ams_4.11
\o ......................................................................................
\o COPYRIGHT (c) 2013 Full Service Foundry @ ams AG.  ALL RIGHTS RESERVED
\o This hitkit and attached documentation are confidential information and may 
\o only be used as authorized by the hitkit license agreement.
\o ......................................................................................
\o Loading simulator default settings.
\o HitKit On-Line Documentation not enabled - does ~/data.reg exist?
\o No mx check
\o  
\o Loading IBM PDK cmhv7sf procedures for Cadence Version "6.1.5-64b"...
\o ...IBM PDK cmhv7sf procedures loaded.
\o  
\o Loading simulator default settings.
\o *Info*    Client has finished starting ... 
\o 
\p hitkit: ams_4.11  Tech: h18a6am  User: saul 
\o 
\o 
\o *Info*    Configuring the session ...
\o 
\o 	Library      = IMP_POW_TOP
\o 	Cell         = pow_top_tb
\o 	View         = config
\o 	Simulator    = spectre
\o 	State Path   = $AXL_SETUPDB_DIR/test_states
\o 	State Name   = IMP_POW_TOP:pow_top_tb:2_none_Interactive.23
\o 	Results DB   = /home/saul/projects/IMPLANTABLE_AMS/version1/saul/IMP_POW_TOP/pow_top_tb/adexl/results/data/Interactive.23.rdb
\o 	Results Dir  = /home/saul/Sim/IMP_POW_TOP/pow_top_tb/adexl/results/data/Interactive.23/1/IMP_POW_TOP:pow_top_tb:2
\o 	Results Loc  = /home/saul/Sim/IMP_POW_TOP/pow_top_tb/adexl/results/data
\o 	Project Dir  = /home/saul/projects/IMPLANTABLE_AMS/version1/saul/SimVM
\o 	Setup DB loc = /home/saul/projects/IMPLANTABLE_AMS/version1/saul/IMP_POW_TOP/pow_top_tb/adexl
\o 	File Encoding = 0
\o 
\o 
\o Loading simui.cxt 
\o Loading awv.cxt 
\o Loading viva.cxt 
\o *Info*    Spectre controlMode is set "batch".
\o 
\o Loading spectrei.cxt 
\# Memory report: now 167829504 (0xa00e000) bytes, process size 915304448 (0x368e7000) bytes at UTC 2015.11.26 14:32:16.185
\o Loading relXpert.cxt 
\w *WARNING* LIB TECH_H18A6 from File /home/saul/projects/IMPLANTABLE_AMS/version1/saul/cds.lib Line 69 redefines
\w LIB TECH_H18A6 from the same file (defined earlier.)
\w *WARNING* The directory: '/pkg/AMS411/cds/HK_H18/TECH_H18A7AMAM' does not exist
\w 	but was defined in libFile '/home/saul/projects/IMPLANTABLE_AMS/version1/saul/cds.lib' for Lib 'TECH_H18A7AM'.
\w *WARNING* The directory: '/pkg/AMS411/cds/HK_H18/TECH_H18A5AMAM' does not exist
\w 	but was defined in libFile '/home/saul/projects/IMPLANTABLE_AMS/version1/saul/cds.lib' for Lib 'TECH_H18A5AM'.
\w *WARNING* The directory: '/pkg/AMS411/cds/HK_H18/TECH_H18A4AMAM' does not exist
\w 	but was defined in libFile '/home/saul/projects/IMPLANTABLE_AMS/version1/saul/cds.lib' for Lib 'TECH_H18A4AM'.
\w *WARNING* The directory: '/pkg/AMS411/cds/HK_H18/TECH_H18A3AMAM' does not exist
\w 	but was defined in libFile '/home/saul/projects/IMPLANTABLE_AMS/version1/saul/cds.lib' for Lib 'TECH_H18A3AM'.
\o Loading hspiceD.cxt 
\o Loading spectreinl.cxt 
\o Loading msgHandler.cxt 
\o Loading UltraSim.cxt 
\o Loading AMSOSS.cxt 
\o Loading AMS.cxt 
\o Loading devCheck.cxt 
\o Initializing IBM_PDK functions
\o IBM_PDK skill procedures for Cadence 6.1 - Nov 29 08:29:37 2010
\o Licensed Materials - Property of IBM - All Rights Reserved 
\o Copyright: International Business Machines Corporation, 2015
\o This Material may not be copied without the written consent of 
\o Semiconductor Research and Development Center, IBM Corp., Essex Junction, VT 05452-4299.
\o  Default set for Left & Right WindowCoordIBM
\o System hardware set for Linux IBM_PDK procedures
\o Setting calibre env variable table for cmhv7sf 
\o Using menu definition file: /pkg/AMS411/cds/HK_H18/cmhv7sf/ibmPdkMenu.def
\o set cmhv7sf  calibre env variables based on ibmPdkMenuCalibre settings
\o set cmhv7sf  calibre env variables based on ibmPdkMenuCalibreDrc settings
\o set cmhv7sf  calibre env variables based on ibmPdkMenuCalibreLvs settings
\o set cmhv7sf  calibre env variables based on ibmPdkMenuCalibrePerc settings
\o 
\o 
\o 
\o 
\o 
\o *Info*    Run start for Point ID (14 15) on testbench [
\o           IMP_POW_TOP:pow_top_tb:2 ].
\o 
\o Resetting statistical vars
\o 
\o *Info*    Setting parameter values ...
\o 
\o Setting var AM_INDEX = "0.1"
\o Setting var C_REC = "1u"
\o Setting var FREQ = "100k"
\o Setting var TX_DATA = "0"
\o Setting var VIN_AC = "0"
\o Setting var VIN_AMP = "0"
\o Setting var VIN_DC = "0"
\o Setting var VIN_PULSE = "5"
\o Setting temp(T) = 27
\o 
\o *Info*    Netlist Directory =
\o           /home/saul/Sim/IMP_POW_TOP/pow_top_tb/adexl/results/data/Interactive.23/15/IMP_POW_TOP:pow_top_tb:2/netlist
\o 
\o 
\o *Info*    Data Directory    =
\o           /home/saul/Sim/IMP_POW_TOP/pow_top_tb/adexl/results/data/Interactive.23/15/IMP_POW_TOP:pow_top_tb:2
\o 
\o 
\o *Info*    Creating Netlist for Point ID (14 15)
\o 
\o generate netlist...
\e *Error* load: can't access file - "/afs/ict.kth.se/proj/ektlab/PDK/AMS/cds/HK_ALL/skill/ansCdlCompPrim.il"
\o Loading seCore.cxt 
\e *Error* load: can't access file - "/afs/ict.kth.se/proj/ektlab/PDK/AMS/cds/HK_ALL/skill/ansCdlCompPrim.il"
\e *Error* load: can't access file - "/afs/ict.kth.se/proj/ektlab/PDK/AMS/cds/HK_ALL/skill/ansCdlCompPrim.il"
\o Begin Incremental Netlisting Nov 26 15:32:18 2015
\o WARNING (OSSHNL-145): Incremental netlisting is not possible since the netlist in this run directory
\o was generated using a previous IHNL version which is incompatible with the
\o current IHNL version. Therefore re-netlisting the entire design using the
\o current IHNL version.
\o 
\o End netlisting Nov 26 15:32:18 2015
\o 
\o Netlisting Statistics:
\o 	Number of components:  148
\o 
\o 	Elapsed time:          0.0s
\o Errors: 0	Warnings: 0
\o       ...successful.
\o compose simulator input file...
\o       ...successful.
\o 
\o *Info*    Running simulation on testbench [ IMP_POW_TOP:pow_top_tb:2
\o           ] for Point ID (14 15).
\o 
\o Delete psf data in /home/saul/Sim/IMP_POW_TOP/pow_top_tb/adexl/results/data/Interactive.23/15/IMP_POW_TOP:pow_top_tb:2/psf.
\o compose simulator input file...
\o       ...successful.
\o start simulator if needed...
\o       ...successful.
\o simulate...
\o To view the simulator output, right-click on the test name, result 
\o name, or any value in the "Results" tab of the Outputs section and 
\o choose "Output Log" menu option.
\o Loading paraplot.cxt 
\# Memory report: Maximum memory size now 66855821312 (0xf90eae000) bytes, UTC 2015.11.26 14:32:23.484
\o INFO (ADE-3071): Simulation completed successfully.
\o reading simulation data...
\o       ...successful.
\o *Info*    Client has finished evaluating ... 
\o 
\o 
\o *Info*    Run complete for Point ID (14 15) on testbench [
\o           IMP_POW_TOP:pow_top_tb:2 ].
\o 
\o 
\o 
\o 
\o 
\o 
\o 
\o 
\o 
\o 
\o *Info*    Run start for Point ID (14 30) on testbench [
\o           IMP_POW_TOP:pow_top_tb:2 ].
\o 
\o Resetting statistical vars
\o 
\o *Info*    Setting parameter values ...
\o 
\o 
\o *Info*    Netlist Directory =
\o           /home/saul/Sim/IMP_POW_TOP/pow_top_tb/adexl/results/data/Interactive.23/30/IMP_POW_TOP:pow_top_tb:2/netlist
\o 
\o 
\o *Info*    Data Directory    =
\o           /home/saul/Sim/IMP_POW_TOP/pow_top_tb/adexl/results/data/Interactive.23/30/IMP_POW_TOP:pow_top_tb:2
\o 
\o 
\o *Info*    Creating Netlist for Point ID (14 30)
\o 
\o generate netlist...
\e *Error* load: can't access file - "/afs/ict.kth.se/proj/ektlab/PDK/AMS/cds/HK_ALL/skill/ansCdlCompPrim.il"
\e *Error* load: can't access file - "/afs/ict.kth.se/proj/ektlab/PDK/AMS/cds/HK_ALL/skill/ansCdlCompPrim.il"
\o Begin Incremental Netlisting Nov 26 15:32:36 2015
\o End netlisting Nov 26 15:32:36 2015
\o 
\o 	The netlist is up to date.
\o 	Time taken to compare the design with netlist:   0.0s
\o       ...successful.
\o compose simulator input file...
\o       ...successful.
\o 
\o *Info*    Running simulation on testbench [ IMP_POW_TOP:pow_top_tb:2
\o           ] for Point ID (14 30).
\o 
\o Delete psf data in /home/saul/Sim/IMP_POW_TOP/pow_top_tb/adexl/results/data/Interactive.23/30/IMP_POW_TOP:pow_top_tb:2/psf.
\o compose simulator input file...
\o       ...successful.
\o start simulator if needed...
\o       ...successful.
\o simulate...
\o To view the simulator output, right-click on the test name, result 
\o name, or any value in the "Results" tab of the Outputs section and 
\o choose "Output Log" menu option.
\o INFO (ADE-3071): Simulation completed successfully.
\o reading simulation data...
\o       ...successful.
\o *Info*    Client has finished evaluating ... 
\o 
\o 
\o *Info*    Run complete for Point ID (14 30) on testbench [
\o           IMP_POW_TOP:pow_top_tb:2 ].
\o 
\o 
\o 
\o 
\o 
\o 
\o 
\o 
\o 
\o 
\o *Info*    Run start for Point ID (14 9) on testbench [
\o           IMP_POW_TOP:pow_top_tb:2 ].
\o 
\o Resetting statistical vars
\o 
\o *Info*    Setting parameter values ...
\o 
\o 
\o *Info*    Netlist Directory =
\o           /home/saul/Sim/IMP_POW_TOP/pow_top_tb/adexl/results/data/Interactive.23/9/IMP_POW_TOP:pow_top_tb:2/netlist
\o 
\o 
\o *Info*    Data Directory    =
\o           /home/saul/Sim/IMP_POW_TOP/pow_top_tb/adexl/results/data/Interactive.23/9/IMP_POW_TOP:pow_top_tb:2
\o 
\o 
\o *Info*    Creating Netlist for Point ID (14 9)
\o 
\o generate netlist...
\e *Error* load: can't access file - "/afs/ict.kth.se/proj/ektlab/PDK/AMS/cds/HK_ALL/skill/ansCdlCompPrim.il"
\e *Error* load: can't access file - "/afs/ict.kth.se/proj/ektlab/PDK/AMS/cds/HK_ALL/skill/ansCdlCompPrim.il"
\o Begin Incremental Netlisting Nov 26 15:32:42 2015
\o End netlisting Nov 26 15:32:42 2015
\o 
\o 	The netlist is up to date.
\o 	Time taken to compare the design with netlist:   0.0s
\o       ...successful.
\o compose simulator input file...
\o       ...successful.
\o 
\o *Info*    Running simulation on testbench [ IMP_POW_TOP:pow_top_tb:2
\o           ] for Point ID (14 9).
\o 
\o Delete psf data in /home/saul/Sim/IMP_POW_TOP/pow_top_tb/adexl/results/data/Interactive.23/9/IMP_POW_TOP:pow_top_tb:2/psf.
\o compose simulator input file...
\o       ...successful.
\o start simulator if needed...
\o       ...successful.
\o simulate...
\o To view the simulator output, right-click on the test name, result 
\o name, or any value in the "Results" tab of the Outputs section and 
\o choose "Output Log" menu option.
\o INFO (ADE-3071): Simulation completed successfully.
\o reading simulation data...
\o       ...successful.
\o *Info*    Client has finished evaluating ... 
\o 
\o 
\o *Info*    Run complete for Point ID (14 9) on testbench [
\o           IMP_POW_TOP:pow_top_tb:2 ].
\o 
\o 
\o 
\o 
\o 
\o Simulation design variables differ from those on the cellView,
\o they have been saved in the file "/tmp/saved-design-variables".
\o To save future changes, copy variables to cellView before exiting.
\o 
\o 
\o *Info*    Configuring the session ...
\o 
\o 	Library      = IMP_POW_TOP
\o 	Cell         = pow_top_tb
\o 	View         = config
\o 	Simulator    = spectre
\o 	State Path   = $AXL_SETUPDB_DIR/test_states
\o 	State Name   = IMP_POW_TOP:pow_top_tb:2_none_MonteCarlo.0
\o 	Results DB   = /home/saul/projects/IMPLANTABLE_AMS/version1/saul/IMP_POW_TOP/pow_top_tb/adexl/results/data/MonteCarlo.0.rdb
\o 	Results Dir  = /home/saul/Sim/IMP_POW_TOP/pow_top_tb/adexl/results/data/MonteCarlo.0/1/IMP_POW_TOP:pow_top_tb:2
\o 	Results Loc  = /home/saul/Sim/IMP_POW_TOP/pow_top_tb/adexl/results/data
\o 	Project Dir  = /home/saul/projects/IMPLANTABLE_AMS/version1/saul/SimVM
\o 	Setup DB loc = /home/saul/projects/IMPLANTABLE_AMS/version1/saul/IMP_POW_TOP/pow_top_tb/adexl
\o 	File Encoding = 0
\o 
\o 
\o *Info*    Spectre controlMode is set "batch".
\o 
\o 
\o 
\o 
\o 
\o 
\o *Info*    Run start for Point ID (15 2) on testbench [
\o           IMP_POW_TOP:pow_top_tb:2 ].
\o 
\o Resetting statistical vars
\o 
\o *Info*    Setting parameter values ...
\o 
\o Setting var AM_INDEX = "0.1"
\o Setting var C_REC = "1u"
\o Setting var FREQ = "100k"
\o Setting var TX_DATA = "0"
\o Setting var VIN_AC = "0"
\o Setting var VIN_AMP = "0"
\o Setting var VIN_DC = "0"
\o Setting var VIN_PULSE = "5"
\o Loading monte.cxt 
\o Setting temp(T) = 27
\o 
\o *Info*    Netlist Directory =
\o           /home/saul/Sim/IMP_POW_TOP/pow_top_tb/adexl/results/data/MonteCarlo.0/2/IMP_POW_TOP:pow_top_tb:2/netlist
\o 
\o 
\o *Info*    Data Directory    =
\o           /home/saul/Sim/IMP_POW_TOP/pow_top_tb/adexl/results/data/MonteCarlo.0/2/IMP_POW_TOP:pow_top_tb:2
\o 
\o 
\o *Info*    Creating Netlist for Point ID (15 2)
\o 
\o generate netlist...
\e *Error* load: can't access file - "/afs/ict.kth.se/proj/ektlab/PDK/AMS/cds/HK_ALL/skill/ansCdlCompPrim.il"
\e *Error* load: can't access file - "/afs/ict.kth.se/proj/ektlab/PDK/AMS/cds/HK_ALL/skill/ansCdlCompPrim.il"
\o Begin Incremental Netlisting Nov 26 15:36:36 2015
\o End netlisting Nov 26 15:36:36 2015
\o 
\o 	The netlist is up to date.
\o 	Time taken to compare the design with netlist:   0.0s
\o       ...successful.
\o compose simulator input file...
\o       ...successful.
\o 
\o *Info*    Running simulation on testbench [ IMP_POW_TOP:pow_top_tb:2
\o           ] for Point ID (15 2).
\o 
\o *Info*    Spectre controlMode is set "batch" due to monte carlo run.
\o 
\o Delete psf data in /home/saul/Sim/IMP_POW_TOP/pow_top_tb/adexl/results/data/MonteCarlo.0/2/IMP_POW_TOP:pow_top_tb:2/psf.
\o generate netlist...
\e *Error* load: can't access file - "/afs/ict.kth.se/proj/ektlab/PDK/AMS/cds/HK_ALL/skill/ansCdlCompPrim.il"
\e *Error* load: can't access file - "/afs/ict.kth.se/proj/ektlab/PDK/AMS/cds/HK_ALL/skill/ansCdlCompPrim.il"
\o Begin Incremental Netlisting Nov 26 15:36:37 2015
\o End netlisting Nov 26 15:36:37 2015
\o 
\o 	The netlist is up to date.
\o 	Time taken to compare the design with netlist:   0.0s
\o       ...successful.
\o compose simulator input file...
\o       ...successful.
\o start simulator if needed...
\o       ...successful.
\o simulate...
\o To view the simulator output, right-click on the test name, result 
\o name, or any value in the "Results" tab of the Outputs section and 
\o choose "Output Log" menu option.
\o INFO (ADE-3072): Simulation is stopped by user. Simulation results may not be complete.
\o reading simulation data...
\o       ...successful.
\o Loading stats.cxt 
\o *Info*    Monte Carlo Simulation unsuccessful...
\o *Info*    See simulation output log for more information.
\o 
\o *Error*   Error ID  = 5052
\o *Error*   Error Msg = 
\o Nominal simulation might have failed. Either
\o           fix the problem in the test setup or disable the test and
\o           re-run.
\o 
\o To view the simulator output, right-click on the
\o           test name, result name, or any corner column in the
\o           "Detail" view 
\o of the "Results" tab and choose "Output Log"
\o           menu option.
\o 
\o 
\o 
\o 
\o WARNING (WIA-1120):  : Invalid directory found while clearing SST2 resources.
\o *Info*    Client has finished evaluating ... 
\o 
\o 
\o *Info*    Run complete for Point ID (15 2) on testbench [
\o           IMP_POW_TOP:pow_top_tb:2 ].
\o 
\o 
\o 
\o 
\o 
\o *Info*    Client has finished evaluating ... 
\o 
\o 
\o *Info*    Run complete for Point ID (15 34) on testbench [
\o           IMP_POW_TOP:pow_top_tb:2 ].
\o 
\o 
\o 
\o 
\o 
\o *Info*    Client has finished evaluating ... 
\o 
\o 
\o *Info*    Run complete for Point ID (15 66) on testbench [
\o           IMP_POW_TOP:pow_top_tb:2 ].
\o 
\o 
\o 
\o 
\o 
\o *Info*    Client has finished evaluating ... 
\o 
\o 
\o *Info*    Run complete for Point ID (15 98) on testbench [
\o           IMP_POW_TOP:pow_top_tb:2 ].
\o 
\o 
\o 
\o 
\o 
\o *Info*    Client has finished evaluating ... 
\o 
\o 
\o *Info*    Run complete for Point ID (15 130) on testbench [
\o           IMP_POW_TOP:pow_top_tb:2 ].
\o 
\o 
\o 
\o 
\o 
\o *Info*    Client has finished evaluating ... 
\o 
\o 
\o *Info*    Run complete for Point ID (15 162) on testbench [
\o           IMP_POW_TOP:pow_top_tb:2 ].
\o 
\o 
\o 
\o 
\o 
\o *Info*    Client has finished evaluating ... 
\o 
\o 
\o *Info*    Run complete for Point ID (15 194) on testbench [
\o           IMP_POW_TOP:pow_top_tb:2 ].
\o 
\o 
\o 
\o 
\o 
\o *Info*    Client has finished evaluating ... 
\o 
\o 
\o *Info*    Run complete for Point ID (15 226) on testbench [
\o           IMP_POW_TOP:pow_top_tb:2 ].
\o 
\o 
\o 
\o 
\o 
\o *Info*    Client has finished evaluating ... 
\o 
\o 
\o *Info*    Run complete for Point ID (15 258) on testbench [
\o           IMP_POW_TOP:pow_top_tb:2 ].
\o 
\o 
\o 
\o 
\o 
\o *Info*    Client has finished evaluating ... 
\o 
\o 
\o *Info*    Run complete for Point ID (15 290) on testbench [
\o           IMP_POW_TOP:pow_top_tb:2 ].
\o 
\o 
\o 
\o 
\o 
\o *Info*    Client has finished evaluating ... 
\o 
\o 
\o *Info*    Run complete for Point ID (15 322) on testbench [
\o           IMP_POW_TOP:pow_top_tb:2 ].
\o 
\o 
\o 
\o 
\o 
\o *Info*    Client has finished evaluating ... 
\o 
\o 
\o *Info*    Run complete for Point ID (15 354) on testbench [
\o           IMP_POW_TOP:pow_top_tb:2 ].
\o 
\o 
\o 
\o 
\o 
\o *Info*    Client has finished evaluating ... 
\o 
\o 
\o *Info*    Run complete for Point ID (15 386) on testbench [
\o           IMP_POW_TOP:pow_top_tb:2 ].
\o 
\o 
\o 
\o 
\o 
\o *Info*    Client has finished evaluating ... 
\o 
\o 
\o *Info*    Run complete for Point ID (15 418) on testbench [
\o           IMP_POW_TOP:pow_top_tb:2 ].
\o 
\o 
\o 
\o 
\o 
\o *Info*    Client has finished evaluating ... 
\o 
\o 
\o *Info*    Run complete for Point ID (15 450) on testbench [
\o           IMP_POW_TOP:pow_top_tb:2 ].
\o 
\o 
\o 
\o 
\o 
\o *Info*    Client has finished evaluating ... 
\o 
\o 
\o *Info*    Run complete for Point ID (15 482) on testbench [
\o           IMP_POW_TOP:pow_top_tb:2 ].
\o 
\o 
\o 
\o 
\o 
\o *Info*    Client has finished evaluating ... 
\o 
\o 
\o *Info*    Run complete for Point ID (15 514) on testbench [
\o           IMP_POW_TOP:pow_top_tb:2 ].
\o 
\o 
\o 
\o 
\o 
\o *Info*    Client has finished evaluating ... 
\o 
\o 
\o *Info*    Run complete for Point ID (15 546) on testbench [
\o           IMP_POW_TOP:pow_top_tb:2 ].
\o 
\o 
\o 
\o 
\o 
\o *Info*    Client has finished evaluating ... 
\o 
\o 
\o *Info*    Run complete for Point ID (15 578) on testbench [
\o           IMP_POW_TOP:pow_top_tb:2 ].
\o 
\o 
\o 
\o 
\o 
\o *Info*    Client has finished evaluating ... 
\o 
\o 
\o *Info*    Run complete for Point ID (15 610) on testbench [
\o           IMP_POW_TOP:pow_top_tb:2 ].
\o 
\o 
\o 
\o 
\o 
\o *Info*    Client has finished evaluating ... 
\o 
\o 
\o *Info*    Run complete for Point ID (15 642) on testbench [
\o           IMP_POW_TOP:pow_top_tb:2 ].
\o 
\o 
\o 
\o 
\o 
\o *Info*    Client has finished evaluating ... 
\o 
\o 
\o *Info*    Run complete for Point ID (15 674) on testbench [
\o           IMP_POW_TOP:pow_top_tb:2 ].
\o 
\o 
\o 
\o 
\o 
\o *Info*    Client has finished evaluating ... 
\o 
\o 
\o *Info*    Run complete for Point ID (15 706) on testbench [
\o           IMP_POW_TOP:pow_top_tb:2 ].
\o 
\o 
\o 
\o 
\o 
\o *Info*    Client has finished evaluating ... 
\o 
\o 
\o *Info*    Run complete for Point ID (15 738) on testbench [
\o           IMP_POW_TOP:pow_top_tb:2 ].
\o 
\o 
\o 
\o 
\o 
\o *Info*    Client has finished evaluating ... 
\o 
\o 
\o *Info*    Run complete for Point ID (15 770) on testbench [
\o           IMP_POW_TOP:pow_top_tb:2 ].
\o 
\o 
\o 
\o 
\o 
\o *Info*    Client has finished evaluating ... 
\o 
\o 
\o *Info*    Run complete for Point ID (15 802) on testbench [
\o           IMP_POW_TOP:pow_top_tb:2 ].
\o 
\o 
\o 
\o 
\o 
\o *Info*    Client has finished evaluating ... 
\o 
\o 
\o *Info*    Run complete for Point ID (15 834) on testbench [
\o           IMP_POW_TOP:pow_top_tb:2 ].
\o 
\o 
\o 
\o 
\o 
\o *Info*    Client has finished evaluating ... 
\o 
\o 
\o *Info*    Run complete for Point ID (15 866) on testbench [
\o           IMP_POW_TOP:pow_top_tb:2 ].
\o 
\o 
\o 
\o 
\o 
\o *Info*    Client has finished evaluating ... 
\o 
\o 
\o *Info*    Run complete for Point ID (15 898) on testbench [
\o           IMP_POW_TOP:pow_top_tb:2 ].
\o 
\o 
\o 
\o 
\o 
\o *Info*    Client has finished evaluating ... 
\o 
\o 
\o *Info*    Run complete for Point ID (15 930) on testbench [
\o           IMP_POW_TOP:pow_top_tb:2 ].
\o 
\o 
\o 
\o 
\o 
\o *Info*    Client has finished evaluating ... 
\o 
\o 
\o *Info*    Run complete for Point ID (15 962) on testbench [
\o           IMP_POW_TOP:pow_top_tb:2 ].
\o 
\o 
\o 
\o 
\o 
\o *Info*    Client has finished evaluating ... 
\o 
\o 
\o *Info*    Run complete for Point ID (15 994) on testbench [
\o           IMP_POW_TOP:pow_top_tb:2 ].
\o 
\o 
\o 
\o 
\o 
\o *Info*    Client has finished evaluating ... 
\o 
\o 
\o *Info*    Run complete for Point ID (15 1026) on testbench [
\o           IMP_POW_TOP:pow_top_tb:2 ].
\o 
\o 
\o 
\o 
\o 
\o *Info*    Client has finished evaluating ... 
\o 
\o 
\o *Info*    Run complete for Point ID (15 1058) on testbench [
\o           IMP_POW_TOP:pow_top_tb:2 ].
\o 
\o 
\o 
\o 
\o 
\o *Info*    Client has finished evaluating ... 
\o 
\o 
\o *Info*    Run complete for Point ID (15 1090) on testbench [
\o           IMP_POW_TOP:pow_top_tb:2 ].
\o 
\o 
\o 
\o 
\o 
\o *Info*    Client has finished evaluating ... 
\o 
\o 
\o *Info*    Run complete for Point ID (15 1122) on testbench [
\o           IMP_POW_TOP:pow_top_tb:2 ].
\o 
\o 
\o 
\o 
\o 
\o *Info*    Client has finished evaluating ... 
\o 
\o 
\o *Info*    Run complete for Point ID (15 1154) on testbench [
\o           IMP_POW_TOP:pow_top_tb:2 ].
\o 
\o 
\o 
\o 
\o 
\o *Info*    Client has finished evaluating ... 
\o 
\o 
\o *Info*    Run complete for Point ID (15 1186) on testbench [
\o           IMP_POW_TOP:pow_top_tb:2 ].
\o 
\o 
\o 
\o 
\o 
\o *Info*    Client has finished evaluating ... 
\o 
\o 
\o *Info*    Run complete for Point ID (15 1218) on testbench [
\o           IMP_POW_TOP:pow_top_tb:2 ].
\o 
\o 
\o 
\o 
\o 
\o *Info*    Client has finished evaluating ... 
\o 
\o 
\o *Info*    Run complete for Point ID (15 1250) on testbench [
\o           IMP_POW_TOP:pow_top_tb:2 ].
\o 
\o 
\o 
\o 
\o 
\o *Info*    Client has finished evaluating ... 
\o 
\o 
\o *Info*    Run complete for Point ID (15 1282) on testbench [
\o           IMP_POW_TOP:pow_top_tb:2 ].
\o 
\o 
\o 
\o 
\o 
\o *Info*    Client has finished evaluating ... 
\o 
\o 
\o *Info*    Run complete for Point ID (15 1314) on testbench [
\o           IMP_POW_TOP:pow_top_tb:2 ].
\o 
\o 
\o 
\o 
\o 
\o *Info*    Client has finished evaluating ... 
\o 
\o 
\o *Info*    Run complete for Point ID (15 1346) on testbench [
\o           IMP_POW_TOP:pow_top_tb:2 ].
\o 
\o 
\o 
\o 
\o 
\o *Info*    Client has finished evaluating ... 
\o 
\o 
\o *Info*    Run complete for Point ID (15 1378) on testbench [
\o           IMP_POW_TOP:pow_top_tb:2 ].
\o 
\o 
\o 
\o 
\o 
\o *Info*    Client has finished evaluating ... 
\o 
\o 
\o *Info*    Run complete for Point ID (15 1410) on testbench [
\o           IMP_POW_TOP:pow_top_tb:2 ].
\o 
\o 
\o 
\o 
\o 
\o *Info*    Client has finished evaluating ... 
\o 
\o 
\o *Info*    Run complete for Point ID (15 1442) on testbench [
\o           IMP_POW_TOP:pow_top_tb:2 ].
\o 
\o 
\o 
\o 
\o 
\o *Info*    Client has finished evaluating ... 
\o 
\o 
\o *Info*    Run complete for Point ID (15 1474) on testbench [
\o           IMP_POW_TOP:pow_top_tb:2 ].
\o 
\o 
\o 
\o 
\o 
\o *Info*    Client has finished evaluating ... 
\o 
\o 
\o *Info*    Run complete for Point ID (15 1506) on testbench [
\o           IMP_POW_TOP:pow_top_tb:2 ].
\o 
\o 
\o 
\o 
\o 
\o *Info*    Client has finished evaluating ... 
\o 
\o 
\o *Info*    Run complete for Point ID (15 1538) on testbench [
\o           IMP_POW_TOP:pow_top_tb:2 ].
\o 
\o 
\o 
\o 
\o 
\o *Info*    Client has finished evaluating ... 
\o 
\o 
\o *Info*    Run complete for Point ID (15 1570) on testbench [
\o           IMP_POW_TOP:pow_top_tb:2 ].
\o 
\o 
\o 
\o 
\o 
\o *Info*    Client has finished evaluating ... 
\o 
\o 
\o *Info*    Run complete for Point ID (15 1602) on testbench [
\o           IMP_POW_TOP:pow_top_tb:2 ].
\o 
\o 
\o 
\o 
\o 
\o *Info*    Client has finished evaluating ... 
\o 
\o 
\o *Info*    Run complete for Point ID (15 1634) on testbench [
\o           IMP_POW_TOP:pow_top_tb:2 ].
\o 
\o 
\o 
\o 
\o 
\o *Info*    Client has finished evaluating ... 
\o 
\o 
\o *Info*    Run complete for Point ID (15 1666) on testbench [
\o           IMP_POW_TOP:pow_top_tb:2 ].
\o 
\o 
\o 
\o 
\o 
\o *Info*    Client has finished evaluating ... 
\o 
\o 
\o *Info*    Run complete for Point ID (15 1698) on testbench [
\o           IMP_POW_TOP:pow_top_tb:2 ].
\o 
\o 
\o 
\o 
\o 
\o *Info*    Client has finished evaluating ... 
\o 
\o 
\o *Info*    Run complete for Point ID (15 1730) on testbench [
\o           IMP_POW_TOP:pow_top_tb:2 ].
\o 
\o 
\o 
\o 
\o 
\o *Info*    Client has finished evaluating ... 
\o 
\o 
\o *Info*    Run complete for Point ID (15 1762) on testbench [
\o           IMP_POW_TOP:pow_top_tb:2 ].
\o 
\o 
\o 
\o 
\o 
\o *Info*    Client has finished evaluating ... 
\o 
\o 
\o *Info*    Run complete for Point ID (15 1794) on testbench [
\o           IMP_POW_TOP:pow_top_tb:2 ].
\o 
\o 
\o 
\o 
\o 
\o *Info*    Client has finished evaluating ... 
\o 
\o 
\o *Info*    Run complete for Point ID (15 1826) on testbench [
\o           IMP_POW_TOP:pow_top_tb:2 ].
\o 
\o 
\o 
\o 
\o 
\o *Info*    Client has finished evaluating ... 
\o 
\o 
\o *Info*    Run complete for Point ID (15 1858) on testbench [
\o           IMP_POW_TOP:pow_top_tb:2 ].
\o 
\o 
\o 
\o 
\o 
\o *Info*    Client has finished evaluating ... 
\o 
\o 
\o *Info*    Run complete for Point ID (15 1890) on testbench [
\o           IMP_POW_TOP:pow_top_tb:2 ].
\o 
\o 
\o 
\o 
\o 
\o *Info*    Client has finished evaluating ... 
\o 
\o 
\o *Info*    Run complete for Point ID (15 1922) on testbench [
\o           IMP_POW_TOP:pow_top_tb:2 ].
\o 
\o 
\o 
\o 
\o 
\o *Info*    Client has finished evaluating ... 
\o 
\o 
\o *Info*    Run complete for Point ID (15 1954) on testbench [
\o           IMP_POW_TOP:pow_top_tb:2 ].
\o 
\o 
\o 
\o 
\o 
\o *Info*    Client has finished evaluating ... 
\o 
\o 
\o *Info*    Run complete for Point ID (15 1986) on testbench [
\o           IMP_POW_TOP:pow_top_tb:2 ].
\o 
\o 
\o 
\o 
\o 
\o *Info*    Client has finished evaluating ... 
\o 
\o 
\o *Info*    Run complete for Point ID (15 2018) on testbench [
\o           IMP_POW_TOP:pow_top_tb:2 ].
\o 
\o 
\o 
\o 
\o 
\o *Info*    Client has finished evaluating ... 
\o 
\o 
\o *Info*    Run complete for Point ID (15 2050) on testbench [
\o           IMP_POW_TOP:pow_top_tb:2 ].
\o 
\o 
\o 
\o 
\o 
\o *Info*    Client has finished evaluating ... 
\o 
\o 
\o *Info*    Run complete for Point ID (15 2082) on testbench [
\o           IMP_POW_TOP:pow_top_tb:2 ].
\o 
\o 
\o 
\o 
\o 
\o *Info*    Client has finished evaluating ... 
\o 
\o 
\o *Info*    Run complete for Point ID (15 2114) on testbench [
\o           IMP_POW_TOP:pow_top_tb:2 ].
\o 
\o 
\o 
\o 
\o 
\o *Info*    Client has finished evaluating ... 
\o 
\o 
\o *Info*    Run complete for Point ID (15 2146) on testbench [
\o           IMP_POW_TOP:pow_top_tb:2 ].
\o 
\o 
\o 
\o 
\o 
\o *Info*    Client has finished evaluating ... 
\o 
\o 
\o *Info*    Run complete for Point ID (15 2178) on testbench [
\o           IMP_POW_TOP:pow_top_tb:2 ].
\o 
\o 
\o 
\o 
\o 
\o *Info*    Client has finished evaluating ... 
\o 
\o 
\o *Info*    Run complete for Point ID (15 2210) on testbench [
\o           IMP_POW_TOP:pow_top_tb:2 ].
\o 
\o 
\o 
\o 
\o 
\o *Info*    Client has finished evaluating ... 
\o 
\o 
\o *Info*    Run complete for Point ID (15 2242) on testbench [
\o           IMP_POW_TOP:pow_top_tb:2 ].
\o 
\o 
\o 
\o 
\o 
\o *Info*    Client has finished evaluating ... 
\o 
\o 
\o *Info*    Run complete for Point ID (15 2274) on testbench [
\o           IMP_POW_TOP:pow_top_tb:2 ].
\o 
\o 
\o 
\o 
\o 
\o *Info*    Client has finished evaluating ... 
\o 
\o 
\o *Info*    Run complete for Point ID (15 2306) on testbench [
\o           IMP_POW_TOP:pow_top_tb:2 ].
\o 
\o 
\o 
\o 
\o 
\o *Info*    Client has finished evaluating ... 
\o 
\o 
\o *Info*    Run complete for Point ID (15 2338) on testbench [
\o           IMP_POW_TOP:pow_top_tb:2 ].
\o 
\o 
\o 
\o 
\o 
\o *Info*    Client has finished evaluating ... 
\o 
\o 
\o *Info*    Run complete for Point ID (15 2370) on testbench [
\o           IMP_POW_TOP:pow_top_tb:2 ].
\o 
\o 
\o 
\o 
\o 
\o *Info*    Client has finished evaluating ... 
\o 
\o 
\o *Info*    Run complete for Point ID (15 2402) on testbench [
\o           IMP_POW_TOP:pow_top_tb:2 ].
\o 
\o 
\o 
\o 
\o 
\o *Info*    Client has finished evaluating ... 
\o 
\o 
\o *Info*    Run complete for Point ID (15 2434) on testbench [
\o           IMP_POW_TOP:pow_top_tb:2 ].
\o 
\o 
\o 
\o 
\o 
\o *Info*    Client has finished evaluating ... 
\o 
\o 
\o *Info*    Run complete for Point ID (15 2466) on testbench [
\o           IMP_POW_TOP:pow_top_tb:2 ].
\o 
\o 
\o 
\o 
\o 
\o *Info*    Client has finished evaluating ... 
\o 
\o 
\o *Info*    Run complete for Point ID (15 2498) on testbench [
\o           IMP_POW_TOP:pow_top_tb:2 ].
\o 
\o 
\o 
\o 
\o 
\o *Info*    Client has finished evaluating ... 
\o 
\o 
\o *Info*    Run complete for Point ID (15 2530) on testbench [
\o           IMP_POW_TOP:pow_top_tb:2 ].
\o 
\o 
\o 
\o 
\o 
\o *Info*    Client has finished evaluating ... 
\o 
\o 
\o *Info*    Run complete for Point ID (15 2562) on testbench [
\o           IMP_POW_TOP:pow_top_tb:2 ].
\o 
\o 
\o 
\o 
\o 
\o *Info*    Client has finished evaluating ... 
\o 
\o 
\o *Info*    Run complete for Point ID (15 2594) on testbench [
\o           IMP_POW_TOP:pow_top_tb:2 ].
\o 
\o 
\o 
\o 
\o 
\o *Info*    Client has finished evaluating ... 
\o 
\o 
\o *Info*    Run complete for Point ID (15 2626) on testbench [
\o           IMP_POW_TOP:pow_top_tb:2 ].
\o 
\o 
\o 
\o 
\o 
\o *Info*    Client has finished evaluating ... 
\o 
\o 
\o *Info*    Run complete for Point ID (15 2658) on testbench [
\o           IMP_POW_TOP:pow_top_tb:2 ].
\o 
\o 
\o 
\o 
\o 
\o *Info*    Client has finished evaluating ... 
\o 
\o 
\o *Info*    Run complete for Point ID (15 2690) on testbench [
\o           IMP_POW_TOP:pow_top_tb:2 ].
\o 
\o 
\o 
\o 
\o 
\o *Info*    Client has finished evaluating ... 
\o 
\o 
\o *Info*    Run complete for Point ID (15 2722) on testbench [
\o           IMP_POW_TOP:pow_top_tb:2 ].
\o 
\o 
\o 
\o 
\o 
\o *Info*    Client has finished evaluating ... 
\o 
\o 
\o *Info*    Run complete for Point ID (15 2754) on testbench [
\o           IMP_POW_TOP:pow_top_tb:2 ].
\o 
\o 
\o 
\o 
\o 
\o *Info*    Client has finished evaluating ... 
\o 
\o 
\o *Info*    Run complete for Point ID (15 2786) on testbench [
\o           IMP_POW_TOP:pow_top_tb:2 ].
\o 
\o 
\o 
\o 
\o 
\o *Info*    Client has finished evaluating ... 
\o 
\o 
\o *Info*    Run complete for Point ID (15 2818) on testbench [
\o           IMP_POW_TOP:pow_top_tb:2 ].
\o 
\o 
\o 
\o 
\o 
\o *Info*    Client has finished evaluating ... 
\o 
\o 
\o *Info*    Run complete for Point ID (15 2850) on testbench [
\o           IMP_POW_TOP:pow_top_tb:2 ].
\o 
\o 
\o 
\o 
\o 
\o *Info*    Client has finished evaluating ... 
\o 
\o 
\o *Info*    Run complete for Point ID (15 2882) on testbench [
\o           IMP_POW_TOP:pow_top_tb:2 ].
\o 
\o 
\o 
\o 
\o 
\o *Info*    Client has finished evaluating ... 
\o 
\o 
\o *Info*    Run complete for Point ID (15 2914) on testbench [
\o           IMP_POW_TOP:pow_top_tb:2 ].
\o 
\o 
\o 
\o 
\o 
\o *Info*    Client has finished evaluating ... 
\o 
\o 
\o *Info*    Run complete for Point ID (15 2946) on testbench [
\o           IMP_POW_TOP:pow_top_tb:2 ].
\o 
\o 
\o 
\o 
\o 
\o *Info*    Client has finished evaluating ... 
\o 
\o 
\o *Info*    Run complete for Point ID (15 2978) on testbench [
\o           IMP_POW_TOP:pow_top_tb:2 ].
\o 
\o 
\o 
\o 
\o 
\o *Info*    Client has finished evaluating ... 
\o 
\o 
\o *Info*    Run complete for Point ID (15 3010) on testbench [
\o           IMP_POW_TOP:pow_top_tb:2 ].
\o 
\o 
\o 
\o 
\o 
\o *Info*    Client has finished evaluating ... 
\o 
\o 
\o *Info*    Run complete for Point ID (15 3042) on testbench [
\o           IMP_POW_TOP:pow_top_tb:2 ].
\o 
\o 
\o 
\o 
\o 
\o *Info*    Client has finished evaluating ... 
\o 
\o 
\o *Info*    Run complete for Point ID (15 3074) on testbench [
\o           IMP_POW_TOP:pow_top_tb:2 ].
\o 
\o 
\o 
\o 
\o 
\o *Info*    Client has finished evaluating ... 
\o 
\o 
\o *Info*    Run complete for Point ID (15 3106) on testbench [
\o           IMP_POW_TOP:pow_top_tb:2 ].
\o 
\o 
\o 
\o 
\o 
\o *Info*    Client has finished evaluating ... 
\o 
\o 
\o *Info*    Run complete for Point ID (15 3138) on testbench [
\o           IMP_POW_TOP:pow_top_tb:2 ].
\o 
\o 
\o 
\o 
\o 
\o *Info*    Client has finished evaluating ... 
\o 
\o 
\o *Info*    Run complete for Point ID (15 3170) on testbench [
\o           IMP_POW_TOP:pow_top_tb:2 ].
\o 
\o 
\o 
\o 
\o 
\o *Info*    Client has finished evaluating ... 
\o 
\o 
\o *Info*    Run complete for Point ID (15 3202) on testbench [
\o           IMP_POW_TOP:pow_top_tb:2 ].
\o 
\o 
\o 
\o 
\o 
\o *Info*    Client has finished evaluating ... 
\o 
\o 
\o *Info*    Run complete for Point ID (15 3234) on testbench [
\o           IMP_POW_TOP:pow_top_tb:2 ].
\o 
\o 
\o 
\o 
\o 
\o *Info*    Client has finished evaluating ... 
\o 
\o 
\o *Info*    Run complete for Point ID (15 3266) on testbench [
\o           IMP_POW_TOP:pow_top_tb:2 ].
\o 
\o 
\o 
\o 
\o 
\o *Info*    Client has finished evaluating ... 
\o 
\o 
\o *Info*    Run complete for Point ID (15 3298) on testbench [
\o           IMP_POW_TOP:pow_top_tb:2 ].
\o 
\o 
\o 
\o 
\o 
\o *Info*    Client has finished evaluating ... 
\o 
\o 
\o *Info*    Run complete for Point ID (15 3330) on testbench [
\o           IMP_POW_TOP:pow_top_tb:2 ].
\o 
\o 
\o 
\o 
\o 
\o *Info*    Client has finished evaluating ... 
\o 
\o 
\o *Info*    Run complete for Point ID (15 3362) on testbench [
\o           IMP_POW_TOP:pow_top_tb:2 ].
\o 
\o 
\o 
\o 
\o 
\o *Info*    Client has finished evaluating ... 
\o 
\o 
\o *Info*    Run complete for Point ID (15 3394) on testbench [
\o           IMP_POW_TOP:pow_top_tb:2 ].
\o 
\o 
\o 
\o 
\o 
\o *Info*    Client has finished evaluating ... 
\o 
\o 
\o *Info*    Run complete for Point ID (15 3426) on testbench [
\o           IMP_POW_TOP:pow_top_tb:2 ].
\o 
\o 
\o 
\o 
\o 
\o *Info*    Client has finished evaluating ... 
\o 
\o 
\o *Info*    Run complete for Point ID (15 3458) on testbench [
\o           IMP_POW_TOP:pow_top_tb:2 ].
\o 
\o 
\o 
\o 
\o 
\o *Info*    Client has finished evaluating ... 
\o 
\o 
\o *Info*    Run complete for Point ID (15 3490) on testbench [
\o           IMP_POW_TOP:pow_top_tb:2 ].
\o 
\o 
\o 
\o 
\o 
\o *Info*    Client has finished evaluating ... 
\o 
\o 
\o *Info*    Run complete for Point ID (15 3522) on testbench [
\o           IMP_POW_TOP:pow_top_tb:2 ].
\o 
\o 
\o 
\o 
\o 
\o *Info*    Client has finished evaluating ... 
\o 
\o 
\o *Info*    Run complete for Point ID (15 3554) on testbench [
\o           IMP_POW_TOP:pow_top_tb:2 ].
\o 
\o 
\o 
\o 
\o 
\o *Info*    Client has finished evaluating ... 
\o 
\o 
\o *Info*    Run complete for Point ID (15 3586) on testbench [
\o           IMP_POW_TOP:pow_top_tb:2 ].
\o 
\o 
\o 
\o 
\o 
\o *Info*    Client has finished evaluating ... 
\o 
\o 
\o *Info*    Run complete for Point ID (15 3618) on testbench [
\o           IMP_POW_TOP:pow_top_tb:2 ].
\o 
\o 
\o 
\o 
\o 
\o *Info*    Client has finished evaluating ... 
\o 
\o 
\o *Info*    Run complete for Point ID (15 3650) on testbench [
\o           IMP_POW_TOP:pow_top_tb:2 ].
\o 
\o 
\o 
\o 
\o 
\o *Info*    Client has finished evaluating ... 
\o 
\o 
\o *Info*    Run complete for Point ID (15 3682) on testbench [
\o           IMP_POW_TOP:pow_top_tb:2 ].
\o 
\o 
\o 
\o 
\o 
\o *Info*    Client has finished evaluating ... 
\o 
\o 
\o *Info*    Run complete for Point ID (15 3714) on testbench [
\o           IMP_POW_TOP:pow_top_tb:2 ].
\o 
\o 
\o 
\o 
\o 
\o *Info*    Client has finished evaluating ... 
\o 
\o 
\o *Info*    Run complete for Point ID (15 3746) on testbench [
\o           IMP_POW_TOP:pow_top_tb:2 ].
\o 
\o 
\o 
\o 
\o 
\o *Info*    Client has finished evaluating ... 
\o 
\o 
\o *Info*    Run complete for Point ID (15 3778) on testbench [
\o           IMP_POW_TOP:pow_top_tb:2 ].
\o 
\o 
\o 
\o 
\o 
\o *Info*    Client has finished evaluating ... 
\o 
\o 
\o *Info*    Run complete for Point ID (15 3810) on testbench [
\o           IMP_POW_TOP:pow_top_tb:2 ].
\o 
\o 
\o 
\o 
\o 
\o *Info*    Client has finished evaluating ... 
\o 
\o 
\o *Info*    Run complete for Point ID (15 3842) on testbench [
\o           IMP_POW_TOP:pow_top_tb:2 ].
\o 
\o 
\o 
\o 
\o 
\o *Info*    Client has finished evaluating ... 
\o 
\o 
\o *Info*    Run complete for Point ID (15 3874) on testbench [
\o           IMP_POW_TOP:pow_top_tb:2 ].
\o 
\o 
\o 
\o 
\o 
\o *Info*    Client has finished evaluating ... 
\o 
\o 
\o *Info*    Run complete for Point ID (15 3906) on testbench [
\o           IMP_POW_TOP:pow_top_tb:2 ].
\o 
\o 
\o 
\o 
\o 
\o *Info*    Client has finished evaluating ... 
\o 
\o 
\o *Info*    Run complete for Point ID (15 3938) on testbench [
\o           IMP_POW_TOP:pow_top_tb:2 ].
\o 
\o 
\o 
\o 
\o 
\o *Info*    Client has finished evaluating ... 
\o 
\o 
\o *Info*    Run complete for Point ID (15 3970) on testbench [
\o           IMP_POW_TOP:pow_top_tb:2 ].
\o 
\o 
\o 
\o 
\o 
\o *Info*    Client has finished evaluating ... 
\o 
\o 
\o *Info*    Run complete for Point ID (15 4002) on testbench [
\o           IMP_POW_TOP:pow_top_tb:2 ].
\o 
\o 
\o 
\o 
\o 
\o *Info*    Client has finished evaluating ... 
\o 
\o 
\o *Info*    Run complete for Point ID (15 4034) on testbench [
\o           IMP_POW_TOP:pow_top_tb:2 ].
\o 
\o 
\o 
\o 
\o 
\o *Info*    Client has finished evaluating ... 
\o 
\o 
\o *Info*    Run complete for Point ID (15 4066) on testbench [
\o           IMP_POW_TOP:pow_top_tb:2 ].
\o 
\o 
\o 
\o 
\o 
\o *Info*    Client has finished evaluating ... 
\o 
\o 
\o *Info*    Run complete for Point ID (15 4098) on testbench [
\o           IMP_POW_TOP:pow_top_tb:2 ].
\o 
\o 
\o 
\o 
\o 
\o *Info*    Client has finished evaluating ... 
\o 
\o 
\o *Info*    Run complete for Point ID (15 4130) on testbench [
\o           IMP_POW_TOP:pow_top_tb:2 ].
\o 
\o 
\o 
\o 
\o 
\o *Info*    Client has finished evaluating ... 
\o 
\o 
\o *Info*    Run complete for Point ID (15 4162) on testbench [
\o           IMP_POW_TOP:pow_top_tb:2 ].
\o 
\o 
\o 
\o 
\o 
\o *Info*    Client has finished evaluating ... 
\o 
\o 
\o *Info*    Run complete for Point ID (15 4194) on testbench [
\o           IMP_POW_TOP:pow_top_tb:2 ].
\o 
\o 
\o 
\o 
\o 
\o *Info*    Client has finished evaluating ... 
\o 
\o 
\o *Info*    Run complete for Point ID (15 4226) on testbench [
\o           IMP_POW_TOP:pow_top_tb:2 ].
\o 
\o 
\o 
\o 
\o 
\o *Info*    Client has finished evaluating ... 
\o 
\o 
\o *Info*    Run complete for Point ID (15 4258) on testbench [
\o           IMP_POW_TOP:pow_top_tb:2 ].
\o 
\o 
\o 
\o 
\o 
\o *Info*    Client has finished evaluating ... 
\o 
\o 
\o *Info*    Run complete for Point ID (15 4290) on testbench [
\o           IMP_POW_TOP:pow_top_tb:2 ].
\o 
\o 
\o 
\o 
\o 
\o *Info*    Client has finished evaluating ... 
\o 
\o 
\o *Info*    Run complete for Point ID (15 4322) on testbench [
\o           IMP_POW_TOP:pow_top_tb:2 ].
\o 
\o 
\o 
\o 
\o 
\o *Info*    Client has finished evaluating ... 
\o 
\o 
\o *Info*    Run complete for Point ID (15 4354) on testbench [
\o           IMP_POW_TOP:pow_top_tb:2 ].
\o 
\o 
\o 
\o 
\o 
\o *Info*    Client has finished evaluating ... 
\o 
\o 
\o *Info*    Run complete for Point ID (15 4386) on testbench [
\o           IMP_POW_TOP:pow_top_tb:2 ].
\o 
\o 
\o 
\o 
\o 
\o *Info*    Client has finished evaluating ... 
\o 
\o 
\o *Info*    Run complete for Point ID (15 4418) on testbench [
\o           IMP_POW_TOP:pow_top_tb:2 ].
\o 
\o 
\o 
\o 
\o 
\o *Info*    Client has finished evaluating ... 
\o 
\o 
\o *Info*    Run complete for Point ID (15 4450) on testbench [
\o           IMP_POW_TOP:pow_top_tb:2 ].
\o 
\o 
\o 
\o 
\o 
\o *Info*    Client has finished evaluating ... 
\o 
\o 
\o *Info*    Run complete for Point ID (15 4482) on testbench [
\o           IMP_POW_TOP:pow_top_tb:2 ].
\o 
\o 
\o 
\o 
\o 
\o *Info*    Client has finished evaluating ... 
\o 
\o 
\o *Info*    Run complete for Point ID (15 4514) on testbench [
\o           IMP_POW_TOP:pow_top_tb:2 ].
\o 
\o 
\o 
\o 
\o 
\o *Info*    Client has finished evaluating ... 
\o 
\o 
\o *Info*    Run complete for Point ID (15 4546) on testbench [
\o           IMP_POW_TOP:pow_top_tb:2 ].
\o 
\o 
\o 
\o 
\o 
\o *Info*    Client has finished evaluating ... 
\o 
\o 
\o *Info*    Run complete for Point ID (15 4578) on testbench [
\o           IMP_POW_TOP:pow_top_tb:2 ].
\o 
\o 
\o 
\o 
\o 
\o *Info*    Client has finished evaluating ... 
\o 
\o 
\o *Info*    Run complete for Point ID (15 4610) on testbench [
\o           IMP_POW_TOP:pow_top_tb:2 ].
\o 
\o 
\o 
\o 
\o 
\o *Info*    Client has finished evaluating ... 
\o 
\o 
\o *Info*    Run complete for Point ID (15 4642) on testbench [
\o           IMP_POW_TOP:pow_top_tb:2 ].
\o 
\o 
\o 
\o 
\o 
\o *Info*    Client has finished evaluating ... 
\o 
\o 
\o *Info*    Run complete for Point ID (15 4674) on testbench [
\o           IMP_POW_TOP:pow_top_tb:2 ].
\o 
\o 
\o 
\o 
\o 
\o *Info*    Client has finished evaluating ... 
\o 
\o 
\o *Info*    Run complete for Point ID (15 4706) on testbench [
\o           IMP_POW_TOP:pow_top_tb:2 ].
\o 
\o 
\o 
\o 
\o 
\o *Info*    Client has finished evaluating ... 
\o 
\o 
\o *Info*    Run complete for Point ID (15 4738) on testbench [
\o           IMP_POW_TOP:pow_top_tb:2 ].
\o 
\o 
\o 
\o 
\o 
\o *Info*    Client has finished evaluating ... 
\o 
\o 
\o *Info*    Run complete for Point ID (15 4770) on testbench [
\o           IMP_POW_TOP:pow_top_tb:2 ].
\o 
\o 
\o 
\o 
\o 
\o *Info*    Client has finished evaluating ... 
\o 
\o 
\o *Info*    Run complete for Point ID (15 4802) on testbench [
\o           IMP_POW_TOP:pow_top_tb:2 ].
\o 
\o 
\o 
\o 
\o 
\o *Info*    Client has finished evaluating ... 
\o 
\o 
\o *Info*    Run complete for Point ID (15 4834) on testbench [
\o           IMP_POW_TOP:pow_top_tb:2 ].
\o 
\o 
\o 
\o 
\o 
\o *Info*    Client has finished evaluating ... 
\o 
\o 
\o *Info*    Run complete for Point ID (15 4866) on testbench [
\o           IMP_POW_TOP:pow_top_tb:2 ].
\o 
\o 
\o 
\o 
\o 
\o *Info*    Client has finished evaluating ... 
\o 
\o 
\o *Info*    Run complete for Point ID (15 4898) on testbench [
\o           IMP_POW_TOP:pow_top_tb:2 ].
\o 
\o 
\o 
\o 
\o 
\o *Info*    Client has finished evaluating ... 
\o 
\o 
\o *Info*    Run complete for Point ID (15 4930) on testbench [
\o           IMP_POW_TOP:pow_top_tb:2 ].
\o 
\o 
\o 
\o 
\o 
\o *Info*    Client has finished evaluating ... 
\o 
\o 
\o *Info*    Run complete for Point ID (15 4962) on testbench [
\o           IMP_POW_TOP:pow_top_tb:2 ].
\o 
\o 
\o 
\o 
\o 
\o *Info*    Client has finished evaluating ... 
\o 
\o 
\o *Info*    Run complete for Point ID (15 4994) on testbench [
\o           IMP_POW_TOP:pow_top_tb:2 ].
\o 
\o 
\o 
\o 
\o 
\o *Info*    Client has finished evaluating ... 
\o 
\o 
\o *Info*    Run complete for Point ID (15 5026) on testbench [
\o           IMP_POW_TOP:pow_top_tb:2 ].
\o 
\o 
\o 
\o 
\o 
\o *Info*    Client has finished evaluating ... 
\o 
\o 
\o *Info*    Run complete for Point ID (15 5058) on testbench [
\o           IMP_POW_TOP:pow_top_tb:2 ].
\o 
\o 
\o 
\o 
\o 
\o *Info*    Client has finished evaluating ... 
\o 
\o 
\o *Info*    Run complete for Point ID (15 5090) on testbench [
\o           IMP_POW_TOP:pow_top_tb:2 ].
\o 
\o 
\o 
\o 
\o 
\o *Info*    Client has finished evaluating ... 
\o 
\o 
\o *Info*    Run complete for Point ID (15 5122) on testbench [
\o           IMP_POW_TOP:pow_top_tb:2 ].
\o 
\o 
\o 
\o 
\o 
\o *Info*    Client has finished evaluating ... 
\o 
\o 
\o *Info*    Run complete for Point ID (15 5154) on testbench [
\o           IMP_POW_TOP:pow_top_tb:2 ].
\o 
\o 
\o 
\o 
\o 
\o *Info*    Client has finished evaluating ... 
\o 
\o 
\o *Info*    Run complete for Point ID (15 5186) on testbench [
\o           IMP_POW_TOP:pow_top_tb:2 ].
\o 
\o 
\o 
\o 
\o 
\o *Info*    Client has finished evaluating ... 
\o 
\o 
\o *Info*    Run complete for Point ID (15 5218) on testbench [
\o           IMP_POW_TOP:pow_top_tb:2 ].
\o 
\o 
\o 
\o 
\o 
\o *Info*    Client has finished evaluating ... 
\o 
\o 
\o *Info*    Run complete for Point ID (15 5250) on testbench [
\o           IMP_POW_TOP:pow_top_tb:2 ].
\o 
\o 
\o 
\o 
\o 
\o *Info*    Client has finished evaluating ... 
\o 
\o 
\o *Info*    Run complete for Point ID (15 5282) on testbench [
\o           IMP_POW_TOP:pow_top_tb:2 ].
\o 
\o 
\o 
\o 
\o 
\o *Info*    Client has finished evaluating ... 
\o 
\o 
\o *Info*    Run complete for Point ID (15 5314) on testbench [
\o           IMP_POW_TOP:pow_top_tb:2 ].
\o 
\o 
\o 
\o 
\o 
\o *Info*    Client has finished evaluating ... 
\o 
\o 
\o *Info*    Run complete for Point ID (15 5346) on testbench [
\o           IMP_POW_TOP:pow_top_tb:2 ].
\o 
\o 
\o 
\o 
\o 
\o *Info*    Client has finished evaluating ... 
\o 
\o 
\o *Info*    Run complete for Point ID (15 5378) on testbench [
\o           IMP_POW_TOP:pow_top_tb:2 ].
\o 
\o 
\o 
\o 
\o 
\o *Info*    Client has finished evaluating ... 
\o 
\o 
\o *Info*    Run complete for Point ID (15 5410) on testbench [
\o           IMP_POW_TOP:pow_top_tb:2 ].
\o 
\o 
\o 
\o 
\o 
\o *Info*    Client has finished evaluating ... 
\o 
\o 
\o *Info*    Run complete for Point ID (15 5442) on testbench [
\o           IMP_POW_TOP:pow_top_tb:2 ].
\o 
\o 
\o 
\o 
\o 
\o *Info*    Client has finished evaluating ... 
\o 
\o 
\o *Info*    Run complete for Point ID (15 5474) on testbench [
\o           IMP_POW_TOP:pow_top_tb:2 ].
\o 
\o 
\o 
\o 
\o 
\o *Info*    Client has finished evaluating ... 
\o 
\o 
\o *Info*    Run complete for Point ID (15 5506) on testbench [
\o           IMP_POW_TOP:pow_top_tb:2 ].
\o 
\o 
\o 
\o 
\o 
\o *Info*    Client has finished evaluating ... 
\o 
\o 
\o *Info*    Run complete for Point ID (15 5538) on testbench [
\o           IMP_POW_TOP:pow_top_tb:2 ].
\o 
\o 
\o 
\o 
\o 
\o *Info*    Client has finished evaluating ... 
\o 
\o 
\o *Info*    Run complete for Point ID (15 5570) on testbench [
\o           IMP_POW_TOP:pow_top_tb:2 ].
\o 
\o 
\o 
\o 
\o 
\o *Info*    Client has finished evaluating ... 
\o 
\o 
\o *Info*    Run complete for Point ID (15 5602) on testbench [
\o           IMP_POW_TOP:pow_top_tb:2 ].
\o 
\o 
\o 
\o 
\o 
\o *Info*    Client has finished evaluating ... 
\o 
\o 
\o *Info*    Run complete for Point ID (15 5634) on testbench [
\o           IMP_POW_TOP:pow_top_tb:2 ].
\o 
\o 
\o 
\o 
\o 
\o *Info*    Client has finished evaluating ... 
\o 
\o 
\o *Info*    Run complete for Point ID (15 5666) on testbench [
\o           IMP_POW_TOP:pow_top_tb:2 ].
\o 
\o 
\o 
\o 
\o 
\o *Info*    Client has finished evaluating ... 
\o 
\o 
\o *Info*    Run complete for Point ID (15 5698) on testbench [
\o           IMP_POW_TOP:pow_top_tb:2 ].
\o 
\o 
\o 
\o 
\o 
\o *Info*    Client has finished evaluating ... 
\o 
\o 
\o *Info*    Run complete for Point ID (15 5730) on testbench [
\o           IMP_POW_TOP:pow_top_tb:2 ].
\o 
\o 
\o 
\o 
\o 
\o *Info*    Client has finished evaluating ... 
\o 
\o 
\o *Info*    Run complete for Point ID (15 5762) on testbench [
\o           IMP_POW_TOP:pow_top_tb:2 ].
\o 
\o 
\o 
\o 
\o 
\o *Info*    Client has finished evaluating ... 
\o 
\o 
\o *Info*    Run complete for Point ID (15 5794) on testbench [
\o           IMP_POW_TOP:pow_top_tb:2 ].
\o 
\o 
\o 
\o 
\o 
\o *Info*    Client has finished evaluating ... 
\o 
\o 
\o *Info*    Run complete for Point ID (15 5826) on testbench [
\o           IMP_POW_TOP:pow_top_tb:2 ].
\o 
\o 
\o 
\o 
\o 
\o *Info*    Client has finished evaluating ... 
\o 
\o 
\o *Info*    Run complete for Point ID (15 5858) on testbench [
\o           IMP_POW_TOP:pow_top_tb:2 ].
\o 
\o 
\o 
\o 
\o 
\o *Info*    Client has finished evaluating ... 
\o 
\o 
\o *Info*    Run complete for Point ID (15 5890) on testbench [
\o           IMP_POW_TOP:pow_top_tb:2 ].
\o 
\o 
\o 
\o 
\o 
\o *Info*    Client has finished evaluating ... 
\o 
\o 
\o *Info*    Run complete for Point ID (15 5922) on testbench [
\o           IMP_POW_TOP:pow_top_tb:2 ].
\o 
\o 
\o 
\o 
\o 
\o *Info*    Client has finished evaluating ... 
\o 
\o 
\o *Info*    Run complete for Point ID (15 5954) on testbench [
\o           IMP_POW_TOP:pow_top_tb:2 ].
\o 
\o 
\o 
\o 
\o 
\o *Info*    Client has finished evaluating ... 
\o 
\o 
\o *Info*    Run complete for Point ID (15 5986) on testbench [
\o           IMP_POW_TOP:pow_top_tb:2 ].
\o 
\o 
\o 
\o 
\o 
\o *Info*    Client has finished evaluating ... 
\o 
\o 
\o *Info*    Run complete for Point ID (15 6018) on testbench [
\o           IMP_POW_TOP:pow_top_tb:2 ].
\o 
\o 
\o 
\o 
\o 
\o *Info*    Client has finished evaluating ... 
\o 
\o 
\o *Info*    Run complete for Point ID (15 6050) on testbench [
\o           IMP_POW_TOP:pow_top_tb:2 ].
\o 
\o 
\o 
\o 
\o 
\o *Info*    Client has finished evaluating ... 
\o 
\o 
\o *Info*    Run complete for Point ID (15 6082) on testbench [
\o           IMP_POW_TOP:pow_top_tb:2 ].
\o 
\o 
\o 
\o 
\o 
\o *Info*    Client has finished evaluating ... 
\o 
\o 
\o *Info*    Run complete for Point ID (15 6114) on testbench [
\o           IMP_POW_TOP:pow_top_tb:2 ].
\o 
\o 
\o 
\o 
\o 
\o *Info*    Client has finished evaluating ... 
\o 
\o 
\o *Info*    Run complete for Point ID (15 6146) on testbench [
\o           IMP_POW_TOP:pow_top_tb:2 ].
\o 
\o 
\o 
\o 
\o 
\o *Info*    Client has finished evaluating ... 
\o 
\o 
\o *Info*    Run complete for Point ID (15 6178) on testbench [
\o           IMP_POW_TOP:pow_top_tb:2 ].
\o 
\o 
\o 
\o 
\o 
\o *Info*    Client has finished evaluating ... 
\o 
\o 
\o *Info*    Run complete for Point ID (15 6210) on testbench [
\o           IMP_POW_TOP:pow_top_tb:2 ].
\o 
\o 
\o 
\o 
\o 
\o *Info*    Client has finished evaluating ... 
\o 
\o 
\o *Info*    Run complete for Point ID (15 6242) on testbench [
\o           IMP_POW_TOP:pow_top_tb:2 ].
\o 
\o 
\o 
\o 
\o 
\o *Info*    Client has finished evaluating ... 
\o 
\o 
\o *Info*    Run complete for Point ID (15 6274) on testbench [
\o           IMP_POW_TOP:pow_top_tb:2 ].
\o 
\o 
\o 
\o 
\o 
\o *Info*    Client has finished evaluating ... 
\o 
\o 
\o *Info*    Run complete for Point ID (15 6306) on testbench [
\o           IMP_POW_TOP:pow_top_tb:2 ].
\o 
\o 
\o 
\o 
\o 
\o *Info*    Client has finished evaluating ... 
\o 
\o 
\o *Info*    Run complete for Point ID (15 6338) on testbench [
\o           IMP_POW_TOP:pow_top_tb:2 ].
\o 
\o 
\o 
\o 
\o 
\o *Info*    Client has finished evaluating ... 
\o 
\o 
\o *Info*    Run complete for Point ID (15 6370) on testbench [
\o           IMP_POW_TOP:pow_top_tb:2 ].
\o 
\o 
\o 
\o 
\o 
\o Simulation design variables differ from those on the cellView,
\o they have been saved in the file "/tmp/saved-design-variables".
\o To save future changes, copy variables to cellView before exiting.
\o 
\o 
\o *Info*    Configuring the session ...
\o 
\o 	Library      = IMP_POW_TOP
\o 	Cell         = pow_top_tb
\o 	View         = config
\o 	Simulator    = spectre
\o 	State Path   = $AXL_SETUPDB_DIR/test_states
\o 	State Name   = IMP_POW_TOP:pow_top_tb:2_none_MonteCarlo.1
\o 	Results DB   = /home/saul/projects/IMPLANTABLE_AMS/version1/saul/IMP_POW_TOP/pow_top_tb/adexl/results/data/MonteCarlo.1.rdb
\o 	Results Dir  = /home/saul/Sim/IMP_POW_TOP/pow_top_tb/adexl/results/data/MonteCarlo.1/1/IMP_POW_TOP:pow_top_tb:2
\o 	Results Loc  = /home/saul/Sim/IMP_POW_TOP/pow_top_tb/adexl/results/data
\o 	Project Dir  = /home/saul/projects/IMPLANTABLE_AMS/version1/saul/SimVM
\o 	Setup DB loc = /home/saul/projects/IMPLANTABLE_AMS/version1/saul/IMP_POW_TOP/pow_top_tb/adexl
\o 	File Encoding = 0
\o 
\o 
\o *Info*    Spectre controlMode is set "batch".
\o 
\o 
\o 
\o 
\o 
\o 
\o *Info*    Run start for Point ID (16 18) on testbench [
\o           IMP_POW_TOP:pow_top_tb:2 ].
\o 
\o Resetting statistical vars
\o 
\o *Info*    Setting parameter values ...
\o 
\o Setting var AM_INDEX = "0.1"
\o Setting var C_REC = "1u"
\o Setting var FREQ = "100k"
\o Setting var TX_DATA = "0"
\o Setting var VIN_AC = "0"
\o Setting var VIN_AMP = "0"
\o Setting var VIN_DC = "0"
\o Setting var VIN_PULSE = "5"
\o Setting temp(T) = 27
\o 
\o *Info*    Netlist Directory =
\o           /home/saul/Sim/IMP_POW_TOP/pow_top_tb/adexl/results/data/MonteCarlo.1/18/IMP_POW_TOP:pow_top_tb:2/netlist
\o 
\o 
\o *Info*    Data Directory    =
\o           /home/saul/Sim/IMP_POW_TOP/pow_top_tb/adexl/results/data/MonteCarlo.1/18/IMP_POW_TOP:pow_top_tb:2
\o 
\o 
\o *Info*    Creating Netlist for Point ID (16 18)
\o 
\o generate netlist...
\e *Error* load: can't access file - "/afs/ict.kth.se/proj/ektlab/PDK/AMS/cds/HK_ALL/skill/ansCdlCompPrim.il"
\e *Error* load: can't access file - "/afs/ict.kth.se/proj/ektlab/PDK/AMS/cds/HK_ALL/skill/ansCdlCompPrim.il"
\o Begin Incremental Netlisting Nov 26 15:37:33 2015
\o End netlisting Nov 26 15:37:33 2015
\o 
\o 	The netlist is up to date.
\o 	Time taken to compare the design with netlist:   0.0s
\o       ...successful.
\o compose simulator input file...
\o       ...successful.
\o 
\o *Info*    Running simulation on testbench [ IMP_POW_TOP:pow_top_tb:2
\o           ] for Point ID (16 18).
\o 
\o *Info*    Spectre controlMode is set "batch" due to monte carlo run.
\o 
\o Delete psf data in /home/saul/Sim/IMP_POW_TOP/pow_top_tb/adexl/results/data/MonteCarlo.1/18/IMP_POW_TOP:pow_top_tb:2/psf.
\o generate netlist...
\e *Error* load: can't access file - "/afs/ict.kth.se/proj/ektlab/PDK/AMS/cds/HK_ALL/skill/ansCdlCompPrim.il"
\e *Error* load: can't access file - "/afs/ict.kth.se/proj/ektlab/PDK/AMS/cds/HK_ALL/skill/ansCdlCompPrim.il"
\o Begin Incremental Netlisting Nov 26 15:37:33 2015
\o End netlisting Nov 26 15:37:33 2015
\o 
\o 	The netlist is up to date.
\o 	Time taken to compare the design with netlist:   0.0s
\o       ...successful.
\o compose simulator input file...
\o       ...successful.
\o start simulator if needed...
\o       ...successful.
\o simulate...
\o To view the simulator output, right-click on the test name, result 
\o name, or any value in the "Results" tab of the Outputs section and 
\o choose "Output Log" menu option.
\# Memory report: now 276926464 (0x10819000) bytes, process size 1024401408 (0x3d0f2000) bytes at UTC 2015.11.26 14:37:55.026
\o *Info*    Client has finished evaluating ... 
\o 
\o 
\o *Info*    Run complete for Point ID (16 18) on testbench [
\o           IMP_POW_TOP:pow_top_tb:2 ].
\o 
\o 
\o 
\o 
\o 
\o *Info*    Client has finished evaluating ... 
\o 
\o 
\o *Info*    Run complete for Point ID (16 19) on testbench [
\o           IMP_POW_TOP:pow_top_tb:2 ].
\o 
\o 
\o 
\o 
\o 
\o *Info*    Client has finished evaluating ... 
\o 
\o 
\o *Info*    Run complete for Point ID (16 20) on testbench [
\o           IMP_POW_TOP:pow_top_tb:2 ].
\o 
\o 
\o 
\o 
\o 
\o *Info*    Client has finished evaluating ... 
\o 
\o 
\o *Info*    Run complete for Point ID (16 21) on testbench [
\o           IMP_POW_TOP:pow_top_tb:2 ].
\o 
\o 
\o 
\o 
\o 
\o *Info*    Client has finished evaluating ... 
\o 
\o 
\o *Info*    Run complete for Point ID (16 22) on testbench [
\o           IMP_POW_TOP:pow_top_tb:2 ].
\o 
\o 
\o 
\o 
\o 
\o *Info*    Client has finished evaluating ... 
\o 
\o 
\o *Info*    Run complete for Point ID (16 23) on testbench [
\o           IMP_POW_TOP:pow_top_tb:2 ].
\o 
\o 
\o 
\o 
\o 
\o *Info*    Client has finished evaluating ... 
\o 
\o 
\o *Info*    Run complete for Point ID (16 24) on testbench [
\o           IMP_POW_TOP:pow_top_tb:2 ].
\o 
\o 
\o 
\o 
\o 
\o *Info*    Client has finished evaluating ... 
\o 
\o 
\o *Info*    Run complete for Point ID (16 25) on testbench [
\o           IMP_POW_TOP:pow_top_tb:2 ].
\o 
\o 
\o 
\o 
\o 
\o *Info*    Client has finished evaluating ... 
\o 
\o 
\o *Info*    Run complete for Point ID (16 26) on testbench [
\o           IMP_POW_TOP:pow_top_tb:2 ].
\o 
\o 
\o 
\o 
\o 
\o *Info*    Client has finished evaluating ... 
\o 
\o 
\o *Info*    Run complete for Point ID (16 27) on testbench [
\o           IMP_POW_TOP:pow_top_tb:2 ].
\o 
\o 
\o 
\o 
\o 
\o *Info*    Client has finished evaluating ... 
\o 
\o 
\o *Info*    Run complete for Point ID (16 28) on testbench [
\o           IMP_POW_TOP:pow_top_tb:2 ].
\o 
\o 
\o 
\o 
\o 
\o *Info*    Client has finished evaluating ... 
\o 
\o 
\o *Info*    Run complete for Point ID (16 29) on testbench [
\o           IMP_POW_TOP:pow_top_tb:2 ].
\o 
\o 
\o 
\o 
\o 
\o *Info*    Client has finished evaluating ... 
\o 
\o 
\o *Info*    Run complete for Point ID (16 30) on testbench [
\o           IMP_POW_TOP:pow_top_tb:2 ].
\o 
\o 
\o 
\o 
\o 
\o *Info*    Client has finished evaluating ... 
\o 
\o 
\o *Info*    Run complete for Point ID (16 31) on testbench [
\o           IMP_POW_TOP:pow_top_tb:2 ].
\o 
\o 
\o 
\o 
\o 
\o *Info*    Client has finished evaluating ... 
\o 
\o 
\o *Info*    Run complete for Point ID (16 32) on testbench [
\o           IMP_POW_TOP:pow_top_tb:2 ].
\o 
\o 
\o 
\o 
\o 
\o *Info*    Client has finished evaluating ... 
\o 
\o 
\o *Info*    Run complete for Point ID (16 33) on testbench [
\o           IMP_POW_TOP:pow_top_tb:2 ].
\o 
\o 
\o 
\o 
\o 
\o INFO (ADE-3071): Simulation completed successfully.
\o reading simulation data...
\o       ...successful.
\o *Info*    Monte Carlo Simulation completed successfully...
\o WARNING (WIA-1120):  : Invalid directory found while clearing SST2 resources.
\o *Info*    Client has finished evaluating ... 
\o 
\o 
\o *Info*    Run complete for Point ID (16 34) on testbench [
\o           IMP_POW_TOP:pow_top_tb:2 ].
\o 
\o 
\o 
\o 
\o 
\# Memory report: Maximum memory size now 68167479296 (0xfdf193000) bytes, UTC 2015.11.26 14:38:53.502
\o Simulation design variables differ from those on the cellView,
\o they have been saved in the file "/tmp/saved-design-variables".
\o To save future changes, copy variables to cellView before exiting.
\# Memory report: on exit 276910080 (0x10815000) bytes, process size 1024385024 (0x3d0ee000) bytes at UTC 2015.11.26 14:43:43.251
\# Memory report: peak usage 276930560 (0x1081a000) bytes, process size 1024401408 (0x3d0f2000) bytes
