\# Program start time UTC 2015.10.21 12:17:38.514
\# Local time Wednesday 21 October 2015, 2:17 pm
\o Program:		@(#)$CDS: virtuoso version 6.1.5-64b 06/11/2013 20:05 (sjfnl006) $
\o Hierarchy:		/pkg/Cadence/installs/IC615/tools.lnx86/dfII/
\o Sub version:		sub-version  IC6.1.5-64b.500.17  (64-bit addresses)
\# Host name (type):	localhost.localdomain (x86_64)
\# Operating system:	Linux 2.6.18-406.el5 #1 SMP Tue Jun 2 17:25:57 EDT 2015
\# X display name (WxH):	localhost.localdomain:80.0 (1024x868)
\# Available geometry:			TL(0:0) BR(1023:867)
\# X server:			RealVNC Ltd (VNC nograph server)
\# Depth of Visual (Root):	16 (16)
\# Number of Planes Used:	16
\# X version:		11.0 (vendor release 3370)
\# X resource pool:	base 0x1000000, mask 0x3fffff (4194303), shift 0
\# 			current id 0x31, current max 0x3ffffa (4194298)
\# Memory report:	maximum data size 18446744073709551615 (0xffffffffffffffff) bytes
\# Memory report:	maximum process size 18446744073709551615 (0xffffffffffffffff) bytes
\# Initial sbrk value:	327032832 (0x137e2000) bytes
\# Available memory:	12844504 (0xc3fdd8) kilobytes
\# System memory:	18405228 (0x118d76c) kilobytes
\# Maximum memory size:	18577633280 (0x453503000) bytes
\# Max mem available:	13210484736 (0x313680000) bytes
\# Initial memory used:	57712640 (0x370a000) bytes
\#        process size:	669081600 (0x27e16000) bytes
\# Qt version:		4.5.3
\# Window Manager:	other
\# User Name:		saul
\o Working Directory:	localhost.localdomain:/home/saul/projects/IMPLANTABLE_AMS/version1/saul
\# Process Id:		20343
\o 
\o COPYRIGHT © 1992-2013  CADENCE DESIGN SYSTEMS INC.  ALL RIGHTS RESERVED.
\o           © 1992-2013  UNIX SYSTEMS Laboratories INC.,
\o                          Reproduced with permission.
\o 
\o This Cadence Design Systems program and online documentation are
\o proprietary/confidential information and may be disclosed/used only
\o as authorized in a license agreement controlling such use and disclosure.
\o 
\o           RESTRICTED RIGHTS NOTICE (SHORT FORM)
\o Use/reproduction/disclosure is subject to restriction
\o set forth at FAR 1252.227-19 or its equivalent.
\# Available memory:	12806640 (0xc369f0) kilobytes UTC 2015.10.21 12:17:39.667
\# Memory report: Maximum memory size now 13174472704 (0x311428000) bytes, UTC 2015.10.21 12:17:39.668
\o Loading geView.cxt 
\o Loading menuBuilder.cxt 
\o Loading schView.cxt 
\o Loading selectSv.cxt 
\o Loading LVS.cxt 
\o Loading layerProc.cxt 
\o Loading xlUI.cxt 
\o Loading auCore.cxt 
\o Loading dcm.cxt 
\o Loading vhdl.cxt 
\o Loading seismic.cxt 
\o Loading ci.cxt 
\o Loading ams.cxt 
\o Loading adexl.cxt 
\o Loading oasis.cxt 
\o Loading asimenv.cxt 
\o Loading analog.cxt 
\o Loading par.cxt 
\o Loading socket.cxt 
\o Loading alvs.cxt 
\o *Info*    Exporting services from client ... 
\o 
\w *WARNING* LIB TECH_H18A6 from File /home/saul/projects/IMPLANTABLE_AMS/version1/saul/cds.lib Line 69 redefines
\w LIB TECH_H18A6 from the same file (defined earlier.)
\w *WARNING* The directory: '/pkg/AMS/cds/HK_H18/TECH_H18A7AMAM' does not exist
\w 	but was defined in libFile '/home/saul/projects/IMPLANTABLE_AMS/version1/saul/cds.lib' for Lib 'TECH_H18A7AM'.
\w *WARNING* The directory: '/pkg/AMS/cds/HK_H18/TECH_H18A5AMAM' does not exist
\w 	but was defined in libFile '/home/saul/projects/IMPLANTABLE_AMS/version1/saul/cds.lib' for Lib 'TECH_H18A5AM'.
\w *WARNING* The directory: '/pkg/AMS/cds/HK_H18/TECH_H18A4AMAM' does not exist
\w 	but was defined in libFile '/home/saul/projects/IMPLANTABLE_AMS/version1/saul/cds.lib' for Lib 'TECH_H18A4AM'.
\w *WARNING* The directory: '/pkg/AMS/cds/HK_H18/TECH_H18A3AMAM' does not exist
\w 	but was defined in libFile '/home/saul/projects/IMPLANTABLE_AMS/version1/saul/cds.lib' for Lib 'TECH_H18A3AM'.
\o ......................................................................................
\o            ams AG hitkit v.ams_4.11
\o ......................................................................................
\o COPYRIGHT (c) 2013 Full Service Foundry @ ams AG.  ALL RIGHTS RESERVED
\o This hitkit and attached documentation are confidential information and may 
\o only be used as authorized by the hitkit license agreement.
\o ......................................................................................
\o Loading simulator default settings.
\o HitKit On-Line Documentation not enabled - does ~/data.reg exist?
\o No mx check
\o  
\o Loading IBM PDK cmhv7sf procedures for Cadence Version "6.1.5-64b"...
\o ...IBM PDK cmhv7sf procedures loaded.
\o  
\o Loading simulator default settings.
\o *Info*    Client has finished starting ... 
\o 
\p hitkit: ams_4.11  Tech: h18a6am  User: saul 
\o 
\o 
\o *Info*    Configuring the session ...
\o 
\o 	Library      = IMP_AN_SIGNAL_GEN_GM
\o 	Cell         = S3_TB
\o 	View         = schematic
\o 	Simulator    = spectre
\o 	State Path   = $AXL_SETUPDB_DIR/test_states
\o 	State Name   = IMP_AN_SIGNAL_GEN_GM:S3_TB:1_spectre_state1VM_MonteCarlo.2
\o 	Results DB   = /home/saul/projects/IMPLANTABLE_AMS/version1/saul/IMP_AN_SIGNAL_GEN_GM/S3_TB/adexlVM/results/data/MonteCarlo.2.rdb
\o 	Results Dir  = /home/saul/Sim/IMP_AN_SIGNAL_GEN_GM/S3_TB/adexlVM/results/data/MonteCarlo.2/1/IMP_AN_SIGNAL_GEN_GM:S3_TB:1
\o 	Results Loc  = /home/saul/Sim/IMP_AN_SIGNAL_GEN_GM/S3_TB/adexlVM/results/data
\o 	Project Dir  = /home/saul/projects/IMPLANTABLE_AMS/version1/saul/SimVM
\o 	Setup DB loc = /home/saul/projects/IMPLANTABLE_AMS/version1/saul/IMP_AN_SIGNAL_GEN_GM/S3_TB/adexlVM
\o 	File Encoding = 0
\o 
\o 
\o Loading simui.cxt 
\o Loading awv.cxt 
\o Loading viva.cxt 
\o *Info*    Spectre controlMode is set "batch".
\o 
\o Loading spectrei.cxt 
\# Memory report: now 167993344 (0xa036000) bytes, process size 915406848 (0x36900000) bytes at UTC 2015.10.21 12:17:41.895
\o Loading relXpert.cxt 
\w *WARNING* LIB TECH_H18A6 from File /home/saul/projects/IMPLANTABLE_AMS/version1/saul/cds.lib Line 69 redefines
\w LIB TECH_H18A6 from the same file (defined earlier.)
\w *WARNING* The directory: '/pkg/AMS/cds/HK_H18/TECH_H18A7AMAM' does not exist
\w 	but was defined in libFile '/home/saul/projects/IMPLANTABLE_AMS/version1/saul/cds.lib' for Lib 'TECH_H18A7AM'.
\w *WARNING* The directory: '/pkg/AMS/cds/HK_H18/TECH_H18A5AMAM' does not exist
\w 	but was defined in libFile '/home/saul/projects/IMPLANTABLE_AMS/version1/saul/cds.lib' for Lib 'TECH_H18A5AM'.
\w *WARNING* The directory: '/pkg/AMS/cds/HK_H18/TECH_H18A4AMAM' does not exist
\w 	but was defined in libFile '/home/saul/projects/IMPLANTABLE_AMS/version1/saul/cds.lib' for Lib 'TECH_H18A4AM'.
\w *WARNING* The directory: '/pkg/AMS/cds/HK_H18/TECH_H18A3AMAM' does not exist
\w 	but was defined in libFile '/home/saul/projects/IMPLANTABLE_AMS/version1/saul/cds.lib' for Lib 'TECH_H18A3AM'.
\o Loading hspiceD.cxt 
\o Loading spectreinl.cxt 
\o Loading msgHandler.cxt 
\o Loading UltraSim.cxt 
\o Loading AMSOSS.cxt 
\o Loading AMS.cxt 
\o Loading devCheck.cxt 
\o 
\o 
\o 
\o 
\o 
\o *Info*    Run start for Point ID (148 51) on testbench [
\o           IMP_AN_SIGNAL_GEN_GM:S3_TB:1 ].
\o 
\o Resetting statistical vars
\o 
\o *Info*    Setting parameter values ...
\o 
\o Setting var CMFB_VAC = "0"
\o Setting var CPAD = "0"
\o Setting var DC_IN = "0"
\o Setting var G0 = "1.8"
\o Setting var G1 = "1.8"
\o Setting var G2 = "1.8"
\o Setting var G3 = "1.8"
\o Setting var I_REF = "100u"
\o Setting var PULSE_CMFB = "0"
\o Setting var RL = "1.2k"
\o Setting var VAC_CM = "1"
\o Setting var VCM_PULSE = "10m"
\o Setting var VDC_CM = "1000m"
\o Setting var VDD_PULSE = "0"
\o Setting var VIN_AC = "0"
\o Setting var VIN_PULSE = "0"
\o Loading monte.cxt 
\o Setting temp(T) = 27
\o 
\o *Info*    Netlist Directory =
\o           /home/saul/Sim/IMP_AN_SIGNAL_GEN_GM/S3_TB/adexlVM/results/data/MonteCarlo.2/51/IMP_AN_SIGNAL_GEN_GM:S3_TB:1/netlist
\o 
\o 
\o *Info*    Data Directory    =
\o           /home/saul/Sim/IMP_AN_SIGNAL_GEN_GM/S3_TB/adexlVM/results/data/MonteCarlo.2/51/IMP_AN_SIGNAL_GEN_GM:S3_TB:1
\o 
\o 
\o *Info*    Creating Netlist for Point ID (148 51)
\o 
\o generate netlist...
\e *Error* load: can't access file - "/afs/ict.kth.se/proj/ektlab/PDK/AMS/cds/HK_ALL/skill/ansCdlCompPrim.il"
\o Loading seCore.cxt 
\e *Error* load: can't access file - "/afs/ict.kth.se/proj/ektlab/PDK/AMS/cds/HK_ALL/skill/ansCdlCompPrim.il"
\e *Error* load: can't access file - "/afs/ict.kth.se/proj/ektlab/PDK/AMS/cds/HK_ALL/skill/ansCdlCompPrim.il"
\o Begin Incremental Netlisting Oct 21 14:17:43 2015
\o WARNING (OSSHNL-145): Incremental netlisting is not possible since the netlist in this run directory
\o was generated using a previous IHNL version which is incompatible with the
\o current IHNL version. Therefore re-netlisting the entire design using the
\o current IHNL version.
\o 
\o End netlisting Oct 21 14:17:43 2015
\o 
\o Netlisting Statistics:
\o 	Number of components:  166
\o 
\o 	Elapsed time:          0.0s
\o Errors: 0	Warnings: 0
\o       ...successful.
\o compose simulator input file...
\o       ...successful.
\o 
\o *Info*    Running simulation on testbench [
\o           IMP_AN_SIGNAL_GEN_GM:S3_TB:1 ] for Point ID (148 51).
\o 
\o *Info*    Spectre controlMode is set "batch" due to monte carlo run.
\o 
\o Delete psf data in /home/saul/Sim/IMP_AN_SIGNAL_GEN_GM/S3_TB/adexlVM/results/data/MonteCarlo.2/51/IMP_AN_SIGNAL_GEN_GM:S3_TB:1/psf.
\o generate netlist...
\e *Error* load: can't access file - "/afs/ict.kth.se/proj/ektlab/PDK/AMS/cds/HK_ALL/skill/ansCdlCompPrim.il"
\e *Error* load: can't access file - "/afs/ict.kth.se/proj/ektlab/PDK/AMS/cds/HK_ALL/skill/ansCdlCompPrim.il"
\o Begin Incremental Netlisting Oct 21 14:17:43 2015
\o End netlisting Oct 21 14:17:43 2015
\o 
\o 	The netlist is up to date.
\o 	Time taken to compare the design with netlist:   0.0s
\o       ...successful.
\o compose simulator input file...
\o       ...successful.
\o start simulator if needed...
\o       ...successful.
\o simulate...
\o To view the simulator output, right-click on the test name, result 
\o name, or any value in the "Results" tab of the Outputs section and 
\o choose "Output Log" menu option.
\o Loading paraplot.cxt 
\# Memory report: Maximum memory size now 12455927808 (0x2e66e6000) bytes, UTC 2015.10.21 12:17:49.668
\o Initializing IBM_PDK functions
\o IBM_PDK skill procedures for Cadence 6.1 - Nov 29 08:29:37 2010
\o Licensed Materials - Property of IBM - All Rights Reserved 
\o Copyright: International Business Machines Corporation, 2015
\o This Material may not be copied without the written consent of 
\o Semiconductor Research and Development Center, IBM Corp., Essex Junction, VT 05452-4299.
\o  Default set for Left & Right WindowCoordIBM
\o System hardware set for Linux IBM_PDK procedures
\o Setting calibre env variable table for cmhv7sf 
\o Using menu definition file: /pkg/AMS/cds/HK_H18/cmhv7sf/ibmPdkMenu.def
\o set cmhv7sf  calibre env variables based on ibmPdkMenuCalibre settings
\o set cmhv7sf  calibre env variables based on ibmPdkMenuCalibreDrc settings
\o set cmhv7sf  calibre env variables based on ibmPdkMenuCalibreLvs settings
\o set cmhv7sf  calibre env variables based on ibmPdkMenuCalibrePerc settings
\e *Error* ("difference" 0 t nil ("*Error* difference: can't handle (nil - nil)"))
\e 
\e 
\o 
\o *Error*   Evaluating expression ((VDC("/OUTP") - VDC("/OUTN"))). 
\o 
\o 
\o Loading stats.cxt 
\e *Error* ("difference" 0 t nil ("*Error* difference: can't handle (nil - nil)"))
\e 
\e 
\o 
\o *Error*   Evaluating expression ((VDC("/OUTP") - VDC("/OUTN"))). 
\o 
\o 
\o *Info*    Client has finished evaluating ... 
\o 
\o 
\o *Info*    Run complete for Point ID (148 51) on testbench [
\o           IMP_AN_SIGNAL_GEN_GM:S3_TB:1 ].
\o 
\o 
\o 
\o 
\o 
\e *Error* ("difference" 0 t nil ("*Error* difference: can't handle (nil - nil)"))
\e 
\e 
\o 
\o *Error*   Evaluating expression ((VDC("/OUTP") - VDC("/OUTN"))). 
\o 
\o 
\o *Info*    Client has finished evaluating ... 
\o 
\o 
\o *Info*    Run complete for Point ID (148 52) on testbench [
\o           IMP_AN_SIGNAL_GEN_GM:S3_TB:1 ].
\o 
\o 
\o 
\o 
\o 
\e *Error* ("difference" 0 t nil ("*Error* difference: can't handle (nil - nil)"))
\e 
\e 
\o 
\o *Error*   Evaluating expression ((VDC("/OUTP") - VDC("/OUTN"))). 
\o 
\o 
\o *Info*    Client has finished evaluating ... 
\o 
\o 
\o *Info*    Run complete for Point ID (148 53) on testbench [
\o           IMP_AN_SIGNAL_GEN_GM:S3_TB:1 ].
\o 
\o 
\o 
\o 
\o 
\e *Error* ("difference" 0 t nil ("*Error* difference: can't handle (nil - nil)"))
\e 
\e 
\o 
\o *Error*   Evaluating expression ((VDC("/OUTP") - VDC("/OUTN"))). 
\o 
\o 
\o *Info*    Client has finished evaluating ... 
\o 
\o 
\o *Info*    Run complete for Point ID (148 54) on testbench [
\o           IMP_AN_SIGNAL_GEN_GM:S3_TB:1 ].
\o 
\o 
\o 
\o 
\o 
\e *Error* ("difference" 0 t nil ("*Error* difference: can't handle (nil - nil)"))
\e 
\e 
\o 
\o *Error*   Evaluating expression ((VDC("/OUTP") - VDC("/OUTN"))). 
\o 
\o 
\o *Info*    Client has finished evaluating ... 
\o 
\o 
\o *Info*    Run complete for Point ID (148 55) on testbench [
\o           IMP_AN_SIGNAL_GEN_GM:S3_TB:1 ].
\o 
\o 
\o 
\o 
\o 
\e *Error* ("difference" 0 t nil ("*Error* difference: can't handle (nil - nil)"))
\e 
\e 
\o 
\o *Error*   Evaluating expression ((VDC("/OUTP") - VDC("/OUTN"))). 
\o 
\o 
\o *Info*    Client has finished evaluating ... 
\o 
\o 
\o *Info*    Run complete for Point ID (148 56) on testbench [
\o           IMP_AN_SIGNAL_GEN_GM:S3_TB:1 ].
\o 
\o 
\o 
\o 
\o 
\e *Error* ("difference" 0 t nil ("*Error* difference: can't handle (nil - nil)"))
\e 
\e 
\o 
\o *Error*   Evaluating expression ((VDC("/OUTP") - VDC("/OUTN"))). 
\o 
\o 
\o *Info*    Client has finished evaluating ... 
\o 
\o 
\o *Info*    Run complete for Point ID (148 57) on testbench [
\o           IMP_AN_SIGNAL_GEN_GM:S3_TB:1 ].
\o 
\o 
\o 
\o 
\o 
\e *Error* ("difference" 0 t nil ("*Error* difference: can't handle (nil - nil)"))
\e 
\e 
\o 
\o *Error*   Evaluating expression ((VDC("/OUTP") - VDC("/OUTN"))). 
\o 
\o 
\o *Info*    Client has finished evaluating ... 
\o 
\o 
\o *Info*    Run complete for Point ID (148 58) on testbench [
\o           IMP_AN_SIGNAL_GEN_GM:S3_TB:1 ].
\o 
\o 
\o 
\o 
\o 
\e *Error* ("difference" 0 t nil ("*Error* difference: can't handle (nil - nil)"))
\e 
\e 
\o 
\o *Error*   Evaluating expression ((VDC("/OUTP") - VDC("/OUTN"))). 
\o 
\o 
\o *Info*    Client has finished evaluating ... 
\o 
\o 
\o *Info*    Run complete for Point ID (148 59) on testbench [
\o           IMP_AN_SIGNAL_GEN_GM:S3_TB:1 ].
\o 
\o 
\o 
\o 
\o 
\e *Error* ("difference" 0 t nil ("*Error* difference: can't handle (nil - nil)"))
\e 
\e 
\o 
\o *Error*   Evaluating expression ((VDC("/OUTP") - VDC("/OUTN"))). 
\o 
\o 
\o *Info*    Client has finished evaluating ... 
\o 
\o 
\o *Info*    Run complete for Point ID (148 60) on testbench [
\o           IMP_AN_SIGNAL_GEN_GM:S3_TB:1 ].
\o 
\o 
\o 
\o 
\o 
\e *Error* ("difference" 0 t nil ("*Error* difference: can't handle (nil - nil)"))
\e 
\e 
\o 
\o *Error*   Evaluating expression ((VDC("/OUTP") - VDC("/OUTN"))). 
\o 
\o 
\o *Info*    Client has finished evaluating ... 
\o 
\o 
\o *Info*    Run complete for Point ID (148 61) on testbench [
\o           IMP_AN_SIGNAL_GEN_GM:S3_TB:1 ].
\o 
\o 
\o 
\o 
\o 
\e *Error* ("difference" 0 t nil ("*Error* difference: can't handle (nil - nil)"))
\e 
\e 
\o 
\o *Error*   Evaluating expression ((VDC("/OUTP") - VDC("/OUTN"))). 
\o 
\o 
\o *Info*    Client has finished evaluating ... 
\o 
\o 
\o *Info*    Run complete for Point ID (148 62) on testbench [
\o           IMP_AN_SIGNAL_GEN_GM:S3_TB:1 ].
\o 
\o 
\o 
\o 
\o 
\e *Error* ("difference" 0 t nil ("*Error* difference: can't handle (nil - nil)"))
\e 
\e 
\o 
\o *Error*   Evaluating expression ((VDC("/OUTP") - VDC("/OUTN"))). 
\o 
\o 
\o *Info*    Client has finished evaluating ... 
\o 
\o 
\o *Info*    Run complete for Point ID (148 63) on testbench [
\o           IMP_AN_SIGNAL_GEN_GM:S3_TB:1 ].
\o 
\o 
\o 
\o 
\o 
\e *Error* ("difference" 0 t nil ("*Error* difference: can't handle (nil - nil)"))
\e 
\e 
\o 
\o *Error*   Evaluating expression ((VDC("/OUTP") - VDC("/OUTN"))). 
\o 
\o 
\o *Info*    Client has finished evaluating ... 
\o 
\o 
\o *Info*    Run complete for Point ID (148 64) on testbench [
\o           IMP_AN_SIGNAL_GEN_GM:S3_TB:1 ].
\o 
\o 
\o 
\o 
\o 
\e *Error* ("difference" 0 t nil ("*Error* difference: can't handle (nil - nil)"))
\e 
\e 
\o 
\o *Error*   Evaluating expression ((VDC("/OUTP") - VDC("/OUTN"))). 
\o 
\o 
\# Memory report: Maximum memory size now 12700164096 (0x2f4fd2000) bytes, UTC 2015.10.21 12:18:20.795
\o *Info*    Client has finished evaluating ... 
\o 
\o 
\o *Info*    Run complete for Point ID (148 65) on testbench [
\o           IMP_AN_SIGNAL_GEN_GM:S3_TB:1 ].
\o 
\o 
\o 
\o 
\o 
\e *Error* ("difference" 0 t nil ("*Error* difference: can't handle (nil - nil)"))
\e 
\e 
\o 
\o *Error*   Evaluating expression ((VDC("/OUTP") - VDC("/OUTN"))). 
\o 
\o 
\o *Info*    Client has finished evaluating ... 
\o 
\o 
\o *Info*    Run complete for Point ID (148 66) on testbench [
\o           IMP_AN_SIGNAL_GEN_GM:S3_TB:1 ].
\o 
\o 
\o 
\o 
\o 
\e *Error* ("difference" 0 t nil ("*Error* difference: can't handle (nil - nil)"))
\e 
\e 
\o 
\o *Error*   Evaluating expression ((VDC("/OUTP") - VDC("/OUTN"))). 
\o 
\o 
\o *Info*    Client has finished evaluating ... 
\o 
\o 
\o *Info*    Run complete for Point ID (148 67) on testbench [
\o           IMP_AN_SIGNAL_GEN_GM:S3_TB:1 ].
\o 
\o 
\o 
\o 
\o 
\e *Error* ("difference" 0 t nil ("*Error* difference: can't handle (nil - nil)"))
\e 
\e 
\o 
\o *Error*   Evaluating expression ((VDC("/OUTP") - VDC("/OUTN"))). 
\o 
\o 
\o *Info*    Client has finished evaluating ... 
\o 
\o 
\o *Info*    Run complete for Point ID (148 68) on testbench [
\o           IMP_AN_SIGNAL_GEN_GM:S3_TB:1 ].
\o 
\o 
\o 
\o 
\o 
\e *Error* ("difference" 0 t nil ("*Error* difference: can't handle (nil - nil)"))
\e 
\e 
\o 
\o *Error*   Evaluating expression ((VDC("/OUTP") - VDC("/OUTN"))). 
\o 
\o 
\o *Info*    Client has finished evaluating ... 
\o 
\o 
\o *Info*    Run complete for Point ID (148 69) on testbench [
\o           IMP_AN_SIGNAL_GEN_GM:S3_TB:1 ].
\o 
\o 
\o 
\o 
\o 
\e *Error* ("difference" 0 t nil ("*Error* difference: can't handle (nil - nil)"))
\e 
\e 
\o 
\o *Error*   Evaluating expression ((VDC("/OUTP") - VDC("/OUTN"))). 
\o 
\o 
\o *Info*    Client has finished evaluating ... 
\o 
\o 
\o *Info*    Run complete for Point ID (148 70) on testbench [
\o           IMP_AN_SIGNAL_GEN_GM:S3_TB:1 ].
\o 
\o 
\o 
\o 
\o 
\e *Error* ("difference" 0 t nil ("*Error* difference: can't handle (nil - nil)"))
\e 
\e 
\o 
\o *Error*   Evaluating expression ((VDC("/OUTP") - VDC("/OUTN"))). 
\o 
\o 
\o *Info*    Client has finished evaluating ... 
\o 
\o 
\o *Info*    Run complete for Point ID (148 71) on testbench [
\o           IMP_AN_SIGNAL_GEN_GM:S3_TB:1 ].
\o 
\o 
\o 
\o 
\o 
\e *Error* ("difference" 0 t nil ("*Error* difference: can't handle (nil - nil)"))
\e 
\e 
\o 
\o *Error*   Evaluating expression ((VDC("/OUTP") - VDC("/OUTN"))). 
\o 
\o 
\o *Info*    Client has finished evaluating ... 
\o 
\o 
\o *Info*    Run complete for Point ID (148 72) on testbench [
\o           IMP_AN_SIGNAL_GEN_GM:S3_TB:1 ].
\o 
\o 
\o 
\o 
\o 
\e *Error* ("difference" 0 t nil ("*Error* difference: can't handle (nil - nil)"))
\e 
\e 
\o 
\o *Error*   Evaluating expression ((VDC("/OUTP") - VDC("/OUTN"))). 
\o 
\o 
\o *Info*    Client has finished evaluating ... 
\o 
\o 
\o *Info*    Run complete for Point ID (148 73) on testbench [
\o           IMP_AN_SIGNAL_GEN_GM:S3_TB:1 ].
\o 
\o 
\o 
\o 
\o 
\e *Error* ("difference" 0 t nil ("*Error* difference: can't handle (nil - nil)"))
\e 
\e 
\o 
\o *Error*   Evaluating expression ((VDC("/OUTP") - VDC("/OUTN"))). 
\o 
\o 
\o *Info*    Client has finished evaluating ... 
\o 
\o 
\o *Info*    Run complete for Point ID (148 74) on testbench [
\o           IMP_AN_SIGNAL_GEN_GM:S3_TB:1 ].
\o 
\o 
\o 
\o 
\o 
\e *Error* ("difference" 0 t nil ("*Error* difference: can't handle (nil - nil)"))
\e 
\e 
\o 
\o *Error*   Evaluating expression ((VDC("/OUTP") - VDC("/OUTN"))). 
\o 
\o 
\o *Info*    Client has finished evaluating ... 
\o 
\o 
\o *Info*    Run complete for Point ID (148 75) on testbench [
\o           IMP_AN_SIGNAL_GEN_GM:S3_TB:1 ].
\o 
\o 
\o 
\o 
\o 
\e *Error* ("difference" 0 t nil ("*Error* difference: can't handle (nil - nil)"))
\e 
\e 
\o 
\o *Error*   Evaluating expression ((VDC("/OUTP") - VDC("/OUTN"))). 
\o 
\o 
\o *Info*    Client has finished evaluating ... 
\o 
\o 
\o *Info*    Run complete for Point ID (148 76) on testbench [
\o           IMP_AN_SIGNAL_GEN_GM:S3_TB:1 ].
\o 
\o 
\o 
\o 
\o 
\e *Error* ("difference" 0 t nil ("*Error* difference: can't handle (nil - nil)"))
\e 
\e 
\o 
\o *Error*   Evaluating expression ((VDC("/OUTP") - VDC("/OUTN"))). 
\o 
\o 
\o *Info*    Client has finished evaluating ... 
\o 
\o 
\o *Info*    Run complete for Point ID (148 77) on testbench [
\o           IMP_AN_SIGNAL_GEN_GM:S3_TB:1 ].
\o 
\o 
\o 
\o 
\o 
\e *Error* ("difference" 0 t nil ("*Error* difference: can't handle (nil - nil)"))
\e 
\e 
\o 
\o *Error*   Evaluating expression ((VDC("/OUTP") - VDC("/OUTN"))). 
\o 
\o 
\o *Info*    Client has finished evaluating ... 
\o 
\o 
\o *Info*    Run complete for Point ID (148 78) on testbench [
\o           IMP_AN_SIGNAL_GEN_GM:S3_TB:1 ].
\o 
\o 
\o 
\o 
\o 
\e *Error* ("difference" 0 t nil ("*Error* difference: can't handle (nil - nil)"))
\e 
\e 
\o 
\o *Error*   Evaluating expression ((VDC("/OUTP") - VDC("/OUTN"))). 
\o 
\o 
\o *Info*    Client has finished evaluating ... 
\o 
\o 
\o *Info*    Run complete for Point ID (148 79) on testbench [
\o           IMP_AN_SIGNAL_GEN_GM:S3_TB:1 ].
\o 
\o 
\o 
\o 
\o 
\e *Error* ("difference" 0 t nil ("*Error* difference: can't handle (nil - nil)"))
\e 
\e 
\o 
\o *Error*   Evaluating expression ((VDC("/OUTP") - VDC("/OUTN"))). 
\o 
\o 
\o *Info*    Client has finished evaluating ... 
\o 
\o 
\o *Info*    Run complete for Point ID (148 80) on testbench [
\o           IMP_AN_SIGNAL_GEN_GM:S3_TB:1 ].
\o 
\o 
\o 
\o 
\o 
\e *Error* ("difference" 0 t nil ("*Error* difference: can't handle (nil - nil)"))
\e 
\e 
\o 
\o *Error*   Evaluating expression ((VDC("/OUTP") - VDC("/OUTN"))). 
\o 
\o 
\o *Info*    Client has finished evaluating ... 
\o 
\o 
\o *Info*    Run complete for Point ID (148 81) on testbench [
\o           IMP_AN_SIGNAL_GEN_GM:S3_TB:1 ].
\o 
\o 
\o 
\o 
\o 
\e *Error* ("difference" 0 t nil ("*Error* difference: can't handle (nil - nil)"))
\e 
\e 
\o 
\o *Error*   Evaluating expression ((VDC("/OUTP") - VDC("/OUTN"))). 
\o 
\o 
\o *Info*    Client has finished evaluating ... 
\o 
\o 
\o *Info*    Run complete for Point ID (148 82) on testbench [
\o           IMP_AN_SIGNAL_GEN_GM:S3_TB:1 ].
\o 
\o 
\o 
\o 
\o 
\e *Error* ("difference" 0 t nil ("*Error* difference: can't handle (nil - nil)"))
\e 
\e 
\o 
\o *Error*   Evaluating expression ((VDC("/OUTP") - VDC("/OUTN"))). 
\o 
\o 
\o *Info*    Client has finished evaluating ... 
\o 
\o 
\o *Info*    Run complete for Point ID (148 83) on testbench [
\o           IMP_AN_SIGNAL_GEN_GM:S3_TB:1 ].
\o 
\o 
\o 
\o 
\o 
\e *Error* ("difference" 0 t nil ("*Error* difference: can't handle (nil - nil)"))
\e 
\e 
\o 
\o *Error*   Evaluating expression ((VDC("/OUTP") - VDC("/OUTN"))). 
\o 
\o 
\o *Info*    Client has finished evaluating ... 
\o 
\o 
\o *Info*    Run complete for Point ID (148 84) on testbench [
\o           IMP_AN_SIGNAL_GEN_GM:S3_TB:1 ].
\o 
\o 
\o 
\o 
\o 
\e *Error* ("difference" 0 t nil ("*Error* difference: can't handle (nil - nil)"))
\e 
\e 
\o 
\o *Error*   Evaluating expression ((VDC("/OUTP") - VDC("/OUTN"))). 
\o 
\o 
\o *Info*    Client has finished evaluating ... 
\o 
\o 
\o *Info*    Run complete for Point ID (148 85) on testbench [
\o           IMP_AN_SIGNAL_GEN_GM:S3_TB:1 ].
\o 
\o 
\o 
\o 
\o 
\e *Error* ("difference" 0 t nil ("*Error* difference: can't handle (nil - nil)"))
\e 
\e 
\o 
\o *Error*   Evaluating expression ((VDC("/OUTP") - VDC("/OUTN"))). 
\o 
\o 
\o *Info*    Client has finished evaluating ... 
\o 
\o 
\o *Info*    Run complete for Point ID (148 86) on testbench [
\o           IMP_AN_SIGNAL_GEN_GM:S3_TB:1 ].
\o 
\o 
\o 
\o 
\o 
\e *Error* ("difference" 0 t nil ("*Error* difference: can't handle (nil - nil)"))
\e 
\e 
\o 
\o *Error*   Evaluating expression ((VDC("/OUTP") - VDC("/OUTN"))). 
\o 
\o 
\o *Info*    Client has finished evaluating ... 
\o 
\o 
\o *Info*    Run complete for Point ID (148 87) on testbench [
\o           IMP_AN_SIGNAL_GEN_GM:S3_TB:1 ].
\o 
\o 
\o 
\o 
\o 
\e *Error* ("difference" 0 t nil ("*Error* difference: can't handle (nil - nil)"))
\e 
\e 
\o 
\o *Error*   Evaluating expression ((VDC("/OUTP") - VDC("/OUTN"))). 
\o 
\o 
\o *Info*    Client has finished evaluating ... 
\o 
\o 
\o *Info*    Run complete for Point ID (148 88) on testbench [
\o           IMP_AN_SIGNAL_GEN_GM:S3_TB:1 ].
\o 
\o 
\o 
\o 
\o 
\e *Error* ("difference" 0 t nil ("*Error* difference: can't handle (nil - nil)"))
\e 
\e 
\o 
\o *Error*   Evaluating expression ((VDC("/OUTP") - VDC("/OUTN"))). 
\o 
\o 
\# Memory report: Maximum memory size now 12969476096 (0x3050a8000) bytes, UTC 2015.10.21 12:19:12.186
\o *Info*    Client has finished evaluating ... 
\o 
\o 
\o *Info*    Run complete for Point ID (148 89) on testbench [
\o           IMP_AN_SIGNAL_GEN_GM:S3_TB:1 ].
\o 
\o 
\o 
\o 
\o 
\e *Error* ("difference" 0 t nil ("*Error* difference: can't handle (nil - nil)"))
\e 
\e 
\o 
\o *Error*   Evaluating expression ((VDC("/OUTP") - VDC("/OUTN"))). 
\o 
\o 
\o *Info*    Client has finished evaluating ... 
\o 
\o 
\o *Info*    Run complete for Point ID (148 90) on testbench [
\o           IMP_AN_SIGNAL_GEN_GM:S3_TB:1 ].
\o 
\o 
\o 
\o 
\o 
\e *Error* ("difference" 0 t nil ("*Error* difference: can't handle (nil - nil)"))
\e 
\e 
\o 
\o *Error*   Evaluating expression ((VDC("/OUTP") - VDC("/OUTN"))). 
\o 
\o 
\o *Info*    Client has finished evaluating ... 
\o 
\o 
\o *Info*    Run complete for Point ID (148 91) on testbench [
\o           IMP_AN_SIGNAL_GEN_GM:S3_TB:1 ].
\o 
\o 
\o 
\o 
\o 
\e *Error* ("difference" 0 t nil ("*Error* difference: can't handle (nil - nil)"))
\e 
\e 
\o 
\o *Error*   Evaluating expression ((VDC("/OUTP") - VDC("/OUTN"))). 
\o 
\o 
\o *Info*    Client has finished evaluating ... 
\o 
\o 
\o *Info*    Run complete for Point ID (148 92) on testbench [
\o           IMP_AN_SIGNAL_GEN_GM:S3_TB:1 ].
\o 
\o 
\o 
\o 
\o 
\e *Error* ("difference" 0 t nil ("*Error* difference: can't handle (nil - nil)"))
\e 
\e 
\o 
\o *Error*   Evaluating expression ((VDC("/OUTP") - VDC("/OUTN"))). 
\o 
\o 
\o *Info*    Client has finished evaluating ... 
\o 
\o 
\o *Info*    Run complete for Point ID (148 93) on testbench [
\o           IMP_AN_SIGNAL_GEN_GM:S3_TB:1 ].
\o 
\o 
\o 
\o 
\o 
\e *Error* ("difference" 0 t nil ("*Error* difference: can't handle (nil - nil)"))
\e 
\e 
\o 
\o *Error*   Evaluating expression ((VDC("/OUTP") - VDC("/OUTN"))). 
\o 
\o 
\o *Info*    Client has finished evaluating ... 
\o 
\o 
\o *Info*    Run complete for Point ID (148 94) on testbench [
\o           IMP_AN_SIGNAL_GEN_GM:S3_TB:1 ].
\o 
\o 
\o 
\o 
\o 
\e *Error* ("difference" 0 t nil ("*Error* difference: can't handle (nil - nil)"))
\e 
\e 
\o 
\o *Error*   Evaluating expression ((VDC("/OUTP") - VDC("/OUTN"))). 
\o 
\o 
\o *Info*    Client has finished evaluating ... 
\o 
\o 
\o *Info*    Run complete for Point ID (148 95) on testbench [
\o           IMP_AN_SIGNAL_GEN_GM:S3_TB:1 ].
\o 
\o 
\o 
\o 
\o 
\e *Error* ("difference" 0 t nil ("*Error* difference: can't handle (nil - nil)"))
\e 
\e 
\o 
\o *Error*   Evaluating expression ((VDC("/OUTP") - VDC("/OUTN"))). 
\o 
\o 
\o *Info*    Client has finished evaluating ... 
\o 
\o 
\o *Info*    Run complete for Point ID (148 96) on testbench [
\o           IMP_AN_SIGNAL_GEN_GM:S3_TB:1 ].
\o 
\o 
\o 
\o 
\o 
\e *Error* ("difference" 0 t nil ("*Error* difference: can't handle (nil - nil)"))
\e 
\e 
\o 
\o *Error*   Evaluating expression ((VDC("/OUTP") - VDC("/OUTN"))). 
\o 
\o 
\o *Info*    Client has finished evaluating ... 
\o 
\o 
\o *Info*    Run complete for Point ID (148 97) on testbench [
\o           IMP_AN_SIGNAL_GEN_GM:S3_TB:1 ].
\o 
\o 
\o 
\o 
\o 
\e *Error* ("difference" 0 t nil ("*Error* difference: can't handle (nil - nil)"))
\e 
\e 
\o 
\o *Error*   Evaluating expression ((VDC("/OUTP") - VDC("/OUTN"))). 
\o 
\o 
\o *Info*    Client has finished evaluating ... 
\o 
\o 
\o *Info*    Run complete for Point ID (148 98) on testbench [
\o           IMP_AN_SIGNAL_GEN_GM:S3_TB:1 ].
\o 
\o 
\o 
\o 
\o 
\e *Error* ("difference" 0 t nil ("*Error* difference: can't handle (nil - nil)"))
\e 
\e 
\o 
\o *Error*   Evaluating expression ((VDC("/OUTP") - VDC("/OUTN"))). 
\o 
\o 
\o *Info*    Client has finished evaluating ... 
\o 
\o 
\o *Info*    Run complete for Point ID (148 99) on testbench [
\o           IMP_AN_SIGNAL_GEN_GM:S3_TB:1 ].
\o 
\o 
\o 
\o 
\o 
\o INFO (ADE-3071): Simulation completed successfully.
\o reading simulation data...
\o       ...successful.
\o *Info*    Monte Carlo Simulation completed successfully...
\o WARNING (WIA-1120):  : Invalid directory found while clearing SST2 resources.
\o *Info*    Client has finished evaluating ... 
\o 
\o 
\o *Info*    Run complete for Point ID (148 100) on testbench [
\o           IMP_AN_SIGNAL_GEN_GM:S3_TB:1 ].
\o 
\o 
\o 
\o 
\o 
\# Memory report: Maximum memory size now 13386199040 (0x31de13000) bytes, UTC 2015.10.21 12:19:42.628
\o Simulation design variables differ from those on the cellView,
\o they have been saved in the file "/tmp/saved-design-variables".
\o To save future changes, copy variables to cellView before exiting.
\o 
\o 
\o *Info*    Configuring the session ...
\o 
\o 	Library      = IMP_AN_SIGNAL_GEN_GM
\o 	Cell         = S3_TB
\o 	View         = schematic
\o 	Simulator    = spectre
\o 	State Path   = $AXL_SETUPDB_DIR/test_states
\o 	State Name   = IMP_AN_SIGNAL_GEN_GM:S3_TB:1_spectre_state1VM_MonteCarlo.3
\o 	Results DB   = /home/saul/projects/IMPLANTABLE_AMS/version1/saul/IMP_AN_SIGNAL_GEN_GM/S3_TB/adexlVM/results/data/MonteCarlo.3.rdb
\o 	Results Dir  = /home/saul/Sim/IMP_AN_SIGNAL_GEN_GM/S3_TB/adexlVM/results/data/MonteCarlo.3/1/IMP_AN_SIGNAL_GEN_GM:S3_TB:1
\o 	Results Loc  = /home/saul/Sim/IMP_AN_SIGNAL_GEN_GM/S3_TB/adexlVM/results/data
\o 	Project Dir  = /home/saul/projects/IMPLANTABLE_AMS/version1/saul/SimVM
\o 	Setup DB loc = /home/saul/projects/IMPLANTABLE_AMS/version1/saul/IMP_AN_SIGNAL_GEN_GM/S3_TB/adexlVM
\o 	File Encoding = 0
\o 
\o 
\o *Info*    Spectre controlMode is set "batch".
\o 
\o 
\o 
\o 
\o 
\o 
\o *Info*    Run start for Point ID (149 51) on testbench [
\o           IMP_AN_SIGNAL_GEN_GM:S3_TB:1 ].
\o 
\o Resetting statistical vars
\o 
\o *Info*    Setting parameter values ...
\o 
\o Setting var CMFB_VAC = "0"
\o Setting var CPAD = "0"
\o Setting var DC_IN = "0"
\o Setting var G0 = "1.8"
\o Setting var G1 = "1.8"
\o Setting var G2 = "1.8"
\o Setting var G3 = "1.8"
\o Setting var I_REF = "100u"
\o Setting var PULSE_CMFB = "0"
\o Setting var RL = "1.2k"
\o Setting var VAC_CM = "1"
\o Setting var VCM_PULSE = "10m"
\o Setting var VDC_CM = "1000m"
\o Setting var VDD_PULSE = "0"
\o Setting var VIN_AC = "0"
\o Setting var VIN_PULSE = "0"
\o Setting temp(T) = 27
\o 
\o *Info*    Netlist Directory =
\o           /home/saul/Sim/IMP_AN_SIGNAL_GEN_GM/S3_TB/adexlVM/results/data/MonteCarlo.3/51/IMP_AN_SIGNAL_GEN_GM:S3_TB:1/netlist
\o 
\o 
\o *Info*    Data Directory    =
\o           /home/saul/Sim/IMP_AN_SIGNAL_GEN_GM/S3_TB/adexlVM/results/data/MonteCarlo.3/51/IMP_AN_SIGNAL_GEN_GM:S3_TB:1
\o 
\o 
\o *Info*    Creating Netlist for Point ID (149 51)
\o 
\o generate netlist...
\e *Error* load: can't access file - "/afs/ict.kth.se/proj/ektlab/PDK/AMS/cds/HK_ALL/skill/ansCdlCompPrim.il"
\e *Error* load: can't access file - "/afs/ict.kth.se/proj/ektlab/PDK/AMS/cds/HK_ALL/skill/ansCdlCompPrim.il"
\o Begin Incremental Netlisting Oct 21 14:23:07 2015
\o End netlisting Oct 21 14:23:07 2015
\o 
\o 	The netlist is up to date.
\o 	Time taken to compare the design with netlist:   0.0s
\o       ...successful.
\o compose simulator input file...
\o       ...successful.
\o 
\o *Info*    Running simulation on testbench [
\o           IMP_AN_SIGNAL_GEN_GM:S3_TB:1 ] for Point ID (149 51).
\o 
\o *Info*    Spectre controlMode is set "batch" due to monte carlo run.
\o 
\o Delete psf data in /home/saul/Sim/IMP_AN_SIGNAL_GEN_GM/S3_TB/adexlVM/results/data/MonteCarlo.3/51/IMP_AN_SIGNAL_GEN_GM:S3_TB:1/psf.
\o generate netlist...
\e *Error* load: can't access file - "/afs/ict.kth.se/proj/ektlab/PDK/AMS/cds/HK_ALL/skill/ansCdlCompPrim.il"
\e *Error* load: can't access file - "/afs/ict.kth.se/proj/ektlab/PDK/AMS/cds/HK_ALL/skill/ansCdlCompPrim.il"
\o Begin Incremental Netlisting Oct 21 14:23:07 2015
\o End netlisting Oct 21 14:23:07 2015
\o 
\o 	The netlist is up to date.
\o 	Time taken to compare the design with netlist:   0.0s
\o       ...successful.
\o compose simulator input file...
\o       ...successful.
\o start simulator if needed...
\o       ...successful.
\o simulate...
\o To view the simulator output, right-click on the test name, result 
\o name, or any value in the "Results" tab of the Outputs section and 
\o choose "Output Log" menu option.
\# Memory report: Maximum memory size now 12955869184 (0x3043ae000) bytes, UTC 2015.10.21 12:23:12.635
\e *Error* ("difference" 0 t nil ("*Error* difference: can't handle (nil - nil)"))
\e 
\e 
\o 
\o *Error*   Evaluating expression ((VDC("/OUTP") - VDC("/OUTN"))). 
\o 
\o 
\e *Error* ("difference" 0 t nil ("*Error* difference: can't handle (nil - nil)"))
\e 
\e 
\o 
\o *Error*   Evaluating expression ((VDC("/OUTP") - VDC("/OUTN"))). 
\o 
\o 
\# Memory report: now 309510144 (0x1272c000) bytes, process size 1056923648 (0x3eff6000) bytes at UTC 2015.10.21 12:23:19.329
\o *Info*    Client has finished evaluating ... 
\o 
\o 
\o *Info*    Run complete for Point ID (149 51) on testbench [
\o           IMP_AN_SIGNAL_GEN_GM:S3_TB:1 ].
\o 
\o 
\o 
\o 
\o 
\e *Error* ("difference" 0 t nil ("*Error* difference: can't handle (nil - nil)"))
\e 
\e 
\o 
\o *Error*   Evaluating expression ((VDC("/OUTP") - VDC("/OUTN"))). 
\o 
\o 
\o *Info*    Client has finished evaluating ... 
\o 
\o 
\o *Info*    Run complete for Point ID (149 52) on testbench [
\o           IMP_AN_SIGNAL_GEN_GM:S3_TB:1 ].
\o 
\o 
\o 
\o 
\o 
\e *Error* ("difference" 0 t nil ("*Error* difference: can't handle (nil - nil)"))
\e 
\e 
\o 
\o *Error*   Evaluating expression ((VDC("/OUTP") - VDC("/OUTN"))). 
\o 
\o 
\o *Info*    Client has finished evaluating ... 
\o 
\o 
\o *Info*    Run complete for Point ID (149 53) on testbench [
\o           IMP_AN_SIGNAL_GEN_GM:S3_TB:1 ].
\o 
\o 
\o 
\o 
\o 
\e *Error* ("difference" 0 t nil ("*Error* difference: can't handle (nil - nil)"))
\e 
\e 
\o 
\o *Error*   Evaluating expression ((VDC("/OUTP") - VDC("/OUTN"))). 
\o 
\o 
\o *Info*    Client has finished evaluating ... 
\o 
\o 
\o *Info*    Run complete for Point ID (149 54) on testbench [
\o           IMP_AN_SIGNAL_GEN_GM:S3_TB:1 ].
\o 
\o 
\o 
\o 
\o 
\o INFO (ADE-3072): Simulation is stopped by user. Simulation results may not be complete.
\o reading simulation data...
\o       ...successful.
\o *Info*    Monte Carlo Simulation completed successfully...
\o WARNING (WIA-1120):  : Invalid directory found while clearing SST2 resources.
\o *Info*    Client has finished evaluating ... 
\o 
\o 
\o *Info*    Run complete for Point ID (149 55) on testbench [
\o           IMP_AN_SIGNAL_GEN_GM:S3_TB:1 ].
\o 
\o 
\o 
\o 
\o 
\o *Info*    Client has finished evaluating ... 
\o 
\o 
\o *Info*    Run complete for Point ID (149 56) on testbench [
\o           IMP_AN_SIGNAL_GEN_GM:S3_TB:1 ].
\o 
\o 
\o 
\o 
\o 
\o *Info*    Client has finished evaluating ... 
\o 
\o 
\o *Info*    Run complete for Point ID (149 57) on testbench [
\o           IMP_AN_SIGNAL_GEN_GM:S3_TB:1 ].
\o 
\o 
\o 
\o 
\o 
\o *Info*    Client has finished evaluating ... 
\o 
\o 
\o *Info*    Run complete for Point ID (149 58) on testbench [
\o           IMP_AN_SIGNAL_GEN_GM:S3_TB:1 ].
\o 
\o 
\o 
\o 
\o 
\o *Info*    Client has finished evaluating ... 
\o 
\o 
\o *Info*    Run complete for Point ID (149 59) on testbench [
\o           IMP_AN_SIGNAL_GEN_GM:S3_TB:1 ].
\o 
\o 
\o 
\o 
\o 
\o *Info*    Client has finished evaluating ... 
\o 
\o 
\o *Info*    Run complete for Point ID (149 60) on testbench [
\o           IMP_AN_SIGNAL_GEN_GM:S3_TB:1 ].
\o 
\o 
\o 
\o 
\o 
\o *Info*    Client has finished evaluating ... 
\o 
\o 
\o *Info*    Run complete for Point ID (149 61) on testbench [
\o           IMP_AN_SIGNAL_GEN_GM:S3_TB:1 ].
\o 
\o 
\o 
\o 
\o 
\o *Info*    Client has finished evaluating ... 
\o 
\o 
\o *Info*    Run complete for Point ID (149 62) on testbench [
\o           IMP_AN_SIGNAL_GEN_GM:S3_TB:1 ].
\o 
\o 
\o 
\o 
\o 
\o *Info*    Client has finished evaluating ... 
\o 
\o 
\o *Info*    Run complete for Point ID (149 63) on testbench [
\o           IMP_AN_SIGNAL_GEN_GM:S3_TB:1 ].
\o 
\o 
\o 
\o 
\o 
\o *Info*    Client has finished evaluating ... 
\o 
\o 
\o *Info*    Run complete for Point ID (149 64) on testbench [
\o           IMP_AN_SIGNAL_GEN_GM:S3_TB:1 ].
\o 
\o 
\o 
\o 
\o 
\o *Info*    Client has finished evaluating ... 
\o 
\o 
\o *Info*    Run complete for Point ID (149 65) on testbench [
\o           IMP_AN_SIGNAL_GEN_GM:S3_TB:1 ].
\o 
\o 
\o 
\o 
\o 
\o *Info*    Client has finished evaluating ... 
\o 
\o 
\o *Info*    Run complete for Point ID (149 66) on testbench [
\o           IMP_AN_SIGNAL_GEN_GM:S3_TB:1 ].
\o 
\o 
\o 
\o 
\o 
\o *Info*    Client has finished evaluating ... 
\o 
\o 
\o *Info*    Run complete for Point ID (149 67) on testbench [
\o           IMP_AN_SIGNAL_GEN_GM:S3_TB:1 ].
\o 
\o 
\o 
\o 
\o 
\o *Info*    Client has finished evaluating ... 
\o 
\o 
\o *Info*    Run complete for Point ID (149 68) on testbench [
\o           IMP_AN_SIGNAL_GEN_GM:S3_TB:1 ].
\o 
\o 
\o 
\o 
\o 
\o *Info*    Client has finished evaluating ... 
\o 
\o 
\o *Info*    Run complete for Point ID (149 69) on testbench [
\o           IMP_AN_SIGNAL_GEN_GM:S3_TB:1 ].
\o 
\o 
\o 
\o 
\o 
\o *Info*    Client has finished evaluating ... 
\o 
\o 
\o *Info*    Run complete for Point ID (149 70) on testbench [
\o           IMP_AN_SIGNAL_GEN_GM:S3_TB:1 ].
\o 
\o 
\o 
\o 
\o 
\o *Info*    Client has finished evaluating ... 
\o 
\o 
\o *Info*    Run complete for Point ID (149 71) on testbench [
\o           IMP_AN_SIGNAL_GEN_GM:S3_TB:1 ].
\o 
\o 
\o 
\o 
\o 
\o *Info*    Client has finished evaluating ... 
\o 
\o 
\o *Info*    Run complete for Point ID (149 72) on testbench [
\o           IMP_AN_SIGNAL_GEN_GM:S3_TB:1 ].
\o 
\o 
\o 
\o 
\o 
\o *Info*    Client has finished evaluating ... 
\o 
\o 
\o *Info*    Run complete for Point ID (149 73) on testbench [
\o           IMP_AN_SIGNAL_GEN_GM:S3_TB:1 ].
\o 
\o 
\o 
\o 
\o 
\o *Info*    Client has finished evaluating ... 
\o 
\o 
\o *Info*    Run complete for Point ID (149 74) on testbench [
\o           IMP_AN_SIGNAL_GEN_GM:S3_TB:1 ].
\o 
\o 
\o 
\o 
\o 
\o *Info*    Client has finished evaluating ... 
\o 
\o 
\o *Info*    Run complete for Point ID (149 75) on testbench [
\o           IMP_AN_SIGNAL_GEN_GM:S3_TB:1 ].
\o 
\o 
\o 
\o 
\o 
\o *Info*    Client has finished evaluating ... 
\o 
\o 
\o *Info*    Run complete for Point ID (149 76) on testbench [
\o           IMP_AN_SIGNAL_GEN_GM:S3_TB:1 ].
\o 
\o 
\o 
\o 
\o 
\o *Info*    Client has finished evaluating ... 
\o 
\o 
\o *Info*    Run complete for Point ID (149 77) on testbench [
\o           IMP_AN_SIGNAL_GEN_GM:S3_TB:1 ].
\o 
\o 
\o 
\o 
\o 
\o *Info*    Client has finished evaluating ... 
\o 
\o 
\o *Info*    Run complete for Point ID (149 78) on testbench [
\o           IMP_AN_SIGNAL_GEN_GM:S3_TB:1 ].
\o 
\o 
\o 
\o 
\o 
\o *Info*    Client has finished evaluating ... 
\o 
\o 
\o *Info*    Run complete for Point ID (149 79) on testbench [
\o           IMP_AN_SIGNAL_GEN_GM:S3_TB:1 ].
\o 
\o 
\o 
\o 
\o 
\o *Info*    Client has finished evaluating ... 
\o 
\o 
\o *Info*    Run complete for Point ID (149 80) on testbench [
\o           IMP_AN_SIGNAL_GEN_GM:S3_TB:1 ].
\o 
\o 
\o 
\o 
\o 
\o *Info*    Client has finished evaluating ... 
\o 
\o 
\o *Info*    Run complete for Point ID (149 81) on testbench [
\o           IMP_AN_SIGNAL_GEN_GM:S3_TB:1 ].
\o 
\o 
\o 
\o 
\o 
\o *Info*    Client has finished evaluating ... 
\o 
\o 
\o *Info*    Run complete for Point ID (149 82) on testbench [
\o           IMP_AN_SIGNAL_GEN_GM:S3_TB:1 ].
\o 
\o 
\o 
\o 
\o 
\o *Info*    Client has finished evaluating ... 
\o 
\o 
\o *Info*    Run complete for Point ID (149 83) on testbench [
\o           IMP_AN_SIGNAL_GEN_GM:S3_TB:1 ].
\o 
\o 
\o 
\o 
\o 
\o *Info*    Client has finished evaluating ... 
\o 
\o 
\o *Info*    Run complete for Point ID (149 84) on testbench [
\o           IMP_AN_SIGNAL_GEN_GM:S3_TB:1 ].
\o 
\o 
\o 
\o 
\o 
\o *Info*    Client has finished evaluating ... 
\o 
\o 
\o *Info*    Run complete for Point ID (149 85) on testbench [
\o           IMP_AN_SIGNAL_GEN_GM:S3_TB:1 ].
\o 
\o 
\o 
\o 
\o 
\o *Info*    Client has finished evaluating ... 
\o 
\o 
\o *Info*    Run complete for Point ID (149 86) on testbench [
\o           IMP_AN_SIGNAL_GEN_GM:S3_TB:1 ].
\o 
\o 
\o 
\o 
\o 
\o *Info*    Client has finished evaluating ... 
\o 
\o 
\o *Info*    Run complete for Point ID (149 87) on testbench [
\o           IMP_AN_SIGNAL_GEN_GM:S3_TB:1 ].
\o 
\o 
\o 
\o 
\o 
\o *Info*    Client has finished evaluating ... 
\o 
\o 
\o *Info*    Run complete for Point ID (149 88) on testbench [
\o           IMP_AN_SIGNAL_GEN_GM:S3_TB:1 ].
\o 
\o 
\o 
\o 
\o 
\o *Info*    Client has finished evaluating ... 
\o 
\o 
\o *Info*    Run complete for Point ID (149 89) on testbench [
\o           IMP_AN_SIGNAL_GEN_GM:S3_TB:1 ].
\o 
\o 
\o 
\o 
\o 
\o *Info*    Client has finished evaluating ... 
\o 
\o 
\o *Info*    Run complete for Point ID (149 90) on testbench [
\o           IMP_AN_SIGNAL_GEN_GM:S3_TB:1 ].
\o 
\o 
\o 
\o 
\o 
\o *Info*    Client has finished evaluating ... 
\o 
\o 
\o *Info*    Run complete for Point ID (149 91) on testbench [
\o           IMP_AN_SIGNAL_GEN_GM:S3_TB:1 ].
\o 
\o 
\o 
\o 
\o 
\o *Info*    Client has finished evaluating ... 
\o 
\o 
\o *Info*    Run complete for Point ID (149 92) on testbench [
\o           IMP_AN_SIGNAL_GEN_GM:S3_TB:1 ].
\o 
\o 
\o 
\o 
\o 
\o *Info*    Client has finished evaluating ... 
\o 
\o 
\o *Info*    Run complete for Point ID (149 93) on testbench [
\o           IMP_AN_SIGNAL_GEN_GM:S3_TB:1 ].
\o 
\o 
\o 
\o 
\o 
\o *Info*    Client has finished evaluating ... 
\o 
\o 
\o *Info*    Run complete for Point ID (149 94) on testbench [
\o           IMP_AN_SIGNAL_GEN_GM:S3_TB:1 ].
\o 
\o 
\o 
\o 
\o 
\o *Info*    Client has finished evaluating ... 
\o 
\o 
\o *Info*    Run complete for Point ID (149 95) on testbench [
\o           IMP_AN_SIGNAL_GEN_GM:S3_TB:1 ].
\o 
\o 
\o 
\o 
\o 
\o *Info*    Client has finished evaluating ... 
\o 
\o 
\o *Info*    Run complete for Point ID (149 96) on testbench [
\o           IMP_AN_SIGNAL_GEN_GM:S3_TB:1 ].
\o 
\o 
\o 
\o 
\o 
\o *Info*    Client has finished evaluating ... 
\o 
\o 
\o *Info*    Run complete for Point ID (149 97) on testbench [
\o           IMP_AN_SIGNAL_GEN_GM:S3_TB:1 ].
\o 
\o 
\o 
\o 
\o 
\o *Info*    Client has finished evaluating ... 
\o 
\o 
\o *Info*    Run complete for Point ID (149 98) on testbench [
\o           IMP_AN_SIGNAL_GEN_GM:S3_TB:1 ].
\o 
\o 
\o 
\o 
\o 
\o *Info*    Client has finished evaluating ... 
\o 
\o 
\o *Info*    Run complete for Point ID (149 99) on testbench [
\o           IMP_AN_SIGNAL_GEN_GM:S3_TB:1 ].
\o 
\o 
\o 
\o 
\o 
\o *Info*    Client has finished evaluating ... 
\o 
\o 
\o *Info*    Run complete for Point ID (149 100) on testbench [
\o           IMP_AN_SIGNAL_GEN_GM:S3_TB:1 ].
\o 
\o 
\o 
\o 
\o 
\# Memory report: Maximum memory size now 13285515264 (0x317e0e000) bytes, UTC 2015.10.21 12:23:32.650
\o Simulation design variables differ from those on the cellView,
\o they have been saved in the file "/tmp/saved-design-variables".
\o To save future changes, copy variables to cellView before exiting.
\o 
\o 
\o *Info*    Configuring the session ...
\o 
\o 	Library      = IMP_AN_SIGNAL_GEN_GM
\o 	Cell         = S3_TB
\o 	View         = schematic
\o 	Simulator    = spectre
\o 	State Path   = $AXL_SETUPDB_DIR/test_states
\o 	State Name   = IMP_AN_SIGNAL_GEN_GM:S3_TB:1_spectre_state1VM_MonteCarlo.4
\o 	Results DB   = /home/saul/projects/IMPLANTABLE_AMS/version1/saul/IMP_AN_SIGNAL_GEN_GM/S3_TB/adexlVM/results/data/MonteCarlo.4.rdb
\o 	Results Dir  = /home/saul/Sim/IMP_AN_SIGNAL_GEN_GM/S3_TB/adexlVM/results/data/MonteCarlo.4/1/IMP_AN_SIGNAL_GEN_GM:S3_TB:1
\o 	Results Loc  = /home/saul/Sim/IMP_AN_SIGNAL_GEN_GM/S3_TB/adexlVM/results/data
\o 	Project Dir  = /home/saul/projects/IMPLANTABLE_AMS/version1/saul/SimVM
\o 	Setup DB loc = /home/saul/projects/IMPLANTABLE_AMS/version1/saul/IMP_AN_SIGNAL_GEN_GM/S3_TB/adexlVM
\o 	File Encoding = 0
\o 
\o 
\o *Info*    Spectre controlMode is set "batch".
\o 
\o 
\o 
\o 
\o 
\o 
\o *Info*    Run start for Point ID (150 51) on testbench [
\o           IMP_AN_SIGNAL_GEN_GM:S3_TB:1 ].
\o 
\o Resetting statistical vars
\o 
\o *Info*    Setting parameter values ...
\o 
\o Setting var CMFB_VAC = "0"
\o Setting var CPAD = "0"
\o Setting var DC_IN = "0"
\o Setting var G0 = "1.8"
\o Setting var G1 = "1.8"
\o Setting var G2 = "1.8"
\o Setting var G3 = "1.8"
\o Setting var I_REF = "100u"
\o Setting var PULSE_CMFB = "0"
\o Setting var RL = "1.2k"
\o Setting var VAC_CM = "1"
\o Setting var VCM_PULSE = "10m"
\o Setting var VDC_CM = "1000m"
\o Setting var VDD_PULSE = "0"
\o Setting var VIN_AC = "0"
\o Setting var VIN_PULSE = "0"
\o Setting temp(T) = 27
\o 
\o *Info*    Netlist Directory =
\o           /home/saul/Sim/IMP_AN_SIGNAL_GEN_GM/S3_TB/adexlVM/results/data/MonteCarlo.4/51/IMP_AN_SIGNAL_GEN_GM:S3_TB:1/netlist
\o 
\o 
\o *Info*    Data Directory    =
\o           /home/saul/Sim/IMP_AN_SIGNAL_GEN_GM/S3_TB/adexlVM/results/data/MonteCarlo.4/51/IMP_AN_SIGNAL_GEN_GM:S3_TB:1
\o 
\o 
\o *Info*    Creating Netlist for Point ID (150 51)
\o 
\o generate netlist...
\e *Error* load: can't access file - "/afs/ict.kth.se/proj/ektlab/PDK/AMS/cds/HK_ALL/skill/ansCdlCompPrim.il"
\e *Error* load: can't access file - "/afs/ict.kth.se/proj/ektlab/PDK/AMS/cds/HK_ALL/skill/ansCdlCompPrim.il"
\o Begin Incremental Netlisting Oct 21 14:24:14 2015
\o End netlisting Oct 21 14:24:14 2015
\o 
\o 	The netlist is up to date.
\o 	Time taken to compare the design with netlist:   0.0s
\o       ...successful.
\o compose simulator input file...
\o       ...successful.
\o 
\o *Info*    Running simulation on testbench [
\o           IMP_AN_SIGNAL_GEN_GM:S3_TB:1 ] for Point ID (150 51).
\o 
\o *Info*    Spectre controlMode is set "batch" due to monte carlo run.
\o 
\o Delete psf data in /home/saul/Sim/IMP_AN_SIGNAL_GEN_GM/S3_TB/adexlVM/results/data/MonteCarlo.4/51/IMP_AN_SIGNAL_GEN_GM:S3_TB:1/psf.
\o generate netlist...
\e *Error* load: can't access file - "/afs/ict.kth.se/proj/ektlab/PDK/AMS/cds/HK_ALL/skill/ansCdlCompPrim.il"
\e *Error* load: can't access file - "/afs/ict.kth.se/proj/ektlab/PDK/AMS/cds/HK_ALL/skill/ansCdlCompPrim.il"
\o Begin Incremental Netlisting Oct 21 14:24:15 2015
\o End netlisting Oct 21 14:24:15 2015
\o 
\o 	The netlist is up to date.
\o 	Time taken to compare the design with netlist:   0.0s
\o       ...successful.
\o compose simulator input file...
\o       ...successful.
\o start simulator if needed...
\o       ...successful.
\o simulate...
\o To view the simulator output, right-click on the test name, result 
\o name, or any value in the "Results" tab of the Outputs section and 
\o choose "Output Log" menu option.
\# Memory report: Maximum memory size now 12938514432 (0x303321000) bytes, UTC 2015.10.21 12:24:22.650
\e *Error* ("difference" 0 t nil ("*Error* difference: can't handle (nil - nil)"))
\e 
\e 
\o 
\o *Error*   Evaluating expression ((VDC("/OUTP") - VDC("/OUTN"))). 
\o 
\o 
\e *Error* ("difference" 0 t nil ("*Error* difference: can't handle (nil - nil)"))
\e 
\e 
\o 
\o *Error*   Evaluating expression ((VDC("/OUTP") - VDC("/OUTN"))). 
\o 
\o 
\o *Info*    Client has finished evaluating ... 
\o 
\o 
\o *Info*    Run complete for Point ID (150 51) on testbench [
\o           IMP_AN_SIGNAL_GEN_GM:S3_TB:1 ].
\o 
\o 
\o 
\o 
\o 
\e *Error* ("difference" 0 t nil ("*Error* difference: can't handle (nil - nil)"))
\e 
\e 
\o 
\o *Error*   Evaluating expression ((VDC("/OUTP") - VDC("/OUTN"))). 
\o 
\o 
\o *Info*    Client has finished evaluating ... 
\o 
\o 
\o *Info*    Run complete for Point ID (150 52) on testbench [
\o           IMP_AN_SIGNAL_GEN_GM:S3_TB:1 ].
\o 
\o 
\o 
\o 
\o 
\e *Error* ("difference" 0 t nil ("*Error* difference: can't handle (nil - nil)"))
\e 
\e 
\o 
\o *Error*   Evaluating expression ((VDC("/OUTP") - VDC("/OUTN"))). 
\o 
\o 
\o *Info*    Client has finished evaluating ... 
\o 
\o 
\o *Info*    Run complete for Point ID (150 53) on testbench [
\o           IMP_AN_SIGNAL_GEN_GM:S3_TB:1 ].
\o 
\o 
\o 
\o 
\o 
\e *Error* ("difference" 0 t nil ("*Error* difference: can't handle (nil - nil)"))
\e 
\e 
\o 
\o *Error*   Evaluating expression ((VDC("/OUTP") - VDC("/OUTN"))). 
\o 
\o 
\o *Info*    Client has finished evaluating ... 
\o 
\o 
\o *Info*    Run complete for Point ID (150 54) on testbench [
\o           IMP_AN_SIGNAL_GEN_GM:S3_TB:1 ].
\o 
\o 
\o 
\o 
\o 
\e *Error* ("difference" 0 t nil ("*Error* difference: can't handle (nil - nil)"))
\e 
\e 
\o 
\o *Error*   Evaluating expression ((VDC("/OUTP") - VDC("/OUTN"))). 
\o 
\o 
\o *Info*    Client has finished evaluating ... 
\o 
\o 
\o *Info*    Run complete for Point ID (150 55) on testbench [
\o           IMP_AN_SIGNAL_GEN_GM:S3_TB:1 ].
\o 
\o 
\o 
\o 
\o 
\e *Error* ("difference" 0 t nil ("*Error* difference: can't handle (nil - nil)"))
\e 
\e 
\o 
\o *Error*   Evaluating expression ((VDC("/OUTP") - VDC("/OUTN"))). 
\o 
\o 
\o *Info*    Client has finished evaluating ... 
\o 
\o 
\o *Info*    Run complete for Point ID (150 56) on testbench [
\o           IMP_AN_SIGNAL_GEN_GM:S3_TB:1 ].
\o 
\o 
\o 
\o 
\o 
\e *Error* ("difference" 0 t nil ("*Error* difference: can't handle (nil - nil)"))
\e 
\e 
\o 
\o *Error*   Evaluating expression ((VDC("/OUTP") - VDC("/OUTN"))). 
\o 
\o 
\o *Info*    Client has finished evaluating ... 
\o 
\o 
\o *Info*    Run complete for Point ID (150 57) on testbench [
\o           IMP_AN_SIGNAL_GEN_GM:S3_TB:1 ].
\o 
\o 
\o 
\o 
\o 
\e *Error* ("difference" 0 t nil ("*Error* difference: can't handle (nil - nil)"))
\e 
\e 
\o 
\o *Error*   Evaluating expression ((VDC("/OUTP") - VDC("/OUTN"))). 
\o 
\o 
\o *Info*    Client has finished evaluating ... 
\o 
\o 
\o *Info*    Run complete for Point ID (150 58) on testbench [
\o           IMP_AN_SIGNAL_GEN_GM:S3_TB:1 ].
\o 
\o 
\o 
\o 
\o 
\e *Error* ("difference" 0 t nil ("*Error* difference: can't handle (nil - nil)"))
\e 
\e 
\o 
\o *Error*   Evaluating expression ((VDC("/OUTP") - VDC("/OUTN"))). 
\o 
\o 
\o *Info*    Client has finished evaluating ... 
\o 
\o 
\o *Info*    Run complete for Point ID (150 59) on testbench [
\o           IMP_AN_SIGNAL_GEN_GM:S3_TB:1 ].
\o 
\o 
\o 
\o 
\o 
\e *Error* ("difference" 0 t nil ("*Error* difference: can't handle (nil - nil)"))
\e 
\e 
\o 
\o *Error*   Evaluating expression ((VDC("/OUTP") - VDC("/OUTN"))). 
\o 
\o 
\o *Info*    Client has finished evaluating ... 
\o 
\o 
\o *Info*    Run complete for Point ID (150 60) on testbench [
\o           IMP_AN_SIGNAL_GEN_GM:S3_TB:1 ].
\o 
\o 
\o 
\o 
\o 
\e *Error* ("difference" 0 t nil ("*Error* difference: can't handle (nil - nil)"))
\e 
\e 
\o 
\o *Error*   Evaluating expression ((VDC("/OUTP") - VDC("/OUTN"))). 
\o 
\o 
\o *Info*    Client has finished evaluating ... 
\o 
\o 
\o *Info*    Run complete for Point ID (150 61) on testbench [
\o           IMP_AN_SIGNAL_GEN_GM:S3_TB:1 ].
\o 
\o 
\o 
\o 
\o 
\e *Error* ("difference" 0 t nil ("*Error* difference: can't handle (nil - nil)"))
\e 
\e 
\o 
\o *Error*   Evaluating expression ((VDC("/OUTP") - VDC("/OUTN"))). 
\o 
\o 
\o *Info*    Client has finished evaluating ... 
\o 
\o 
\o *Info*    Run complete for Point ID (150 62) on testbench [
\o           IMP_AN_SIGNAL_GEN_GM:S3_TB:1 ].
\o 
\o 
\o 
\o 
\o 
\e *Error* ("difference" 0 t nil ("*Error* difference: can't handle (nil - nil)"))
\e 
\e 
\o 
\o *Error*   Evaluating expression ((VDC("/OUTP") - VDC("/OUTN"))). 
\o 
\o 
\o *Info*    Client has finished evaluating ... 
\o 
\o 
\o *Info*    Run complete for Point ID (150 63) on testbench [
\o           IMP_AN_SIGNAL_GEN_GM:S3_TB:1 ].
\o 
\o 
\o 
\o 
\o 
\e *Error* ("difference" 0 t nil ("*Error* difference: can't handle (nil - nil)"))
\e 
\e 
\o 
\o *Error*   Evaluating expression ((VDC("/OUTP") - VDC("/OUTN"))). 
\o 
\o 
\o *Info*    Client has finished evaluating ... 
\o 
\o 
\o *Info*    Run complete for Point ID (150 64) on testbench [
\o           IMP_AN_SIGNAL_GEN_GM:S3_TB:1 ].
\o 
\o 
\o 
\o 
\o 
\e *Error* ("difference" 0 t nil ("*Error* difference: can't handle (nil - nil)"))
\e 
\e 
\o 
\o *Error*   Evaluating expression ((VDC("/OUTP") - VDC("/OUTN"))). 
\o 
\o 
\o *Info*    Client has finished evaluating ... 
\o 
\o 
\o *Info*    Run complete for Point ID (150 65) on testbench [
\o           IMP_AN_SIGNAL_GEN_GM:S3_TB:1 ].
\o 
\o 
\o 
\o 
\o 
\e *Error* ("difference" 0 t nil ("*Error* difference: can't handle (nil - nil)"))
\e 
\e 
\o 
\o *Error*   Evaluating expression ((VDC("/OUTP") - VDC("/OUTN"))). 
\o 
\o 
\o *Info*    Client has finished evaluating ... 
\o 
\o 
\o *Info*    Run complete for Point ID (150 66) on testbench [
\o           IMP_AN_SIGNAL_GEN_GM:S3_TB:1 ].
\o 
\o 
\o 
\o 
\o 
\e *Error* ("difference" 0 t nil ("*Error* difference: can't handle (nil - nil)"))
\e 
\e 
\o 
\o *Error*   Evaluating expression ((VDC("/OUTP") - VDC("/OUTN"))). 
\o 
\o 
\o *Info*    Client has finished evaluating ... 
\o 
\o 
\o *Info*    Run complete for Point ID (150 67) on testbench [
\o           IMP_AN_SIGNAL_GEN_GM:S3_TB:1 ].
\o 
\o 
\o 
\o 
\o 
\e *Error* ("difference" 0 t nil ("*Error* difference: can't handle (nil - nil)"))
\e 
\e 
\o 
\o *Error*   Evaluating expression ((VDC("/OUTP") - VDC("/OUTN"))). 
\o 
\o 
\o *Info*    Client has finished evaluating ... 
\o 
\o 
\o *Info*    Run complete for Point ID (150 68) on testbench [
\o           IMP_AN_SIGNAL_GEN_GM:S3_TB:1 ].
\o 
\o 
\o 
\o 
\o 
\e *Error* ("difference" 0 t nil ("*Error* difference: can't handle (nil - nil)"))
\e 
\e 
\o 
\o *Error*   Evaluating expression ((VDC("/OUTP") - VDC("/OUTN"))). 
\o 
\o 
\o *Info*    Client has finished evaluating ... 
\o 
\o 
\o *Info*    Run complete for Point ID (150 69) on testbench [
\o           IMP_AN_SIGNAL_GEN_GM:S3_TB:1 ].
\o 
\o 
\o 
\o 
\o 
\e *Error* ("difference" 0 t nil ("*Error* difference: can't handle (nil - nil)"))
\e 
\e 
\o 
\o *Error*   Evaluating expression ((VDC("/OUTP") - VDC("/OUTN"))). 
\o 
\o 
\o *Info*    Client has finished evaluating ... 
\o 
\o 
\o *Info*    Run complete for Point ID (150 70) on testbench [
\o           IMP_AN_SIGNAL_GEN_GM:S3_TB:1 ].
\o 
\o 
\o 
\o 
\o 
\e *Error* ("difference" 0 t nil ("*Error* difference: can't handle (nil - nil)"))
\e 
\e 
\o 
\o *Error*   Evaluating expression ((VDC("/OUTP") - VDC("/OUTN"))). 
\o 
\o 
\o *Info*    Client has finished evaluating ... 
\o 
\o 
\o *Info*    Run complete for Point ID (150 71) on testbench [
\o           IMP_AN_SIGNAL_GEN_GM:S3_TB:1 ].
\o 
\o 
\o 
\o 
\o 
\e *Error* ("difference" 0 t nil ("*Error* difference: can't handle (nil - nil)"))
\e 
\e 
\o 
\o *Error*   Evaluating expression ((VDC("/OUTP") - VDC("/OUTN"))). 
\o 
\o 
\o *Info*    Client has finished evaluating ... 
\o 
\o 
\o *Info*    Run complete for Point ID (150 72) on testbench [
\o           IMP_AN_SIGNAL_GEN_GM:S3_TB:1 ].
\o 
\o 
\o 
\o 
\o 
\e *Error* ("difference" 0 t nil ("*Error* difference: can't handle (nil - nil)"))
\e 
\e 
\o 
\o *Error*   Evaluating expression ((VDC("/OUTP") - VDC("/OUTN"))). 
\o 
\o 
\o *Info*    Client has finished evaluating ... 
\o 
\o 
\o *Info*    Run complete for Point ID (150 73) on testbench [
\o           IMP_AN_SIGNAL_GEN_GM:S3_TB:1 ].
\o 
\o 
\o 
\o 
\o 
\e *Error* ("difference" 0 t nil ("*Error* difference: can't handle (nil - nil)"))
\e 
\e 
\o 
\o *Error*   Evaluating expression ((VDC("/OUTP") - VDC("/OUTN"))). 
\o 
\o 
\o *Info*    Client has finished evaluating ... 
\o 
\o 
\o *Info*    Run complete for Point ID (150 74) on testbench [
\o           IMP_AN_SIGNAL_GEN_GM:S3_TB:1 ].
\o 
\o 
\o 
\o 
\o 
\e *Error* ("difference" 0 t nil ("*Error* difference: can't handle (nil - nil)"))
\e 
\e 
\o 
\o *Error*   Evaluating expression ((VDC("/OUTP") - VDC("/OUTN"))). 
\o 
\o 
\o *Info*    Client has finished evaluating ... 
\o 
\o 
\o *Info*    Run complete for Point ID (150 75) on testbench [
\o           IMP_AN_SIGNAL_GEN_GM:S3_TB:1 ].
\o 
\o 
\o 
\o 
\o 
\e *Error* ("difference" 0 t nil ("*Error* difference: can't handle (nil - nil)"))
\e 
\e 
\o 
\o *Error*   Evaluating expression ((VDC("/OUTP") - VDC("/OUTN"))). 
\o 
\o 
\o *Info*    Client has finished evaluating ... 
\o 
\o 
\o *Info*    Run complete for Point ID (150 76) on testbench [
\o           IMP_AN_SIGNAL_GEN_GM:S3_TB:1 ].
\o 
\o 
\o 
\o 
\o 
\e *Error* ("difference" 0 t nil ("*Error* difference: can't handle (nil - nil)"))
\e 
\e 
\o 
\o *Error*   Evaluating expression ((VDC("/OUTP") - VDC("/OUTN"))). 
\o 
\o 
\o *Info*    Client has finished evaluating ... 
\o 
\o 
\o *Info*    Run complete for Point ID (150 77) on testbench [
\o           IMP_AN_SIGNAL_GEN_GM:S3_TB:1 ].
\o 
\o 
\o 
\o 
\o 
\e *Error* ("difference" 0 t nil ("*Error* difference: can't handle (nil - nil)"))
\e 
\e 
\o 
\o *Error*   Evaluating expression ((VDC("/OUTP") - VDC("/OUTN"))). 
\o 
\o 
\o *Info*    Client has finished evaluating ... 
\o 
\o 
\o *Info*    Run complete for Point ID (150 78) on testbench [
\o           IMP_AN_SIGNAL_GEN_GM:S3_TB:1 ].
\o 
\o 
\o 
\o 
\o 
\e *Error* ("difference" 0 t nil ("*Error* difference: can't handle (nil - nil)"))
\e 
\e 
\o 
\o *Error*   Evaluating expression ((VDC("/OUTP") - VDC("/OUTN"))). 
\o 
\o 
\o *Info*    Client has finished evaluating ... 
\o 
\o 
\o *Info*    Run complete for Point ID (150 79) on testbench [
\o           IMP_AN_SIGNAL_GEN_GM:S3_TB:1 ].
\o 
\o 
\o 
\o 
\o 
\e *Error* ("difference" 0 t nil ("*Error* difference: can't handle (nil - nil)"))
\e 
\e 
\o 
\o *Error*   Evaluating expression ((VDC("/OUTP") - VDC("/OUTN"))). 
\o 
\o 
\o *Info*    Client has finished evaluating ... 
\o 
\o 
\o *Info*    Run complete for Point ID (150 80) on testbench [
\o           IMP_AN_SIGNAL_GEN_GM:S3_TB:1 ].
\o 
\o 
\o 
\o 
\o 
\e *Error* ("difference" 0 t nil ("*Error* difference: can't handle (nil - nil)"))
\e 
\e 
\o 
\o *Error*   Evaluating expression ((VDC("/OUTP") - VDC("/OUTN"))). 
\o 
\o 
\o *Info*    Client has finished evaluating ... 
\o 
\o 
\o *Info*    Run complete for Point ID (150 81) on testbench [
\o           IMP_AN_SIGNAL_GEN_GM:S3_TB:1 ].
\o 
\o 
\o 
\o 
\o 
\e *Error* ("difference" 0 t nil ("*Error* difference: can't handle (nil - nil)"))
\e 
\e 
\o 
\o *Error*   Evaluating expression ((VDC("/OUTP") - VDC("/OUTN"))). 
\o 
\o 
\o *Info*    Client has finished evaluating ... 
\o 
\o 
\o *Info*    Run complete for Point ID (150 82) on testbench [
\o           IMP_AN_SIGNAL_GEN_GM:S3_TB:1 ].
\o 
\o 
\o 
\o 
\o 
\e *Error* ("difference" 0 t nil ("*Error* difference: can't handle (nil - nil)"))
\e 
\e 
\o 
\o *Error*   Evaluating expression ((VDC("/OUTP") - VDC("/OUTN"))). 
\o 
\o 
\o *Info*    Client has finished evaluating ... 
\o 
\o 
\o *Info*    Run complete for Point ID (150 83) on testbench [
\o           IMP_AN_SIGNAL_GEN_GM:S3_TB:1 ].
\o 
\o 
\o 
\o 
\o 
\e *Error* ("difference" 0 t nil ("*Error* difference: can't handle (nil - nil)"))
\e 
\e 
\o 
\o *Error*   Evaluating expression ((VDC("/OUTP") - VDC("/OUTN"))). 
\o 
\o 
\o *Info*    Client has finished evaluating ... 
\o 
\o 
\o *Info*    Run complete for Point ID (150 84) on testbench [
\o           IMP_AN_SIGNAL_GEN_GM:S3_TB:1 ].
\o 
\o 
\o 
\o 
\o 
\e *Error* ("difference" 0 t nil ("*Error* difference: can't handle (nil - nil)"))
\e 
\e 
\o 
\o *Error*   Evaluating expression ((VDC("/OUTP") - VDC("/OUTN"))). 
\o 
\o 
\o *Info*    Client has finished evaluating ... 
\o 
\o 
\o *Info*    Run complete for Point ID (150 85) on testbench [
\o           IMP_AN_SIGNAL_GEN_GM:S3_TB:1 ].
\o 
\o 
\o 
\o 
\o 
\e *Error* ("difference" 0 t nil ("*Error* difference: can't handle (nil - nil)"))
\e 
\e 
\o 
\o *Error*   Evaluating expression ((VDC("/OUTP") - VDC("/OUTN"))). 
\o 
\o 
\o *Info*    Client has finished evaluating ... 
\o 
\o 
\o *Info*    Run complete for Point ID (150 86) on testbench [
\o           IMP_AN_SIGNAL_GEN_GM:S3_TB:1 ].
\o 
\o 
\o 
\o 
\o 
\e *Error* ("difference" 0 t nil ("*Error* difference: can't handle (nil - nil)"))
\e 
\e 
\o 
\o *Error*   Evaluating expression ((VDC("/OUTP") - VDC("/OUTN"))). 
\o 
\o 
\o *Info*    Client has finished evaluating ... 
\o 
\o 
\o *Info*    Run complete for Point ID (150 87) on testbench [
\o           IMP_AN_SIGNAL_GEN_GM:S3_TB:1 ].
\o 
\o 
\o 
\o 
\o 
\e *Error* ("difference" 0 t nil ("*Error* difference: can't handle (nil - nil)"))
\e 
\e 
\o 
\o *Error*   Evaluating expression ((VDC("/OUTP") - VDC("/OUTN"))). 
\o 
\o 
\o *Info*    Client has finished evaluating ... 
\o 
\o 
\o *Info*    Run complete for Point ID (150 88) on testbench [
\o           IMP_AN_SIGNAL_GEN_GM:S3_TB:1 ].
\o 
\o 
\o 
\o 
\o 
\e *Error* ("difference" 0 t nil ("*Error* difference: can't handle (nil - nil)"))
\e 
\e 
\o 
\o *Error*   Evaluating expression ((VDC("/OUTP") - VDC("/OUTN"))). 
\o 
\o 
\o *Info*    Client has finished evaluating ... 
\o 
\o 
\o *Info*    Run complete for Point ID (150 89) on testbench [
\o           IMP_AN_SIGNAL_GEN_GM:S3_TB:1 ].
\o 
\o 
\o 
\o 
\o 
\e *Error* ("difference" 0 t nil ("*Error* difference: can't handle (nil - nil)"))
\e 
\e 
\o 
\o *Error*   Evaluating expression ((VDC("/OUTP") - VDC("/OUTN"))). 
\o 
\o 
\o *Info*    Client has finished evaluating ... 
\o 
\o 
\o *Info*    Run complete for Point ID (150 90) on testbench [
\o           IMP_AN_SIGNAL_GEN_GM:S3_TB:1 ].
\o 
\o 
\o 
\o 
\o 
\e *Error* ("difference" 0 t nil ("*Error* difference: can't handle (nil - nil)"))
\e 
\e 
\o 
\o *Error*   Evaluating expression ((VDC("/OUTP") - VDC("/OUTN"))). 
\o 
\o 
\o *Info*    Client has finished evaluating ... 
\o 
\o 
\o *Info*    Run complete for Point ID (150 91) on testbench [
\o           IMP_AN_SIGNAL_GEN_GM:S3_TB:1 ].
\o 
\o 
\o 
\o 
\o 
\e *Error* ("difference" 0 t nil ("*Error* difference: can't handle (nil - nil)"))
\e 
\e 
\o 
\o *Error*   Evaluating expression ((VDC("/OUTP") - VDC("/OUTN"))). 
\o 
\o 
\o *Info*    Client has finished evaluating ... 
\o 
\o 
\o *Info*    Run complete for Point ID (150 92) on testbench [
\o           IMP_AN_SIGNAL_GEN_GM:S3_TB:1 ].
\o 
\o 
\o 
\o 
\o 
\e *Error* ("difference" 0 t nil ("*Error* difference: can't handle (nil - nil)"))
\e 
\e 
\o 
\o *Error*   Evaluating expression ((VDC("/OUTP") - VDC("/OUTN"))). 
\o 
\o 
\o *Info*    Client has finished evaluating ... 
\o 
\o 
\o *Info*    Run complete for Point ID (150 93) on testbench [
\o           IMP_AN_SIGNAL_GEN_GM:S3_TB:1 ].
\o 
\o 
\o 
\o 
\o 
\e *Error* ("difference" 0 t nil ("*Error* difference: can't handle (nil - nil)"))
\e 
\e 
\o 
\o *Error*   Evaluating expression ((VDC("/OUTP") - VDC("/OUTN"))). 
\o 
\o 
\o *Info*    Client has finished evaluating ... 
\o 
\o 
\o *Info*    Run complete for Point ID (150 94) on testbench [
\o           IMP_AN_SIGNAL_GEN_GM:S3_TB:1 ].
\o 
\o 
\o 
\o 
\o 
\e *Error* ("difference" 0 t nil ("*Error* difference: can't handle (nil - nil)"))
\e 
\e 
\o 
\o *Error*   Evaluating expression ((VDC("/OUTP") - VDC("/OUTN"))). 
\o 
\o 
\o *Info*    Client has finished evaluating ... 
\o 
\o 
\o *Info*    Run complete for Point ID (150 95) on testbench [
\o           IMP_AN_SIGNAL_GEN_GM:S3_TB:1 ].
\o 
\o 
\o 
\o 
\o 
\e *Error* ("difference" 0 t nil ("*Error* difference: can't handle (nil - nil)"))
\e 
\e 
\o 
\o *Error*   Evaluating expression ((VDC("/OUTP") - VDC("/OUTN"))). 
\o 
\o 
\o *Info*    Client has finished evaluating ... 
\o 
\o 
\o *Info*    Run complete for Point ID (150 96) on testbench [
\o           IMP_AN_SIGNAL_GEN_GM:S3_TB:1 ].
\o 
\o 
\o 
\o 
\o 
\e *Error* ("difference" 0 t nil ("*Error* difference: can't handle (nil - nil)"))
\e 
\e 
\o 
\o *Error*   Evaluating expression ((VDC("/OUTP") - VDC("/OUTN"))). 
\o 
\o 
\o *Info*    Client has finished evaluating ... 
\o 
\o 
\o *Info*    Run complete for Point ID (150 97) on testbench [
\o           IMP_AN_SIGNAL_GEN_GM:S3_TB:1 ].
\o 
\o 
\o 
\o 
\o 
\e *Error* ("difference" 0 t nil ("*Error* difference: can't handle (nil - nil)"))
\e 
\e 
\o 
\o *Error*   Evaluating expression ((VDC("/OUTP") - VDC("/OUTN"))). 
\o 
\o 
\o *Info*    Client has finished evaluating ... 
\o 
\o 
\o *Info*    Run complete for Point ID (150 98) on testbench [
\o           IMP_AN_SIGNAL_GEN_GM:S3_TB:1 ].
\o 
\o 
\o 
\o 
\o 
\e *Error* ("difference" 0 t nil ("*Error* difference: can't handle (nil - nil)"))
\e 
\e 
\o 
\o *Error*   Evaluating expression ((VDC("/OUTP") - VDC("/OUTN"))). 
\o 
\o 
\o *Info*    Client has finished evaluating ... 
\o 
\o 
\o *Info*    Run complete for Point ID (150 99) on testbench [
\o           IMP_AN_SIGNAL_GEN_GM:S3_TB:1 ].
\o 
\o 
\o 
\o 
\o 
\o INFO (ADE-3071): Simulation completed successfully.
\o reading simulation data...
\o       ...successful.
\o *Info*    Monte Carlo Simulation completed successfully...
\o WARNING (WIA-1120):  : Invalid directory found while clearing SST2 resources.
\o *Info*    Client has finished evaluating ... 
\o 
\o 
\o *Info*    Run complete for Point ID (150 100) on testbench [
\o           IMP_AN_SIGNAL_GEN_GM:S3_TB:1 ].
\o 
\o 
\o 
\o 
\o 
\# Memory report: Maximum memory size now 13488128000 (0x323f48000) bytes, UTC 2015.10.21 12:26:13.392
\# Memory report: Maximum memory size now 13172494336 (0x311245000) bytes, UTC 2015.10.21 12:27:53.393
\o Simulation design variables differ from those on the cellView,
\o they have been saved in the file "/tmp/saved-design-variables".
\o To save future changes, copy variables to cellView before exiting.
\# Memory report: on exit 309493760 (0x12728000) bytes, process size 1056907264 (0x3eff2000) bytes at UTC 2015.10.21 12:31:11.719
\# Memory report: peak usage 309518336 (0x1272e000) bytes, process size 1056923648 (0x3eff6000) bytes
