\# Program start time UTC 2016.03.04 16:04:15.831
\# Local time Friday 4 March 2016, 5:04 pm
\o Program:		@(#)$CDS: virtuoso version 6.1.5-64b 06/11/2013 20:05 (sjfnl006) $
\o Hierarchy:		/pkg/Cadence/installs/IC615/tools.lnx86/dfII/
\o Sub version:		sub-version  IC6.1.5-64b.500.17  (64-bit addresses)
\# Host name (type):	s2424.it.kth.se (x86_64)
\# Operating system:	Linux 2.6.18-407.el5 #1 SMP Wed Nov 11 08:12:41 EST 2015
\# X display name (WxH):	s2424.it.kth.se:80.0 (1024x868)
\# Available geometry:			TL(0:0) BR(1023:867)
\# X server:			RealVNC Ltd (VNC nograph server)
\# Depth of Visual (Root):	16 (16)
\# Number of Planes Used:	16
\# X version:		11.0 (vendor release 3370)
\# X resource pool:	base 0x7c00000, mask 0x3fffff (4194303), shift 0
\# 			current id 0x31, current max 0x3ffffa (4194298)
\# Memory report:	maximum data size 18446744073709551615 (0xffffffffffffffff) bytes
\# Memory report:	maximum process size 18446744073709551615 (0xffffffffffffffff) bytes
\# Initial sbrk value:	355999744 (0x15382000) bytes
\# Available memory:	54871900 (0x345475c) kilobytes
\# System memory:	80336196 (0x4c9d544) kilobytes
\# Maximum memory size:	81965993984 (0x13158dd000) bytes
\# Max mem available:	56246554624 (0xd188e5000) bytes
\# Initial memory used:	57729024 (0x370e000) bytes
\#        process size:	673452032 (0x28241000) bytes
\# Qt version:		4.5.3
\# Window Manager:	other
\# User Name:		saul
\o Working Directory:	s2424.it.kth.se:/home/saul/projects/IMPLANTABLE_AMS/version1/saul
\# Process Id:		5036
\o 
\o COPYRIGHT © 1992-2013  CADENCE DESIGN SYSTEMS INC.  ALL RIGHTS RESERVED.
\o           © 1992-2013  UNIX SYSTEMS Laboratories INC.,
\o                          Reproduced with permission.
\o 
\o This Cadence Design Systems program and online documentation are
\o proprietary/confidential information and may be disclosed/used only
\o as authorized in a license agreement controlling such use and disclosure.
\o 
\o           RESTRICTED RIGHTS NOTICE (SHORT FORM)
\o Use/reproduction/disclosure is subject to restriction
\o set forth at FAR 1252.227-19 or its equivalent.
\# Available memory:	54863560 (0x34526c8) kilobytes UTC 2016.03.04 16:04:15.898
\# Memory report: Maximum memory size now 56240775168 (0xd18362000) bytes, UTC 2016.03.04 16:04:15.899
\o Loading geView.cxt 
\o Loading menuBuilder.cxt 
\o Loading schView.cxt 
\o Loading selectSv.cxt 
\o Loading LVS.cxt 
\o Loading layerProc.cxt 
\o Loading xlUI.cxt 
\o Loading auCore.cxt 
\o Loading dcm.cxt 
\o Loading vhdl.cxt 
\o Loading seismic.cxt 
\o Loading ci.cxt 
\o Loading ams.cxt 
\o Loading adexl.cxt 
\o Loading oasis.cxt 
\o Loading asimenv.cxt 
\o Loading analog.cxt 
\o Loading par.cxt 
\o Loading socket.cxt 
\o Loading alvs.cxt 
\o *Info*    Exporting services from client ... 
\o 
\w *WARNING* LIB TECH_H18A6 from File /home/saul/projects/IMPLANTABLE_AMS/version1/saul/cds.lib Line 69 redefines
\w LIB TECH_H18A6 from the same file (defined earlier.)
\w *WARNING* The directory: '/pkg/AMS411/cds/HK_H18/TECH_H18A7AMAM' does not exist
\w 	but was defined in libFile '/home/saul/projects/IMPLANTABLE_AMS/version1/saul/cds.lib' for Lib 'TECH_H18A7AM'.
\w *WARNING* The directory: '/pkg/AMS411/cds/HK_H18/TECH_H18A5AMAM' does not exist
\w 	but was defined in libFile '/home/saul/projects/IMPLANTABLE_AMS/version1/saul/cds.lib' for Lib 'TECH_H18A5AM'.
\w *WARNING* The directory: '/pkg/AMS411/cds/HK_H18/TECH_H18A4AMAM' does not exist
\w 	but was defined in libFile '/home/saul/projects/IMPLANTABLE_AMS/version1/saul/cds.lib' for Lib 'TECH_H18A4AM'.
\w *WARNING* The directory: '/pkg/AMS411/cds/HK_H18/TECH_H18A3AMAM' does not exist
\w 	but was defined in libFile '/home/saul/projects/IMPLANTABLE_AMS/version1/saul/cds.lib' for Lib 'TECH_H18A3AM'.
\o ......................................................................................
\o            ams AG hitkit v.ams_4.11
\o ......................................................................................
\o COPYRIGHT (c) 2013 Full Service Foundry @ ams AG.  ALL RIGHTS RESERVED
\o This hitkit and attached documentation are confidential information and may 
\o only be used as authorized by the hitkit license agreement.
\o ......................................................................................
\o Loading simulator default settings.
\o HitKit On-Line Documentation not enabled - does ~/data.reg exist?
\o No mx check
\o  
\o Loading IBM PDK cmhv7sf procedures for Cadence Version "6.1.5-64b"...
\o ...IBM PDK cmhv7sf procedures loaded.
\o  
\o Loading simulator default settings.
\o *Info*    Client has finished starting ... 
\o 
\p hitkit: ams_4.11  Tech: h18a6am  User: saul 
\o 
\o 
\o *Info*    Configuring the session ...
\o 
\o 	Library      = IMP_POW_TOP
\o 	Cell         = pow_top_tb
\o 	View         = config
\o 	Simulator    = spectre
\o 	State Path   = $AXL_SETUPDB_DIR/test_states
\o 	State Name   = IMP_POW_TOP:pow_top_tb:2_none_Interactive.89
\o 	Results DB   = /home/saul/projects/IMPLANTABLE_AMS/version1/saul/IMP_POW_TOP/pow_top_tb/adexl/results/data/Interactive.89.rdb
\o 	Results Dir  = /home/saul/Sim/IMP_POW_TOP/pow_top_tb/adexl/results/data/Interactive.89/1/IMP_POW_TOP:pow_top_tb:2
\o 	Results Loc  = /home/saul/Sim/IMP_POW_TOP/pow_top_tb/adexl/results/data
\o 	Project Dir  = /home/saul/projects/IMPLANTABLE_AMS/version1/saul/SimVM
\o 	Setup DB loc = /home/saul/projects/IMPLANTABLE_AMS/version1/saul/IMP_POW_TOP/pow_top_tb/adexl
\o 	File Encoding = 0
\o 
\o 
\o Loading simui.cxt 
\o Loading awv.cxt 
\o Loading viva.cxt 
\o *Info*    Spectre controlMode is set "batch".
\o 
\o Loading spectrei.cxt 
\# Memory report: now 165482496 (0x9dd1000) bytes, process size 912957440 (0x366aa000) bytes at UTC 2016.03.04 16:04:19.837
\o Loading relXpert.cxt 
\w *WARNING* LIB TECH_H18A6 from File /home/saul/projects/IMPLANTABLE_AMS/version1/saul/cds.lib Line 69 redefines
\w LIB TECH_H18A6 from the same file (defined earlier.)
\w *WARNING* The directory: '/pkg/AMS411/cds/HK_H18/TECH_H18A7AMAM' does not exist
\w 	but was defined in libFile '/home/saul/projects/IMPLANTABLE_AMS/version1/saul/cds.lib' for Lib 'TECH_H18A7AM'.
\w *WARNING* The directory: '/pkg/AMS411/cds/HK_H18/TECH_H18A5AMAM' does not exist
\w 	but was defined in libFile '/home/saul/projects/IMPLANTABLE_AMS/version1/saul/cds.lib' for Lib 'TECH_H18A5AM'.
\w *WARNING* The directory: '/pkg/AMS411/cds/HK_H18/TECH_H18A4AMAM' does not exist
\w 	but was defined in libFile '/home/saul/projects/IMPLANTABLE_AMS/version1/saul/cds.lib' for Lib 'TECH_H18A4AM'.
\w *WARNING* The directory: '/pkg/AMS411/cds/HK_H18/TECH_H18A3AMAM' does not exist
\w 	but was defined in libFile '/home/saul/projects/IMPLANTABLE_AMS/version1/saul/cds.lib' for Lib 'TECH_H18A3AM'.
\o Loading hspiceD.cxt 
\o Loading spectreinl.cxt 
\o Loading msgHandler.cxt 
\o Loading UltraSim.cxt 
\o Loading AMSOSS.cxt 
\o Loading AMS.cxt 
\o Loading devCheck.cxt 
\o 
\o 
\o 
\o 
\o 
\o *Info*    Run start for Point ID (39 1) on testbench [
\o           IMP_POW_TOP:pow_top_tb:2 ].
\o 
\o Resetting statistical vars
\o 
\o *Info*    Setting parameter values ...
\o 
\o Setting var AM_INDEX = "0.1"
\o Setting var C_REC = "20u"
\o Setting var FREQ = "100k"
\o Setting var RL = "2k"
\o Setting var TX_DATA = "0"
\o Setting var VIN_AC = "0"
\o Setting var VIN_AMP = "0"
\o Setting var VIN_DC = "0"
\o Setting var VIN_PULSE = "4"
\o Setting temp(T) = 27
\o 
\o *Info*    Netlist Directory =
\o           /home/saul/Sim/IMP_POW_TOP/pow_top_tb/adexl/results/data/Interactive.89/1/IMP_POW_TOP:pow_top_tb:2/netlist
\o 
\o 
\o *Info*    Data Directory    =
\o           /home/saul/Sim/IMP_POW_TOP/pow_top_tb/adexl/results/data/Interactive.89/1/IMP_POW_TOP:pow_top_tb:2
\o 
\o 
\o *Info*    Creating Netlist for Point ID (39 1)
\o 
\o generate netlist...
\o Loading seCore.cxt 
\o function ansCdlCompPrim redefined
\o function ansCdlCompPrim redefined
\o Begin Incremental Netlisting Mar  4 17:04:23 2016
\o WARNING (OSSHNL-145): Incremental netlisting is not possible since the netlist in this run directory
\o was generated using a previous IHNL version which is incompatible with the
\o current IHNL version. Therefore re-netlisting the entire design using the
\o current IHNL version.
\o 
\o End netlisting Mar  4 17:04:23 2016
\o 
\o Netlisting Statistics:
\o 	Number of components:  140
\o 
\o 	Elapsed time:          0.0s
\o Errors: 0	Warnings: 0
\o       ...successful.
\o compose simulator input file...
\o       ...successful.
\o 
\o *Info*    Running simulation on testbench [ IMP_POW_TOP:pow_top_tb:2
\o           ] for Point ID (39 1).
\o 
\o Delete psf data in /home/saul/Sim/IMP_POW_TOP/pow_top_tb/adexl/results/data/Interactive.89/1/IMP_POW_TOP:pow_top_tb:2/psf.
\o compose simulator input file...
\o       ...successful.
\o start simulator if needed...
\o       ...successful.
\o simulate...
\o To view the simulator output, right-click on the test name, result 
\o name, or any value in the "Results" tab of the Outputs section and 
\o choose "Output Log" menu option.
\o Loading paraplot.cxt 
\o Initializing IBM_PDK functions
\o IBM_PDK skill procedures for Cadence 6.1 - Nov 29 08:29:37 2010
\o Licensed Materials - Property of IBM - All Rights Reserved 
\o Copyright: International Business Machines Corporation, 2016
\o This Material may not be copied without the written consent of 
\o Semiconductor Research and Development Center, IBM Corp., Essex Junction, VT 05452-4299.
\o  Default set for Left & Right WindowCoordIBM
\o System hardware set for Linux IBM_PDK procedures
\o Setting calibre env variable table for cmhv7sf 
\o Using menu definition file: /pkg/AMS411/cds/HK_H18/cmhv7sf/ibmPdkMenu.def
\o set cmhv7sf  calibre env variables based on ibmPdkMenuCalibre settings
\o set cmhv7sf  calibre env variables based on ibmPdkMenuCalibreDrc settings
\o set cmhv7sf  calibre env variables based on ibmPdkMenuCalibreLvs settings
\o set cmhv7sf  calibre env variables based on ibmPdkMenuCalibrePerc settings
\# Memory report: Maximum memory size now 54878601216 (0xcc7050000) bytes, UTC 2016.03.04 16:04:35.899
\o INFO (ADE-3071): Simulation completed successfully.
\o reading simulation data...
\o       ...successful.
\o *Info*    Client has finished evaluating ... 
\o 
\o WARNING (OCN-6038): Results stb are not available for /home/saul/Sim/IMP_POW_TOP/pow_top_tb/adexl/results/data/Interactive.89/1/IMP_POW_TOP:pow_top_tb:2. Use results() for a list of available results.
\o WARNING (OCN-6038): Results stb are not available for /home/saul/Sim/IMP_POW_TOP/pow_top_tb/adexl/results/data/Interactive.89/1/IMP_POW_TOP:pow_top_tb:2/psf. Use results() for a list of available results.
\e *Error* phaseDegUnwrapped: can't handle phaseDegUnwrapped(nil)
\e 
\e 
\o WARNING (OCN-6038): Results stb are not available for /home/saul/Sim/IMP_POW_TOP/pow_top_tb/adexl/results/data/Interactive.89/1/IMP_POW_TOP:pow_top_tb:2/psf. Use results() for a list of available results.
\o WARNING (OCN-6038): Results stb are not available for /home/saul/Sim/IMP_POW_TOP/pow_top_tb/adexl/results/data/Interactive.89/1/IMP_POW_TOP:pow_top_tb:2/psf. Use results() for a list of available results.
\e *Error* mag: can't handle mag(nil)
\e 
\e 
\e *Error* db: can't handle db(nil)
\e 
\e 
\o WARNING (OCN-6038): Results stb_margin are not available for /home/saul/Sim/IMP_POW_TOP/pow_top_tb/adexl/results/data/Interactive.89/1/IMP_POW_TOP:pow_top_tb:2/psf. Use results() for a list of available results.
\o WARNING (OCN-6038): Results stb_margin are not available for /home/saul/Sim/IMP_POW_TOP/pow_top_tb/adexl/results/data/Interactive.89/1/IMP_POW_TOP:pow_top_tb:2/psf. Use results() for a list of available results.
\o WARNING (OCN-6038): Results stb_margin are not available for /home/saul/Sim/IMP_POW_TOP/pow_top_tb/adexl/results/data/Interactive.89/1/IMP_POW_TOP:pow_top_tb:2/psf. Use results() for a list of available results.
\o WARNING (OCN-6038): Results stb_margin are not available for /home/saul/Sim/IMP_POW_TOP/pow_top_tb/adexl/results/data/Interactive.89/1/IMP_POW_TOP:pow_top_tb:2/psf. Use results() for a list of available results.
\o 
\o *Info*    Run complete for Point ID (39 1) on testbench [
\o           IMP_POW_TOP:pow_top_tb:2 ].
\o 
\o 
\o 
\o 
\o 
\o 
\o 
\o 
\o 
\o 
\o *Info*    Run start for Point ID (39 15) on testbench [
\o           IMP_POW_TOP:pow_top_tb:2 ].
\o 
\o Resetting statistical vars
\o 
\o *Info*    Setting parameter values ...
\o 
\o 
\o *Info*    Netlist Directory =
\o           /home/saul/Sim/IMP_POW_TOP/pow_top_tb/adexl/results/data/Interactive.89/15/IMP_POW_TOP:pow_top_tb:2/netlist
\o 
\o 
\o *Info*    Data Directory    =
\o           /home/saul/Sim/IMP_POW_TOP/pow_top_tb/adexl/results/data/Interactive.89/15/IMP_POW_TOP:pow_top_tb:2
\o 
\o 
\o *Info*    Creating Netlist for Point ID (39 15)
\o 
\o generate netlist...
\o function ansCdlCompPrim redefined
\o function ansCdlCompPrim redefined
\o Begin Incremental Netlisting Mar  4 17:04:55 2016
\o End netlisting Mar  4 17:04:55 2016
\o 
\o 	The netlist is up to date.
\o 	Time taken to compare the design with netlist:   0.0s
\o       ...successful.
\o compose simulator input file...
\o       ...successful.
\o 
\o *Info*    Running simulation on testbench [ IMP_POW_TOP:pow_top_tb:2
\o           ] for Point ID (39 15).
\o 
\o Delete psf data in /home/saul/Sim/IMP_POW_TOP/pow_top_tb/adexl/results/data/Interactive.89/15/IMP_POW_TOP:pow_top_tb:2/psf.
\o compose simulator input file...
\o       ...successful.
\o start simulator if needed...
\o       ...successful.
\o simulate...
\o To view the simulator output, right-click on the test name, result 
\o name, or any value in the "Results" tab of the Outputs section and 
\o choose "Output Log" menu option.
\o INFO (ADE-3071): Simulation completed successfully.
\o reading simulation data...
\o       ...successful.
\o *Info*    Client has finished evaluating ... 
\o 
\o WARNING (OCN-6038): Results stb are not available for /home/saul/Sim/IMP_POW_TOP/pow_top_tb/adexl/results/data/Interactive.89/15/IMP_POW_TOP:pow_top_tb:2. Use results() for a list of available results.
\o WARNING (OCN-6038): Results stb are not available for /home/saul/Sim/IMP_POW_TOP/pow_top_tb/adexl/results/data/Interactive.89/15/IMP_POW_TOP:pow_top_tb:2/psf. Use results() for a list of available results.
\e *Error* phaseDegUnwrapped: can't handle phaseDegUnwrapped(nil)
\e 
\e 
\o WARNING (OCN-6038): Results stb are not available for /home/saul/Sim/IMP_POW_TOP/pow_top_tb/adexl/results/data/Interactive.89/15/IMP_POW_TOP:pow_top_tb:2/psf. Use results() for a list of available results.
\o WARNING (OCN-6038): Results stb are not available for /home/saul/Sim/IMP_POW_TOP/pow_top_tb/adexl/results/data/Interactive.89/15/IMP_POW_TOP:pow_top_tb:2/psf. Use results() for a list of available results.
\e *Error* mag: can't handle mag(nil)
\e 
\e 
\e *Error* db: can't handle db(nil)
\e 
\e 
\o WARNING (OCN-6038): Results stb_margin are not available for /home/saul/Sim/IMP_POW_TOP/pow_top_tb/adexl/results/data/Interactive.89/15/IMP_POW_TOP:pow_top_tb:2/psf. Use results() for a list of available results.
\o WARNING (OCN-6038): Results stb_margin are not available for /home/saul/Sim/IMP_POW_TOP/pow_top_tb/adexl/results/data/Interactive.89/15/IMP_POW_TOP:pow_top_tb:2/psf. Use results() for a list of available results.
\o WARNING (OCN-6038): Results stb_margin are not available for /home/saul/Sim/IMP_POW_TOP/pow_top_tb/adexl/results/data/Interactive.89/15/IMP_POW_TOP:pow_top_tb:2/psf. Use results() for a list of available results.
\o WARNING (OCN-6038): Results stb_margin are not available for /home/saul/Sim/IMP_POW_TOP/pow_top_tb/adexl/results/data/Interactive.89/15/IMP_POW_TOP:pow_top_tb:2/psf. Use results() for a list of available results.
\o 
\o *Info*    Run complete for Point ID (39 15) on testbench [
\o           IMP_POW_TOP:pow_top_tb:2 ].
\o 
\o 
\o 
\o 
\o 
\o 
\o 
\o 
\o 
\o 
\o *Info*    Run start for Point ID (39 20) on testbench [
\o           IMP_POW_TOP:pow_top_tb:2 ].
\o 
\o Resetting statistical vars
\o 
\o *Info*    Setting parameter values ...
\o 
\o 
\o *Info*    Netlist Directory =
\o           /home/saul/Sim/IMP_POW_TOP/pow_top_tb/adexl/results/data/Interactive.89/20/IMP_POW_TOP:pow_top_tb:2/netlist
\o 
\o 
\o *Info*    Data Directory    =
\o           /home/saul/Sim/IMP_POW_TOP/pow_top_tb/adexl/results/data/Interactive.89/20/IMP_POW_TOP:pow_top_tb:2
\o 
\o 
\o *Info*    Creating Netlist for Point ID (39 20)
\o 
\o generate netlist...
\o function ansCdlCompPrim redefined
\o function ansCdlCompPrim redefined
\o Begin Incremental Netlisting Mar  4 17:04:59 2016
\o End netlisting Mar  4 17:04:59 2016
\o 
\o 	The netlist is up to date.
\o 	Time taken to compare the design with netlist:   0.0s
\o       ...successful.
\o compose simulator input file...
\o       ...successful.
\o 
\o *Info*    Running simulation on testbench [ IMP_POW_TOP:pow_top_tb:2
\o           ] for Point ID (39 20).
\o 
\o Delete psf data in /home/saul/Sim/IMP_POW_TOP/pow_top_tb/adexl/results/data/Interactive.89/20/IMP_POW_TOP:pow_top_tb:2/psf.
\o compose simulator input file...
\o       ...successful.
\o start simulator if needed...
\o       ...successful.
\o simulate...
\o To view the simulator output, right-click on the test name, result 
\o name, or any value in the "Results" tab of the Outputs section and 
\o choose "Output Log" menu option.
\o INFO (ADE-3071): Simulation completed successfully.
\o reading simulation data...
\o       ...successful.
\o *Info*    Client has finished evaluating ... 
\o 
\o WARNING (OCN-6038): Results stb are not available for /home/saul/Sim/IMP_POW_TOP/pow_top_tb/adexl/results/data/Interactive.89/20/IMP_POW_TOP:pow_top_tb:2. Use results() for a list of available results.
\o WARNING (OCN-6038): Results stb are not available for /home/saul/Sim/IMP_POW_TOP/pow_top_tb/adexl/results/data/Interactive.89/20/IMP_POW_TOP:pow_top_tb:2/psf. Use results() for a list of available results.
\e *Error* phaseDegUnwrapped: can't handle phaseDegUnwrapped(nil)
\e 
\e 
\o WARNING (OCN-6038): Results stb are not available for /home/saul/Sim/IMP_POW_TOP/pow_top_tb/adexl/results/data/Interactive.89/20/IMP_POW_TOP:pow_top_tb:2/psf. Use results() for a list of available results.
\o WARNING (OCN-6038): Results stb are not available for /home/saul/Sim/IMP_POW_TOP/pow_top_tb/adexl/results/data/Interactive.89/20/IMP_POW_TOP:pow_top_tb:2/psf. Use results() for a list of available results.
\e *Error* mag: can't handle mag(nil)
\e 
\e 
\e *Error* db: can't handle db(nil)
\e 
\e 
\o WARNING (OCN-6038): Results stb_margin are not available for /home/saul/Sim/IMP_POW_TOP/pow_top_tb/adexl/results/data/Interactive.89/20/IMP_POW_TOP:pow_top_tb:2/psf. Use results() for a list of available results.
\o WARNING (OCN-6038): Results stb_margin are not available for /home/saul/Sim/IMP_POW_TOP/pow_top_tb/adexl/results/data/Interactive.89/20/IMP_POW_TOP:pow_top_tb:2/psf. Use results() for a list of available results.
\o WARNING (OCN-6038): Results stb_margin are not available for /home/saul/Sim/IMP_POW_TOP/pow_top_tb/adexl/results/data/Interactive.89/20/IMP_POW_TOP:pow_top_tb:2/psf. Use results() for a list of available results.
\o WARNING (OCN-6038): Results stb_margin are not available for /home/saul/Sim/IMP_POW_TOP/pow_top_tb/adexl/results/data/Interactive.89/20/IMP_POW_TOP:pow_top_tb:2/psf. Use results() for a list of available results.
\o 
\o *Info*    Run complete for Point ID (39 20) on testbench [
\o           IMP_POW_TOP:pow_top_tb:2 ].
\o 
\o 
\o 
\o 
\o 
\o 
\o 
\o 
\o 
\o 
\o *Info*    Run start for Point ID (39 23) on testbench [
\o           IMP_POW_TOP:pow_top_tb:2 ].
\o 
\o Resetting statistical vars
\o 
\o *Info*    Setting parameter values ...
\o 
\o 
\o *Info*    Netlist Directory =
\o           /home/saul/Sim/IMP_POW_TOP/pow_top_tb/adexl/results/data/Interactive.89/23/IMP_POW_TOP:pow_top_tb:2/netlist
\o 
\o 
\o *Info*    Data Directory    =
\o           /home/saul/Sim/IMP_POW_TOP/pow_top_tb/adexl/results/data/Interactive.89/23/IMP_POW_TOP:pow_top_tb:2
\o 
\o 
\o *Info*    Creating Netlist for Point ID (39 23)
\o 
\o generate netlist...
\o function ansCdlCompPrim redefined
\o function ansCdlCompPrim redefined
\o Begin Incremental Netlisting Mar  4 17:05:03 2016
\o End netlisting Mar  4 17:05:03 2016
\o 
\o 	The netlist is up to date.
\o 	Time taken to compare the design with netlist:   0.0s
\o       ...successful.
\o compose simulator input file...
\o       ...successful.
\o 
\o *Info*    Running simulation on testbench [ IMP_POW_TOP:pow_top_tb:2
\o           ] for Point ID (39 23).
\o 
\o Delete psf data in /home/saul/Sim/IMP_POW_TOP/pow_top_tb/adexl/results/data/Interactive.89/23/IMP_POW_TOP:pow_top_tb:2/psf.
\o compose simulator input file...
\o       ...successful.
\o start simulator if needed...
\o       ...successful.
\o simulate...
\o To view the simulator output, right-click on the test name, result 
\o name, or any value in the "Results" tab of the Outputs section and 
\o choose "Output Log" menu option.
\o INFO (ADE-3071): Simulation completed successfully.
\o reading simulation data...
\o       ...successful.
\o *Info*    Client has finished evaluating ... 
\o 
\o WARNING (OCN-6038): Results stb are not available for /home/saul/Sim/IMP_POW_TOP/pow_top_tb/adexl/results/data/Interactive.89/23/IMP_POW_TOP:pow_top_tb:2. Use results() for a list of available results.
\o WARNING (OCN-6038): Results stb are not available for /home/saul/Sim/IMP_POW_TOP/pow_top_tb/adexl/results/data/Interactive.89/23/IMP_POW_TOP:pow_top_tb:2/psf. Use results() for a list of available results.
\e *Error* phaseDegUnwrapped: can't handle phaseDegUnwrapped(nil)
\e 
\e 
\o WARNING (OCN-6038): Results stb are not available for /home/saul/Sim/IMP_POW_TOP/pow_top_tb/adexl/results/data/Interactive.89/23/IMP_POW_TOP:pow_top_tb:2/psf. Use results() for a list of available results.
\o WARNING (OCN-6038): Results stb are not available for /home/saul/Sim/IMP_POW_TOP/pow_top_tb/adexl/results/data/Interactive.89/23/IMP_POW_TOP:pow_top_tb:2/psf. Use results() for a list of available results.
\e *Error* mag: can't handle mag(nil)
\e 
\e 
\e *Error* db: can't handle db(nil)
\e 
\e 
\o WARNING (OCN-6038): Results stb_margin are not available for /home/saul/Sim/IMP_POW_TOP/pow_top_tb/adexl/results/data/Interactive.89/23/IMP_POW_TOP:pow_top_tb:2/psf. Use results() for a list of available results.
\o WARNING (OCN-6038): Results stb_margin are not available for /home/saul/Sim/IMP_POW_TOP/pow_top_tb/adexl/results/data/Interactive.89/23/IMP_POW_TOP:pow_top_tb:2/psf. Use results() for a list of available results.
\o WARNING (OCN-6038): Results stb_margin are not available for /home/saul/Sim/IMP_POW_TOP/pow_top_tb/adexl/results/data/Interactive.89/23/IMP_POW_TOP:pow_top_tb:2/psf. Use results() for a list of available results.
\o WARNING (OCN-6038): Results stb_margin are not available for /home/saul/Sim/IMP_POW_TOP/pow_top_tb/adexl/results/data/Interactive.89/23/IMP_POW_TOP:pow_top_tb:2/psf. Use results() for a list of available results.
\o 
\o *Info*    Run complete for Point ID (39 23) on testbench [
\o           IMP_POW_TOP:pow_top_tb:2 ].
\o 
\o 
\o 
\o 
\o 
\o 
\o 
\o 
\o 
\o 
\o *Info*    Run start for Point ID (39 27) on testbench [
\o           IMP_POW_TOP:pow_top_tb:2 ].
\o 
\o Resetting statistical vars
\o 
\o *Info*    Setting parameter values ...
\o 
\o 
\o *Info*    Netlist Directory =
\o           /home/saul/Sim/IMP_POW_TOP/pow_top_tb/adexl/results/data/Interactive.89/27/IMP_POW_TOP:pow_top_tb:2/netlist
\o 
\o 
\o *Info*    Data Directory    =
\o           /home/saul/Sim/IMP_POW_TOP/pow_top_tb/adexl/results/data/Interactive.89/27/IMP_POW_TOP:pow_top_tb:2
\o 
\o 
\o *Info*    Creating Netlist for Point ID (39 27)
\o 
\o generate netlist...
\o function ansCdlCompPrim redefined
\o function ansCdlCompPrim redefined
\o Begin Incremental Netlisting Mar  4 17:05:08 2016
\o End netlisting Mar  4 17:05:08 2016
\o 
\o 	The netlist is up to date.
\o 	Time taken to compare the design with netlist:   0.0s
\o       ...successful.
\o compose simulator input file...
\o       ...successful.
\o 
\o *Info*    Running simulation on testbench [ IMP_POW_TOP:pow_top_tb:2
\o           ] for Point ID (39 27).
\o 
\o Delete psf data in /home/saul/Sim/IMP_POW_TOP/pow_top_tb/adexl/results/data/Interactive.89/27/IMP_POW_TOP:pow_top_tb:2/psf.
\o compose simulator input file...
\o       ...successful.
\o start simulator if needed...
\o       ...successful.
\o simulate...
\o To view the simulator output, right-click on the test name, result 
\o name, or any value in the "Results" tab of the Outputs section and 
\o choose "Output Log" menu option.
\o INFO (ADE-3071): Simulation completed successfully.
\o reading simulation data...
\o       ...successful.
\o *Info*    Client has finished evaluating ... 
\o 
\o WARNING (OCN-6038): Results stb are not available for /home/saul/Sim/IMP_POW_TOP/pow_top_tb/adexl/results/data/Interactive.89/27/IMP_POW_TOP:pow_top_tb:2. Use results() for a list of available results.
\o WARNING (OCN-6038): Results stb are not available for /home/saul/Sim/IMP_POW_TOP/pow_top_tb/adexl/results/data/Interactive.89/27/IMP_POW_TOP:pow_top_tb:2/psf. Use results() for a list of available results.
\e *Error* phaseDegUnwrapped: can't handle phaseDegUnwrapped(nil)
\e 
\e 
\o WARNING (OCN-6038): Results stb are not available for /home/saul/Sim/IMP_POW_TOP/pow_top_tb/adexl/results/data/Interactive.89/27/IMP_POW_TOP:pow_top_tb:2/psf. Use results() for a list of available results.
\o WARNING (OCN-6038): Results stb are not available for /home/saul/Sim/IMP_POW_TOP/pow_top_tb/adexl/results/data/Interactive.89/27/IMP_POW_TOP:pow_top_tb:2/psf. Use results() for a list of available results.
\e *Error* mag: can't handle mag(nil)
\e 
\e 
\e *Error* db: can't handle db(nil)
\e 
\e 
\o WARNING (OCN-6038): Results stb_margin are not available for /home/saul/Sim/IMP_POW_TOP/pow_top_tb/adexl/results/data/Interactive.89/27/IMP_POW_TOP:pow_top_tb:2/psf. Use results() for a list of available results.
\o WARNING (OCN-6038): Results stb_margin are not available for /home/saul/Sim/IMP_POW_TOP/pow_top_tb/adexl/results/data/Interactive.89/27/IMP_POW_TOP:pow_top_tb:2/psf. Use results() for a list of available results.
\o WARNING (OCN-6038): Results stb_margin are not available for /home/saul/Sim/IMP_POW_TOP/pow_top_tb/adexl/results/data/Interactive.89/27/IMP_POW_TOP:pow_top_tb:2/psf. Use results() for a list of available results.
\o WARNING (OCN-6038): Results stb_margin are not available for /home/saul/Sim/IMP_POW_TOP/pow_top_tb/adexl/results/data/Interactive.89/27/IMP_POW_TOP:pow_top_tb:2/psf. Use results() for a list of available results.
\o 
\o *Info*    Run complete for Point ID (39 27) on testbench [
\o           IMP_POW_TOP:pow_top_tb:2 ].
\o 
\o 
\o 
\o 
\o 
\o 
\o 
\o 
\o 
\o 
\o *Info*    Run start for Point ID (39 31) on testbench [
\o           IMP_POW_TOP:pow_top_tb:2 ].
\o 
\o Resetting statistical vars
\o 
\o *Info*    Setting parameter values ...
\o 
\o 
\o *Info*    Netlist Directory =
\o           /home/saul/Sim/IMP_POW_TOP/pow_top_tb/adexl/results/data/Interactive.89/31/IMP_POW_TOP:pow_top_tb:2/netlist
\o 
\o 
\o *Info*    Data Directory    =
\o           /home/saul/Sim/IMP_POW_TOP/pow_top_tb/adexl/results/data/Interactive.89/31/IMP_POW_TOP:pow_top_tb:2
\o 
\o 
\o *Info*    Creating Netlist for Point ID (39 31)
\o 
\o generate netlist...
\o function ansCdlCompPrim redefined
\o function ansCdlCompPrim redefined
\o Begin Incremental Netlisting Mar  4 17:05:11 2016
\o End netlisting Mar  4 17:05:11 2016
\o 
\o 	The netlist is up to date.
\o 	Time taken to compare the design with netlist:   0.0s
\o       ...successful.
\o compose simulator input file...
\o       ...successful.
\o 
\o *Info*    Running simulation on testbench [ IMP_POW_TOP:pow_top_tb:2
\o           ] for Point ID (39 31).
\o 
\o Delete psf data in /home/saul/Sim/IMP_POW_TOP/pow_top_tb/adexl/results/data/Interactive.89/31/IMP_POW_TOP:pow_top_tb:2/psf.
\o compose simulator input file...
\o       ...successful.
\o start simulator if needed...
\o       ...successful.
\o simulate...
\o To view the simulator output, right-click on the test name, result 
\o name, or any value in the "Results" tab of the Outputs section and 
\o choose "Output Log" menu option.
\o INFO (ADE-3071): Simulation completed successfully.
\o reading simulation data...
\o       ...successful.
\o *Info*    Client has finished evaluating ... 
\o 
\o WARNING (OCN-6038): Results stb are not available for /home/saul/Sim/IMP_POW_TOP/pow_top_tb/adexl/results/data/Interactive.89/31/IMP_POW_TOP:pow_top_tb:2. Use results() for a list of available results.
\o WARNING (OCN-6038): Results stb are not available for /home/saul/Sim/IMP_POW_TOP/pow_top_tb/adexl/results/data/Interactive.89/31/IMP_POW_TOP:pow_top_tb:2/psf. Use results() for a list of available results.
\e *Error* phaseDegUnwrapped: can't handle phaseDegUnwrapped(nil)
\e 
\e 
\o WARNING (OCN-6038): Results stb are not available for /home/saul/Sim/IMP_POW_TOP/pow_top_tb/adexl/results/data/Interactive.89/31/IMP_POW_TOP:pow_top_tb:2/psf. Use results() for a list of available results.
\o WARNING (OCN-6038): Results stb are not available for /home/saul/Sim/IMP_POW_TOP/pow_top_tb/adexl/results/data/Interactive.89/31/IMP_POW_TOP:pow_top_tb:2/psf. Use results() for a list of available results.
\e *Error* mag: can't handle mag(nil)
\e 
\e 
\e *Error* db: can't handle db(nil)
\e 
\e 
\o WARNING (OCN-6038): Results stb_margin are not available for /home/saul/Sim/IMP_POW_TOP/pow_top_tb/adexl/results/data/Interactive.89/31/IMP_POW_TOP:pow_top_tb:2/psf. Use results() for a list of available results.
\o WARNING (OCN-6038): Results stb_margin are not available for /home/saul/Sim/IMP_POW_TOP/pow_top_tb/adexl/results/data/Interactive.89/31/IMP_POW_TOP:pow_top_tb:2/psf. Use results() for a list of available results.
\o WARNING (OCN-6038): Results stb_margin are not available for /home/saul/Sim/IMP_POW_TOP/pow_top_tb/adexl/results/data/Interactive.89/31/IMP_POW_TOP:pow_top_tb:2/psf. Use results() for a list of available results.
\o WARNING (OCN-6038): Results stb_margin are not available for /home/saul/Sim/IMP_POW_TOP/pow_top_tb/adexl/results/data/Interactive.89/31/IMP_POW_TOP:pow_top_tb:2/psf. Use results() for a list of available results.
\o 
\o *Info*    Run complete for Point ID (39 31) on testbench [
\o           IMP_POW_TOP:pow_top_tb:2 ].
\o 
\o 
\o 
\o 
\o 
\o 
\o 
\o 
\o 
\o 
\o *Info*    Run start for Point ID (39 6) on testbench [
\o           IMP_POW_TOP:pow_top_tb:2 ].
\o 
\o Resetting statistical vars
\o 
\o *Info*    Setting parameter values ...
\o 
\o 
\o *Info*    Netlist Directory =
\o           /home/saul/Sim/IMP_POW_TOP/pow_top_tb/adexl/results/data/Interactive.89/6/IMP_POW_TOP:pow_top_tb:2/netlist
\o 
\o 
\o *Info*    Data Directory    =
\o           /home/saul/Sim/IMP_POW_TOP/pow_top_tb/adexl/results/data/Interactive.89/6/IMP_POW_TOP:pow_top_tb:2
\o 
\o 
\o *Info*    Creating Netlist for Point ID (39 6)
\o 
\o generate netlist...
\o function ansCdlCompPrim redefined
\o function ansCdlCompPrim redefined
\o Begin Incremental Netlisting Mar  4 17:05:16 2016
\o End netlisting Mar  4 17:05:16 2016
\o 
\o 	The netlist is up to date.
\o 	Time taken to compare the design with netlist:   0.0s
\o       ...successful.
\o compose simulator input file...
\o       ...successful.
\o 
\o *Info*    Running simulation on testbench [ IMP_POW_TOP:pow_top_tb:2
\o           ] for Point ID (39 6).
\o 
\o Delete psf data in /home/saul/Sim/IMP_POW_TOP/pow_top_tb/adexl/results/data/Interactive.89/6/IMP_POW_TOP:pow_top_tb:2/psf.
\o compose simulator input file...
\o       ...successful.
\o start simulator if needed...
\o       ...successful.
\o simulate...
\o To view the simulator output, right-click on the test name, result 
\o name, or any value in the "Results" tab of the Outputs section and 
\o choose "Output Log" menu option.
\o INFO (ADE-3071): Simulation completed successfully.
\o reading simulation data...
\o       ...successful.
\o *Info*    Client has finished evaluating ... 
\o 
\o WARNING (OCN-6038): Results stb are not available for /home/saul/Sim/IMP_POW_TOP/pow_top_tb/adexl/results/data/Interactive.89/6/IMP_POW_TOP:pow_top_tb:2. Use results() for a list of available results.
\o WARNING (OCN-6038): Results stb are not available for /home/saul/Sim/IMP_POW_TOP/pow_top_tb/adexl/results/data/Interactive.89/6/IMP_POW_TOP:pow_top_tb:2/psf. Use results() for a list of available results.
\e *Error* phaseDegUnwrapped: can't handle phaseDegUnwrapped(nil)
\e 
\e 
\o WARNING (OCN-6038): Results stb are not available for /home/saul/Sim/IMP_POW_TOP/pow_top_tb/adexl/results/data/Interactive.89/6/IMP_POW_TOP:pow_top_tb:2/psf. Use results() for a list of available results.
\o WARNING (OCN-6038): Results stb are not available for /home/saul/Sim/IMP_POW_TOP/pow_top_tb/adexl/results/data/Interactive.89/6/IMP_POW_TOP:pow_top_tb:2/psf. Use results() for a list of available results.
\e *Error* mag: can't handle mag(nil)
\e 
\e 
\e *Error* db: can't handle db(nil)
\e 
\e 
\o WARNING (OCN-6038): Results stb_margin are not available for /home/saul/Sim/IMP_POW_TOP/pow_top_tb/adexl/results/data/Interactive.89/6/IMP_POW_TOP:pow_top_tb:2/psf. Use results() for a list of available results.
\o WARNING (OCN-6038): Results stb_margin are not available for /home/saul/Sim/IMP_POW_TOP/pow_top_tb/adexl/results/data/Interactive.89/6/IMP_POW_TOP:pow_top_tb:2/psf. Use results() for a list of available results.
\o WARNING (OCN-6038): Results stb_margin are not available for /home/saul/Sim/IMP_POW_TOP/pow_top_tb/adexl/results/data/Interactive.89/6/IMP_POW_TOP:pow_top_tb:2/psf. Use results() for a list of available results.
\o WARNING (OCN-6038): Results stb_margin are not available for /home/saul/Sim/IMP_POW_TOP/pow_top_tb/adexl/results/data/Interactive.89/6/IMP_POW_TOP:pow_top_tb:2/psf. Use results() for a list of available results.
\o 
\o *Info*    Run complete for Point ID (39 6) on testbench [
\o           IMP_POW_TOP:pow_top_tb:2 ].
\o 
\o 
\o 
\o 
\o 
\o 
\o 
\o 
\o 
\o 
\o *Info*    Run start for Point ID (39 10) on testbench [
\o           IMP_POW_TOP:pow_top_tb:2 ].
\o 
\o Resetting statistical vars
\o 
\o *Info*    Setting parameter values ...
\o 
\o 
\o *Info*    Netlist Directory =
\o           /home/saul/Sim/IMP_POW_TOP/pow_top_tb/adexl/results/data/Interactive.89/10/IMP_POW_TOP:pow_top_tb:2/netlist
\o 
\o 
\o *Info*    Data Directory    =
\o           /home/saul/Sim/IMP_POW_TOP/pow_top_tb/adexl/results/data/Interactive.89/10/IMP_POW_TOP:pow_top_tb:2
\o 
\o 
\o *Info*    Creating Netlist for Point ID (39 10)
\o 
\o generate netlist...
\o function ansCdlCompPrim redefined
\o function ansCdlCompPrim redefined
\o Begin Incremental Netlisting Mar  4 17:05:20 2016
\o End netlisting Mar  4 17:05:20 2016
\o 
\o 	The netlist is up to date.
\o 	Time taken to compare the design with netlist:   1.0s
\o       ...successful.
\o compose simulator input file...
\o       ...successful.
\o 
\o *Info*    Running simulation on testbench [ IMP_POW_TOP:pow_top_tb:2
\o           ] for Point ID (39 10).
\o 
\o Delete psf data in /home/saul/Sim/IMP_POW_TOP/pow_top_tb/adexl/results/data/Interactive.89/10/IMP_POW_TOP:pow_top_tb:2/psf.
\o compose simulator input file...
\o       ...successful.
\o start simulator if needed...
\o       ...successful.
\o simulate...
\o To view the simulator output, right-click on the test name, result 
\o name, or any value in the "Results" tab of the Outputs section and 
\o choose "Output Log" menu option.
\o INFO (ADE-3071): Simulation completed successfully.
\o reading simulation data...
\o       ...successful.
\o *Info*    Client has finished evaluating ... 
\o 
\o WARNING (OCN-6038): Results stb are not available for /home/saul/Sim/IMP_POW_TOP/pow_top_tb/adexl/results/data/Interactive.89/10/IMP_POW_TOP:pow_top_tb:2. Use results() for a list of available results.
\o WARNING (OCN-6038): Results stb are not available for /home/saul/Sim/IMP_POW_TOP/pow_top_tb/adexl/results/data/Interactive.89/10/IMP_POW_TOP:pow_top_tb:2/psf. Use results() for a list of available results.
\e *Error* phaseDegUnwrapped: can't handle phaseDegUnwrapped(nil)
\e 
\e 
\o WARNING (OCN-6038): Results stb are not available for /home/saul/Sim/IMP_POW_TOP/pow_top_tb/adexl/results/data/Interactive.89/10/IMP_POW_TOP:pow_top_tb:2/psf. Use results() for a list of available results.
\o WARNING (OCN-6038): Results stb are not available for /home/saul/Sim/IMP_POW_TOP/pow_top_tb/adexl/results/data/Interactive.89/10/IMP_POW_TOP:pow_top_tb:2/psf. Use results() for a list of available results.
\e *Error* mag: can't handle mag(nil)
\e 
\e 
\e *Error* db: can't handle db(nil)
\e 
\e 
\o WARNING (OCN-6038): Results stb_margin are not available for /home/saul/Sim/IMP_POW_TOP/pow_top_tb/adexl/results/data/Interactive.89/10/IMP_POW_TOP:pow_top_tb:2/psf. Use results() for a list of available results.
\o WARNING (OCN-6038): Results stb_margin are not available for /home/saul/Sim/IMP_POW_TOP/pow_top_tb/adexl/results/data/Interactive.89/10/IMP_POW_TOP:pow_top_tb:2/psf. Use results() for a list of available results.
\o WARNING (OCN-6038): Results stb_margin are not available for /home/saul/Sim/IMP_POW_TOP/pow_top_tb/adexl/results/data/Interactive.89/10/IMP_POW_TOP:pow_top_tb:2/psf. Use results() for a list of available results.
\o WARNING (OCN-6038): Results stb_margin are not available for /home/saul/Sim/IMP_POW_TOP/pow_top_tb/adexl/results/data/Interactive.89/10/IMP_POW_TOP:pow_top_tb:2/psf. Use results() for a list of available results.
\o 
\o *Info*    Run complete for Point ID (39 10) on testbench [
\o           IMP_POW_TOP:pow_top_tb:2 ].
\o 
\o 
\o 
\o 
\o 
\# Memory report: Maximum memory size now 53560369152 (0xc78726000) bytes, UTC 2016.03.04 16:05:36.001
\o Simulation design variables differ from those on the cellView,
\o they have been saved in the file "/tmp/saved-design-variables2".
\o To save future changes, copy variables to cellView before exiting.
\o 
\o 
\o *Info*    Configuring the session ...
\o 
\o 	Library      = IMP_POW_TOP
\o 	Cell         = pow_top_tb
\o 	View         = config
\o 	Simulator    = spectre
\o 	State Path   = $AXL_SETUPDB_DIR/test_states
\o 	State Name   = IMP_POW_TOP:pow_top_tb:2_none_Interactive.90
\o 	Results DB   = /home/saul/projects/IMPLANTABLE_AMS/version1/saul/IMP_POW_TOP/pow_top_tb/adexl/results/data/Interactive.90.rdb
\o 	Results Dir  = /home/saul/Sim/IMP_POW_TOP/pow_top_tb/adexl/results/data/Interactive.90/1/IMP_POW_TOP:pow_top_tb:2
\o 	Results Loc  = /home/saul/Sim/IMP_POW_TOP/pow_top_tb/adexl/results/data
\o 	Project Dir  = /home/saul/projects/IMPLANTABLE_AMS/version1/saul/SimVM
\o 	Setup DB loc = /home/saul/projects/IMPLANTABLE_AMS/version1/saul/IMP_POW_TOP/pow_top_tb/adexl
\o 	File Encoding = 0
\o 
\o 
\o *Info*    Spectre controlMode is set "batch".
\o 
\o 
\o 
\o 
\o 
\o 
\o *Info*    Run start for Point ID (40 2) on testbench [
\o           IMP_POW_TOP:pow_top_tb:2 ].
\o 
\o Resetting statistical vars
\o 
\o *Info*    Setting parameter values ...
\o 
\o Setting var AM_INDEX = "0.1"
\o Setting var C_REC = "20u"
\o Setting var FREQ = "100k"
\o Setting var RL = "2k"
\o Setting var TX_DATA = "0"
\o Setting var VIN_AC = "0"
\o Setting var VIN_AMP = "0"
\o Setting var VIN_DC = "0"
\o Setting var VIN_PULSE = "4"
\o Setting temp(T) = 27
\o 
\o *Info*    Netlist Directory =
\o           /home/saul/Sim/IMP_POW_TOP/pow_top_tb/adexl/results/data/Interactive.90/2/IMP_POW_TOP:pow_top_tb:2/netlist
\o 
\o 
\o *Info*    Data Directory    =
\o           /home/saul/Sim/IMP_POW_TOP/pow_top_tb/adexl/results/data/Interactive.90/2/IMP_POW_TOP:pow_top_tb:2
\o 
\o 
\o *Info*    Creating Netlist for Point ID (40 2)
\o 
\o generate netlist...
\o function ansCdlCompPrim redefined
\o function ansCdlCompPrim redefined
\o Begin Incremental Netlisting Mar  4 17:06:01 2016
\o End netlisting Mar  4 17:06:01 2016
\o 
\o 	The netlist is up to date.
\o 	Time taken to compare the design with netlist:   0.0s
\o       ...successful.
\o compose simulator input file...
\o       ...successful.
\o 
\o *Info*    Running simulation on testbench [ IMP_POW_TOP:pow_top_tb:2
\o           ] for Point ID (40 2).
\o 
\o Delete psf data in /home/saul/Sim/IMP_POW_TOP/pow_top_tb/adexl/results/data/Interactive.90/2/IMP_POW_TOP:pow_top_tb:2/psf.
\o compose simulator input file...
\o       ...successful.
\o start simulator if needed...
\o       ...successful.
\o simulate...
\o To view the simulator output, right-click on the test name, result 
\o name, or any value in the "Results" tab of the Outputs section and 
\o choose "Output Log" menu option.
\o INFO (ADE-3072): Simulation is stopped by user. Simulation results may not be complete.
\o 
\o *Error*   Error ID  = 5011
\o *Error*   Error Msg = Simulator failed to complete the simulation.
\o 
\o           Error found by spectre.
\o Error found by spectre.
\o ERROR
\o           (SPECTRE-25): Killed by user.
\o 
\o 
\o 
\o 
\o 
\# Memory report: Maximum memory size now 52457218048 (0xc36b1a000) bytes, UTC 2016.03.04 16:06:16.003
\o Simulation design variables differ from those on the cellView,
\o they have been saved in the file "/tmp/saved-design-variables2".
\o To save future changes, copy variables to cellView before exiting.
\o 
\o 
\o *Info*    Configuring the session ...
\o 
\o 	Library      = IMP_POW_TOP
\o 	Cell         = pow_top_tb
\o 	View         = config
\o 	Simulator    = spectre
\o 	State Path   = $AXL_SETUPDB_DIR/test_states
\o 	State Name   = IMP_POW_TOP:pow_top_tb:2_none_Interactive.91
\o 	Results DB   = /home/saul/projects/IMPLANTABLE_AMS/version1/saul/IMP_POW_TOP/pow_top_tb/adexl/results/data/Interactive.91.rdb
\o 	Results Dir  = /home/saul/Sim/IMP_POW_TOP/pow_top_tb/adexl/results/data/Interactive.91/1/IMP_POW_TOP:pow_top_tb:2
\o 	Results Loc  = /home/saul/Sim/IMP_POW_TOP/pow_top_tb/adexl/results/data
\o 	Project Dir  = /home/saul/projects/IMPLANTABLE_AMS/version1/saul/SimVM
\o 	Setup DB loc = /home/saul/projects/IMPLANTABLE_AMS/version1/saul/IMP_POW_TOP/pow_top_tb/adexl
\o 	File Encoding = 0
\o 
\o 
\o *Info*    Spectre controlMode is set "batch".
\o 
\o 
\o 
\o 
\o 
\o 
\o *Info*    Run start for Point ID (41 2) on testbench [
\o           IMP_POW_TOP:pow_top_tb:2 ].
\o 
\o Resetting statistical vars
\o 
\o *Info*    Setting parameter values ...
\o 
\o Setting var AM_INDEX = "0.1"
\o Setting var C_REC = "20u"
\o Setting var FREQ = "100k"
\o Setting var RL = "2k"
\o Setting var TX_DATA = "0"
\o Setting var VIN_AC = "0"
\o Setting var VIN_AMP = "0"
\o Setting var VIN_DC = "4"
\o Setting var VIN_PULSE = "0"
\o Setting temp(T) = 27
\o 
\o *Info*    Netlist Directory =
\o           /home/saul/Sim/IMP_POW_TOP/pow_top_tb/adexl/results/data/Interactive.91/2/IMP_POW_TOP:pow_top_tb:2/netlist
\o 
\o 
\o *Info*    Data Directory    =
\o           /home/saul/Sim/IMP_POW_TOP/pow_top_tb/adexl/results/data/Interactive.91/2/IMP_POW_TOP:pow_top_tb:2
\o 
\o 
\o *Info*    Creating Netlist for Point ID (41 2)
\o 
\o generate netlist...
\o function ansCdlCompPrim redefined
\o function ansCdlCompPrim redefined
\o Begin Incremental Netlisting Mar  4 17:06:34 2016
\o End netlisting Mar  4 17:06:34 2016
\o 
\o 	The netlist is up to date.
\o 	Time taken to compare the design with netlist:   0.0s
\o       ...successful.
\o compose simulator input file...
\o       ...successful.
\o 
\o *Info*    Running simulation on testbench [ IMP_POW_TOP:pow_top_tb:2
\o           ] for Point ID (41 2).
\o 
\o Delete psf data in /home/saul/Sim/IMP_POW_TOP/pow_top_tb/adexl/results/data/Interactive.91/2/IMP_POW_TOP:pow_top_tb:2/psf.
\o compose simulator input file...
\o       ...successful.
\o start simulator if needed...
\o       ...successful.
\o simulate...
\o To view the simulator output, right-click on the test name, result 
\o name, or any value in the "Results" tab of the Outputs section and 
\o choose "Output Log" menu option.
\# Memory report: Maximum memory size now 51347247104 (0xbf488d000) bytes, UTC 2016.03.04 16:06:36.003
\# Available memory:	49563988 (0x2f44954) kilobytes UTC 2016.03.04 16:06:46.005
\# Memory report: Maximum memory size now 50094854144 (0xba9e2d000) bytes, UTC 2016.03.04 16:07:06.006
\o INFO (ADE-3071): Simulation completed successfully.
\o reading simulation data...
\o       ...successful.
\o *Info*    Client has finished evaluating ... 
\o 
\o 
\o *Info*    Run complete for Point ID (41 2) on testbench [
\o           IMP_POW_TOP:pow_top_tb:2 ].
\o 
\o 
\o 
\o 
\o 
\o 
\o 
\o 
\o 
\o 
\o *Info*    Run start for Point ID (41 16) on testbench [
\o           IMP_POW_TOP:pow_top_tb:2 ].
\o 
\o Resetting statistical vars
\o 
\o *Info*    Setting parameter values ...
\o 
\o 
\o *Info*    Netlist Directory =
\o           /home/saul/Sim/IMP_POW_TOP/pow_top_tb/adexl/results/data/Interactive.91/16/IMP_POW_TOP:pow_top_tb:2/netlist
\o 
\o 
\o *Info*    Data Directory    =
\o           /home/saul/Sim/IMP_POW_TOP/pow_top_tb/adexl/results/data/Interactive.91/16/IMP_POW_TOP:pow_top_tb:2
\o 
\o 
\o *Info*    Creating Netlist for Point ID (41 16)
\o 
\o generate netlist...
\o function ansCdlCompPrim redefined
\o function ansCdlCompPrim redefined
\o Begin Incremental Netlisting Mar  4 17:07:13 2016
\o End netlisting Mar  4 17:07:13 2016
\o 
\o 	The netlist is up to date.
\o 	Time taken to compare the design with netlist:   0.0s
\o       ...successful.
\o compose simulator input file...
\o       ...successful.
\o 
\o *Info*    Running simulation on testbench [ IMP_POW_TOP:pow_top_tb:2
\o           ] for Point ID (41 16).
\o 
\o Delete psf data in /home/saul/Sim/IMP_POW_TOP/pow_top_tb/adexl/results/data/Interactive.91/16/IMP_POW_TOP:pow_top_tb:2/psf.
\o compose simulator input file...
\o       ...successful.
\o start simulator if needed...
\o       ...successful.
\o simulate...
\o To view the simulator output, right-click on the test name, result 
\o name, or any value in the "Results" tab of the Outputs section and 
\o choose "Output Log" menu option.
\o INFO (ADE-3071): Simulation completed successfully.
\o reading simulation data...
\o       ...successful.
\o *Info*    Client has finished evaluating ... 
\o 
\o 
\o *Info*    Run complete for Point ID (41 16) on testbench [
\o           IMP_POW_TOP:pow_top_tb:2 ].
\o 
\o 
\o 
\o 
\o 
\o 
\o 
\o 
\o 
\o 
\o *Info*    Run start for Point ID (41 19) on testbench [
\o           IMP_POW_TOP:pow_top_tb:2 ].
\o 
\o Resetting statistical vars
\o 
\o *Info*    Setting parameter values ...
\o 
\o 
\o *Info*    Netlist Directory =
\o           /home/saul/Sim/IMP_POW_TOP/pow_top_tb/adexl/results/data/Interactive.91/19/IMP_POW_TOP:pow_top_tb:2/netlist
\o 
\o 
\o *Info*    Data Directory    =
\o           /home/saul/Sim/IMP_POW_TOP/pow_top_tb/adexl/results/data/Interactive.91/19/IMP_POW_TOP:pow_top_tb:2
\o 
\o 
\o *Info*    Creating Netlist for Point ID (41 19)
\o 
\o generate netlist...
\o function ansCdlCompPrim redefined
\o function ansCdlCompPrim redefined
\o Begin Incremental Netlisting Mar  4 17:07:16 2016
\o End netlisting Mar  4 17:07:16 2016
\o 
\o 	The netlist is up to date.
\o 	Time taken to compare the design with netlist:   0.0s
\o       ...successful.
\o compose simulator input file...
\o       ...successful.
\o 
\o *Info*    Running simulation on testbench [ IMP_POW_TOP:pow_top_tb:2
\o           ] for Point ID (41 19).
\o 
\o Delete psf data in /home/saul/Sim/IMP_POW_TOP/pow_top_tb/adexl/results/data/Interactive.91/19/IMP_POW_TOP:pow_top_tb:2/psf.
\o compose simulator input file...
\o       ...successful.
\o start simulator if needed...
\o       ...successful.
\o simulate...
\o To view the simulator output, right-click on the test name, result 
\o name, or any value in the "Results" tab of the Outputs section and 
\o choose "Output Log" menu option.
\o INFO (ADE-3071): Simulation completed successfully.
\o reading simulation data...
\o       ...successful.
\o *Info*    Client has finished evaluating ... 
\o 
\o 
\o *Info*    Run complete for Point ID (41 19) on testbench [
\o           IMP_POW_TOP:pow_top_tb:2 ].
\o 
\o 
\o 
\o 
\o 
\o 
\o 
\o 
\o 
\o 
\o *Info*    Run start for Point ID (41 23) on testbench [
\o           IMP_POW_TOP:pow_top_tb:2 ].
\o 
\o Resetting statistical vars
\o 
\o *Info*    Setting parameter values ...
\o 
\o 
\o *Info*    Netlist Directory =
\o           /home/saul/Sim/IMP_POW_TOP/pow_top_tb/adexl/results/data/Interactive.91/23/IMP_POW_TOP:pow_top_tb:2/netlist
\o 
\o 
\o *Info*    Data Directory    =
\o           /home/saul/Sim/IMP_POW_TOP/pow_top_tb/adexl/results/data/Interactive.91/23/IMP_POW_TOP:pow_top_tb:2
\o 
\o 
\o *Info*    Creating Netlist for Point ID (41 23)
\o 
\o generate netlist...
\o function ansCdlCompPrim redefined
\o function ansCdlCompPrim redefined
\o Begin Incremental Netlisting Mar  4 17:07:20 2016
\o End netlisting Mar  4 17:07:20 2016
\o 
\o 	The netlist is up to date.
\o 	Time taken to compare the design with netlist:   0.0s
\o       ...successful.
\o compose simulator input file...
\o       ...successful.
\o 
\o *Info*    Running simulation on testbench [ IMP_POW_TOP:pow_top_tb:2
\o           ] for Point ID (41 23).
\o 
\o Delete psf data in /home/saul/Sim/IMP_POW_TOP/pow_top_tb/adexl/results/data/Interactive.91/23/IMP_POW_TOP:pow_top_tb:2/psf.
\o compose simulator input file...
\o       ...successful.
\o start simulator if needed...
\o       ...successful.
\o simulate...
\o To view the simulator output, right-click on the test name, result 
\o name, or any value in the "Results" tab of the Outputs section and 
\o choose "Output Log" menu option.
\o INFO (ADE-3071): Simulation completed successfully.
\o reading simulation data...
\o       ...successful.
\o *Info*    Client has finished evaluating ... 
\o 
\o 
\o *Info*    Run complete for Point ID (41 23) on testbench [
\o           IMP_POW_TOP:pow_top_tb:2 ].
\o 
\o 
\o 
\o 
\o 
\o 
\o 
\o 
\o 
\o 
\o *Info*    Run start for Point ID (41 27) on testbench [
\o           IMP_POW_TOP:pow_top_tb:2 ].
\o 
\o Resetting statistical vars
\o 
\o *Info*    Setting parameter values ...
\o 
\o 
\o *Info*    Netlist Directory =
\o           /home/saul/Sim/IMP_POW_TOP/pow_top_tb/adexl/results/data/Interactive.91/27/IMP_POW_TOP:pow_top_tb:2/netlist
\o 
\o 
\o *Info*    Data Directory    =
\o           /home/saul/Sim/IMP_POW_TOP/pow_top_tb/adexl/results/data/Interactive.91/27/IMP_POW_TOP:pow_top_tb:2
\o 
\o 
\o *Info*    Creating Netlist for Point ID (41 27)
\o 
\o generate netlist...
\o function ansCdlCompPrim redefined
\o function ansCdlCompPrim redefined
\o Begin Incremental Netlisting Mar  4 17:07:24 2016
\o End netlisting Mar  4 17:07:24 2016
\o 
\o 	The netlist is up to date.
\o 	Time taken to compare the design with netlist:   0.0s
\o       ...successful.
\o compose simulator input file...
\o       ...successful.
\o 
\o *Info*    Running simulation on testbench [ IMP_POW_TOP:pow_top_tb:2
\o           ] for Point ID (41 27).
\o 
\o Delete psf data in /home/saul/Sim/IMP_POW_TOP/pow_top_tb/adexl/results/data/Interactive.91/27/IMP_POW_TOP:pow_top_tb:2/psf.
\o compose simulator input file...
\o       ...successful.
\o start simulator if needed...
\o       ...successful.
\o simulate...
\o To view the simulator output, right-click on the test name, result 
\o name, or any value in the "Results" tab of the Outputs section and 
\o choose "Output Log" menu option.
\o INFO (ADE-3071): Simulation completed successfully.
\o reading simulation data...
\o       ...successful.
\o *Info*    Client has finished evaluating ... 
\o 
\o 
\o *Info*    Run complete for Point ID (41 27) on testbench [
\o           IMP_POW_TOP:pow_top_tb:2 ].
\o 
\o 
\o 
\o 
\o 
\o 
\o 
\o 
\o 
\o 
\o *Info*    Run start for Point ID (41 31) on testbench [
\o           IMP_POW_TOP:pow_top_tb:2 ].
\o 
\o Resetting statistical vars
\o 
\o *Info*    Setting parameter values ...
\o 
\o 
\o *Info*    Netlist Directory =
\o           /home/saul/Sim/IMP_POW_TOP/pow_top_tb/adexl/results/data/Interactive.91/31/IMP_POW_TOP:pow_top_tb:2/netlist
\o 
\o 
\o *Info*    Data Directory    =
\o           /home/saul/Sim/IMP_POW_TOP/pow_top_tb/adexl/results/data/Interactive.91/31/IMP_POW_TOP:pow_top_tb:2
\o 
\o 
\o *Info*    Creating Netlist for Point ID (41 31)
\o 
\o generate netlist...
\o function ansCdlCompPrim redefined
\o function ansCdlCompPrim redefined
\o Begin Incremental Netlisting Mar  4 17:07:28 2016
\o End netlisting Mar  4 17:07:28 2016
\o 
\o 	The netlist is up to date.
\o 	Time taken to compare the design with netlist:   0.0s
\o       ...successful.
\o compose simulator input file...
\o       ...successful.
\o 
\o *Info*    Running simulation on testbench [ IMP_POW_TOP:pow_top_tb:2
\o           ] for Point ID (41 31).
\o 
\o Delete psf data in /home/saul/Sim/IMP_POW_TOP/pow_top_tb/adexl/results/data/Interactive.91/31/IMP_POW_TOP:pow_top_tb:2/psf.
\o compose simulator input file...
\o       ...successful.
\o start simulator if needed...
\o       ...successful.
\o simulate...
\o To view the simulator output, right-click on the test name, result 
\o name, or any value in the "Results" tab of the Outputs section and 
\o choose "Output Log" menu option.
\o INFO (ADE-3071): Simulation completed successfully.
\o reading simulation data...
\o       ...successful.
\o *Info*    Client has finished evaluating ... 
\o 
\o 
\o *Info*    Run complete for Point ID (41 31) on testbench [
\o           IMP_POW_TOP:pow_top_tb:2 ].
\o 
\o 
\o 
\o 
\o 
\o 
\o 
\o 
\o 
\o 
\o *Info*    Run start for Point ID (41 33) on testbench [
\o           IMP_POW_TOP:pow_top_tb:2 ].
\o 
\o Resetting statistical vars
\o 
\o *Info*    Setting parameter values ...
\o 
\o 
\o *Info*    Netlist Directory =
\o           /home/saul/Sim/IMP_POW_TOP/pow_top_tb/adexl/results/data/Interactive.91/33/IMP_POW_TOP:pow_top_tb:2/netlist
\o 
\o 
\o *Info*    Data Directory    =
\o           /home/saul/Sim/IMP_POW_TOP/pow_top_tb/adexl/results/data/Interactive.91/33/IMP_POW_TOP:pow_top_tb:2
\o 
\o 
\o *Info*    Creating Netlist for Point ID (41 33)
\o 
\o generate netlist...
\o function ansCdlCompPrim redefined
\o function ansCdlCompPrim redefined
\o Begin Incremental Netlisting Mar  4 17:07:33 2016
\o End netlisting Mar  4 17:07:33 2016
\o 
\o 	The netlist is up to date.
\o 	Time taken to compare the design with netlist:   0.0s
\o       ...successful.
\o compose simulator input file...
\o       ...successful.
\o 
\o *Info*    Running simulation on testbench [ IMP_POW_TOP:pow_top_tb:2
\o           ] for Point ID (41 33).
\o 
\o Delete psf data in /home/saul/Sim/IMP_POW_TOP/pow_top_tb/adexl/results/data/Interactive.91/33/IMP_POW_TOP:pow_top_tb:2/psf.
\o compose simulator input file...
\o       ...successful.
\o start simulator if needed...
\o       ...successful.
\o simulate...
\o To view the simulator output, right-click on the test name, result 
\o name, or any value in the "Results" tab of the Outputs section and 
\o choose "Output Log" menu option.
\o INFO (ADE-3071): Simulation completed successfully.
\o reading simulation data...
\o       ...successful.
\o *Info*    Client has finished evaluating ... 
\o 
\o 
\o *Info*    Run complete for Point ID (41 33) on testbench [
\o           IMP_POW_TOP:pow_top_tb:2 ].
\o 
\o 
\o 
\o 
\o 
\o 
\o 
\o 
\o 
\o 
\o *Info*    Run start for Point ID (41 8) on testbench [
\o           IMP_POW_TOP:pow_top_tb:2 ].
\o 
\o Resetting statistical vars
\o 
\o *Info*    Setting parameter values ...
\o 
\o 
\o *Info*    Netlist Directory =
\o           /home/saul/Sim/IMP_POW_TOP/pow_top_tb/adexl/results/data/Interactive.91/8/IMP_POW_TOP:pow_top_tb:2/netlist
\o 
\o 
\o *Info*    Data Directory    =
\o           /home/saul/Sim/IMP_POW_TOP/pow_top_tb/adexl/results/data/Interactive.91/8/IMP_POW_TOP:pow_top_tb:2
\o 
\o 
\o *Info*    Creating Netlist for Point ID (41 8)
\o 
\o generate netlist...
\o function ansCdlCompPrim redefined
\o function ansCdlCompPrim redefined
\o Begin Incremental Netlisting Mar  4 17:07:36 2016
\o End netlisting Mar  4 17:07:36 2016
\o 
\o 	The netlist is up to date.
\o 	Time taken to compare the design with netlist:   0.0s
\o       ...successful.
\o compose simulator input file...
\o       ...successful.
\o 
\o *Info*    Running simulation on testbench [ IMP_POW_TOP:pow_top_tb:2
\o           ] for Point ID (41 8).
\o 
\o Delete psf data in /home/saul/Sim/IMP_POW_TOP/pow_top_tb/adexl/results/data/Interactive.91/8/IMP_POW_TOP:pow_top_tb:2/psf.
\o compose simulator input file...
\o       ...successful.
\o start simulator if needed...
\o       ...successful.
\o simulate...
\o To view the simulator output, right-click on the test name, result 
\o name, or any value in the "Results" tab of the Outputs section and 
\o choose "Output Log" menu option.
\o INFO (ADE-3071): Simulation completed successfully.
\o reading simulation data...
\o       ...successful.
\o *Info*    Client has finished evaluating ... 
\o 
\o 
\o *Info*    Run complete for Point ID (41 8) on testbench [
\o           IMP_POW_TOP:pow_top_tb:2 ].
\o 
\o 
\o 
\o 
\o 
\o 
\o 
\o 
\o 
\o 
\o *Info*    Run start for Point ID (41 10) on testbench [
\o           IMP_POW_TOP:pow_top_tb:2 ].
\o 
\o Resetting statistical vars
\o 
\o *Info*    Setting parameter values ...
\o 
\o 
\o *Info*    Netlist Directory =
\o           /home/saul/Sim/IMP_POW_TOP/pow_top_tb/adexl/results/data/Interactive.91/10/IMP_POW_TOP:pow_top_tb:2/netlist
\o 
\o 
\o *Info*    Data Directory    =
\o           /home/saul/Sim/IMP_POW_TOP/pow_top_tb/adexl/results/data/Interactive.91/10/IMP_POW_TOP:pow_top_tb:2
\o 
\o 
\o *Info*    Creating Netlist for Point ID (41 10)
\o 
\o generate netlist...
\o function ansCdlCompPrim redefined
\o function ansCdlCompPrim redefined
\o Begin Incremental Netlisting Mar  4 17:07:41 2016
\o End netlisting Mar  4 17:07:41 2016
\o 
\o 	The netlist is up to date.
\o 	Time taken to compare the design with netlist:   0.0s
\o       ...successful.
\o compose simulator input file...
\o       ...successful.
\o 
\o *Info*    Running simulation on testbench [ IMP_POW_TOP:pow_top_tb:2
\o           ] for Point ID (41 10).
\o 
\o Delete psf data in /home/saul/Sim/IMP_POW_TOP/pow_top_tb/adexl/results/data/Interactive.91/10/IMP_POW_TOP:pow_top_tb:2/psf.
\o compose simulator input file...
\o       ...successful.
\o start simulator if needed...
\o       ...successful.
\o simulate...
\o To view the simulator output, right-click on the test name, result 
\o name, or any value in the "Results" tab of the Outputs section and 
\o choose "Output Log" menu option.
\o INFO (ADE-3071): Simulation completed successfully.
\o reading simulation data...
\o       ...successful.
\o *Info*    Client has finished evaluating ... 
\o 
\o 
\o *Info*    Run complete for Point ID (41 10) on testbench [
\o           IMP_POW_TOP:pow_top_tb:2 ].
\o 
\o 
\o 
\o 
\o 
\# Memory report: Maximum memory size now 49106194432 (0xb6ef51000) bytes, UTC 2016.03.04 16:08:16.069
\o Simulation design variables differ from those on the cellView,
\o they have been saved in the file "/tmp/saved-design-variables2".
\o To save future changes, copy variables to cellView before exiting.
\o 
\o 
\o *Info*    Configuring the session ...
\o 
\o 	Library      = IMP_POW_TOP
\o 	Cell         = pow_top_tb
\o 	View         = config
\o 	Simulator    = spectre
\o 	State Path   = $AXL_SETUPDB_DIR/test_states
\o 	State Name   = IMP_POW_TOP:pow_top_tb:1_none_Interactive.92
\o 	Results DB   = /home/saul/projects/IMPLANTABLE_AMS/version1/saul/IMP_POW_TOP/pow_top_tb/adexl/results/data/Interactive.92.rdb
\o 	Results Dir  = /home/saul/Sim/IMP_POW_TOP/pow_top_tb/adexl/results/data/Interactive.92/1/IMP_POW_TOP:pow_top_tb:1
\o 	Results Loc  = /home/saul/Sim/IMP_POW_TOP/pow_top_tb/adexl/results/data
\o 	Project Dir  = /home/saul/projects/IMPLANTABLE_AMS/version1/saul/SimVM
\o 	Setup DB loc = /home/saul/projects/IMPLANTABLE_AMS/version1/saul/IMP_POW_TOP/pow_top_tb/adexl
\o 	File Encoding = 0
\o 
\o 
\o *Info*    Spectre controlMode is set "batch".
\o 
\o 
\o 
\o 
\o 
\o 
\o *Info*    Run start for Point ID (42 2) on testbench [
\o           IMP_POW_TOP:pow_top_tb:1 ].
\o 
\o Resetting statistical vars
\o 
\o *Info*    Setting parameter values ...
\o 
\o Setting var AM_INDEX = "0.1"
\o Setting var C_REC = "20u"
\o Setting var FREQ = "100k"
\o Setting var RL = "2k"
\o Setting var TX_DATA = "0"
\o Setting var VIN_AC = "0"
\o Setting var VIN_AMP = "0"
\o Setting var VIN_DC = "4"
\o Setting var VIN_PULSE = "0"
\o Setting temp(T) = 27
\o 
\o *Info*    Netlist Directory =
\o           /home/saul/Sim/IMP_POW_TOP/pow_top_tb/adexl/results/data/Interactive.92/2/IMP_POW_TOP:pow_top_tb:1/netlist
\o 
\o 
\o *Info*    Data Directory    =
\o           /home/saul/Sim/IMP_POW_TOP/pow_top_tb/adexl/results/data/Interactive.92/2/IMP_POW_TOP:pow_top_tb:1
\o 
\o 
\o *Info*    Creating Netlist for Point ID (42 2)
\o 
\o generate netlist...
\o function ansCdlCompPrim redefined
\o function ansCdlCompPrim redefined
\o Begin Incremental Netlisting Mar  4 17:10:59 2016
\o End netlisting Mar  4 17:10:59 2016
\o 
\o Netlisting Statistics:
\o 	Number of components:   12
\o 
\o 	Elapsed time:          0.0s
\o Errors: 0	Warnings: 0
\o       ...successful.
\o compose simulator input file...
\o       ...successful.
\o 
\o *Info*    Running simulation on testbench [ IMP_POW_TOP:pow_top_tb:1
\o           ] for Point ID (42 2).
\o 
\o Delete psf data in /home/saul/Sim/IMP_POW_TOP/pow_top_tb/adexl/results/data/Interactive.92/2/IMP_POW_TOP:pow_top_tb:1/psf.
\o compose simulator input file...
\o       ...successful.
\o start simulator if needed...
\o       ...successful.
\o simulate...
\o To view the simulator output, right-click on the test name, result 
\o name, or any value in the "Results" tab of the Outputs section and 
\o choose "Output Log" menu option.
\o INFO (ADE-3072): Simulation is stopped by user. Simulation results may not be complete.
\o 
\o *Error*   Error ID  = 5011
\o *Error*   Error Msg = Simulator failed to complete the simulation.
\o 
\o           Error found by spectre during AHDL read-in.
\o Error found by
\o           spectre during AHDL read-in.
\o ERROR (SPECTRE-25): Killed by
\o           user.
\o 
\o 
\o 
\o 
\o 
\# Memory report: Maximum memory size now 50900791296 (0xbd9ec7000) bytes, UTC 2016.03.04 16:11:06.206
\# Memory report: Maximum memory size now 52746604544 (0xc47f15000) bytes, UTC 2016.03.04 16:11:16.209
\# Memory report: Maximum memory size now 54569930752 (0xcb49f1000) bytes, UTC 2016.03.04 16:11:26.209
\# Available memory:	54844332 (0x344dbac) kilobytes UTC 2016.03.04 16:14:26.216
\# Memory report: Maximum memory size now 56355778560 (0xd1f10f000) bytes, UTC 2016.03.04 16:14:26.217
\# Memory report: Maximum memory size now 58225602560 (0xd8e843000) bytes, UTC 2016.03.04 16:14:36.217
\# Memory report: Maximum memory size now 60116815872 (0xdff3dd000) bytes, UTC 2016.03.04 16:14:46.217
\# Available memory:	62179788 (0x3b4c9cc) kilobytes UTC 2016.03.04 16:15:06.218
\# Memory report: Maximum memory size now 63867285504 (0xedec97000) bytes, UTC 2016.03.04 16:15:06.218
\# Memory report: Maximum memory size now 65713049600 (0xf4ccd9000) bytes, UTC 2016.03.04 16:15:26.219
\# Memory report: Maximum memory size now 69559595008 (0x1032133000) bytes, UTC 2016.03.04 16:15:46.220
\o Job timed out after no activity in 300 seconds.
\o Simulation design variables differ from those on the cellView,
\o they have been saved in the file "/tmp/saved-design-variables2".
\o To save future changes, copy variables to cellView before exiting.
\# Memory report: on exit 195170304 (0xba21000) bytes, process size 942645248 (0x382fa000) bytes at UTC 2016.03.04 16:16:03.791
\# Memory report: peak usage 195190784 (0xba26000) bytes, process size 942657536 (0x382fd000) bytes
