\# Program start time UTC 2015.11.30 14:12:37.798
\# Local time Monday 30 November 2015, 3:12 pm
\o Program:		@(#)$CDS: virtuoso version 6.1.5-64b 06/11/2013 20:05 (sjfnl006) $
\o Hierarchy:		/pkg/Cadence/installs/IC615/tools.lnx86/dfII/
\o Sub version:		sub-version  IC6.1.5-64b.500.17  (64-bit addresses)
\# Host name (type):	s2424.it.kth.se (x86_64)
\# Operating system:	Linux 2.6.18-407.el5 #1 SMP Wed Nov 11 08:12:41 EST 2015
\# X display name (WxH):	s2424.it.kth.se:80.0 (1024x868)
\# Available geometry:			TL(0:0) BR(1023:867)
\# X server:			RealVNC Ltd (VNC nograph server)
\# Depth of Visual (Root):	16 (16)
\# Number of Planes Used:	16
\# X version:		11.0 (vendor release 3370)
\# X resource pool:	base 0x9c00000, mask 0x3fffff (4194303), shift 0
\# 			current id 0x31, current max 0x3ffffa (4194298)
\# Memory report:	maximum data size 18446744073709551615 (0xffffffffffffffff) bytes
\# Memory report:	maximum process size 18446744073709551615 (0xffffffffffffffff) bytes
\# Initial sbrk value:	331837440 (0x13c77000) bytes
\# Available memory:	64981364 (0x3df8974) kilobytes
\# System memory:	80336196 (0x4c9d544) kilobytes
\# Maximum memory size:	81990111232 (0x1316fdd000) bytes
\# Max mem available:	66598600704 (0xf81960000) bytes
\# Initial memory used:	57683968 (0x3703000) bytes
\#        process size:	673406976 (0x28236000) bytes
\# Qt version:		4.5.3
\# Window Manager:	other
\# User Name:		saul
\o Working Directory:	s2424.it.kth.se:/home/saul/projects/IMPLANTABLE_AMS/version1/saul
\# Process Id:		3807
\o 
\o COPYRIGHT © 1992-2013  CADENCE DESIGN SYSTEMS INC.  ALL RIGHTS RESERVED.
\o           © 1992-2013  UNIX SYSTEMS Laboratories INC.,
\o                          Reproduced with permission.
\o 
\o This Cadence Design Systems program and online documentation are
\o proprietary/confidential information and may be disclosed/used only
\o as authorized in a license agreement controlling such use and disclosure.
\o 
\o           RESTRICTED RIGHTS NOTICE (SHORT FORM)
\o Use/reproduction/disclosure is subject to restriction
\o set forth at FAR 1252.227-19 or its equivalent.
\# Available memory:	64965188 (0x3df4a44) kilobytes UTC 2015.11.30 14:12:37.842
\# Memory report: Maximum memory size now 66586902528 (0xf80e38000) bytes, UTC 2015.11.30 14:12:37.842
\o Loading geView.cxt 
\o Loading menuBuilder.cxt 
\o Loading schView.cxt 
\o Loading selectSv.cxt 
\o Loading LVS.cxt 
\o Loading layerProc.cxt 
\o Loading xlUI.cxt 
\o Loading auCore.cxt 
\o Loading dcm.cxt 
\o Loading vhdl.cxt 
\o Loading seismic.cxt 
\o Loading ci.cxt 
\o Loading ams.cxt 
\o Loading adexl.cxt 
\o Loading oasis.cxt 
\o Loading asimenv.cxt 
\o Loading analog.cxt 
\o Loading par.cxt 
\o Loading socket.cxt 
\o Loading alvs.cxt 
\o *Info*    Exporting services from client ... 
\o 
\w *WARNING* LIB TECH_H18A6 from File /home/saul/projects/IMPLANTABLE_AMS/version1/saul/cds.lib Line 69 redefines
\w LIB TECH_H18A6 from the same file (defined earlier.)
\w *WARNING* The directory: '/pkg/AMS411/cds/HK_H18/TECH_H18A7AMAM' does not exist
\w 	but was defined in libFile '/home/saul/projects/IMPLANTABLE_AMS/version1/saul/cds.lib' for Lib 'TECH_H18A7AM'.
\w *WARNING* The directory: '/pkg/AMS411/cds/HK_H18/TECH_H18A5AMAM' does not exist
\w 	but was defined in libFile '/home/saul/projects/IMPLANTABLE_AMS/version1/saul/cds.lib' for Lib 'TECH_H18A5AM'.
\w *WARNING* The directory: '/pkg/AMS411/cds/HK_H18/TECH_H18A4AMAM' does not exist
\w 	but was defined in libFile '/home/saul/projects/IMPLANTABLE_AMS/version1/saul/cds.lib' for Lib 'TECH_H18A4AM'.
\w *WARNING* The directory: '/pkg/AMS411/cds/HK_H18/TECH_H18A3AMAM' does not exist
\w 	but was defined in libFile '/home/saul/projects/IMPLANTABLE_AMS/version1/saul/cds.lib' for Lib 'TECH_H18A3AM'.
\o ......................................................................................
\o            ams AG hitkit v.ams_4.11
\o ......................................................................................
\o COPYRIGHT (c) 2013 Full Service Foundry @ ams AG.  ALL RIGHTS RESERVED
\o This hitkit and attached documentation are confidential information and may 
\o only be used as authorized by the hitkit license agreement.
\o ......................................................................................
\o Loading simulator default settings.
\o HitKit On-Line Documentation not enabled - does ~/data.reg exist?
\o No mx check
\o  
\o Loading IBM PDK cmhv7sf procedures for Cadence Version "6.1.5-64b"...
\o ...IBM PDK cmhv7sf procedures loaded.
\o  
\o Loading simulator default settings.
\o *Info*    Client has finished starting ... 
\o 
\p hitkit: ams_4.11  Tech: h18a6am  User: saul 
\o 
\o 
\o *Info*    Configuring the session ...
\o 
\o 	Library      = IMP_AN_TIA
\o 	Cell         = tia_tb
\o 	View         = config
\o 	Simulator    = spectre
\o 	State Path   = $AXL_SETUPDB_DIR/test_states
\o 	State Name   = IMP_AN_TIA:tia_tb:1_spectre_state1_Interactive.5
\o 	Results DB   = /home/saul/projects/IMPLANTABLE_AMS/version1/saul/IMP_AN_TIA/tia_tb/adexl/results/data/Interactive.5.rdb
\o 	Results Dir  = /home/saul/Sim/IMP_AN_TIA/tia_tb/adexl/results/data/Interactive.5/1/IMP_AN_TIA:tia_tb:1
\o 	Results Loc  = /home/saul/Sim/IMP_AN_TIA/tia_tb/adexl/results/data
\o 	Project Dir  = /home/saul/projects/IMPLANTABLE_AMS/version1/saul/SimVM
\o 	Setup DB loc = /home/saul/projects/IMPLANTABLE_AMS/version1/saul/IMP_AN_TIA/tia_tb/adexl
\o 	File Encoding = 0
\o 
\o 
\o Loading simui.cxt 
\o Loading awv.cxt 
\o Loading viva.cxt 
\o *Info*    Spectre controlMode is set "batch".
\o 
\o Loading spectrei.cxt 
\# Memory report: now 167186432 (0x9f71000) bytes, process size 914661376 (0x3684a000) bytes at UTC 2015.11.30 14:12:40.840
\o Loading relXpert.cxt 
\w *WARNING* LIB TECH_H18A6 from File /home/saul/projects/IMPLANTABLE_AMS/version1/saul/cds.lib Line 69 redefines
\w LIB TECH_H18A6 from the same file (defined earlier.)
\w *WARNING* The directory: '/pkg/AMS411/cds/HK_H18/TECH_H18A7AMAM' does not exist
\w 	but was defined in libFile '/home/saul/projects/IMPLANTABLE_AMS/version1/saul/cds.lib' for Lib 'TECH_H18A7AM'.
\w *WARNING* The directory: '/pkg/AMS411/cds/HK_H18/TECH_H18A5AMAM' does not exist
\w 	but was defined in libFile '/home/saul/projects/IMPLANTABLE_AMS/version1/saul/cds.lib' for Lib 'TECH_H18A5AM'.
\w *WARNING* The directory: '/pkg/AMS411/cds/HK_H18/TECH_H18A4AMAM' does not exist
\w 	but was defined in libFile '/home/saul/projects/IMPLANTABLE_AMS/version1/saul/cds.lib' for Lib 'TECH_H18A4AM'.
\w *WARNING* The directory: '/pkg/AMS411/cds/HK_H18/TECH_H18A3AMAM' does not exist
\w 	but was defined in libFile '/home/saul/projects/IMPLANTABLE_AMS/version1/saul/cds.lib' for Lib 'TECH_H18A3AM'.
\o Loading hspiceD.cxt 
\o Loading spectreinl.cxt 
\o Loading msgHandler.cxt 
\o Loading UltraSim.cxt 
\o Loading AMSOSS.cxt 
\o Loading AMS.cxt 
\o Loading devCheck.cxt 
\o Initializing IBM_PDK functions
\o IBM_PDK skill procedures for Cadence 6.1 - Nov 29 08:29:37 2010
\o Licensed Materials - Property of IBM - All Rights Reserved 
\o Copyright: International Business Machines Corporation, 2015
\o This Material may not be copied without the written consent of 
\o Semiconductor Research and Development Center, IBM Corp., Essex Junction, VT 05452-4299.
\o  Default set for Left & Right WindowCoordIBM
\o System hardware set for Linux IBM_PDK procedures
\o Setting calibre env variable table for cmhv7sf 
\o Using menu definition file: /pkg/AMS411/cds/HK_H18/cmhv7sf/ibmPdkMenu.def
\o set cmhv7sf  calibre env variables based on ibmPdkMenuCalibre settings
\o set cmhv7sf  calibre env variables based on ibmPdkMenuCalibreDrc settings
\o set cmhv7sf  calibre env variables based on ibmPdkMenuCalibreLvs settings
\o set cmhv7sf  calibre env variables based on ibmPdkMenuCalibrePerc settings
\o 
\o 
\o 
\o 
\o 
\o *Info*    Run start for Point ID (5 3) on testbench [
\o           IMP_AN_TIA:tia_tb:1 ].
\o 
\o Resetting statistical vars
\o 
\o *Info*    Setting parameter values ...
\o 
\o Setting var CEXT = "4.7n"
\o Setting var CMFB_AC = "0"
\o Setting var CMFB_PULSE_TIA = "0"
\o Setting var CM_AC = "0"
\o Setting var CM_PULSE = "10n"
\o Setting var GAIN = "0"
\o Setting var IN_AC = "1"
\o Setting var IN_AMP = "0"
\o Setting var IN_DC = "0"
\o Setting var IN_FREQ = "1k"
\o Setting var IN_PULSE = "0"
\o Setting var VDD_PULSE = "0"
\o Setting var Vsupply = "1.8"
\o Setting temp(T) = 27
\o 
\o *Info*    Netlist Directory =
\o           /home/saul/Sim/IMP_AN_TIA/tia_tb/adexl/results/data/Interactive.5/3/IMP_AN_TIA:tia_tb:1/netlist
\o 
\o 
\o *Info*    Data Directory    =
\o           /home/saul/Sim/IMP_AN_TIA/tia_tb/adexl/results/data/Interactive.5/3/IMP_AN_TIA:tia_tb:1
\o 
\o 
\o *Info*    Creating Netlist for Point ID (5 3)
\o 
\o generate netlist...
\o Loading seCore.cxt 
\o function ansCdlCompPrim redefined
\o function ansCdlCompPrim redefined
\o Begin Incremental Netlisting Nov 30 15:12:43 2015
\o WARNING (OSSHNL-145): Incremental netlisting is not possible since the netlist in this run directory
\o was generated using a previous IHNL version which is incompatible with the
\o current IHNL version. Therefore re-netlisting the entire design using the
\o current IHNL version.
\o 
\o WARNING (ADE-6003): Terminal "IOUTN", specified in the CDF termOrder, does not exist
\o            in the cell-view "IMP_AN_LPF" "s1_gm1_block" "schematic"
\o WARNING (ADE-6004): Mismatch was found between the terminals in the cellView and those on the
\o            termOrder property on the CDF. Because of the mismatch, the CDF termOrder will
\o            be ignored. The terminals in the cellView will be netlisted in the alphabetical
\o            order of their names. Eliminate the mismatch if you want the CDF termOrder
\o            property to be used for netlisting.
\o            To edit CDF of a cell, 
\o            i) Open CIW->Tools->CDF->Edit.
\o            ii) Select Library Name & Cell Name.
\o            iii) Click on the Edit button in the simulation information section of the
\o                 Edit CDF window.
\o End netlisting Nov 30 15:12:43 2015
\o 
\o Netlisting Statistics:
\o 	Number of components:  164
\o 
\o 	Elapsed time:          0.0s
\o Errors: 0	Warnings: 2
\o       ...successful.
\o compose simulator input file...
\o       ...successful.
\o 
\o *Info*    Running simulation on testbench [ IMP_AN_TIA:tia_tb:1 ] for
\o           Point ID (5 3).
\o 
\o Delete psf data in /home/saul/Sim/IMP_AN_TIA/tia_tb/adexl/results/data/Interactive.5/3/IMP_AN_TIA:tia_tb:1/psf.
\o compose simulator input file...
\o       ...successful.
\o start simulator if needed...
\o       ...successful.
\o simulate...
\o To view the simulator output, right-click on the test name, result 
\o name, or any value in the "Results" tab of the Outputs section and 
\o choose "Output Log" menu option.
\o Loading paraplot.cxt 
\# Memory report: Maximum memory size now 64302370816 (0xef8b85000) bytes, UTC 2015.11.30 14:12:47.842
\o INFO (ADE-3071): Simulation completed successfully.
\o reading simulation data...
\o       ...successful.
\o *Info*    Client has finished evaluating ... 
\o 
\o 
\o *Info*    Run complete for Point ID (5 3) on testbench [
\o           IMP_AN_TIA:tia_tb:1 ].
\o 
\o 
\o 
\o 
\o 
\o 
\o 
\o 
\o 
\o 
\o *Info*    Run start for Point ID (5 22) on testbench [
\o           IMP_AN_TIA:tia_tb:1 ].
\o 
\o Resetting statistical vars
\o 
\o *Info*    Setting parameter values ...
\o 
\o Setting var Vsupply = "1.98"
\o 
\o *Info*    Netlist Directory =
\o           /home/saul/Sim/IMP_AN_TIA/tia_tb/adexl/results/data/Interactive.5/22/IMP_AN_TIA:tia_tb:1/netlist
\o 
\o 
\o *Info*    Data Directory    =
\o           /home/saul/Sim/IMP_AN_TIA/tia_tb/adexl/results/data/Interactive.5/22/IMP_AN_TIA:tia_tb:1
\o 
\o 
\o *Info*    Creating Netlist for Point ID (5 22)
\o 
\o generate netlist...
\o function ansCdlCompPrim redefined
\o function ansCdlCompPrim redefined
\o Begin Incremental Netlisting Nov 30 15:12:50 2015
\o End netlisting Nov 30 15:12:50 2015
\o 
\o 	The netlist is up to date.
\o 	Time taken to compare the design with netlist:   0.0s
\o       ...successful.
\o compose simulator input file...
\o       ...successful.
\o 
\o *Info*    Running simulation on testbench [ IMP_AN_TIA:tia_tb:1 ] for
\o           Point ID (5 22).
\o 
\o Delete psf data in /home/saul/Sim/IMP_AN_TIA/tia_tb/adexl/results/data/Interactive.5/22/IMP_AN_TIA:tia_tb:1/psf.
\o compose simulator input file...
\o       ...successful.
\o start simulator if needed...
\o       ...successful.
\o simulate...
\o To view the simulator output, right-click on the test name, result 
\o name, or any value in the "Results" tab of the Outputs section and 
\o choose "Output Log" menu option.
\o INFO (ADE-3071): Simulation completed successfully.
\o reading simulation data...
\o       ...successful.
\o *Info*    Client has finished evaluating ... 
\o 
\o 
\o *Info*    Run complete for Point ID (5 22) on testbench [
\o           IMP_AN_TIA:tia_tb:1 ].
\o 
\o 
\o 
\o 
\o 
\o 
\o 
\o 
\o 
\o 
\o *Info*    Run start for Point ID (5 33) on testbench [
\o           IMP_AN_TIA:tia_tb:1 ].
\o 
\o Resetting statistical vars
\o 
\o *Info*    Setting parameter values ...
\o 
\o Setting var Vsupply = "1.8"
\o 
\o *Info*    Netlist Directory =
\o           /home/saul/Sim/IMP_AN_TIA/tia_tb/adexl/results/data/Interactive.5/33/IMP_AN_TIA:tia_tb:1/netlist
\o 
\o 
\o *Info*    Data Directory    =
\o           /home/saul/Sim/IMP_AN_TIA/tia_tb/adexl/results/data/Interactive.5/33/IMP_AN_TIA:tia_tb:1
\o 
\o 
\o *Info*    Creating Netlist for Point ID (5 33)
\o 
\o generate netlist...
\o function ansCdlCompPrim redefined
\o function ansCdlCompPrim redefined
\o Begin Incremental Netlisting Nov 30 15:12:53 2015
\o End netlisting Nov 30 15:12:53 2015
\o 
\o 	The netlist is up to date.
\o 	Time taken to compare the design with netlist:   0.0s
\o       ...successful.
\o compose simulator input file...
\o       ...successful.
\o 
\o *Info*    Running simulation on testbench [ IMP_AN_TIA:tia_tb:1 ] for
\o           Point ID (5 33).
\o 
\o Delete psf data in /home/saul/Sim/IMP_AN_TIA/tia_tb/adexl/results/data/Interactive.5/33/IMP_AN_TIA:tia_tb:1/psf.
\o compose simulator input file...
\o       ...successful.
\o start simulator if needed...
\o       ...successful.
\o simulate...
\o To view the simulator output, right-click on the test name, result 
\o name, or any value in the "Results" tab of the Outputs section and 
\o choose "Output Log" menu option.
\o INFO (ADE-3071): Simulation completed successfully.
\o reading simulation data...
\o       ...successful.
\o *Info*    Client has finished evaluating ... 
\o 
\o 
\o *Info*    Run complete for Point ID (5 33) on testbench [
\o           IMP_AN_TIA:tia_tb:1 ].
\o 
\o 
\o 
\o 
\o 
\o 
\o 
\o 
\o 
\o 
\o *Info*    Run start for Point ID (5 47) on testbench [
\o           IMP_AN_TIA:tia_tb:1 ].
\o 
\o Resetting statistical vars
\o 
\o *Info*    Setting parameter values ...
\o 
\o Setting var Vsupply = "1.62"
\o 
\o *Info*    Netlist Directory =
\o           /home/saul/Sim/IMP_AN_TIA/tia_tb/adexl/results/data/Interactive.5/47/IMP_AN_TIA:tia_tb:1/netlist
\o 
\o 
\o *Info*    Data Directory    =
\o           /home/saul/Sim/IMP_AN_TIA/tia_tb/adexl/results/data/Interactive.5/47/IMP_AN_TIA:tia_tb:1
\o 
\o 
\o *Info*    Creating Netlist for Point ID (5 47)
\o 
\o generate netlist...
\o function ansCdlCompPrim redefined
\o function ansCdlCompPrim redefined
\o Begin Incremental Netlisting Nov 30 15:12:56 2015
\o End netlisting Nov 30 15:12:56 2015
\o 
\o 	The netlist is up to date.
\o 	Time taken to compare the design with netlist:   0.0s
\o       ...successful.
\o compose simulator input file...
\o       ...successful.
\o 
\o *Info*    Running simulation on testbench [ IMP_AN_TIA:tia_tb:1 ] for
\o           Point ID (5 47).
\o 
\o Delete psf data in /home/saul/Sim/IMP_AN_TIA/tia_tb/adexl/results/data/Interactive.5/47/IMP_AN_TIA:tia_tb:1/psf.
\o compose simulator input file...
\o       ...successful.
\o start simulator if needed...
\o       ...successful.
\o simulate...
\o To view the simulator output, right-click on the test name, result 
\o name, or any value in the "Results" tab of the Outputs section and 
\o choose "Output Log" menu option.
\o INFO (ADE-3071): Simulation completed successfully.
\o reading simulation data...
\o       ...successful.
\o *Info*    Client has finished evaluating ... 
\o 
\o 
\o *Info*    Run complete for Point ID (5 47) on testbench [
\o           IMP_AN_TIA:tia_tb:1 ].
\o 
\o 
\o 
\o 
\o 
\o Simulation design variables differ from those on the cellView,
\o they have been saved in the file "/tmp/saved-design-variables".
\o To save future changes, copy variables to cellView before exiting.
\o 
\o 
\o *Info*    Configuring the session ...
\o 
\o 	Library      = IMP_AN_TIA
\o 	Cell         = tia_tb
\o 	View         = config
\o 	Simulator    = spectre
\o 	State Path   = $AXL_SETUPDB_DIR/test_states
\o 	State Name   = IMP_AN_TIA:tia_tb:1_spectre_state1_Interactive.6
\o 	Results DB   = /home/saul/projects/IMPLANTABLE_AMS/version1/saul/IMP_AN_TIA/tia_tb/adexl/results/data/Interactive.6.rdb
\o 	Results Dir  = /home/saul/Sim/IMP_AN_TIA/tia_tb/adexl/results/data/Interactive.6/1/IMP_AN_TIA:tia_tb:1
\o 	Results Loc  = /home/saul/Sim/IMP_AN_TIA/tia_tb/adexl/results/data
\o 	Project Dir  = /home/saul/projects/IMPLANTABLE_AMS/version1/saul/SimVM
\o 	Setup DB loc = /home/saul/projects/IMPLANTABLE_AMS/version1/saul/IMP_AN_TIA/tia_tb/adexl
\o 	File Encoding = 0
\o 
\o 
\o *Info*    Spectre controlMode is set "batch".
\o 
\o 
\o 
\o 
\o 
\o 
\o *Info*    Run start for Point ID (6 17) on testbench [
\o           IMP_AN_TIA:tia_tb:1 ].
\o 
\o Resetting statistical vars
\o 
\o *Info*    Setting parameter values ...
\o 
\o Setting var CEXT = "4.7n"
\o Setting var CMFB_AC = "0"
\o Setting var CMFB_PULSE_TIA = "0"
\o Setting var CM_AC = "0"
\o Setting var CM_PULSE = "10n"
\o Setting var GAIN = "0"
\o Setting var IN_AC = "1"
\o Setting var IN_AMP = "0"
\o Setting var IN_DC = "0"
\o Setting var IN_FREQ = "1k"
\o Setting var IN_PULSE = "0"
\o Setting var VDD_PULSE = "0"
\o Setting var Vsupply = "1.62"
\o Setting temp(T) = 27
\o 
\o *Info*    Netlist Directory =
\o           /home/saul/Sim/IMP_AN_TIA/tia_tb/adexl/results/data/Interactive.6/17/IMP_AN_TIA:tia_tb:1/netlist
\o 
\o 
\o *Info*    Data Directory    =
\o           /home/saul/Sim/IMP_AN_TIA/tia_tb/adexl/results/data/Interactive.6/17/IMP_AN_TIA:tia_tb:1
\o 
\o 
\o *Info*    Creating Netlist for Point ID (6 17)
\o 
\o generate netlist...
\o function ansCdlCompPrim redefined
\o function ansCdlCompPrim redefined
\o Begin Incremental Netlisting Nov 30 15:13:21 2015
\o End netlisting Nov 30 15:13:21 2015
\o 
\o 	The netlist is up to date.
\o 	Time taken to compare the design with netlist:   0.0s
\o       ...successful.
\o compose simulator input file...
\o       ...successful.
\o 
\o *Info*    Running simulation on testbench [ IMP_AN_TIA:tia_tb:1 ] for
\o           Point ID (6 17).
\o 
\o Delete psf data in /home/saul/Sim/IMP_AN_TIA/tia_tb/adexl/results/data/Interactive.6/17/IMP_AN_TIA:tia_tb:1/psf.
\o compose simulator input file...
\o       ...successful.
\o start simulator if needed...
\o       ...successful.
\o simulate...
\o To view the simulator output, right-click on the test name, result 
\o name, or any value in the "Results" tab of the Outputs section and 
\o choose "Output Log" menu option.
\o INFO (ADE-3071): Simulation completed successfully.
\o reading simulation data...
\o       ...successful.
\o *Info*    Client has finished evaluating ... 
\o 
\e *Error* ("difference" 0 t nil ("*Error* difference: can't handle (nil - nil)"))
\e 
\e 
\o 
\o *Error*   Evaluating expression ((VF("/VOUTP") - VF("/VOUTN"))). 
\o 
\o 
\o 
\o *Info*    Run complete for Point ID (6 17) on testbench [
\o           IMP_AN_TIA:tia_tb:1 ].
\o 
\o 
\o 
\o 
\o 
\o 
\o 
\o 
\o 
\o 
\o *Info*    Run start for Point ID (6 22) on testbench [
\o           IMP_AN_TIA:tia_tb:1 ].
\o 
\o Resetting statistical vars
\o 
\o *Info*    Setting parameter values ...
\o 
\o Setting var Vsupply = "1.98"
\o 
\o *Info*    Netlist Directory =
\o           /home/saul/Sim/IMP_AN_TIA/tia_tb/adexl/results/data/Interactive.6/22/IMP_AN_TIA:tia_tb:1/netlist
\o 
\o 
\o *Info*    Data Directory    =
\o           /home/saul/Sim/IMP_AN_TIA/tia_tb/adexl/results/data/Interactive.6/22/IMP_AN_TIA:tia_tb:1
\o 
\o 
\o *Info*    Creating Netlist for Point ID (6 22)
\o 
\o generate netlist...
\o function ansCdlCompPrim redefined
\o function ansCdlCompPrim redefined
\o Begin Incremental Netlisting Nov 30 15:13:28 2015
\o End netlisting Nov 30 15:13:28 2015
\o 
\o 	The netlist is up to date.
\o 	Time taken to compare the design with netlist:   0.0s
\o       ...successful.
\o compose simulator input file...
\o       ...successful.
\o 
\o *Info*    Running simulation on testbench [ IMP_AN_TIA:tia_tb:1 ] for
\o           Point ID (6 22).
\o 
\o Delete psf data in /home/saul/Sim/IMP_AN_TIA/tia_tb/adexl/results/data/Interactive.6/22/IMP_AN_TIA:tia_tb:1/psf.
\o compose simulator input file...
\o       ...successful.
\o start simulator if needed...
\o       ...successful.
\o simulate...
\o To view the simulator output, right-click on the test name, result 
\o name, or any value in the "Results" tab of the Outputs section and 
\o choose "Output Log" menu option.
\o INFO (ADE-3071): Simulation completed successfully.
\o reading simulation data...
\o       ...successful.
\o *Info*    Client has finished evaluating ... 
\o 
\e *Error* ("difference" 0 t nil ("*Error* difference: can't handle (nil - nil)"))
\e 
\e 
\o 
\o *Error*   Evaluating expression ((VF("/VOUTP") - VF("/VOUTN"))). 
\o 
\o 
\o 
\o *Info*    Run complete for Point ID (6 22) on testbench [
\o           IMP_AN_TIA:tia_tb:1 ].
\o 
\o 
\o 
\o 
\o 
\o 
\o 
\o 
\o 
\o 
\o *Info*    Run start for Point ID (6 37) on testbench [
\o           IMP_AN_TIA:tia_tb:1 ].
\o 
\o Resetting statistical vars
\o 
\o *Info*    Setting parameter values ...
\o 
\o 
\o *Info*    Netlist Directory =
\o           /home/saul/Sim/IMP_AN_TIA/tia_tb/adexl/results/data/Interactive.6/37/IMP_AN_TIA:tia_tb:1/netlist
\o 
\o 
\o *Info*    Data Directory    =
\o           /home/saul/Sim/IMP_AN_TIA/tia_tb/adexl/results/data/Interactive.6/37/IMP_AN_TIA:tia_tb:1
\o 
\o 
\o *Info*    Creating Netlist for Point ID (6 37)
\o 
\o generate netlist...
\o function ansCdlCompPrim redefined
\o function ansCdlCompPrim redefined
\o Begin Incremental Netlisting Nov 30 15:13:31 2015
\o End netlisting Nov 30 15:13:31 2015
\o 
\o 	The netlist is up to date.
\o 	Time taken to compare the design with netlist:   0.0s
\o       ...successful.
\o compose simulator input file...
\o       ...successful.
\o 
\o *Info*    Running simulation on testbench [ IMP_AN_TIA:tia_tb:1 ] for
\o           Point ID (6 37).
\o 
\o Delete psf data in /home/saul/Sim/IMP_AN_TIA/tia_tb/adexl/results/data/Interactive.6/37/IMP_AN_TIA:tia_tb:1/psf.
\o compose simulator input file...
\o       ...successful.
\o start simulator if needed...
\o       ...successful.
\o simulate...
\o To view the simulator output, right-click on the test name, result 
\o name, or any value in the "Results" tab of the Outputs section and 
\o choose "Output Log" menu option.
\o INFO (ADE-3071): Simulation completed successfully.
\o reading simulation data...
\o       ...successful.
\o *Info*    Client has finished evaluating ... 
\o 
\e *Error* ("difference" 0 t nil ("*Error* difference: can't handle (nil - nil)"))
\e 
\e 
\o 
\o *Error*   Evaluating expression ((VF("/VOUTP") - VF("/VOUTN"))). 
\o 
\o 
\o 
\o *Info*    Run complete for Point ID (6 37) on testbench [
\o           IMP_AN_TIA:tia_tb:1 ].
\o 
\o 
\o 
\o 
\o 
\o 
\o 
\o 
\o 
\o 
\o *Info*    Run start for Point ID (6 44) on testbench [
\o           IMP_AN_TIA:tia_tb:1 ].
\o 
\o Resetting statistical vars
\o 
\o *Info*    Setting parameter values ...
\o 
\o Setting var Vsupply = "1.62"
\o 
\o *Info*    Netlist Directory =
\o           /home/saul/Sim/IMP_AN_TIA/tia_tb/adexl/results/data/Interactive.6/44/IMP_AN_TIA:tia_tb:1/netlist
\o 
\o 
\o *Info*    Data Directory    =
\o           /home/saul/Sim/IMP_AN_TIA/tia_tb/adexl/results/data/Interactive.6/44/IMP_AN_TIA:tia_tb:1
\o 
\o 
\o *Info*    Creating Netlist for Point ID (6 44)
\o 
\o generate netlist...
\o function ansCdlCompPrim redefined
\o function ansCdlCompPrim redefined
\o Begin Incremental Netlisting Nov 30 15:13:33 2015
\o End netlisting Nov 30 15:13:33 2015
\o 
\o 	The netlist is up to date.
\o 	Time taken to compare the design with netlist:   0.0s
\o       ...successful.
\o compose simulator input file...
\o       ...successful.
\o 
\o *Info*    Running simulation on testbench [ IMP_AN_TIA:tia_tb:1 ] for
\o           Point ID (6 44).
\o 
\o Delete psf data in /home/saul/Sim/IMP_AN_TIA/tia_tb/adexl/results/data/Interactive.6/44/IMP_AN_TIA:tia_tb:1/psf.
\o compose simulator input file...
\o       ...successful.
\o start simulator if needed...
\o       ...successful.
\o simulate...
\o To view the simulator output, right-click on the test name, result 
\o name, or any value in the "Results" tab of the Outputs section and 
\o choose "Output Log" menu option.
\o INFO (ADE-3071): Simulation completed successfully.
\o reading simulation data...
\o       ...successful.
\o *Info*    Client has finished evaluating ... 
\o 
\e *Error* ("difference" 0 t nil ("*Error* difference: can't handle (nil - nil)"))
\e 
\e 
\o 
\o *Error*   Evaluating expression ((VF("/VOUTP") - VF("/VOUTN"))). 
\o 
\o 
\o 
\o *Info*    Run complete for Point ID (6 44) on testbench [
\o           IMP_AN_TIA:tia_tb:1 ].
\o 
\o 
\o 
\o 
\o 
\# Memory report: Maximum memory size now 65649635328 (0xf4905f000) bytes, UTC 2015.11.30 14:13:37.917
\o Simulation design variables differ from those on the cellView,
\o they have been saved in the file "/tmp/saved-design-variables".
\o To save future changes, copy variables to cellView before exiting.
\# Memory report: on exit 193646592 (0xb8ad000) bytes, process size 941121536 (0x38186000) bytes at UTC 2015.11.30 14:18:41.439
\# Memory report: peak usage 193667072 (0xb8b2000) bytes, process size 941133824 (0x38189000) bytes
