\# Program start time UTC 2015.07.19 20:34:09.055
\# Local time Sunday 19 July 2015, 10:34 pm
\o Program:		@(#)$CDS: virtuoso version 6.1.5-64b 06/11/2013 20:05 (sjfnl006) $
\o Hierarchy:		/pkg/Cadence/installs/IC615/tools.lnx86/dfII/
\o Sub version:		sub-version  IC6.1.5-64b.500.17  (64-bit addresses)
\# Host name (type):	localhost.localdomain (x86_64)
\# Operating system:	Linux 2.6.18-406.el5 #1 SMP Tue Jun 2 17:25:57 EDT 2015
\# X display name (WxH):	localhost.localdomain:80.0 (1024x868)
\# Available geometry:			TL(0:0) BR(1023:867)
\# X server:			RealVNC Ltd (VNC nograph server)
\# Depth of Visual (Root):	16 (16)
\# Number of Planes Used:	16
\# X version:		11.0 (vendor release 3370)
\# X resource pool:	base 0x800000, mask 0x3fffff (4194303), shift 0
\# 			current id 0x31, current max 0x3ffffa (4194298)
\# Memory report:	maximum data size 18446744073709551615 (0xffffffffffffffff) bytes
\# Memory report:	maximum process size 18446744073709551615 (0xffffffffffffffff) bytes
\# Initial sbrk value:	347987968 (0x14bde000) bytes
\# Available memory:	15426880 (0xeb6540) kilobytes
\# System memory:	18405228 (0x118d76c) kilobytes
\# Maximum memory size:	18556665856 (0x452104000) bytes
\# Max mem available:	15854825472 (0x3b1057000) bytes
\# Initial memory used:	57700352 (0x3707000) bytes
\#        process size:	669069312 (0x27e13000) bytes
\# Qt version:		4.5.3
\# Window Manager:	other
\# User Name:		saul
\o Working Directory:	localhost.localdomain:/home/saul/projects/IMPLANTABLE_AMS/version1/saul
\# Process Id:		12121
\o 
\o COPYRIGHT © 1992-2013  CADENCE DESIGN SYSTEMS INC.  ALL RIGHTS RESERVED.
\o           © 1992-2013  UNIX SYSTEMS Laboratories INC.,
\o                          Reproduced with permission.
\o 
\o This Cadence Design Systems program and online documentation are
\o proprietary/confidential information and may be disclosed/used only
\o as authorized in a license agreement controlling such use and disclosure.
\o 
\o           RESTRICTED RIGHTS NOTICE (SHORT FORM)
\o Use/reproduction/disclosure is subject to restriction
\o set forth at FAR 1252.227-19 or its equivalent.
\# Available memory:	15414592 (0xeb3540) kilobytes UTC 2015.07.19 20:34:09.230
\# Memory report: Maximum memory size now 15865253888 (0x3b1a49000) bytes, UTC 2015.07.19 20:34:09.230
\o Loading geView.cxt 
\o Loading menuBuilder.cxt 
\o Loading schView.cxt 
\o Loading selectSv.cxt 
\o Loading LVS.cxt 
\o Loading layerProc.cxt 
\o Loading xlUI.cxt 
\o Loading auCore.cxt 
\o Loading dcm.cxt 
\o Loading vhdl.cxt 
\o Loading seismic.cxt 
\o Loading ci.cxt 
\o Loading ams.cxt 
\o Loading adexl.cxt 
\o Loading oasis.cxt 
\o Loading asimenv.cxt 
\o Loading analog.cxt 
\o Loading par.cxt 
\o Loading socket.cxt 
\o Loading alvs.cxt 
\o *Info*    Exporting services from client ... 
\o 
\w *WARNING* LIB TECH_H18A6 from File /home/saul/projects/IMPLANTABLE_AMS/version1/saul/cds.lib Line 67 redefines
\w LIB TECH_H18A6 from the same file (defined earlier.)
\w *WARNING* The directory: '/pkg/AMS/cds/HK_H18/TECH_H18A7AMAM' does not exist
\w 	but was defined in libFile '/home/saul/projects/IMPLANTABLE_AMS/version1/saul/cds.lib' for Lib 'TECH_H18A7AM'.
\w *WARNING* The directory: '/pkg/AMS/cds/HK_H18/TECH_H18A5AMAM' does not exist
\w 	but was defined in libFile '/home/saul/projects/IMPLANTABLE_AMS/version1/saul/cds.lib' for Lib 'TECH_H18A5AM'.
\w *WARNING* The directory: '/pkg/AMS/cds/HK_H18/TECH_H18A4AMAM' does not exist
\w 	but was defined in libFile '/home/saul/projects/IMPLANTABLE_AMS/version1/saul/cds.lib' for Lib 'TECH_H18A4AM'.
\w *WARNING* The directory: '/pkg/AMS/cds/HK_H18/TECH_H18A3AMAM' does not exist
\w 	but was defined in libFile '/home/saul/projects/IMPLANTABLE_AMS/version1/saul/cds.lib' for Lib 'TECH_H18A3AM'.
\o ......................................................................................
\o            ams AG hitkit v.ams_4.11
\o ......................................................................................
\o COPYRIGHT (c) 2013 Full Service Foundry @ ams AG.  ALL RIGHTS RESERVED
\o This hitkit and attached documentation are confidential information and may 
\o only be used as authorized by the hitkit license agreement.
\o ......................................................................................
\o Loading simulator default settings.
\o HitKit On-Line Documentation not enabled - does ~/data.reg exist?
\o No mx check
\o  
\o Loading IBM PDK cmhv7sf procedures for Cadence Version "6.1.5-64b"...
\o ...IBM PDK cmhv7sf procedures loaded.
\o  
\o Loading simulator default settings.
\o *Info*    Client has finished starting ... 
\o 
\p hitkit: ams_4.11  Tech: h18a6am  User: saul 
\o Initializing IBM_PDK functions
\o IBM_PDK skill procedures for Cadence 6.1 - Nov 29 08:29:37 2010
\o Licensed Materials - Property of IBM - All Rights Reserved 
\o Copyright: International Business Machines Corporation, 2015
\o This Material may not be copied without the written consent of 
\o Semiconductor Research and Development Center, IBM Corp., Essex Junction, VT 05452-4299.
\o  Default set for Left & Right WindowCoordIBM
\o System hardware set for Linux IBM_PDK procedures
\o Setting calibre env variable table for cmhv7sf 
\o Using menu definition file: /pkg/AMS/cds/HK_H18/cmhv7sf/ibmPdkMenu.def
\o set cmhv7sf  calibre env variables based on ibmPdkMenuCalibre settings
\o set cmhv7sf  calibre env variables based on ibmPdkMenuCalibreDrc settings
\o set cmhv7sf  calibre env variables based on ibmPdkMenuCalibreLvs settings
\o set cmhv7sf  calibre env variables based on ibmPdkMenuCalibrePerc settings
\o 
\o 
\o *Info*    Configuring the session ...
\o 
\o 	Library      = IMP_AN_LPF
\o 	Cell         = lpf_tb
\o 	View         = config
\o 	Simulator    = spectre
\o 	State Path   = $AXL_SETUPDB_DIR/test_states
\o 	State Name   = psrr_IMP_AN_LPF:lpf_tb:1:1_state_Interactive.42
\o 	Results DB   = /home/saul/projects/IMPLANTABLE_AMS/version1/saul/IMP_AN_LPF/lpf_tb/adexl/results/data/Interactive.42.rdb
\o 	Results Dir  = /home/saul/Sim/IMP_AN_LPF/lpf_tb/adexl/results/data/Interactive.42/1/psrr
\o 	Results Loc  = /home/saul/Sim/IMP_AN_LPF/lpf_tb/adexl/results/data
\o 	Project Dir  = /home/saul/projects/IMPLANTABLE_AMS/version1/saul/SimVM
\o 	Setup DB loc = /home/saul/projects/IMPLANTABLE_AMS/version1/saul/IMP_AN_LPF/lpf_tb/adexl
\o 	File Encoding = 0
\o 
\o 
\o Loading simui.cxt 
\o Loading awv.cxt 
\o Loading viva.cxt 
\o *Info*    Spectre controlMode is set "batch".
\o 
\o Loading spectrei.cxt 
\# Memory report: now 165543936 (0x9de0000) bytes, process size 912957440 (0x366aa000) bytes at UTC 2015.07.19 20:37:05.485
\o Loading relXpert.cxt 
\w *WARNING* LIB TECH_H18A6 from File /home/saul/projects/IMPLANTABLE_AMS/version1/saul/cds.lib Line 67 redefines
\w LIB TECH_H18A6 from the same file (defined earlier.)
\w *WARNING* The directory: '/pkg/AMS/cds/HK_H18/TECH_H18A7AMAM' does not exist
\w 	but was defined in libFile '/home/saul/projects/IMPLANTABLE_AMS/version1/saul/cds.lib' for Lib 'TECH_H18A7AM'.
\w *WARNING* The directory: '/pkg/AMS/cds/HK_H18/TECH_H18A5AMAM' does not exist
\w 	but was defined in libFile '/home/saul/projects/IMPLANTABLE_AMS/version1/saul/cds.lib' for Lib 'TECH_H18A5AM'.
\w *WARNING* The directory: '/pkg/AMS/cds/HK_H18/TECH_H18A4AMAM' does not exist
\w 	but was defined in libFile '/home/saul/projects/IMPLANTABLE_AMS/version1/saul/cds.lib' for Lib 'TECH_H18A4AM'.
\w *WARNING* The directory: '/pkg/AMS/cds/HK_H18/TECH_H18A3AMAM' does not exist
\w 	but was defined in libFile '/home/saul/projects/IMPLANTABLE_AMS/version1/saul/cds.lib' for Lib 'TECH_H18A3AM'.
\o Loading hspiceD.cxt 
\o Loading spectreinl.cxt 
\o Loading msgHandler.cxt 
\o Loading UltraSim.cxt 
\o Loading AMSOSS.cxt 
\o Loading AMS.cxt 
\o Loading devCheck.cxt 
\o 
\o 
\o 
\o 
\o 
\o *Info*    Run start for Point ID (46 1) on testbench [ psrr ].
\o 
\o Resetting statistical vars
\o 
\o *Info*    Setting parameter values ...
\o 
\o Setting var DC_IN = "0"
\o Setting var VDC_CM = "900m"
\o Setting var VDD_AC = "1"
\o Setting var VDD_PULSE = "20m"
\o Setting var VIN_AC = "0"
\o Setting var VIN_PULSE = "0"
\o Setting var Vsupply = "1.8"
\o Setting temp(T) = 27
\o 
\o *Info*    Netlist Directory =
\o           /home/saul/Sim/IMP_AN_LPF/lpf_tb/adexl/results/data/Interactive.42/1/psrr/netlist
\o 
\o 
\o *Info*    Data Directory    =
\o           /home/saul/Sim/IMP_AN_LPF/lpf_tb/adexl/results/data/Interactive.42/1/psrr
\o 
\o 
\o *Info*    Creating Netlist for Point ID (46 1)
\o 
\o generate netlist...
\e *Error* load: can't access file - "/afs/ict.kth.se/proj/ektlab/PDK/AMS/cds/HK_ALL/skill/ansCdlCompPrim.il"
\o Loading seCore.cxt 
\e *Error* load: can't access file - "/afs/ict.kth.se/proj/ektlab/PDK/AMS/cds/HK_ALL/skill/ansCdlCompPrim.il"
\e *Error* load: can't access file - "/afs/ict.kth.se/proj/ektlab/PDK/AMS/cds/HK_ALL/skill/ansCdlCompPrim.il"
\o Initializing the control file using cp:
\o     cp /pkg/Cadence/installs/IC615/tools.lnx86/dfII/etc/si/control.spectre /home/saul/Sim/IMP_AN_LPF/lpf_tb/adexl/results/data/Interactive.42/1/psrr/netlist/control
\o Copying Spectre source file 'spectre.inp'
\o Copying Spectre command file 'spectre.sim'
\o Begin Incremental Netlisting Jul 19 22:37:07 2015
\o WARNING (ADE-6003): Terminal "IOUTN", specified in the CDF termOrder, does not exist
\o            in the cell-view "IMP_AN_LPF" "s1_gm1_block" "schematic"
\o WARNING (ADE-6004): Mismatch was found between the terminals in the cellView and those on the
\o            termOrder property on the CDF. Because of the mismatch, the CDF termOrder will
\o            be ignored. The terminals in the cellView will be netlisted in the alphabetical
\o            order of their names. Eliminate the mismatch if you want the CDF termOrder
\o            property to be used for netlisting.
\o            To edit CDF of a cell, 
\o            i) Open CIW->Tools->CDF->Edit.
\o            ii) Select Library Name & Cell Name.
\o            iii) Click on the Edit button in the simulation information section of the
\o                 Edit CDF window.
\o End netlisting Jul 19 22:37:07 2015
\o 
\o Netlisting Statistics:
\o 	Number of components:   95
\o 
\o 	Elapsed time:          0.0s
\o Errors: 0	Warnings: 2
\o       ...successful.
\o compose simulator input file...
\o       ...successful.
\o 
\o *Info*    Running simulation on testbench [ psrr ] for Point ID (46
\o           1).
\o 
\o Delete psf data in /home/saul/Sim/IMP_AN_LPF/lpf_tb/adexl/results/data/Interactive.42/1/psrr/psf.
\o compose simulator input file...
\o       ...successful.
\o start simulator if needed...
\o       ...successful.
\o simulate...
\o To view the simulator output, right-click on the test name, result 
\o name, or any value in the "Results" tab of the Outputs section and 
\o choose "Output Log" menu option.
\o Loading paraplot.cxt 
\o INFO (ADE-3071): Simulation completed successfully.
\o reading simulation data...
\o       ...successful.
\o *Info*    Client has finished evaluating ... 
\o 
\e *Error* rms: can't handle rms(nil)
\e 
\e 
\e *Error* deriv: can't handle deriv(nil)
\e 
\e 
\o 
\o *Info*    Run complete for Point ID (46 1) on testbench [ psrr ].
\o 
\o 
\o 
\o 
\o 
\o 
\o 
\o 
\o 
\o 
\o *Info*    Run start for Point ID (46 13) on testbench [ psrr ].
\o 
\o Resetting statistical vars
\o 
\o *Info*    Setting parameter values ...
\o 
\o Setting var Vsupply = "1.98"
\o 
\o *Info*    Netlist Directory =
\o           /home/saul/Sim/IMP_AN_LPF/lpf_tb/adexl/results/data/Interactive.42/13/psrr/netlist
\o 
\o 
\o *Info*    Data Directory    =
\o           /home/saul/Sim/IMP_AN_LPF/lpf_tb/adexl/results/data/Interactive.42/13/psrr
\o 
\o 
\o *Info*    Creating Netlist for Point ID (46 13)
\o 
\o generate netlist...
\e *Error* load: can't access file - "/afs/ict.kth.se/proj/ektlab/PDK/AMS/cds/HK_ALL/skill/ansCdlCompPrim.il"
\e *Error* load: can't access file - "/afs/ict.kth.se/proj/ektlab/PDK/AMS/cds/HK_ALL/skill/ansCdlCompPrim.il"
\o Begin Incremental Netlisting Jul 19 22:37:18 2015
\o End netlisting Jul 19 22:37:18 2015
\o 
\o 	The netlist is up to date.
\o 	Time taken to compare the design with netlist:   0.0s
\o       ...successful.
\o compose simulator input file...
\o       ...successful.
\o 
\o *Info*    Running simulation on testbench [ psrr ] for Point ID (46
\o           13).
\o 
\o Delete psf data in /home/saul/Sim/IMP_AN_LPF/lpf_tb/adexl/results/data/Interactive.42/13/psrr/psf.
\o compose simulator input file...
\o       ...successful.
\o start simulator if needed...
\o       ...successful.
\o simulate...
\o To view the simulator output, right-click on the test name, result 
\o name, or any value in the "Results" tab of the Outputs section and 
\o choose "Output Log" menu option.
\# Memory report: Maximum memory size now 15087120384 (0x383433000) bytes, UTC 2015.07.19 20:37:19.233
\o INFO (ADE-3071): Simulation completed successfully.
\o reading simulation data...
\o       ...successful.
\o *Info*    Client has finished evaluating ... 
\o 
\e *Error* rms: can't handle rms(nil)
\e 
\e 
\e *Error* deriv: can't handle deriv(nil)
\e 
\e 
\o 
\o *Info*    Run complete for Point ID (46 13) on testbench [ psrr ].
\o 
\o 
\o 
\o 
\o 
\o 
\o 
\o 
\o 
\o 
\o *Info*    Run start for Point ID (46 14) on testbench [ psrr ].
\o 
\o Resetting statistical vars
\o 
\o *Info*    Setting parameter values ...
\o 
\o Setting var Vsupply = "1.62"
\o 
\o *Info*    Netlist Directory =
\o           /home/saul/Sim/IMP_AN_LPF/lpf_tb/adexl/results/data/Interactive.42/14/psrr/netlist
\o 
\o 
\o *Info*    Data Directory    =
\o           /home/saul/Sim/IMP_AN_LPF/lpf_tb/adexl/results/data/Interactive.42/14/psrr
\o 
\o 
\o *Info*    Creating Netlist for Point ID (46 14)
\o 
\o generate netlist...
\e *Error* load: can't access file - "/afs/ict.kth.se/proj/ektlab/PDK/AMS/cds/HK_ALL/skill/ansCdlCompPrim.il"
\e *Error* load: can't access file - "/afs/ict.kth.se/proj/ektlab/PDK/AMS/cds/HK_ALL/skill/ansCdlCompPrim.il"
\o Begin Incremental Netlisting Jul 19 22:37:20 2015
\o End netlisting Jul 19 22:37:20 2015
\o 
\o 	The netlist is up to date.
\o 	Time taken to compare the design with netlist:   0.0s
\o       ...successful.
\o compose simulator input file...
\o       ...successful.
\o 
\o *Info*    Running simulation on testbench [ psrr ] for Point ID (46
\o           14).
\o 
\o Delete psf data in /home/saul/Sim/IMP_AN_LPF/lpf_tb/adexl/results/data/Interactive.42/14/psrr/psf.
\o compose simulator input file...
\o       ...successful.
\o start simulator if needed...
\o       ...successful.
\o simulate...
\o To view the simulator output, right-click on the test name, result 
\o name, or any value in the "Results" tab of the Outputs section and 
\o choose "Output Log" menu option.
\o INFO (ADE-3071): Simulation completed successfully.
\o reading simulation data...
\o       ...successful.
\o *Info*    Client has finished evaluating ... 
\o 
\e *Error* rms: can't handle rms(nil)
\e 
\e 
\e *Error* deriv: can't handle deriv(nil)
\e 
\e 
\o 
\o *Info*    Run complete for Point ID (46 14) on testbench [ psrr ].
\o 
\o 
\o 
\o 
\o 
\o 
\o 
\o 
\o 
\o 
\o *Info*    Run start for Point ID (46 15) on testbench [ psrr ].
\o 
\o Resetting statistical vars
\o 
\o *Info*    Setting parameter values ...
\o 
\o Setting var Vsupply = "1.98"
\o 
\o *Info*    Netlist Directory =
\o           /home/saul/Sim/IMP_AN_LPF/lpf_tb/adexl/results/data/Interactive.42/15/psrr/netlist
\o 
\o 
\o *Info*    Data Directory    =
\o           /home/saul/Sim/IMP_AN_LPF/lpf_tb/adexl/results/data/Interactive.42/15/psrr
\o 
\o 
\o *Info*    Creating Netlist for Point ID (46 15)
\o 
\o generate netlist...
\e *Error* load: can't access file - "/afs/ict.kth.se/proj/ektlab/PDK/AMS/cds/HK_ALL/skill/ansCdlCompPrim.il"
\e *Error* load: can't access file - "/afs/ict.kth.se/proj/ektlab/PDK/AMS/cds/HK_ALL/skill/ansCdlCompPrim.il"
\o Begin Incremental Netlisting Jul 19 22:37:22 2015
\o End netlisting Jul 19 22:37:22 2015
\o 
\o 	The netlist is up to date.
\o 	Time taken to compare the design with netlist:   0.0s
\o       ...successful.
\o compose simulator input file...
\o       ...successful.
\o 
\o *Info*    Running simulation on testbench [ psrr ] for Point ID (46
\o           15).
\o 
\o Delete psf data in /home/saul/Sim/IMP_AN_LPF/lpf_tb/adexl/results/data/Interactive.42/15/psrr/psf.
\o compose simulator input file...
\o       ...successful.
\o start simulator if needed...
\o       ...successful.
\o simulate...
\o To view the simulator output, right-click on the test name, result 
\o name, or any value in the "Results" tab of the Outputs section and 
\o choose "Output Log" menu option.
\o INFO (ADE-3071): Simulation completed successfully.
\o reading simulation data...
\o       ...successful.
\o *Info*    Client has finished evaluating ... 
\o 
\e *Error* rms: can't handle rms(nil)
\e 
\e 
\e *Error* deriv: can't handle deriv(nil)
\e 
\e 
\o 
\o *Info*    Run complete for Point ID (46 15) on testbench [ psrr ].
\o 
\o 
\o 
\o 
\o 
\o 
\o 
\o 
\o 
\o 
\o *Info*    Run start for Point ID (46 19) on testbench [ psrr ].
\o 
\o Resetting statistical vars
\o 
\o *Info*    Setting parameter values ...
\o 
\o 
\o *Info*    Netlist Directory =
\o           /home/saul/Sim/IMP_AN_LPF/lpf_tb/adexl/results/data/Interactive.42/19/psrr/netlist
\o 
\o 
\o *Info*    Data Directory    =
\o           /home/saul/Sim/IMP_AN_LPF/lpf_tb/adexl/results/data/Interactive.42/19/psrr
\o 
\o 
\o *Info*    Creating Netlist for Point ID (46 19)
\o 
\o generate netlist...
\e *Error* load: can't access file - "/afs/ict.kth.se/proj/ektlab/PDK/AMS/cds/HK_ALL/skill/ansCdlCompPrim.il"
\e *Error* load: can't access file - "/afs/ict.kth.se/proj/ektlab/PDK/AMS/cds/HK_ALL/skill/ansCdlCompPrim.il"
\o Begin Incremental Netlisting Jul 19 22:37:24 2015
\o End netlisting Jul 19 22:37:24 2015
\o 
\o 	The netlist is up to date.
\o 	Time taken to compare the design with netlist:   0.0s
\o       ...successful.
\o compose simulator input file...
\o       ...successful.
\o 
\o *Info*    Running simulation on testbench [ psrr ] for Point ID (46
\o           19).
\o 
\o Delete psf data in /home/saul/Sim/IMP_AN_LPF/lpf_tb/adexl/results/data/Interactive.42/19/psrr/psf.
\o compose simulator input file...
\o       ...successful.
\o start simulator if needed...
\o       ...successful.
\o simulate...
\o To view the simulator output, right-click on the test name, result 
\o name, or any value in the "Results" tab of the Outputs section and 
\o choose "Output Log" menu option.
\o INFO (ADE-3071): Simulation completed successfully.
\o reading simulation data...
\o       ...successful.
\o *Info*    Client has finished evaluating ... 
\o 
\e *Error* rms: can't handle rms(nil)
\e 
\e 
\e *Error* deriv: can't handle deriv(nil)
\e 
\e 
\o 
\o *Info*    Run complete for Point ID (46 19) on testbench [ psrr ].
\o 
\o 
\o 
\o 
\o 
\o 
\o 
\o 
\o 
\o 
\o *Info*    Run start for Point ID (46 4) on testbench [ psrr ].
\o 
\o Resetting statistical vars
\o 
\o *Info*    Setting parameter values ...
\o 
\o Setting var Vsupply = "1.62"
\o 
\o *Info*    Netlist Directory =
\o           /home/saul/Sim/IMP_AN_LPF/lpf_tb/adexl/results/data/Interactive.42/4/psrr/netlist
\o 
\o 
\o *Info*    Data Directory    =
\o           /home/saul/Sim/IMP_AN_LPF/lpf_tb/adexl/results/data/Interactive.42/4/psrr
\o 
\o 
\o *Info*    Creating Netlist for Point ID (46 4)
\o 
\o generate netlist...
\e *Error* load: can't access file - "/afs/ict.kth.se/proj/ektlab/PDK/AMS/cds/HK_ALL/skill/ansCdlCompPrim.il"
\e *Error* load: can't access file - "/afs/ict.kth.se/proj/ektlab/PDK/AMS/cds/HK_ALL/skill/ansCdlCompPrim.il"
\o Begin Incremental Netlisting Jul 19 22:37:25 2015
\o End netlisting Jul 19 22:37:25 2015
\o 
\o 	The netlist is up to date.
\o 	Time taken to compare the design with netlist:   0.0s
\o       ...successful.
\o compose simulator input file...
\o       ...successful.
\o 
\o *Info*    Running simulation on testbench [ psrr ] for Point ID (46
\o           4).
\o 
\o Delete psf data in /home/saul/Sim/IMP_AN_LPF/lpf_tb/adexl/results/data/Interactive.42/4/psrr/psf.
\o compose simulator input file...
\o       ...successful.
\o start simulator if needed...
\o       ...successful.
\o simulate...
\o To view the simulator output, right-click on the test name, result 
\o name, or any value in the "Results" tab of the Outputs section and 
\o choose "Output Log" menu option.
\o INFO (ADE-3071): Simulation completed successfully.
\o reading simulation data...
\o       ...successful.
\o *Info*    Client has finished evaluating ... 
\o 
\e *Error* rms: can't handle rms(nil)
\e 
\e 
\e *Error* deriv: can't handle deriv(nil)
\e 
\e 
\o 
\o *Info*    Run complete for Point ID (46 4) on testbench [ psrr ].
\o 
\o 
\o 
\o 
\o 
\o 
\o 
\o 
\o 
\o 
\o *Info*    Run start for Point ID (46 24) on testbench [ psrr ].
\o 
\o Resetting statistical vars
\o 
\o *Info*    Setting parameter values ...
\o 
\o 
\o *Info*    Netlist Directory =
\o           /home/saul/Sim/IMP_AN_LPF/lpf_tb/adexl/results/data/Interactive.42/24/psrr/netlist
\o 
\o 
\o *Info*    Data Directory    =
\o           /home/saul/Sim/IMP_AN_LPF/lpf_tb/adexl/results/data/Interactive.42/24/psrr
\o 
\o 
\o *Info*    Creating Netlist for Point ID (46 24)
\o 
\o generate netlist...
\e *Error* load: can't access file - "/afs/ict.kth.se/proj/ektlab/PDK/AMS/cds/HK_ALL/skill/ansCdlCompPrim.il"
\e *Error* load: can't access file - "/afs/ict.kth.se/proj/ektlab/PDK/AMS/cds/HK_ALL/skill/ansCdlCompPrim.il"
\o Begin Incremental Netlisting Jul 19 22:37:27 2015
\o End netlisting Jul 19 22:37:27 2015
\o 
\o 	The netlist is up to date.
\o 	Time taken to compare the design with netlist:   0.0s
\o       ...successful.
\o compose simulator input file...
\o       ...successful.
\o 
\o *Info*    Running simulation on testbench [ psrr ] for Point ID (46
\o           24).
\o 
\o Delete psf data in /home/saul/Sim/IMP_AN_LPF/lpf_tb/adexl/results/data/Interactive.42/24/psrr/psf.
\o compose simulator input file...
\o       ...successful.
\o start simulator if needed...
\o       ...successful.
\o simulate...
\o To view the simulator output, right-click on the test name, result 
\o name, or any value in the "Results" tab of the Outputs section and 
\o choose "Output Log" menu option.
\o INFO (ADE-3071): Simulation completed successfully.
\o reading simulation data...
\o       ...successful.
\o *Info*    Client has finished evaluating ... 
\o 
\e *Error* rms: can't handle rms(nil)
\e 
\e 
\e *Error* deriv: can't handle deriv(nil)
\e 
\e 
\o 
\o *Info*    Run complete for Point ID (46 24) on testbench [ psrr ].
\o 
\o 
\o 
\o 
\o 
\o 
\o 
\o 
\o 
\o 
\o *Info*    Run start for Point ID (46 28) on testbench [ psrr ].
\o 
\o Resetting statistical vars
\o 
\o *Info*    Setting parameter values ...
\o 
\o 
\o *Info*    Netlist Directory =
\o           /home/saul/Sim/IMP_AN_LPF/lpf_tb/adexl/results/data/Interactive.42/28/psrr/netlist
\o 
\o 
\o *Info*    Data Directory    =
\o           /home/saul/Sim/IMP_AN_LPF/lpf_tb/adexl/results/data/Interactive.42/28/psrr
\o 
\o 
\o *Info*    Creating Netlist for Point ID (46 28)
\o 
\o generate netlist...
\e *Error* load: can't access file - "/afs/ict.kth.se/proj/ektlab/PDK/AMS/cds/HK_ALL/skill/ansCdlCompPrim.il"
\e *Error* load: can't access file - "/afs/ict.kth.se/proj/ektlab/PDK/AMS/cds/HK_ALL/skill/ansCdlCompPrim.il"
\o Begin Incremental Netlisting Jul 19 22:37:29 2015
\o End netlisting Jul 19 22:37:29 2015
\o 
\o 	The netlist is up to date.
\o 	Time taken to compare the design with netlist:   0.0s
\o       ...successful.
\o compose simulator input file...
\o       ...successful.
\o 
\o *Info*    Running simulation on testbench [ psrr ] for Point ID (46
\o           28).
\o 
\o Delete psf data in /home/saul/Sim/IMP_AN_LPF/lpf_tb/adexl/results/data/Interactive.42/28/psrr/psf.
\o compose simulator input file...
\o       ...successful.
\o start simulator if needed...
\o       ...successful.
\o simulate...
\o To view the simulator output, right-click on the test name, result 
\o name, or any value in the "Results" tab of the Outputs section and 
\o choose "Output Log" menu option.
\o INFO (ADE-3071): Simulation completed successfully.
\o reading simulation data...
\o       ...successful.
\o *Info*    Client has finished evaluating ... 
\o 
\e *Error* rms: can't handle rms(nil)
\e 
\e 
\e *Error* deriv: can't handle deriv(nil)
\e 
\e 
\o 
\o *Info*    Run complete for Point ID (46 28) on testbench [ psrr ].
\o 
\o 
\o 
\o 
\o 
\o 
\o 
\o 
\o 
\o 
\o *Info*    Run start for Point ID (46 5) on testbench [ psrr ].
\o 
\o Resetting statistical vars
\o 
\o *Info*    Setting parameter values ...
\o 
\o Setting var Vsupply = "1.98"
\o 
\o *Info*    Netlist Directory =
\o           /home/saul/Sim/IMP_AN_LPF/lpf_tb/adexl/results/data/Interactive.42/5/psrr/netlist
\o 
\o 
\o *Info*    Data Directory    =
\o           /home/saul/Sim/IMP_AN_LPF/lpf_tb/adexl/results/data/Interactive.42/5/psrr
\o 
\o 
\o *Info*    Creating Netlist for Point ID (46 5)
\o 
\o generate netlist...
\e *Error* load: can't access file - "/afs/ict.kth.se/proj/ektlab/PDK/AMS/cds/HK_ALL/skill/ansCdlCompPrim.il"
\e *Error* load: can't access file - "/afs/ict.kth.se/proj/ektlab/PDK/AMS/cds/HK_ALL/skill/ansCdlCompPrim.il"
\o Begin Incremental Netlisting Jul 19 22:37:30 2015
\o End netlisting Jul 19 22:37:30 2015
\o 
\o 	The netlist is up to date.
\o 	Time taken to compare the design with netlist:   0.0s
\o       ...successful.
\o compose simulator input file...
\o       ...successful.
\o 
\o *Info*    Running simulation on testbench [ psrr ] for Point ID (46
\o           5).
\o 
\o Delete psf data in /home/saul/Sim/IMP_AN_LPF/lpf_tb/adexl/results/data/Interactive.42/5/psrr/psf.
\o compose simulator input file...
\o       ...successful.
\o start simulator if needed...
\o       ...successful.
\o simulate...
\o To view the simulator output, right-click on the test name, result 
\o name, or any value in the "Results" tab of the Outputs section and 
\o choose "Output Log" menu option.
\o INFO (ADE-3071): Simulation completed successfully.
\o reading simulation data...
\o       ...successful.
\o *Info*    Client has finished evaluating ... 
\o 
\e *Error* rms: can't handle rms(nil)
\e 
\e 
\e *Error* deriv: can't handle deriv(nil)
\e 
\e 
\o 
\o *Info*    Run complete for Point ID (46 5) on testbench [ psrr ].
\o 
\o 
\o 
\o 
\o 
\o 
\o 
\o 
\o 
\o 
\o *Info*    Run start for Point ID (46 7) on testbench [ psrr ].
\o 
\o Resetting statistical vars
\o 
\o *Info*    Setting parameter values ...
\o 
\o 
\o *Info*    Netlist Directory =
\o           /home/saul/Sim/IMP_AN_LPF/lpf_tb/adexl/results/data/Interactive.42/7/psrr/netlist
\o 
\o 
\o *Info*    Data Directory    =
\o           /home/saul/Sim/IMP_AN_LPF/lpf_tb/adexl/results/data/Interactive.42/7/psrr
\o 
\o 
\o *Info*    Creating Netlist for Point ID (46 7)
\o 
\o generate netlist...
\e *Error* load: can't access file - "/afs/ict.kth.se/proj/ektlab/PDK/AMS/cds/HK_ALL/skill/ansCdlCompPrim.il"
\e *Error* load: can't access file - "/afs/ict.kth.se/proj/ektlab/PDK/AMS/cds/HK_ALL/skill/ansCdlCompPrim.il"
\o Begin Incremental Netlisting Jul 19 22:37:32 2015
\o End netlisting Jul 19 22:37:32 2015
\o 
\o 	The netlist is up to date.
\o 	Time taken to compare the design with netlist:   0.0s
\o       ...successful.
\o compose simulator input file...
\o       ...successful.
\o 
\o *Info*    Running simulation on testbench [ psrr ] for Point ID (46
\o           7).
\o 
\o Delete psf data in /home/saul/Sim/IMP_AN_LPF/lpf_tb/adexl/results/data/Interactive.42/7/psrr/psf.
\o compose simulator input file...
\o       ...successful.
\o start simulator if needed...
\o       ...successful.
\o simulate...
\o To view the simulator output, right-click on the test name, result 
\o name, or any value in the "Results" tab of the Outputs section and 
\o choose "Output Log" menu option.
\o INFO (ADE-3071): Simulation completed successfully.
\o reading simulation data...
\o       ...successful.
\o *Info*    Client has finished evaluating ... 
\o 
\e *Error* rms: can't handle rms(nil)
\e 
\e 
\e *Error* deriv: can't handle deriv(nil)
\e 
\e 
\o 
\o *Info*    Run complete for Point ID (46 7) on testbench [ psrr ].
\o 
\o 
\o 
\o 
\o 
\o 
\o 
\o 
\o 
\o 
\o *Info*    Run start for Point ID (46 11) on testbench [ psrr ].
\o 
\o Resetting statistical vars
\o 
\o *Info*    Setting parameter values ...
\o 
\o 
\o *Info*    Netlist Directory =
\o           /home/saul/Sim/IMP_AN_LPF/lpf_tb/adexl/results/data/Interactive.42/11/psrr/netlist
\o 
\o 
\o *Info*    Data Directory    =
\o           /home/saul/Sim/IMP_AN_LPF/lpf_tb/adexl/results/data/Interactive.42/11/psrr
\o 
\o 
\o *Info*    Creating Netlist for Point ID (46 11)
\o 
\o generate netlist...
\e *Error* load: can't access file - "/afs/ict.kth.se/proj/ektlab/PDK/AMS/cds/HK_ALL/skill/ansCdlCompPrim.il"
\e *Error* load: can't access file - "/afs/ict.kth.se/proj/ektlab/PDK/AMS/cds/HK_ALL/skill/ansCdlCompPrim.il"
\o Begin Incremental Netlisting Jul 19 22:37:34 2015
\o End netlisting Jul 19 22:37:34 2015
\o 
\o 	The netlist is up to date.
\o 	Time taken to compare the design with netlist:   0.0s
\o       ...successful.
\o compose simulator input file...
\o       ...successful.
\o 
\o *Info*    Running simulation on testbench [ psrr ] for Point ID (46
\o           11).
\o 
\o Delete psf data in /home/saul/Sim/IMP_AN_LPF/lpf_tb/adexl/results/data/Interactive.42/11/psrr/psf.
\o compose simulator input file...
\o       ...successful.
\o start simulator if needed...
\o       ...successful.
\o simulate...
\o To view the simulator output, right-click on the test name, result 
\o name, or any value in the "Results" tab of the Outputs section and 
\o choose "Output Log" menu option.
\o INFO (ADE-3071): Simulation completed successfully.
\o reading simulation data...
\o       ...successful.
\o *Info*    Client has finished evaluating ... 
\o 
\e *Error* rms: can't handle rms(nil)
\e 
\e 
\e *Error* deriv: can't handle deriv(nil)
\e 
\e 
\o 
\o *Info*    Run complete for Point ID (46 11) on testbench [ psrr ].
\o 
\o 
\o 
\o 
\o 
\# Memory report: Maximum memory size now 15383449600 (0x394ecd000) bytes, UTC 2015.07.19 20:37:49.360
\o Simulation design variables differ from those on the cellView,
\o they have been saved in the file "/tmp/saved-design-variables".
\o To save future changes, copy variables to cellView before exiting.
\o 
\o 
\o *Info*    Configuring the session ...
\o 
\o 	Library      = IMP_AN_LPF
\o 	Cell         = lpf_tb
\o 	View         = config
\o 	Simulator    = spectre
\o 	State Path   = $AXL_SETUPDB_DIR/test_states
\o 	State Name   = psrr_IMP_AN_LPF:lpf_tb:1:1_state_Interactive.43
\o 	Results DB   = /home/saul/projects/IMPLANTABLE_AMS/version1/saul/IMP_AN_LPF/lpf_tb/adexl/results/data/Interactive.43.rdb
\o 	Results Dir  = /home/saul/Sim/IMP_AN_LPF/lpf_tb/adexl/results/data/Interactive.43/1/psrr
\o 	Results Loc  = /home/saul/Sim/IMP_AN_LPF/lpf_tb/adexl/results/data
\o 	Project Dir  = /home/saul/projects/IMPLANTABLE_AMS/version1/saul/SimVM
\o 	Setup DB loc = /home/saul/projects/IMPLANTABLE_AMS/version1/saul/IMP_AN_LPF/lpf_tb/adexl
\o 	File Encoding = 0
\o 
\o 
\o *Info*    Spectre controlMode is set "batch".
\o 
\o 
\o 
\o 
\o 
\o 
\o *Info*    Run start for Point ID (47 12) on testbench [ psrr ].
\o 
\o Resetting statistical vars
\o 
\o *Info*    Setting parameter values ...
\o 
\o Setting var DC_IN = "0"
\o Setting var VDC_CM = "900m"
\o Setting var VDD_AC = "1"
\o Setting var VDD_PULSE = "20m"
\o Setting var VIN_AC = "0"
\o Setting var VIN_PULSE = "0"
\o Setting var Vsupply = "1.62"
\o Setting temp(T) = 27
\o 
\o *Info*    Netlist Directory =
\o           /home/saul/Sim/IMP_AN_LPF/lpf_tb/adexl/results/data/Interactive.43/12/psrr/netlist
\o 
\o 
\o *Info*    Data Directory    =
\o           /home/saul/Sim/IMP_AN_LPF/lpf_tb/adexl/results/data/Interactive.43/12/psrr
\o 
\o 
\o *Info*    Creating Netlist for Point ID (47 12)
\o 
\o generate netlist...
\e *Error* load: can't access file - "/afs/ict.kth.se/proj/ektlab/PDK/AMS/cds/HK_ALL/skill/ansCdlCompPrim.il"
\e *Error* load: can't access file - "/afs/ict.kth.se/proj/ektlab/PDK/AMS/cds/HK_ALL/skill/ansCdlCompPrim.il"
\o Begin Incremental Netlisting Jul 19 22:42:36 2015
\o End netlisting Jul 19 22:42:36 2015
\o 
\o Netlisting Statistics:
\o 	Number of components:   34
\o 
\o 	Elapsed time:          0.0s
\o Errors: 0	Warnings: 0
\o       ...successful.
\o compose simulator input file...
\o       ...successful.
\o 
\o *Info*    Running simulation on testbench [ psrr ] for Point ID (47
\o           12).
\o 
\o Delete psf data in /home/saul/Sim/IMP_AN_LPF/lpf_tb/adexl/results/data/Interactive.43/12/psrr/psf.
\o compose simulator input file...
\o       ...successful.
\o start simulator if needed...
\o       ...successful.
\o simulate...
\o To view the simulator output, right-click on the test name, result 
\o name, or any value in the "Results" tab of the Outputs section and 
\o choose "Output Log" menu option.
\# Memory report: Maximum memory size now 15032881152 (0x380079000) bytes, UTC 2015.07.19 20:42:39.365
\o INFO (ADE-3071): Simulation completed successfully.
\o reading simulation data...
\o       ...successful.
\o *Info*    Client has finished evaluating ... 
\o 
\e *Error* rms: can't handle rms(nil)
\e 
\e 
\e *Error* deriv: can't handle deriv(nil)
\e 
\e 
\o 
\o *Info*    Run complete for Point ID (47 12) on testbench [ psrr ].
\o 
\o 
\o 
\o 
\o 
\o 
\o 
\o 
\o 
\o 
\o *Info*    Run start for Point ID (47 16) on testbench [ psrr ].
\o 
\o Resetting statistical vars
\o 
\o *Info*    Setting parameter values ...
\o 
\o 
\o *Info*    Netlist Directory =
\o           /home/saul/Sim/IMP_AN_LPF/lpf_tb/adexl/results/data/Interactive.43/16/psrr/netlist
\o 
\o 
\o *Info*    Data Directory    =
\o           /home/saul/Sim/IMP_AN_LPF/lpf_tb/adexl/results/data/Interactive.43/16/psrr
\o 
\o 
\o *Info*    Creating Netlist for Point ID (47 16)
\o 
\o generate netlist...
\e *Error* load: can't access file - "/afs/ict.kth.se/proj/ektlab/PDK/AMS/cds/HK_ALL/skill/ansCdlCompPrim.il"
\e *Error* load: can't access file - "/afs/ict.kth.se/proj/ektlab/PDK/AMS/cds/HK_ALL/skill/ansCdlCompPrim.il"
\o Begin Incremental Netlisting Jul 19 22:42:47 2015
\o End netlisting Jul 19 22:42:48 2015
\o 
\o 	The netlist is up to date.
\o 	Time taken to compare the design with netlist:   1.0s
\o       ...successful.
\o compose simulator input file...
\o       ...successful.
\o 
\o *Info*    Running simulation on testbench [ psrr ] for Point ID (47
\o           16).
\o 
\o Delete psf data in /home/saul/Sim/IMP_AN_LPF/lpf_tb/adexl/results/data/Interactive.43/16/psrr/psf.
\o compose simulator input file...
\o       ...successful.
\o start simulator if needed...
\o       ...successful.
\o simulate...
\o To view the simulator output, right-click on the test name, result 
\o name, or any value in the "Results" tab of the Outputs section and 
\o choose "Output Log" menu option.
\o INFO (ADE-3071): Simulation completed successfully.
\o reading simulation data...
\o       ...successful.
\o *Info*    Client has finished evaluating ... 
\o 
\e *Error* rms: can't handle rms(nil)
\e 
\e 
\e *Error* deriv: can't handle deriv(nil)
\e 
\e 
\o 
\o *Info*    Run complete for Point ID (47 16) on testbench [ psrr ].
\o 
\o 
\o 
\o 
\o 
\o 
\o 
\o 
\o 
\o 
\o *Info*    Run start for Point ID (47 19) on testbench [ psrr ].
\o 
\o Resetting statistical vars
\o 
\o *Info*    Setting parameter values ...
\o 
\o Setting var Vsupply = "1.98"
\o 
\o *Info*    Netlist Directory =
\o           /home/saul/Sim/IMP_AN_LPF/lpf_tb/adexl/results/data/Interactive.43/19/psrr/netlist
\o 
\o 
\o *Info*    Data Directory    =
\o           /home/saul/Sim/IMP_AN_LPF/lpf_tb/adexl/results/data/Interactive.43/19/psrr
\o 
\o 
\o *Info*    Creating Netlist for Point ID (47 19)
\o 
\o generate netlist...
\e *Error* load: can't access file - "/afs/ict.kth.se/proj/ektlab/PDK/AMS/cds/HK_ALL/skill/ansCdlCompPrim.il"
\e *Error* load: can't access file - "/afs/ict.kth.se/proj/ektlab/PDK/AMS/cds/HK_ALL/skill/ansCdlCompPrim.il"
\o Begin Incremental Netlisting Jul 19 22:42:49 2015
\o End netlisting Jul 19 22:42:49 2015
\o 
\o 	The netlist is up to date.
\o 	Time taken to compare the design with netlist:   0.0s
\o       ...successful.
\o compose simulator input file...
\o       ...successful.
\o 
\o *Info*    Running simulation on testbench [ psrr ] for Point ID (47
\o           19).
\o 
\o Delete psf data in /home/saul/Sim/IMP_AN_LPF/lpf_tb/adexl/results/data/Interactive.43/19/psrr/psf.
\o compose simulator input file...
\o       ...successful.
\o start simulator if needed...
\o       ...successful.
\o simulate...
\o To view the simulator output, right-click on the test name, result 
\o name, or any value in the "Results" tab of the Outputs section and 
\o choose "Output Log" menu option.
\o INFO (ADE-3071): Simulation completed successfully.
\o reading simulation data...
\o       ...successful.
\o *Info*    Client has finished evaluating ... 
\o 
\e *Error* rms: can't handle rms(nil)
\e 
\e 
\e *Error* deriv: can't handle deriv(nil)
\e 
\e 
\o 
\o *Info*    Run complete for Point ID (47 19) on testbench [ psrr ].
\o 
\o 
\o 
\o 
\o 
\o 
\o 
\o 
\o 
\o 
\o *Info*    Run start for Point ID (47 21) on testbench [ psrr ].
\o 
\o Resetting statistical vars
\o 
\o *Info*    Setting parameter values ...
\o 
\o 
\o *Info*    Netlist Directory =
\o           /home/saul/Sim/IMP_AN_LPF/lpf_tb/adexl/results/data/Interactive.43/21/psrr/netlist
\o 
\o 
\o *Info*    Data Directory    =
\o           /home/saul/Sim/IMP_AN_LPF/lpf_tb/adexl/results/data/Interactive.43/21/psrr
\o 
\o 
\o *Info*    Creating Netlist for Point ID (47 21)
\o 
\o generate netlist...
\e *Error* load: can't access file - "/afs/ict.kth.se/proj/ektlab/PDK/AMS/cds/HK_ALL/skill/ansCdlCompPrim.il"
\e *Error* load: can't access file - "/afs/ict.kth.se/proj/ektlab/PDK/AMS/cds/HK_ALL/skill/ansCdlCompPrim.il"
\o Begin Incremental Netlisting Jul 19 22:42:50 2015
\o End netlisting Jul 19 22:42:50 2015
\o 
\o 	The netlist is up to date.
\o 	Time taken to compare the design with netlist:   0.0s
\o       ...successful.
\o compose simulator input file...
\o       ...successful.
\o 
\o *Info*    Running simulation on testbench [ psrr ] for Point ID (47
\o           21).
\o 
\o Delete psf data in /home/saul/Sim/IMP_AN_LPF/lpf_tb/adexl/results/data/Interactive.43/21/psrr/psf.
\o compose simulator input file...
\o       ...successful.
\o start simulator if needed...
\o       ...successful.
\o simulate...
\o To view the simulator output, right-click on the test name, result 
\o name, or any value in the "Results" tab of the Outputs section and 
\o choose "Output Log" menu option.
\o INFO (ADE-3071): Simulation completed successfully.
\o reading simulation data...
\o       ...successful.
\o *Info*    Client has finished evaluating ... 
\o 
\e *Error* rms: can't handle rms(nil)
\e 
\e 
\e *Error* deriv: can't handle deriv(nil)
\e 
\e 
\o 
\o *Info*    Run complete for Point ID (47 21) on testbench [ psrr ].
\o 
\o 
\o 
\o 
\o 
\o 
\o 
\o 
\o 
\o 
\o *Info*    Run start for Point ID (47 22) on testbench [ psrr ].
\o 
\o Resetting statistical vars
\o 
\o *Info*    Setting parameter values ...
\o 
\o Setting var Vsupply = "1.62"
\o 
\o *Info*    Netlist Directory =
\o           /home/saul/Sim/IMP_AN_LPF/lpf_tb/adexl/results/data/Interactive.43/22/psrr/netlist
\o 
\o 
\o *Info*    Data Directory    =
\o           /home/saul/Sim/IMP_AN_LPF/lpf_tb/adexl/results/data/Interactive.43/22/psrr
\o 
\o 
\o *Info*    Creating Netlist for Point ID (47 22)
\o 
\o generate netlist...
\e *Error* load: can't access file - "/afs/ict.kth.se/proj/ektlab/PDK/AMS/cds/HK_ALL/skill/ansCdlCompPrim.il"
\e *Error* load: can't access file - "/afs/ict.kth.se/proj/ektlab/PDK/AMS/cds/HK_ALL/skill/ansCdlCompPrim.il"
\o Begin Incremental Netlisting Jul 19 22:42:52 2015
\o End netlisting Jul 19 22:42:52 2015
\o 
\o 	The netlist is up to date.
\o 	Time taken to compare the design with netlist:   0.0s
\o       ...successful.
\o compose simulator input file...
\o       ...successful.
\o 
\o *Info*    Running simulation on testbench [ psrr ] for Point ID (47
\o           22).
\o 
\o Delete psf data in /home/saul/Sim/IMP_AN_LPF/lpf_tb/adexl/results/data/Interactive.43/22/psrr/psf.
\o compose simulator input file...
\o       ...successful.
\o start simulator if needed...
\o       ...successful.
\o simulate...
\o To view the simulator output, right-click on the test name, result 
\o name, or any value in the "Results" tab of the Outputs section and 
\o choose "Output Log" menu option.
\o INFO (ADE-3071): Simulation completed successfully.
\o reading simulation data...
\o       ...successful.
\o *Info*    Client has finished evaluating ... 
\o 
\e *Error* rms: can't handle rms(nil)
\e 
\e 
\e *Error* deriv: can't handle deriv(nil)
\e 
\e 
\o 
\o *Info*    Run complete for Point ID (47 22) on testbench [ psrr ].
\o 
\o 
\o 
\o 
\o 
\o 
\o 
\o 
\o 
\o 
\o *Info*    Run start for Point ID (47 25) on testbench [ psrr ].
\o 
\o Resetting statistical vars
\o 
\o *Info*    Setting parameter values ...
\o 
\o Setting var Vsupply = "1.98"
\o 
\o *Info*    Netlist Directory =
\o           /home/saul/Sim/IMP_AN_LPF/lpf_tb/adexl/results/data/Interactive.43/25/psrr/netlist
\o 
\o 
\o *Info*    Data Directory    =
\o           /home/saul/Sim/IMP_AN_LPF/lpf_tb/adexl/results/data/Interactive.43/25/psrr
\o 
\o 
\o *Info*    Creating Netlist for Point ID (47 25)
\o 
\o generate netlist...
\e *Error* load: can't access file - "/afs/ict.kth.se/proj/ektlab/PDK/AMS/cds/HK_ALL/skill/ansCdlCompPrim.il"
\e *Error* load: can't access file - "/afs/ict.kth.se/proj/ektlab/PDK/AMS/cds/HK_ALL/skill/ansCdlCompPrim.il"
\o Begin Incremental Netlisting Jul 19 22:42:53 2015
\o End netlisting Jul 19 22:42:53 2015
\o 
\o 	The netlist is up to date.
\o 	Time taken to compare the design with netlist:   0.0s
\o       ...successful.
\o compose simulator input file...
\o       ...successful.
\o 
\o *Info*    Running simulation on testbench [ psrr ] for Point ID (47
\o           25).
\o 
\o Delete psf data in /home/saul/Sim/IMP_AN_LPF/lpf_tb/adexl/results/data/Interactive.43/25/psrr/psf.
\o compose simulator input file...
\o       ...successful.
\o start simulator if needed...
\o       ...successful.
\o simulate...
\o To view the simulator output, right-click on the test name, result 
\o name, or any value in the "Results" tab of the Outputs section and 
\o choose "Output Log" menu option.
\o INFO (ADE-3071): Simulation completed successfully.
\o reading simulation data...
\o       ...successful.
\o *Info*    Client has finished evaluating ... 
\o 
\e *Error* rms: can't handle rms(nil)
\e 
\e 
\e *Error* deriv: can't handle deriv(nil)
\e 
\e 
\o 
\o *Info*    Run complete for Point ID (47 25) on testbench [ psrr ].
\o 
\o 
\o 
\o 
\o 
\o 
\o 
\o 
\o 
\o 
\o *Info*    Run start for Point ID (47 29) on testbench [ psrr ].
\o 
\o Resetting statistical vars
\o 
\o *Info*    Setting parameter values ...
\o 
\o 
\o *Info*    Netlist Directory =
\o           /home/saul/Sim/IMP_AN_LPF/lpf_tb/adexl/results/data/Interactive.43/29/psrr/netlist
\o 
\o 
\o *Info*    Data Directory    =
\o           /home/saul/Sim/IMP_AN_LPF/lpf_tb/adexl/results/data/Interactive.43/29/psrr
\o 
\o 
\o *Info*    Creating Netlist for Point ID (47 29)
\o 
\o generate netlist...
\e *Error* load: can't access file - "/afs/ict.kth.se/proj/ektlab/PDK/AMS/cds/HK_ALL/skill/ansCdlCompPrim.il"
\e *Error* load: can't access file - "/afs/ict.kth.se/proj/ektlab/PDK/AMS/cds/HK_ALL/skill/ansCdlCompPrim.il"
\o Begin Incremental Netlisting Jul 19 22:42:55 2015
\o End netlisting Jul 19 22:42:55 2015
\o 
\o 	The netlist is up to date.
\o 	Time taken to compare the design with netlist:   0.0s
\o       ...successful.
\o compose simulator input file...
\o       ...successful.
\o 
\o *Info*    Running simulation on testbench [ psrr ] for Point ID (47
\o           29).
\o 
\o Delete psf data in /home/saul/Sim/IMP_AN_LPF/lpf_tb/adexl/results/data/Interactive.43/29/psrr/psf.
\o compose simulator input file...
\o       ...successful.
\o start simulator if needed...
\o       ...successful.
\o simulate...
\o To view the simulator output, right-click on the test name, result 
\o name, or any value in the "Results" tab of the Outputs section and 
\o choose "Output Log" menu option.
\o INFO (ADE-3071): Simulation completed successfully.
\o reading simulation data...
\o       ...successful.
\o *Info*    Client has finished evaluating ... 
\o 
\e *Error* rms: can't handle rms(nil)
\e 
\e 
\e *Error* deriv: can't handle deriv(nil)
\e 
\e 
\o 
\o *Info*    Run complete for Point ID (47 29) on testbench [ psrr ].
\o 
\o 
\o 
\o 
\o 
\o 
\o 
\o 
\o 
\o 
\o *Info*    Run start for Point ID (47 6) on testbench [ psrr ].
\o 
\o Resetting statistical vars
\o 
\o *Info*    Setting parameter values ...
\o 
\o Setting var Vsupply = "1.62"
\o 
\o *Info*    Netlist Directory =
\o           /home/saul/Sim/IMP_AN_LPF/lpf_tb/adexl/results/data/Interactive.43/6/psrr/netlist
\o 
\o 
\o *Info*    Data Directory    =
\o           /home/saul/Sim/IMP_AN_LPF/lpf_tb/adexl/results/data/Interactive.43/6/psrr
\o 
\o 
\o *Info*    Creating Netlist for Point ID (47 6)
\o 
\o generate netlist...
\e *Error* load: can't access file - "/afs/ict.kth.se/proj/ektlab/PDK/AMS/cds/HK_ALL/skill/ansCdlCompPrim.il"
\e *Error* load: can't access file - "/afs/ict.kth.se/proj/ektlab/PDK/AMS/cds/HK_ALL/skill/ansCdlCompPrim.il"
\o Begin Incremental Netlisting Jul 19 22:42:57 2015
\o End netlisting Jul 19 22:42:57 2015
\o 
\o 	The netlist is up to date.
\o 	Time taken to compare the design with netlist:   0.0s
\o       ...successful.
\o compose simulator input file...
\o       ...successful.
\o 
\o *Info*    Running simulation on testbench [ psrr ] for Point ID (47
\o           6).
\o 
\o Delete psf data in /home/saul/Sim/IMP_AN_LPF/lpf_tb/adexl/results/data/Interactive.43/6/psrr/psf.
\o compose simulator input file...
\o       ...successful.
\o start simulator if needed...
\o       ...successful.
\o simulate...
\o To view the simulator output, right-click on the test name, result 
\o name, or any value in the "Results" tab of the Outputs section and 
\o choose "Output Log" menu option.
\o INFO (ADE-3071): Simulation completed successfully.
\o reading simulation data...
\o       ...successful.
\o *Info*    Client has finished evaluating ... 
\o 
\e *Error* rms: can't handle rms(nil)
\e 
\e 
\e *Error* deriv: can't handle deriv(nil)
\e 
\e 
\o 
\o *Info*    Run complete for Point ID (47 6) on testbench [ psrr ].
\o 
\o 
\o 
\o 
\o 
\o 
\o 
\o 
\o 
\o 
\o *Info*    Run start for Point ID (47 8) on testbench [ psrr ].
\o 
\o Resetting statistical vars
\o 
\o *Info*    Setting parameter values ...
\o 
\o 
\o *Info*    Netlist Directory =
\o           /home/saul/Sim/IMP_AN_LPF/lpf_tb/adexl/results/data/Interactive.43/8/psrr/netlist
\o 
\o 
\o *Info*    Data Directory    =
\o           /home/saul/Sim/IMP_AN_LPF/lpf_tb/adexl/results/data/Interactive.43/8/psrr
\o 
\o 
\o *Info*    Creating Netlist for Point ID (47 8)
\o 
\o generate netlist...
\e *Error* load: can't access file - "/afs/ict.kth.se/proj/ektlab/PDK/AMS/cds/HK_ALL/skill/ansCdlCompPrim.il"
\e *Error* load: can't access file - "/afs/ict.kth.se/proj/ektlab/PDK/AMS/cds/HK_ALL/skill/ansCdlCompPrim.il"
\o Begin Incremental Netlisting Jul 19 22:42:58 2015
\o End netlisting Jul 19 22:42:59 2015
\o 
\o 	The netlist is up to date.
\o 	Time taken to compare the design with netlist:   1.0s
\o       ...successful.
\o compose simulator input file...
\o       ...successful.
\o 
\o *Info*    Running simulation on testbench [ psrr ] for Point ID (47
\o           8).
\o 
\o Delete psf data in /home/saul/Sim/IMP_AN_LPF/lpf_tb/adexl/results/data/Interactive.43/8/psrr/psf.
\o compose simulator input file...
\o       ...successful.
\o start simulator if needed...
\o       ...successful.
\o simulate...
\o To view the simulator output, right-click on the test name, result 
\o name, or any value in the "Results" tab of the Outputs section and 
\o choose "Output Log" menu option.
\o INFO (ADE-3071): Simulation completed successfully.
\o reading simulation data...
\o       ...successful.
\o *Info*    Client has finished evaluating ... 
\o 
\e *Error* rms: can't handle rms(nil)
\e 
\e 
\e *Error* deriv: can't handle deriv(nil)
\e 
\e 
\o 
\o *Info*    Run complete for Point ID (47 8) on testbench [ psrr ].
\o 
\o 
\o 
\o 
\o 
\o Simulation design variables differ from those on the cellView,
\o they have been saved in the file "/tmp/saved-design-variables".
\o To save future changes, copy variables to cellView before exiting.
\o 
\o 
\o *Info*    Configuring the session ...
\o 
\o 	Library      = IMP_AN_LPF
\o 	Cell         = lpf_tb
\o 	View         = config
\o 	Simulator    = spectre
\o 	State Path   = $AXL_SETUPDB_DIR/test_states
\o 	State Name   = psrr_IMP_AN_LPF:lpf_tb:1:1_state_Interactive.44
\o 	Results DB   = /home/saul/projects/IMPLANTABLE_AMS/version1/saul/IMP_AN_LPF/lpf_tb/adexl/results/data/Interactive.44.rdb
\o 	Results Dir  = /home/saul/Sim/IMP_AN_LPF/lpf_tb/adexl/results/data/Interactive.44/1/psrr
\o 	Results Loc  = /home/saul/Sim/IMP_AN_LPF/lpf_tb/adexl/results/data
\o 	Project Dir  = /home/saul/projects/IMPLANTABLE_AMS/version1/saul/SimVM
\o 	Setup DB loc = /home/saul/projects/IMPLANTABLE_AMS/version1/saul/IMP_AN_LPF/lpf_tb/adexl
\o 	File Encoding = 0
\o 
\o 
\o *Info*    Spectre controlMode is set "batch".
\o 
\o 
\o 
\o 
\o 
\o 
\o *Info*    Run start for Point ID (48 12) on testbench [ psrr ].
\o 
\o Resetting statistical vars
\o 
\o *Info*    Setting parameter values ...
\o 
\o Setting var DC_IN = "0"
\o Setting var VDC_CM = "900m"
\o Setting var VDD_AC = "1"
\o Setting var VDD_PULSE = "20m"
\o Setting var VIN_AC = "0"
\o Setting var VIN_PULSE = "0"
\o Setting var Vsupply = "1.62"
\o Setting temp(T) = 27
\o 
\o *Info*    Netlist Directory =
\o           /home/saul/Sim/IMP_AN_LPF/lpf_tb/adexl/results/data/Interactive.44/12/psrr/netlist
\o 
\o 
\o *Info*    Data Directory    =
\o           /home/saul/Sim/IMP_AN_LPF/lpf_tb/adexl/results/data/Interactive.44/12/psrr
\o 
\o 
\o *Info*    Creating Netlist for Point ID (48 12)
\o 
\o generate netlist...
\e *Error* load: can't access file - "/afs/ict.kth.se/proj/ektlab/PDK/AMS/cds/HK_ALL/skill/ansCdlCompPrim.il"
\e *Error* load: can't access file - "/afs/ict.kth.se/proj/ektlab/PDK/AMS/cds/HK_ALL/skill/ansCdlCompPrim.il"
\o Begin Incremental Netlisting Jul 19 22:43:09 2015
\o End netlisting Jul 19 22:43:09 2015
\o 
\o 	The netlist is up to date.
\o 	Time taken to compare the design with netlist:   0.0s
\o       ...successful.
\o compose simulator input file...
\o       ...successful.
\o 
\o *Info*    Running simulation on testbench [ psrr ] for Point ID (48
\o           12).
\o 
\o Delete psf data in /home/saul/Sim/IMP_AN_LPF/lpf_tb/adexl/results/data/Interactive.44/12/psrr/psf.
\o compose simulator input file...
\o       ...successful.
\o start simulator if needed...
\o       ...successful.
\o simulate...
\o To view the simulator output, right-click on the test name, result 
\o name, or any value in the "Results" tab of the Outputs section and 
\o choose "Output Log" menu option.
\o INFO (ADE-3071): Simulation completed successfully.
\o reading simulation data...
\o       ...successful.
\o *Info*    Client has finished evaluating ... 
\o 
\e *Error* rms: can't handle rms(nil)
\e 
\e 
\e *Error* deriv: can't handle deriv(nil)
\e 
\e 
\o 
\o *Info*    Run complete for Point ID (48 12) on testbench [ psrr ].
\o 
\o 
\o 
\o 
\o 
\o 
\o 
\o 
\o 
\o 
\o *Info*    Run start for Point ID (48 15) on testbench [ psrr ].
\o 
\o Resetting statistical vars
\o 
\o *Info*    Setting parameter values ...
\o 
\o Setting var Vsupply = "1.98"
\o 
\o *Info*    Netlist Directory =
\o           /home/saul/Sim/IMP_AN_LPF/lpf_tb/adexl/results/data/Interactive.44/15/psrr/netlist
\o 
\o 
\o *Info*    Data Directory    =
\o           /home/saul/Sim/IMP_AN_LPF/lpf_tb/adexl/results/data/Interactive.44/15/psrr
\o 
\o 
\o *Info*    Creating Netlist for Point ID (48 15)
\o 
\o generate netlist...
\e *Error* load: can't access file - "/afs/ict.kth.se/proj/ektlab/PDK/AMS/cds/HK_ALL/skill/ansCdlCompPrim.il"
\e *Error* load: can't access file - "/afs/ict.kth.se/proj/ektlab/PDK/AMS/cds/HK_ALL/skill/ansCdlCompPrim.il"
\o Begin Incremental Netlisting Jul 19 22:43:20 2015
\o End netlisting Jul 19 22:43:20 2015
\o 
\o 	The netlist is up to date.
\o 	Time taken to compare the design with netlist:   0.0s
\o       ...successful.
\o compose simulator input file...
\o       ...successful.
\o 
\o *Info*    Running simulation on testbench [ psrr ] for Point ID (48
\o           15).
\o 
\o Delete psf data in /home/saul/Sim/IMP_AN_LPF/lpf_tb/adexl/results/data/Interactive.44/15/psrr/psf.
\o compose simulator input file...
\o       ...successful.
\o start simulator if needed...
\o       ...successful.
\o simulate...
\o To view the simulator output, right-click on the test name, result 
\o name, or any value in the "Results" tab of the Outputs section and 
\o choose "Output Log" menu option.
\o INFO (ADE-3071): Simulation completed successfully.
\o reading simulation data...
\o       ...successful.
\o *Info*    Client has finished evaluating ... 
\o 
\e *Error* rms: can't handle rms(nil)
\e 
\e 
\e *Error* deriv: can't handle deriv(nil)
\e 
\e 
\o 
\o *Info*    Run complete for Point ID (48 15) on testbench [ psrr ].
\o 
\o 
\o 
\o 
\o 
\o 
\o 
\o 
\o 
\o 
\o *Info*    Run start for Point ID (48 19) on testbench [ psrr ].
\o 
\o Resetting statistical vars
\o 
\o *Info*    Setting parameter values ...
\o 
\o 
\o *Info*    Netlist Directory =
\o           /home/saul/Sim/IMP_AN_LPF/lpf_tb/adexl/results/data/Interactive.44/19/psrr/netlist
\o 
\o 
\o *Info*    Data Directory    =
\o           /home/saul/Sim/IMP_AN_LPF/lpf_tb/adexl/results/data/Interactive.44/19/psrr
\o 
\o 
\o *Info*    Creating Netlist for Point ID (48 19)
\o 
\o generate netlist...
\e *Error* load: can't access file - "/afs/ict.kth.se/proj/ektlab/PDK/AMS/cds/HK_ALL/skill/ansCdlCompPrim.il"
\e *Error* load: can't access file - "/afs/ict.kth.se/proj/ektlab/PDK/AMS/cds/HK_ALL/skill/ansCdlCompPrim.il"
\o Begin Incremental Netlisting Jul 19 22:43:22 2015
\o End netlisting Jul 19 22:43:22 2015
\o 
\o 	The netlist is up to date.
\o 	Time taken to compare the design with netlist:   0.0s
\o       ...successful.
\o compose simulator input file...
\o       ...successful.
\o 
\o *Info*    Running simulation on testbench [ psrr ] for Point ID (48
\o           19).
\o 
\o Delete psf data in /home/saul/Sim/IMP_AN_LPF/lpf_tb/adexl/results/data/Interactive.44/19/psrr/psf.
\o compose simulator input file...
\o       ...successful.
\o start simulator if needed...
\o       ...successful.
\o simulate...
\o To view the simulator output, right-click on the test name, result 
\o name, or any value in the "Results" tab of the Outputs section and 
\o choose "Output Log" menu option.
\o INFO (ADE-3071): Simulation completed successfully.
\o reading simulation data...
\o       ...successful.
\o *Info*    Client has finished evaluating ... 
\o 
\e *Error* rms: can't handle rms(nil)
\e 
\e 
\e *Error* deriv: can't handle deriv(nil)
\e 
\e 
\o 
\o *Info*    Run complete for Point ID (48 19) on testbench [ psrr ].
\o 
\o 
\o 
\o 
\o 
\o 
\o 
\o 
\o 
\o 
\o *Info*    Run start for Point ID (48 22) on testbench [ psrr ].
\o 
\o Resetting statistical vars
\o 
\o *Info*    Setting parameter values ...
\o 
\o Setting var Vsupply = "1.62"
\o 
\o *Info*    Netlist Directory =
\o           /home/saul/Sim/IMP_AN_LPF/lpf_tb/adexl/results/data/Interactive.44/22/psrr/netlist
\o 
\o 
\o *Info*    Data Directory    =
\o           /home/saul/Sim/IMP_AN_LPF/lpf_tb/adexl/results/data/Interactive.44/22/psrr
\o 
\o 
\o *Info*    Creating Netlist for Point ID (48 22)
\o 
\o generate netlist...
\e *Error* load: can't access file - "/afs/ict.kth.se/proj/ektlab/PDK/AMS/cds/HK_ALL/skill/ansCdlCompPrim.il"
\e *Error* load: can't access file - "/afs/ict.kth.se/proj/ektlab/PDK/AMS/cds/HK_ALL/skill/ansCdlCompPrim.il"
\o Begin Incremental Netlisting Jul 19 22:43:24 2015
\o End netlisting Jul 19 22:43:24 2015
\o 
\o 	The netlist is up to date.
\o 	Time taken to compare the design with netlist:   0.0s
\o       ...successful.
\o compose simulator input file...
\o       ...successful.
\o 
\o *Info*    Running simulation on testbench [ psrr ] for Point ID (48
\o           22).
\o 
\o Delete psf data in /home/saul/Sim/IMP_AN_LPF/lpf_tb/adexl/results/data/Interactive.44/22/psrr/psf.
\o compose simulator input file...
\o       ...successful.
\o start simulator if needed...
\o       ...successful.
\o simulate...
\o To view the simulator output, right-click on the test name, result 
\o name, or any value in the "Results" tab of the Outputs section and 
\o choose "Output Log" menu option.
\o INFO (ADE-3071): Simulation completed successfully.
\o reading simulation data...
\o       ...successful.
\o *Info*    Client has finished evaluating ... 
\o 
\e *Error* rms: can't handle rms(nil)
\e 
\e 
\e *Error* deriv: can't handle deriv(nil)
\e 
\e 
\o 
\o *Info*    Run complete for Point ID (48 22) on testbench [ psrr ].
\o 
\o 
\o 
\o 
\o 
\o 
\o 
\o 
\o 
\o 
\o *Info*    Run start for Point ID (48 27) on testbench [ psrr ].
\o 
\o Resetting statistical vars
\o 
\o *Info*    Setting parameter values ...
\o 
\o Setting var Vsupply = "1.98"
\o 
\o *Info*    Netlist Directory =
\o           /home/saul/Sim/IMP_AN_LPF/lpf_tb/adexl/results/data/Interactive.44/27/psrr/netlist
\o 
\o 
\o *Info*    Data Directory    =
\o           /home/saul/Sim/IMP_AN_LPF/lpf_tb/adexl/results/data/Interactive.44/27/psrr
\o 
\o 
\o *Info*    Creating Netlist for Point ID (48 27)
\o 
\o generate netlist...
\e *Error* load: can't access file - "/afs/ict.kth.se/proj/ektlab/PDK/AMS/cds/HK_ALL/skill/ansCdlCompPrim.il"
\e *Error* load: can't access file - "/afs/ict.kth.se/proj/ektlab/PDK/AMS/cds/HK_ALL/skill/ansCdlCompPrim.il"
\o Begin Incremental Netlisting Jul 19 22:43:26 2015
\o End netlisting Jul 19 22:43:26 2015
\o 
\o 	The netlist is up to date.
\o 	Time taken to compare the design with netlist:   0.0s
\o       ...successful.
\o compose simulator input file...
\o       ...successful.
\o 
\o *Info*    Running simulation on testbench [ psrr ] for Point ID (48
\o           27).
\o 
\o Delete psf data in /home/saul/Sim/IMP_AN_LPF/lpf_tb/adexl/results/data/Interactive.44/27/psrr/psf.
\o compose simulator input file...
\o       ...successful.
\o start simulator if needed...
\o       ...successful.
\o simulate...
\o To view the simulator output, right-click on the test name, result 
\o name, or any value in the "Results" tab of the Outputs section and 
\o choose "Output Log" menu option.
\o INFO (ADE-3071): Simulation completed successfully.
\o reading simulation data...
\o       ...successful.
\o *Info*    Client has finished evaluating ... 
\o 
\e *Error* rms: can't handle rms(nil)
\e 
\e 
\e *Error* deriv: can't handle deriv(nil)
\e 
\e 
\o 
\o *Info*    Run complete for Point ID (48 27) on testbench [ psrr ].
\o 
\o 
\o 
\o 
\o 
\o 
\o 
\o 
\o 
\o 
\o *Info*    Run start for Point ID (48 31) on testbench [ psrr ].
\o 
\o Resetting statistical vars
\o 
\o *Info*    Setting parameter values ...
\o 
\o 
\o *Info*    Netlist Directory =
\o           /home/saul/Sim/IMP_AN_LPF/lpf_tb/adexl/results/data/Interactive.44/31/psrr/netlist
\o 
\o 
\o *Info*    Data Directory    =
\o           /home/saul/Sim/IMP_AN_LPF/lpf_tb/adexl/results/data/Interactive.44/31/psrr
\o 
\o 
\o *Info*    Creating Netlist for Point ID (48 31)
\o 
\o generate netlist...
\e *Error* load: can't access file - "/afs/ict.kth.se/proj/ektlab/PDK/AMS/cds/HK_ALL/skill/ansCdlCompPrim.il"
\e *Error* load: can't access file - "/afs/ict.kth.se/proj/ektlab/PDK/AMS/cds/HK_ALL/skill/ansCdlCompPrim.il"
\o Begin Incremental Netlisting Jul 19 22:43:27 2015
\o End netlisting Jul 19 22:43:27 2015
\o 
\o 	The netlist is up to date.
\o 	Time taken to compare the design with netlist:   0.0s
\o       ...successful.
\o compose simulator input file...
\o       ...successful.
\o 
\o *Info*    Running simulation on testbench [ psrr ] for Point ID (48
\o           31).
\o 
\o Delete psf data in /home/saul/Sim/IMP_AN_LPF/lpf_tb/adexl/results/data/Interactive.44/31/psrr/psf.
\o compose simulator input file...
\o       ...successful.
\o start simulator if needed...
\o       ...successful.
\o simulate...
\o To view the simulator output, right-click on the test name, result 
\o name, or any value in the "Results" tab of the Outputs section and 
\o choose "Output Log" menu option.
\o INFO (ADE-3071): Simulation completed successfully.
\o reading simulation data...
\o       ...successful.
\o *Info*    Client has finished evaluating ... 
\o 
\e *Error* rms: can't handle rms(nil)
\e 
\e 
\e *Error* deriv: can't handle deriv(nil)
\e 
\e 
\o 
\o *Info*    Run complete for Point ID (48 31) on testbench [ psrr ].
\o 
\o 
\o 
\o 
\o 
\o 
\o 
\o 
\o 
\o 
\o *Info*    Run start for Point ID (48 6) on testbench [ psrr ].
\o 
\o Resetting statistical vars
\o 
\o *Info*    Setting parameter values ...
\o 
\o Setting var Vsupply = "1.62"
\o 
\o *Info*    Netlist Directory =
\o           /home/saul/Sim/IMP_AN_LPF/lpf_tb/adexl/results/data/Interactive.44/6/psrr/netlist
\o 
\o 
\o *Info*    Data Directory    =
\o           /home/saul/Sim/IMP_AN_LPF/lpf_tb/adexl/results/data/Interactive.44/6/psrr
\o 
\o 
\o *Info*    Creating Netlist for Point ID (48 6)
\o 
\o generate netlist...
\e *Error* load: can't access file - "/afs/ict.kth.se/proj/ektlab/PDK/AMS/cds/HK_ALL/skill/ansCdlCompPrim.il"
\e *Error* load: can't access file - "/afs/ict.kth.se/proj/ektlab/PDK/AMS/cds/HK_ALL/skill/ansCdlCompPrim.il"
\o Begin Incremental Netlisting Jul 19 22:43:29 2015
\o End netlisting Jul 19 22:43:29 2015
\o 
\o 	The netlist is up to date.
\o 	Time taken to compare the design with netlist:   0.0s
\o       ...successful.
\o compose simulator input file...
\o       ...successful.
\o 
\o *Info*    Running simulation on testbench [ psrr ] for Point ID (48
\o           6).
\o 
\o Delete psf data in /home/saul/Sim/IMP_AN_LPF/lpf_tb/adexl/results/data/Interactive.44/6/psrr/psf.
\o compose simulator input file...
\o       ...successful.
\o start simulator if needed...
\o       ...successful.
\o simulate...
\o To view the simulator output, right-click on the test name, result 
\o name, or any value in the "Results" tab of the Outputs section and 
\o choose "Output Log" menu option.
\o INFO (ADE-3071): Simulation completed successfully.
\o reading simulation data...
\o       ...successful.
\o *Info*    Client has finished evaluating ... 
\o 
\e *Error* rms: can't handle rms(nil)
\e 
\e 
\e *Error* deriv: can't handle deriv(nil)
\e 
\e 
\o 
\o *Info*    Run complete for Point ID (48 6) on testbench [ psrr ].
\o 
\o 
\o 
\o 
\o 
\o 
\o 
\o 
\o 
\o 
\o *Info*    Run start for Point ID (48 10) on testbench [ psrr ].
\o 
\o Resetting statistical vars
\o 
\o *Info*    Setting parameter values ...
\o 
\o 
\o *Info*    Netlist Directory =
\o           /home/saul/Sim/IMP_AN_LPF/lpf_tb/adexl/results/data/Interactive.44/10/psrr/netlist
\o 
\o 
\o *Info*    Data Directory    =
\o           /home/saul/Sim/IMP_AN_LPF/lpf_tb/adexl/results/data/Interactive.44/10/psrr
\o 
\o 
\o *Info*    Creating Netlist for Point ID (48 10)
\o 
\o generate netlist...
\e *Error* load: can't access file - "/afs/ict.kth.se/proj/ektlab/PDK/AMS/cds/HK_ALL/skill/ansCdlCompPrim.il"
\e *Error* load: can't access file - "/afs/ict.kth.se/proj/ektlab/PDK/AMS/cds/HK_ALL/skill/ansCdlCompPrim.il"
\o Begin Incremental Netlisting Jul 19 22:43:31 2015
\o End netlisting Jul 19 22:43:31 2015
\o 
\o 	The netlist is up to date.
\o 	Time taken to compare the design with netlist:   0.0s
\o       ...successful.
\o compose simulator input file...
\o       ...successful.
\o 
\o *Info*    Running simulation on testbench [ psrr ] for Point ID (48
\o           10).
\o 
\o Delete psf data in /home/saul/Sim/IMP_AN_LPF/lpf_tb/adexl/results/data/Interactive.44/10/psrr/psf.
\o compose simulator input file...
\o       ...successful.
\o start simulator if needed...
\o       ...successful.
\o simulate...
\o To view the simulator output, right-click on the test name, result 
\o name, or any value in the "Results" tab of the Outputs section and 
\o choose "Output Log" menu option.
\o INFO (ADE-3071): Simulation completed successfully.
\o reading simulation data...
\o       ...successful.
\o *Info*    Client has finished evaluating ... 
\o 
\e *Error* rms: can't handle rms(nil)
\e 
\e 
\e *Error* deriv: can't handle deriv(nil)
\e 
\e 
\o 
\o *Info*    Run complete for Point ID (48 10) on testbench [ psrr ].
\o 
\o 
\o 
\o 
\o 
\# Memory report: Maximum memory size now 15361347584 (0x3939b9000) bytes, UTC 2015.07.19 20:45:59.496
\o Simulation design variables differ from those on the cellView,
\o they have been saved in the file "/tmp/saved-design-variables".
\o To save future changes, copy variables to cellView before exiting.
\o 
\o 
\o *Info*    Configuring the session ...
\o 
\o 	Library      = IMP_AN_LPF
\o 	Cell         = lpf_tb
\o 	View         = config
\o 	Simulator    = spectre
\o 	State Path   = $AXL_SETUPDB_DIR/test_states
\o 	State Name   = psrr_IMP_AN_LPF:lpf_tb:1:1_state_MonteCarlo.0
\o 	Results DB   = /home/saul/projects/IMPLANTABLE_AMS/version1/saul/IMP_AN_LPF/lpf_tb/adexl/results/data/MonteCarlo.0.rdb
\o 	Results Dir  = /home/saul/Sim/IMP_AN_LPF/lpf_tb/adexl/results/data/MonteCarlo.0/1/psrr
\o 	Results Loc  = /home/saul/Sim/IMP_AN_LPF/lpf_tb/adexl/results/data
\o 	Project Dir  = /home/saul/projects/IMPLANTABLE_AMS/version1/saul/SimVM
\o 	Setup DB loc = /home/saul/projects/IMPLANTABLE_AMS/version1/saul/IMP_AN_LPF/lpf_tb/adexl
\o 	File Encoding = 0
\o 
\o 
\o *Info*    Spectre controlMode is set "batch".
\o 
\o 
\o 
\o 
\o 
\o 
\o *Info*    Run start for Point ID (49 151) on testbench [ psrr ].
\o 
\o Resetting statistical vars
\o 
\o *Info*    Setting parameter values ...
\o 
\o Setting var DC_IN = "0"
\o Setting var VDC_CM = "900m"
\o Setting var VDD_AC = "1"
\o Setting var VDD_PULSE = "20m"
\o Setting var VIN_AC = "0"
\o Setting var VIN_PULSE = "0"
\o Setting var Vsupply = "1.8"
\o Loading monte.cxt 
\o Setting temp(T) = 27
\o 
\o *Info*    Netlist Directory =
\o           /home/saul/Sim/IMP_AN_LPF/lpf_tb/adexl/results/data/MonteCarlo.0/151/psrr/netlist
\o 
\o 
\o *Info*    Data Directory    =
\o           /home/saul/Sim/IMP_AN_LPF/lpf_tb/adexl/results/data/MonteCarlo.0/151/psrr
\o 
\o 
\o *Info*    Creating Netlist for Point ID (49 151)
\o 
\o generate netlist...
\e *Error* load: can't access file - "/afs/ict.kth.se/proj/ektlab/PDK/AMS/cds/HK_ALL/skill/ansCdlCompPrim.il"
\e *Error* load: can't access file - "/afs/ict.kth.se/proj/ektlab/PDK/AMS/cds/HK_ALL/skill/ansCdlCompPrim.il"
\o Begin Incremental Netlisting Jul 19 22:46:03 2015
\o End netlisting Jul 19 22:46:03 2015
\o 
\o Netlisting Statistics:
\o 	Number of components:   34
\o 
\o 	Elapsed time:          0.0s
\o Errors: 0	Warnings: 0
\o       ...successful.
\o compose simulator input file...
\o       ...successful.
\o 
\o *Info*    Running simulation on testbench [ psrr ] for Point ID (49
\o           151).
\o 
\o *Info*    Spectre controlMode is set "batch" due to monte carlo run.
\o 
\o Delete psf data in /home/saul/Sim/IMP_AN_LPF/lpf_tb/adexl/results/data/MonteCarlo.0/151/psrr/psf.
\o generate netlist...
\e *Error* load: can't access file - "/afs/ict.kth.se/proj/ektlab/PDK/AMS/cds/HK_ALL/skill/ansCdlCompPrim.il"
\e *Error* load: can't access file - "/afs/ict.kth.se/proj/ektlab/PDK/AMS/cds/HK_ALL/skill/ansCdlCompPrim.il"
\o Begin Incremental Netlisting Jul 19 22:46:03 2015
\o End netlisting Jul 19 22:46:03 2015
\o 
\o 	The netlist is up to date.
\o 	Time taken to compare the design with netlist:   0.0s
\o       ...successful.
\o compose simulator input file...
\o       ...successful.
\o start simulator if needed...
\o       ...successful.
\o simulate...
\o To view the simulator output, right-click on the test name, result 
\o name, or any value in the "Results" tab of the Outputs section and 
\o choose "Output Log" menu option.
\# Memory report: Maximum memory size now 14934675456 (0x37a2d1000) bytes, UTC 2015.07.19 20:46:09.496
\e *Error* rms: can't handle rms(nil)
\e 
\e 
\e *Error* deriv: can't handle deriv(nil)
\e 
\e 
\o Loading stats.cxt 
\e *Error* rms: can't handle rms(nil)
\e 
\e 
\e *Error* deriv: can't handle deriv(nil)
\e 
\e 
\o *Info*    Client has finished evaluating ... 
\o 
\o 
\o *Info*    Run complete for Point ID (49 151) on testbench [ psrr ].
\o 
\o 
\o 
\o 
\o 
\e *Error* rms: can't handle rms(nil)
\e 
\e 
\e *Error* deriv: can't handle deriv(nil)
\e 
\e 
\o *Info*    Client has finished evaluating ... 
\o 
\o 
\o *Info*    Run complete for Point ID (49 152) on testbench [ psrr ].
\o 
\o 
\o 
\o 
\o 
\e *Error* rms: can't handle rms(nil)
\e 
\e 
\e *Error* deriv: can't handle deriv(nil)
\e 
\e 
\o *Info*    Client has finished evaluating ... 
\o 
\o 
\o *Info*    Run complete for Point ID (49 153) on testbench [ psrr ].
\o 
\o 
\o 
\o 
\o 
\e *Error* rms: can't handle rms(nil)
\e 
\e 
\e *Error* deriv: can't handle deriv(nil)
\e 
\e 
\o *Info*    Client has finished evaluating ... 
\o 
\o 
\o *Info*    Run complete for Point ID (49 154) on testbench [ psrr ].
\o 
\o 
\o 
\o 
\o 
\e *Error* rms: can't handle rms(nil)
\e 
\e 
\e *Error* deriv: can't handle deriv(nil)
\e 
\e 
\o *Info*    Client has finished evaluating ... 
\o 
\o 
\o *Info*    Run complete for Point ID (49 155) on testbench [ psrr ].
\o 
\o 
\o 
\o 
\o 
\e *Error* rms: can't handle rms(nil)
\e 
\e 
\e *Error* deriv: can't handle deriv(nil)
\e 
\e 
\o *Info*    Client has finished evaluating ... 
\o 
\o 
\o *Info*    Run complete for Point ID (49 156) on testbench [ psrr ].
\o 
\o 
\o 
\o 
\o 
\e *Error* rms: can't handle rms(nil)
\e 
\e 
\e *Error* deriv: can't handle deriv(nil)
\e 
\e 
\o *Info*    Client has finished evaluating ... 
\o 
\o 
\o *Info*    Run complete for Point ID (49 157) on testbench [ psrr ].
\o 
\o 
\o 
\o 
\o 
\e *Error* rms: can't handle rms(nil)
\e 
\e 
\e *Error* deriv: can't handle deriv(nil)
\e 
\e 
\o *Info*    Client has finished evaluating ... 
\o 
\o 
\o *Info*    Run complete for Point ID (49 158) on testbench [ psrr ].
\o 
\o 
\o 
\o 
\o 
\e *Error* rms: can't handle rms(nil)
\e 
\e 
\e *Error* deriv: can't handle deriv(nil)
\e 
\e 
\o *Info*    Client has finished evaluating ... 
\o 
\o 
\o *Info*    Run complete for Point ID (49 159) on testbench [ psrr ].
\o 
\o 
\o 
\o 
\o 
\e *Error* rms: can't handle rms(nil)
\e 
\e 
\e *Error* deriv: can't handle deriv(nil)
\e 
\e 
\o *Info*    Client has finished evaluating ... 
\o 
\o 
\o *Info*    Run complete for Point ID (49 160) on testbench [ psrr ].
\o 
\o 
\o 
\o 
\o 
\e *Error* rms: can't handle rms(nil)
\e 
\e 
\e *Error* deriv: can't handle deriv(nil)
\e 
\e 
\o *Info*    Client has finished evaluating ... 
\o 
\o 
\o *Info*    Run complete for Point ID (49 161) on testbench [ psrr ].
\o 
\o 
\o 
\o 
\o 
\e *Error* rms: can't handle rms(nil)
\e 
\e 
\e *Error* deriv: can't handle deriv(nil)
\e 
\e 
\o *Info*    Client has finished evaluating ... 
\o 
\o 
\o *Info*    Run complete for Point ID (49 162) on testbench [ psrr ].
\o 
\o 
\o 
\o 
\o 
\e *Error* rms: can't handle rms(nil)
\e 
\e 
\e *Error* deriv: can't handle deriv(nil)
\e 
\e 
\o *Info*    Client has finished evaluating ... 
\o 
\o 
\o *Info*    Run complete for Point ID (49 163) on testbench [ psrr ].
\o 
\o 
\o 
\o 
\o 
\e *Error* rms: can't handle rms(nil)
\e 
\e 
\e *Error* deriv: can't handle deriv(nil)
\e 
\e 
\o *Info*    Client has finished evaluating ... 
\o 
\o 
\o *Info*    Run complete for Point ID (49 164) on testbench [ psrr ].
\o 
\o 
\o 
\o 
\o 
\e *Error* rms: can't handle rms(nil)
\e 
\e 
\e *Error* deriv: can't handle deriv(nil)
\e 
\e 
\o *Info*    Client has finished evaluating ... 
\o 
\o 
\o *Info*    Run complete for Point ID (49 165) on testbench [ psrr ].
\o 
\o 
\o 
\o 
\o 
\e *Error* rms: can't handle rms(nil)
\e 
\e 
\e *Error* deriv: can't handle deriv(nil)
\e 
\e 
\o *Info*    Client has finished evaluating ... 
\o 
\o 
\o *Info*    Run complete for Point ID (49 166) on testbench [ psrr ].
\o 
\o 
\o 
\o 
\o 
\e *Error* rms: can't handle rms(nil)
\e 
\e 
\e *Error* deriv: can't handle deriv(nil)
\e 
\e 
\o *Info*    Client has finished evaluating ... 
\o 
\o 
\o *Info*    Run complete for Point ID (49 167) on testbench [ psrr ].
\o 
\o 
\o 
\o 
\o 
\e *Error* rms: can't handle rms(nil)
\e 
\e 
\e *Error* deriv: can't handle deriv(nil)
\e 
\e 
\o *Info*    Client has finished evaluating ... 
\o 
\o 
\o *Info*    Run complete for Point ID (49 168) on testbench [ psrr ].
\o 
\o 
\o 
\o 
\o 
\e *Error* rms: can't handle rms(nil)
\e 
\e 
\e *Error* deriv: can't handle deriv(nil)
\e 
\e 
\o *Info*    Client has finished evaluating ... 
\o 
\o 
\o *Info*    Run complete for Point ID (49 169) on testbench [ psrr ].
\o 
\o 
\o 
\o 
\o 
\e *Error* rms: can't handle rms(nil)
\e 
\e 
\e *Error* deriv: can't handle deriv(nil)
\e 
\e 
\o *Info*    Client has finished evaluating ... 
\o 
\o 
\o *Info*    Run complete for Point ID (49 170) on testbench [ psrr ].
\o 
\o 
\o 
\o 
\o 
\e *Error* rms: can't handle rms(nil)
\e 
\e 
\e *Error* deriv: can't handle deriv(nil)
\e 
\e 
\o *Info*    Client has finished evaluating ... 
\o 
\o 
\o *Info*    Run complete for Point ID (49 171) on testbench [ psrr ].
\o 
\o 
\o 
\o 
\o 
\e *Error* rms: can't handle rms(nil)
\e 
\e 
\e *Error* deriv: can't handle deriv(nil)
\e 
\e 
\o *Info*    Client has finished evaluating ... 
\o 
\o 
\o *Info*    Run complete for Point ID (49 172) on testbench [ psrr ].
\o 
\o 
\o 
\o 
\o 
\e *Error* rms: can't handle rms(nil)
\e 
\e 
\e *Error* deriv: can't handle deriv(nil)
\e 
\e 
\o *Info*    Client has finished evaluating ... 
\o 
\o 
\o *Info*    Run complete for Point ID (49 173) on testbench [ psrr ].
\o 
\o 
\o 
\o 
\o 
\e *Error* rms: can't handle rms(nil)
\e 
\e 
\e *Error* deriv: can't handle deriv(nil)
\e 
\e 
\o *Info*    Client has finished evaluating ... 
\o 
\o 
\o *Info*    Run complete for Point ID (49 174) on testbench [ psrr ].
\o 
\o 
\o 
\o 
\o 
\e *Error* rms: can't handle rms(nil)
\e 
\e 
\e *Error* deriv: can't handle deriv(nil)
\e 
\e 
\o *Info*    Client has finished evaluating ... 
\o 
\o 
\o *Info*    Run complete for Point ID (49 175) on testbench [ psrr ].
\o 
\o 
\o 
\o 
\o 
\e *Error* rms: can't handle rms(nil)
\e 
\e 
\e *Error* deriv: can't handle deriv(nil)
\e 
\e 
\o *Info*    Client has finished evaluating ... 
\o 
\o 
\o *Info*    Run complete for Point ID (49 176) on testbench [ psrr ].
\o 
\o 
\o 
\o 
\o 
\e *Error* rms: can't handle rms(nil)
\e 
\e 
\e *Error* deriv: can't handle deriv(nil)
\e 
\e 
\o *Info*    Client has finished evaluating ... 
\o 
\o 
\o *Info*    Run complete for Point ID (49 177) on testbench [ psrr ].
\o 
\o 
\o 
\o 
\o 
\e *Error* rms: can't handle rms(nil)
\e 
\e 
\e *Error* deriv: can't handle deriv(nil)
\e 
\e 
\o *Info*    Client has finished evaluating ... 
\o 
\o 
\o *Info*    Run complete for Point ID (49 178) on testbench [ psrr ].
\o 
\o 
\o 
\o 
\o 
\e *Error* rms: can't handle rms(nil)
\e 
\e 
\e *Error* deriv: can't handle deriv(nil)
\e 
\e 
\o *Info*    Client has finished evaluating ... 
\o 
\o 
\o *Info*    Run complete for Point ID (49 179) on testbench [ psrr ].
\o 
\o 
\o 
\o 
\o 
\e *Error* rms: can't handle rms(nil)
\e 
\e 
\e *Error* deriv: can't handle deriv(nil)
\e 
\e 
\o *Info*    Client has finished evaluating ... 
\o 
\o 
\o *Info*    Run complete for Point ID (49 180) on testbench [ psrr ].
\o 
\o 
\o 
\o 
\o 
\e *Error* rms: can't handle rms(nil)
\e 
\e 
\e *Error* deriv: can't handle deriv(nil)
\e 
\e 
\o *Info*    Client has finished evaluating ... 
\o 
\o 
\o *Info*    Run complete for Point ID (49 181) on testbench [ psrr ].
\o 
\o 
\o 
\o 
\o 
\e *Error* rms: can't handle rms(nil)
\e 
\e 
\e *Error* deriv: can't handle deriv(nil)
\e 
\e 
\o *Info*    Client has finished evaluating ... 
\o 
\o 
\o *Info*    Run complete for Point ID (49 182) on testbench [ psrr ].
\o 
\o 
\o 
\o 
\o 
\e *Error* rms: can't handle rms(nil)
\e 
\e 
\e *Error* deriv: can't handle deriv(nil)
\e 
\e 
\o *Info*    Client has finished evaluating ... 
\o 
\o 
\o *Info*    Run complete for Point ID (49 183) on testbench [ psrr ].
\o 
\o 
\o 
\o 
\o 
\e *Error* rms: can't handle rms(nil)
\e 
\e 
\e *Error* deriv: can't handle deriv(nil)
\e 
\e 
\o *Info*    Client has finished evaluating ... 
\o 
\o 
\o *Info*    Run complete for Point ID (49 184) on testbench [ psrr ].
\o 
\o 
\o 
\o 
\o 
\e *Error* rms: can't handle rms(nil)
\e 
\e 
\e *Error* deriv: can't handle deriv(nil)
\e 
\e 
\o *Info*    Client has finished evaluating ... 
\o 
\o 
\o *Info*    Run complete for Point ID (49 185) on testbench [ psrr ].
\o 
\o 
\o 
\o 
\o 
\e *Error* rms: can't handle rms(nil)
\e 
\e 
\e *Error* deriv: can't handle deriv(nil)
\e 
\e 
\o *Info*    Client has finished evaluating ... 
\o 
\o 
\o *Info*    Run complete for Point ID (49 186) on testbench [ psrr ].
\o 
\o 
\o 
\o 
\o 
\e *Error* rms: can't handle rms(nil)
\e 
\e 
\e *Error* deriv: can't handle deriv(nil)
\e 
\e 
\o *Info*    Client has finished evaluating ... 
\o 
\o 
\o *Info*    Run complete for Point ID (49 187) on testbench [ psrr ].
\o 
\o 
\o 
\o 
\o 
\e *Error* rms: can't handle rms(nil)
\e 
\e 
\e *Error* deriv: can't handle deriv(nil)
\e 
\e 
\o *Info*    Client has finished evaluating ... 
\o 
\o 
\o *Info*    Run complete for Point ID (49 188) on testbench [ psrr ].
\o 
\o 
\o 
\o 
\o 
\e *Error* rms: can't handle rms(nil)
\e 
\e 
\e *Error* deriv: can't handle deriv(nil)
\e 
\e 
\o *Info*    Client has finished evaluating ... 
\o 
\o 
\o *Info*    Run complete for Point ID (49 189) on testbench [ psrr ].
\o 
\o 
\o 
\o 
\o 
\e *Error* rms: can't handle rms(nil)
\e 
\e 
\e *Error* deriv: can't handle deriv(nil)
\e 
\e 
\o *Info*    Client has finished evaluating ... 
\o 
\o 
\o *Info*    Run complete for Point ID (49 190) on testbench [ psrr ].
\o 
\o 
\o 
\o 
\o 
\e *Error* rms: can't handle rms(nil)
\e 
\e 
\e *Error* deriv: can't handle deriv(nil)
\e 
\e 
\o *Info*    Client has finished evaluating ... 
\o 
\o 
\o *Info*    Run complete for Point ID (49 191) on testbench [ psrr ].
\o 
\o 
\o 
\o 
\o 
\e *Error* rms: can't handle rms(nil)
\e 
\e 
\e *Error* deriv: can't handle deriv(nil)
\e 
\e 
\o *Info*    Client has finished evaluating ... 
\o 
\o 
\o *Info*    Run complete for Point ID (49 192) on testbench [ psrr ].
\o 
\o 
\o 
\o 
\o 
\e *Error* rms: can't handle rms(nil)
\e 
\e 
\e *Error* deriv: can't handle deriv(nil)
\e 
\e 
\o *Info*    Client has finished evaluating ... 
\o 
\o 
\o *Info*    Run complete for Point ID (49 193) on testbench [ psrr ].
\o 
\o 
\o 
\o 
\o 
\e *Error* rms: can't handle rms(nil)
\e 
\e 
\e *Error* deriv: can't handle deriv(nil)
\e 
\e 
\o *Info*    Client has finished evaluating ... 
\o 
\o 
\o *Info*    Run complete for Point ID (49 194) on testbench [ psrr ].
\o 
\o 
\o 
\o 
\o 
\e *Error* rms: can't handle rms(nil)
\e 
\e 
\e *Error* deriv: can't handle deriv(nil)
\e 
\e 
\o *Info*    Client has finished evaluating ... 
\o 
\o 
\o *Info*    Run complete for Point ID (49 195) on testbench [ psrr ].
\o 
\o 
\o 
\o 
\o 
\e *Error* rms: can't handle rms(nil)
\e 
\e 
\e *Error* deriv: can't handle deriv(nil)
\e 
\e 
\o *Info*    Client has finished evaluating ... 
\o 
\o 
\o *Info*    Run complete for Point ID (49 196) on testbench [ psrr ].
\o 
\o 
\o 
\o 
\o 
\e *Error* rms: can't handle rms(nil)
\e 
\e 
\e *Error* deriv: can't handle deriv(nil)
\e 
\e 
\o *Info*    Client has finished evaluating ... 
\o 
\o 
\o *Info*    Run complete for Point ID (49 197) on testbench [ psrr ].
\o 
\o 
\o 
\o 
\o 
\e *Error* rms: can't handle rms(nil)
\e 
\e 
\e *Error* deriv: can't handle deriv(nil)
\e 
\e 
\o *Info*    Client has finished evaluating ... 
\o 
\o 
\o *Info*    Run complete for Point ID (49 198) on testbench [ psrr ].
\o 
\o 
\o 
\o 
\o 
\e *Error* rms: can't handle rms(nil)
\e 
\e 
\e *Error* deriv: can't handle deriv(nil)
\e 
\e 
\o *Info*    Client has finished evaluating ... 
\o 
\o 
\o *Info*    Run complete for Point ID (49 199) on testbench [ psrr ].
\o 
\o 
\o 
\o 
\o 
\o INFO (ADE-3071): Simulation completed successfully.
\o reading simulation data...
\o       ...successful.
\o *Info*    Monte Carlo Simulation completed successfully...
\o WARNING (WIA-1120):  : Invalid directory found while clearing SST2 resources.
\o *Info*    Client has finished evaluating ... 
\o 
\o 
\o *Info*    Run complete for Point ID (49 200) on testbench [ psrr ].
\o 
\o 
\o 
\o 
\o 
\# Memory report: Maximum memory size now 15259869184 (0x38d8f2000) bytes, UTC 2015.07.19 20:47:19.637
\o Simulation design variables differ from those on the cellView,
\o they have been saved in the file "/tmp/saved-design-variables".
\o To save future changes, copy variables to cellView before exiting.
\# Memory report: on exit 208637952 (0xc6f9000) bytes, process size 956051456 (0x38fc3000) bytes at UTC 2015.07.19 20:52:15.025
\# Memory report: peak usage 208658432 (0xc6fe000) bytes, process size 956063744 (0x38fc6000) bytes
