\# Program start time UTC 2015.09.02 11:57:10.295
\# Local time Wednesday 2 September 2015, 1:57 pm
\o Program:		@(#)$CDS: virtuoso version 6.1.5-64b 06/11/2013 20:05 (sjfnl006) $
\o Hierarchy:		/afs/kth.se/pkg/designkits/ekt/cdc/installs/IC615_500_171/tools.lnx86/dfII/
\o Sub version:		sub-version  IC6.1.5-64b.500.17  (64-bit addresses)
\# Host name (type):	subway.it.kth.se (x86_64)
\# Operating system:	Linux 2.6.18-406.el5 #1 SMP Fri May 1 10:37:57 EDT 2015
\# X display name (WxH):	subway.it.kth.se:80.0 (1024x868)
\# Available geometry:			TL(0:0) BR(1023:867)
\# X server:			RealVNC Ltd (VNC nograph server)
\# Depth of Visual (Root):	16 (16)
\# Number of Planes Used:	16
\# X version:		11.0 (vendor release 3370)
\# X resource pool:	base 0x3400000, mask 0x3fffff (4194303), shift 0
\# 			current id 0x31, current max 0x3ffffa (4194298)
\# Memory report:	maximum data size 18446744073709551615 (0xffffffffffffffff) bytes
\# Memory report:	maximum process size 18446744073709551615 (0xffffffffffffffff) bytes
\# Initial sbrk value:	434462720 (0x19e56000) bytes
\# Available memory:	67872648 (0x40ba788) kilobytes
\# System memory:	98765660 (0x5e30b5c) kilobytes
\# Maximum memory size:	100766683136 (0x1776299000) bytes
\# Max mem available:	69566701568 (0x10327fa000) bytes
\# Initial memory used:	65110016 (0x3e18000) bytes
\#        process size:	680611840 (0x28915000) bytes
\# Qt version:		4.5.3
\# Window Manager:	other
\# User Name:		saul
\o Working Directory:	subway.it.kth.se:/afs/kth.se/home/s/a/saul/projects/IMPLANTABLE_AMS/version1/saul
\# Process Id:		22906
\o 
\o COPYRIGHT © 1992-2013  CADENCE DESIGN SYSTEMS INC.  ALL RIGHTS RESERVED.
\o           © 1992-2013  UNIX SYSTEMS Laboratories INC.,
\o                          Reproduced with permission.
\o 
\o This Cadence Design Systems program and online documentation are
\o proprietary/confidential information and may be disclosed/used only
\o as authorized in a license agreement controlling such use and disclosure.
\o 
\o           RESTRICTED RIGHTS NOTICE (SHORT FORM)
\o Use/reproduction/disclosure is subject to restriction
\o set forth at FAR 1252.227-19 or its equivalent.
\# Available memory:	67818856 (0x40ad568) kilobytes UTC 2015.09.02 11:57:11.736
\# Memory report: Maximum memory size now 69519314944 (0x102fac9000) bytes, UTC 2015.09.02 11:57:11.736
\o Loading geView.cxt 
\o Loading menuBuilder.cxt 
\o Loading schView.cxt 
\o Loading selectSv.cxt 
\o Loading LVS.cxt 
\o Loading layerProc.cxt 
\o Loading xlUI.cxt 
\o Loading auCore.cxt 
\o Loading dcm.cxt 
\o Loading vhdl.cxt 
\o Loading seismic.cxt 
\o Loading ci.cxt 
\o Loading ams.cxt 
\o Loading adexl.cxt 
\o Loading oasis.cxt 
\o Loading asimenv.cxt 
\o Loading analog.cxt 
\o Loading par.cxt 
\o Loading socket.cxt 
\o Loading alvs.cxt 
\o *Info*    Exporting services from client ... 
\o 
\w *WARNING* LIB TECH_H18A6 from File /afs/kth.se/home/s/a/saul/projects/IMPLANTABLE_AMS/version1/saul/cds.lib Line 67 redefines
\w LIB TECH_H18A6 from the same file (defined earlier.)
\w *WARNING* The directory: '/afs/ict.kth.se/proj/ektlab/PDK/AMS/cds/HK_H18/TECH_H18A7AMAM' does not exist
\w 	but was defined in libFile '/afs/kth.se/home/s/a/saul/projects/IMPLANTABLE_AMS/version1/saul/cds.lib' for Lib 'TECH_H18A7AM'.
\w *WARNING* The directory: '/afs/ict.kth.se/proj/ektlab/PDK/AMS/cds/HK_H18/TECH_H18A5AMAM' does not exist
\w 	but was defined in libFile '/afs/kth.se/home/s/a/saul/projects/IMPLANTABLE_AMS/version1/saul/cds.lib' for Lib 'TECH_H18A5AM'.
\w *WARNING* The directory: '/afs/ict.kth.se/proj/ektlab/PDK/AMS/cds/HK_H18/TECH_H18A4AMAM' does not exist
\w 	but was defined in libFile '/afs/kth.se/home/s/a/saul/projects/IMPLANTABLE_AMS/version1/saul/cds.lib' for Lib 'TECH_H18A4AM'.
\w *WARNING* The directory: '/afs/ict.kth.se/proj/ektlab/PDK/AMS/cds/HK_H18/TECH_H18A3AMAM' does not exist
\w 	but was defined in libFile '/afs/kth.se/home/s/a/saul/projects/IMPLANTABLE_AMS/version1/saul/cds.lib' for Lib 'TECH_H18A3AM'.
\o ......................................................................................
\o            ams AG hitkit v.ams_4.11
\o ......................................................................................
\o COPYRIGHT (c) 2013 Full Service Foundry @ ams AG.  ALL RIGHTS RESERVED
\o This hitkit and attached documentation are confidential information and may 
\o only be used as authorized by the hitkit license agreement.
\o ......................................................................................
\o Loading simulator default settings.
\o HitKit On-Line Documentation not enabled - does ~/data.reg exist?
\o No mx check
\o  
\o Loading IBM PDK cmhv7sf procedures for Cadence Version "6.1.5-64b"...
\o ...IBM PDK cmhv7sf procedures loaded.
\o  
\o Loading simulator default settings.
\o *Info*    Client has finished starting ... 
\o 
\p hitkit: ams_4.11  Tech: h18a6am  User: saul 
\o Initializing IBM_PDK functions
\o IBM_PDK skill procedures for Cadence 6.1 - Nov 29 08:29:37 2010
\o Licensed Materials - Property of IBM - All Rights Reserved 
\o Copyright: International Business Machines Corporation, 2015
\o This Material may not be copied without the written consent of 
\o Semiconductor Research and Development Center, IBM Corp., Essex Junction, VT 05452-4299.
\o  Default set for Left & Right WindowCoordIBM
\o System hardware set for Linux IBM_PDK procedures
\o Setting calibre env variable table for cmhv7sf 
\o Using menu definition file: /afs/ict.kth.se/proj/ektlab/PDK/AMS/cds/HK_H18/cmhv7sf/ibmPdkMenu.def
\o set cmhv7sf  calibre env variables based on ibmPdkMenuCalibre settings
\o set cmhv7sf  calibre env variables based on ibmPdkMenuCalibreDrc settings
\o set cmhv7sf  calibre env variables based on ibmPdkMenuCalibreLvs settings
\o set cmhv7sf  calibre env variables based on ibmPdkMenuCalibrePerc settings
\o 
\o 
\o *Info*    Configuring the session ...
\o 
\o 	Library      = IMP_POW_LDO
\o 	Cell         = ldo_tb
\o 	View         = schematic
\o 	Simulator    = spectre
\o 	State Path   = $AXL_SETUPDB_DIR/test_states
\o 	State Name   = IMP_POW_LDO:ldo_tb:1_state1_MonteCarlo.0
\o 	Results DB   = /afs/kth.se/home/s/a/saul/projects/IMPLANTABLE_AMS/version1/saul/IMP_POW_LDO/ldo_tb/adexl/results/data/MonteCarlo.0.rdb
\o 	Results Dir  = /afs/kth.se/home/s/a/saul/Sim/IMP_POW_LDO/ldo_tb/adexl/results/data/MonteCarlo.0/26/IMP_POW_LDO:ldo_tb:1
\o 	Results Loc  = /afs/kth.se/home/s/a/saul/Sim/IMP_POW_LDO/ldo_tb/adexl/results/data
\o 	Project Dir  = /afs/kth.se/home/s/a/saul/projects/IMPLANTABLE_AMS/version1/saul/Sim
\o 	Setup DB loc = /afs/kth.se/home/s/a/saul/projects/IMPLANTABLE_AMS/version1/saul/IMP_POW_LDO/ldo_tb/adexl
\o 	File Encoding = 0
\o 
\o 
\o Loading simui.cxt 
\o Loading awv.cxt 
\o Loading viva.cxt 
\o *Info*    Spectre controlMode is set "batch".
\o 
\o Loading spectrei.cxt 
\# Memory report: now 173035520 (0xa505000) bytes, process size 920289280 (0x36da8000) bytes at UTC 2015.09.02 11:57:23.028
\o Loading relXpert.cxt 
\w *WARNING* LIB TECH_H18A6 from File /afs/kth.se/home/s/a/saul/projects/IMPLANTABLE_AMS/version1/saul/cds.lib Line 67 redefines
\w LIB TECH_H18A6 from the same file (defined earlier.)
\w *WARNING* The directory: '/afs/ict.kth.se/proj/ektlab/PDK/AMS/cds/HK_H18/TECH_H18A7AMAM' does not exist
\w 	but was defined in libFile '/afs/kth.se/home/s/a/saul/projects/IMPLANTABLE_AMS/version1/saul/cds.lib' for Lib 'TECH_H18A7AM'.
\w *WARNING* The directory: '/afs/ict.kth.se/proj/ektlab/PDK/AMS/cds/HK_H18/TECH_H18A5AMAM' does not exist
\w 	but was defined in libFile '/afs/kth.se/home/s/a/saul/projects/IMPLANTABLE_AMS/version1/saul/cds.lib' for Lib 'TECH_H18A5AM'.
\w *WARNING* The directory: '/afs/ict.kth.se/proj/ektlab/PDK/AMS/cds/HK_H18/TECH_H18A4AMAM' does not exist
\w 	but was defined in libFile '/afs/kth.se/home/s/a/saul/projects/IMPLANTABLE_AMS/version1/saul/cds.lib' for Lib 'TECH_H18A4AM'.
\w *WARNING* The directory: '/afs/ict.kth.se/proj/ektlab/PDK/AMS/cds/HK_H18/TECH_H18A3AMAM' does not exist
\w 	but was defined in libFile '/afs/kth.se/home/s/a/saul/projects/IMPLANTABLE_AMS/version1/saul/cds.lib' for Lib 'TECH_H18A3AM'.
\o Loading hspiceD.cxt 
\o Loading spectreinl.cxt 
\o Loading msgHandler.cxt 
\o Loading UltraSim.cxt 
\o Loading AMSOSS.cxt 
\o Loading AMS.cxt 
\o Loading devCheck.cxt 
\o 
\o 
\o 
\o 
\o 
\o *Info*    Run start for Point ID (1 101) on testbench [
\o           IMP_POW_LDO:ldo_tb:1 ].
\o 
\o Resetting statistical vars
\o 
\o *Info*    Setting parameter values ...
\o 
\o Setting var CL = "10u"
\o Setting var RL = "1k"
\o Setting var VD_AC = "0"
\o Setting var VIN_PULSE = "10m"
\o Setting var VREF = "1.2"
\o Setting var VREF_AC = "1"
\o Setting var Vsupply = "3"
\o Loading monte.cxt 
\o Setting temp(T) = 27
\o 
\o *Info*    Netlist Directory =
\o           /afs/kth.se/home/s/a/saul/Sim/IMP_POW_LDO/ldo_tb/adexl/results/data/MonteCarlo.0/101/IMP_POW_LDO:ldo_tb:1/netlist
\o 
\o 
\o *Info*    Data Directory    =
\o           /afs/kth.se/home/s/a/saul/Sim/IMP_POW_LDO/ldo_tb/adexl/results/data/MonteCarlo.0/101/IMP_POW_LDO:ldo_tb:1
\o 
\o 
\o *Info*    Creating Netlist for Point ID (1 101)
\o 
\o generate netlist...
\o Loading seCore.cxt 
\o function ansCdlCompPrim redefined
\o function ansCdlCompPrim redefined
\o Begin Incremental Netlisting Sep  2 13:57:33 2015
\o WARNING (OSSHNL-145): Incremental netlisting is not possible since the netlist in this run directory
\o was generated using a previous IHNL version which is incompatible with the
\o current IHNL version. Therefore re-netlisting the entire design using the
\o current IHNL version.
\o 
\o End netlisting Sep  2 13:57:35 2015
\o 
\o Netlisting Statistics:
\o 	Number of components:   20
\o 
\o 	Elapsed time:          3.0s (6.67/s)
\o Errors: 0	Warnings: 0
\o       ...successful.
\o compose simulator input file...
\o       ...successful.
\o 
\o *Info*    Running simulation on testbench [ IMP_POW_LDO:ldo_tb:1 ]
\o           for Point ID (1 101).
\o 
\o *Info*    Spectre controlMode is set "batch" due to monte carlo run.
\o 
\o Delete psf data in /afs/kth.se/home/s/a/saul/Sim/IMP_POW_LDO/ldo_tb/adexl/results/data/MonteCarlo.0/101/IMP_POW_LDO:ldo_tb:1/psf.
\o generate netlist...
\o function ansCdlCompPrim redefined
\o function ansCdlCompPrim redefined
\o Begin Incremental Netlisting Sep  2 13:57:40 2015
\o End netlisting Sep  2 13:57:40 2015
\o 
\o 	The netlist is up to date.
\o 	Time taken to compare the design with netlist:   2.0s
\o       ...successful.
\o compose simulator input file...
\o       ...successful.
\o start simulator if needed...
\o       ...successful.
\o simulate...
\o To view the simulator output, right-click on the test name, result 
\o name, or any value in the "Results" tab of the Outputs section and 
\o choose "Output Log" menu option.
\o Loading paraplot.cxt 
\# Memory report: Maximum memory size now 68047994880 (0xfd7fa0000) bytes, UTC 2015.09.02 11:58:03.747
\o Loading stats.cxt 
\o *Info*    Client has finished evaluating ... 
\o 
\o 
\o *Info*    Run complete for Point ID (1 101) on testbench [
\o           IMP_POW_LDO:ldo_tb:1 ].
\o 
\o 
\o 
\o 
\o 
\o *Info*    Client has finished evaluating ... 
\o 
\o 
\o *Info*    Run complete for Point ID (1 102) on testbench [
\o           IMP_POW_LDO:ldo_tb:1 ].
\o 
\o 
\o 
\o 
\o 
\o *Info*    Client has finished evaluating ... 
\o 
\o 
\o *Info*    Run complete for Point ID (1 103) on testbench [
\o           IMP_POW_LDO:ldo_tb:1 ].
\o 
\o 
\o 
\o 
\o 
\o *Info*    Client has finished evaluating ... 
\o 
\o 
\o *Info*    Run complete for Point ID (1 104) on testbench [
\o           IMP_POW_LDO:ldo_tb:1 ].
\o 
\o 
\o 
\o 
\o 
\o *Info*    Client has finished evaluating ... 
\o 
\o 
\o *Info*    Run complete for Point ID (1 105) on testbench [
\o           IMP_POW_LDO:ldo_tb:1 ].
\o 
\o 
\o 
\o 
\o 
\o *Info*    Client has finished evaluating ... 
\o 
\o 
\o *Info*    Run complete for Point ID (1 106) on testbench [
\o           IMP_POW_LDO:ldo_tb:1 ].
\o 
\o 
\o 
\o 
\o 
\o *Info*    Client has finished evaluating ... 
\o 
\o 
\o *Info*    Run complete for Point ID (1 107) on testbench [
\o           IMP_POW_LDO:ldo_tb:1 ].
\o 
\o 
\o 
\o 
\o 
\o *Info*    Client has finished evaluating ... 
\o 
\o 
\o *Info*    Run complete for Point ID (1 108) on testbench [
\o           IMP_POW_LDO:ldo_tb:1 ].
\o 
\o 
\o 
\o 
\o 
\o *Info*    Client has finished evaluating ... 
\o 
\o 
\o *Info*    Run complete for Point ID (1 109) on testbench [
\o           IMP_POW_LDO:ldo_tb:1 ].
\o 
\o 
\o 
\o 
\o 
\o *Info*    Client has finished evaluating ... 
\o 
\o 
\o *Info*    Run complete for Point ID (1 110) on testbench [
\o           IMP_POW_LDO:ldo_tb:1 ].
\o 
\o 
\o 
\o 
\o 
\o *Info*    Client has finished evaluating ... 
\o 
\o 
\o *Info*    Run complete for Point ID (1 111) on testbench [
\o           IMP_POW_LDO:ldo_tb:1 ].
\o 
\o 
\o 
\o 
\o 
\o *Info*    Client has finished evaluating ... 
\o 
\o 
\o *Info*    Run complete for Point ID (1 112) on testbench [
\o           IMP_POW_LDO:ldo_tb:1 ].
\o 
\o 
\o 
\o 
\o 
\o *Info*    Client has finished evaluating ... 
\o 
\o 
\o *Info*    Run complete for Point ID (1 113) on testbench [
\o           IMP_POW_LDO:ldo_tb:1 ].
\o 
\o 
\o 
\o 
\o 
\o *Info*    Client has finished evaluating ... 
\o 
\o 
\o *Info*    Run complete for Point ID (1 114) on testbench [
\o           IMP_POW_LDO:ldo_tb:1 ].
\o 
\o 
\o 
\o 
\o 
\o *Info*    Client has finished evaluating ... 
\o 
\o 
\o *Info*    Run complete for Point ID (1 115) on testbench [
\o           IMP_POW_LDO:ldo_tb:1 ].
\o 
\o 
\o 
\o 
\o 
\o *Info*    Client has finished evaluating ... 
\o 
\o 
\o *Info*    Run complete for Point ID (1 116) on testbench [
\o           IMP_POW_LDO:ldo_tb:1 ].
\o 
\o 
\o 
\o 
\o 
\o *Info*    Client has finished evaluating ... 
\o 
\o 
\o *Info*    Run complete for Point ID (1 117) on testbench [
\o           IMP_POW_LDO:ldo_tb:1 ].
\o 
\o 
\o 
\o 
\o 
\o *Info*    Client has finished evaluating ... 
\o 
\o 
\o *Info*    Run complete for Point ID (1 118) on testbench [
\o           IMP_POW_LDO:ldo_tb:1 ].
\o 
\o 
\o 
\o 
\o 
\o *Info*    Client has finished evaluating ... 
\o 
\o 
\o *Info*    Run complete for Point ID (1 119) on testbench [
\o           IMP_POW_LDO:ldo_tb:1 ].
\o 
\o 
\o 
\o 
\o 
\o *Info*    Client has finished evaluating ... 
\o 
\o 
\o *Info*    Run complete for Point ID (1 120) on testbench [
\o           IMP_POW_LDO:ldo_tb:1 ].
\o 
\o 
\o 
\o 
\o 
\o *Info*    Client has finished evaluating ... 
\o 
\o 
\o *Info*    Run complete for Point ID (1 121) on testbench [
\o           IMP_POW_LDO:ldo_tb:1 ].
\o 
\o 
\o 
\o 
\o 
\o *Info*    Client has finished evaluating ... 
\o 
\o 
\o *Info*    Run complete for Point ID (1 122) on testbench [
\o           IMP_POW_LDO:ldo_tb:1 ].
\o 
\o 
\o 
\o 
\o 
\o *Info*    Client has finished evaluating ... 
\o 
\o 
\o *Info*    Run complete for Point ID (1 123) on testbench [
\o           IMP_POW_LDO:ldo_tb:1 ].
\o 
\o 
\o 
\o 
\o 
\o *Info*    Client has finished evaluating ... 
\o 
\o 
\o *Info*    Run complete for Point ID (1 124) on testbench [
\o           IMP_POW_LDO:ldo_tb:1 ].
\o 
\o 
\o 
\o 
\o 
\o INFO (ADE-3071): Simulation completed successfully.
\o reading simulation data...
\o       ...successful.
\o *Info*    Monte Carlo Simulation completed successfully...
\o WARNING (WIA-1120):  : Invalid directory found while clearing SST2 resources.
\o *Info*    Client has finished evaluating ... 
\o 
\o 
\o *Info*    Run complete for Point ID (1 125) on testbench [
\o           IMP_POW_LDO:ldo_tb:1 ].
\o 
\o 
\o 
\o 
\o 
\o Simulation design variables differ from those on the cellView,
\o they have been saved in the file "/tmp/saved-design-variables6".
\o To save future changes, copy variables to cellView before exiting.
\# Memory report: on exit 277557248 (0x108b3000) bytes, process size 1024811008 (0x3d156000) bytes at UTC 2015.09.02 12:07:16.440
\# Memory report: peak usage 277581824 (0x108b9000) bytes, process size 1024831488 (0x3d15b000) bytes
