\# Program start time UTC 2015.10.19 09:23:39.282
\# Local time Monday 19 October 2015, 11:23 am
\o Program:		@(#)$CDS: virtuoso version 6.1.5-64b 06/11/2013 20:05 (sjfnl006) $
\o Hierarchy:		/pkg/Cadence/installs/IC615/tools.lnx86/dfII/
\o Sub version:		sub-version  IC6.1.5-64b.500.17  (64-bit addresses)
\# Host name (type):	localhost.localdomain (x86_64)
\# Operating system:	Linux 2.6.18-406.el5 #1 SMP Tue Jun 2 17:25:57 EDT 2015
\# X display name (WxH):	localhost.localdomain:80.0 (1024x868)
\# Available geometry:			TL(0:0) BR(1023:867)
\# X server:			RealVNC Ltd (VNC nograph server)
\# Depth of Visual (Root):	16 (16)
\# Number of Planes Used:	16
\# X version:		11.0 (vendor release 3370)
\# X resource pool:	base 0x800000, mask 0x3fffff (4194303), shift 0
\# 			current id 0x31, current max 0x3ffffa (4194298)
\# Memory report:	maximum data size 18446744073709551615 (0xffffffffffffffff) bytes
\# Memory report:	maximum process size 18446744073709551615 (0xffffffffffffffff) bytes
\# Initial sbrk value:	536780800 (0x1ffea000) bytes
\# Available memory:	22927660 (0x15dd92c) kilobytes
\# System memory:	24046944 (0x16eed60) kilobytes
\# Maximum memory size:	24143691776 (0x59f138000) bytes
\# Max mem available:	23534325760 (0x57ac15000) bytes
\# Initial memory used:	56401920 (0x35ca000) bytes
\#        process size:	667676672 (0x27cbf000) bytes
\# Qt version:		4.5.3
\# Window Manager:	other
\# User Name:		saul
\o Working Directory:	localhost.localdomain:/home/saul/projects/IMPLANTABLE_AMS/version1/saul
\# Process Id:		5532
\o 
\o COPYRIGHT © 1992-2013  CADENCE DESIGN SYSTEMS INC.  ALL RIGHTS RESERVED.
\o           © 1992-2013  UNIX SYSTEMS Laboratories INC.,
\o                          Reproduced with permission.
\o 
\o This Cadence Design Systems program and online documentation are
\o proprietary/confidential information and may be disclosed/used only
\o as authorized in a license agreement controlling such use and disclosure.
\o 
\o           RESTRICTED RIGHTS NOTICE (SHORT FORM)
\o Use/reproduction/disclosure is subject to restriction
\o set forth at FAR 1252.227-19 or its equivalent.
\# Available memory:	22891420 (0x15d4b9c) kilobytes UTC 2015.10.19 09:23:39.589
\# Memory report: Maximum memory size now 23520206848 (0x579e9e000) bytes, UTC 2015.10.19 09:23:39.589
\o Loading geView.cxt 
\o Loading menuBuilder.cxt 
\o Loading schView.cxt 
\o Loading selectSv.cxt 
\o Loading LVS.cxt 
\o Loading layerProc.cxt 
\o Loading xlUI.cxt 
\o Loading auCore.cxt 
\o Loading dcm.cxt 
\o Loading vhdl.cxt 
\o Loading seismic.cxt 
\o Loading ci.cxt 
\o Loading ams.cxt 
\o Loading adexl.cxt 
\o Loading oasis.cxt 
\o Loading asimenv.cxt 
\o Loading analog.cxt 
\o Loading par.cxt 
\o Loading socket.cxt 
\o Loading alvs.cxt 
\o *Info*    Exporting services from client ... 
\o 
\w *WARNING* LIB TECH_H18A6 from File /home/saul/projects/IMPLANTABLE_AMS/version1/saul/cds.lib Line 69 redefines
\w LIB TECH_H18A6 from the same file (defined earlier.)
\w *WARNING* The directory: '/pkg/AMS411/cds/HK_H18/TECH_H18A7AMAM' does not exist
\w 	but was defined in libFile '/home/saul/projects/IMPLANTABLE_AMS/version1/saul/cds.lib' for Lib 'TECH_H18A7AM'.
\w *WARNING* The directory: '/pkg/AMS411/cds/HK_H18/TECH_H18A5AMAM' does not exist
\w 	but was defined in libFile '/home/saul/projects/IMPLANTABLE_AMS/version1/saul/cds.lib' for Lib 'TECH_H18A5AM'.
\w *WARNING* The directory: '/pkg/AMS411/cds/HK_H18/TECH_H18A4AMAM' does not exist
\w 	but was defined in libFile '/home/saul/projects/IMPLANTABLE_AMS/version1/saul/cds.lib' for Lib 'TECH_H18A4AM'.
\w *WARNING* The directory: '/pkg/AMS411/cds/HK_H18/TECH_H18A3AMAM' does not exist
\w 	but was defined in libFile '/home/saul/projects/IMPLANTABLE_AMS/version1/saul/cds.lib' for Lib 'TECH_H18A3AM'.
\o ......................................................................................
\o            ams AG hitkit v.ams_4.11
\o ......................................................................................
\o COPYRIGHT (c) 2013 Full Service Foundry @ ams AG.  ALL RIGHTS RESERVED
\o This hitkit and attached documentation are confidential information and may 
\o only be used as authorized by the hitkit license agreement.
\o ......................................................................................
\o Loading simulator default settings.
\o HitKit On-Line Documentation not enabled - does ~/data.reg exist?
\o No mx check
\o  
\o Loading IBM PDK cmhv7sf procedures for Cadence Version "6.1.5-64b"...
\o ...IBM PDK cmhv7sf procedures loaded.
\o  
\o Loading simulator default settings.
\o *Info*    Client has finished starting ... 
\o 
\p hitkit: ams_4.11  Tech: h18a6am  User: saul 
\o 
\o 
\o *Info*    Configuring the session ...
\o 
\o 	Library      = IMP_AN_SIGNAL_GEN_GM
\o 	Cell         = S3_TB
\o 	View         = schematic
\o 	Simulator    = spectre
\o 	State Path   = $AXL_SETUPDB_DIR/test_states
\o 	State Name   = IMP_AN_SIGNAL_GEN_GM:S3_TB:2_none_MonteCarlo.1
\o 	Results DB   = /home/saul/projects/IMPLANTABLE_AMS/version1/saul/IMP_AN_SIGNAL_GEN_GM/S3_TB/adexlNVM/results/data/MonteCarlo.1.rdb
\o 	Results Dir  = /home/saul/Sim/IMP_AN_SIGNAL_GEN_GM/S3_TB/adexlNVM/results/data/MonteCarlo.1/1/IMP_AN_SIGNAL_GEN_GM:S3_TB:2
\o 	Results Loc  = /home/saul/Sim/IMP_AN_SIGNAL_GEN_GM/S3_TB/adexlNVM/results/data
\o 	Project Dir  = /home/saul/projects/IMPLANTABLE_AMS/version1/saul/SimVM
\o 	Setup DB loc = /home/saul/projects/IMPLANTABLE_AMS/version1/saul/IMP_AN_SIGNAL_GEN_GM/S3_TB/adexlNVM
\o 	File Encoding = 0
\o 
\o 
\o Loading simui.cxt 
\o Loading awv.cxt 
\o Loading viva.cxt 
\o *Info*    Spectre controlMode is set "batch".
\o 
\o Loading spectrei.cxt 
\# Memory report: now 163942400 (0x9c59000) bytes, process size 911261696 (0x3650c000) bytes at UTC 2015.10.19 09:23:41.923
\o Loading relXpert.cxt 
\w *WARNING* LIB TECH_H18A6 from File /home/saul/projects/IMPLANTABLE_AMS/version1/saul/cds.lib Line 69 redefines
\w LIB TECH_H18A6 from the same file (defined earlier.)
\w *WARNING* The directory: '/pkg/AMS411/cds/HK_H18/TECH_H18A7AMAM' does not exist
\w 	but was defined in libFile '/home/saul/projects/IMPLANTABLE_AMS/version1/saul/cds.lib' for Lib 'TECH_H18A7AM'.
\w *WARNING* The directory: '/pkg/AMS411/cds/HK_H18/TECH_H18A5AMAM' does not exist
\w 	but was defined in libFile '/home/saul/projects/IMPLANTABLE_AMS/version1/saul/cds.lib' for Lib 'TECH_H18A5AM'.
\w *WARNING* The directory: '/pkg/AMS411/cds/HK_H18/TECH_H18A4AMAM' does not exist
\w 	but was defined in libFile '/home/saul/projects/IMPLANTABLE_AMS/version1/saul/cds.lib' for Lib 'TECH_H18A4AM'.
\w *WARNING* The directory: '/pkg/AMS411/cds/HK_H18/TECH_H18A3AMAM' does not exist
\w 	but was defined in libFile '/home/saul/projects/IMPLANTABLE_AMS/version1/saul/cds.lib' for Lib 'TECH_H18A3AM'.
\o Loading hspiceD.cxt 
\o Loading spectreinl.cxt 
\o Loading msgHandler.cxt 
\o Loading UltraSim.cxt 
\o Loading AMSOSS.cxt 
\o Loading AMS.cxt 
\o Loading devCheck.cxt 
\o Initializing IBM_PDK functions
\o IBM_PDK skill procedures for Cadence 6.1 - Nov 29 08:29:37 2010
\o Licensed Materials - Property of IBM - All Rights Reserved 
\o Copyright: International Business Machines Corporation, 2015
\o This Material may not be copied without the written consent of 
\o Semiconductor Research and Development Center, IBM Corp., Essex Junction, VT 05452-4299.
\o  Default set for Left & Right WindowCoordIBM
\o System hardware set for Linux IBM_PDK procedures
\o Setting calibre env variable table for cmhv7sf 
\o Using menu definition file: /pkg/AMS411/cds/HK_H18/cmhv7sf/ibmPdkMenu.def
\o set cmhv7sf  calibre env variables based on ibmPdkMenuCalibre settings
\o set cmhv7sf  calibre env variables based on ibmPdkMenuCalibreDrc settings
\o set cmhv7sf  calibre env variables based on ibmPdkMenuCalibreLvs settings
\o set cmhv7sf  calibre env variables based on ibmPdkMenuCalibrePerc settings
\o 
\o 
\o 
\o 
\o 
\o *Info*    Run start for Point ID (18 101) on testbench [
\o           IMP_AN_SIGNAL_GEN_GM:S3_TB:2 ].
\o 
\o Resetting statistical vars
\o 
\o *Info*    Setting parameter values ...
\o 
\o Setting var CMFB_VAC = "0"
\o Setting var CPAD = "4p"
\o Setting var DC_IN = "0"
\o Setting var G0 = "1.8"
\o Setting var G1 = "1.8"
\o Setting var G2 = "1.8"
\o Setting var G3 = "1.8"
\o Setting var I_REF = "100u"
\o Setting var PULSE_CMFB = "0"
\o Setting var RL = "1000"
\o Setting var VAC_CM = "1"
\o Setting var VCM_PULSE = "10m"
\o Setting var VDC_CM = "900m"
\o Setting var VDD_PULSE = "0"
\o Setting var VIN_AC = "0"
\o Setting var VIN_PULSE = "0"
\o Loading monte.cxt 
\o Setting temp(T) = 27
\o 
\o *Info*    Netlist Directory =
\o           /home/saul/Sim/IMP_AN_SIGNAL_GEN_GM/S3_TB/adexlNVM/results/data/MonteCarlo.1/101/IMP_AN_SIGNAL_GEN_GM:S3_TB:2/netlist
\o 
\o 
\o *Info*    Data Directory    =
\o           /home/saul/Sim/IMP_AN_SIGNAL_GEN_GM/S3_TB/adexlNVM/results/data/MonteCarlo.1/101/IMP_AN_SIGNAL_GEN_GM:S3_TB:2
\o 
\o 
\o *Info*    Creating Netlist for Point ID (18 101)
\o 
\o generate netlist...
\e *Error* load: can't access file - "/afs/ict.kth.se/proj/ektlab/PDK/AMS/cds/HK_ALL/skill/ansCdlCompPrim.il"
\o Loading seCore.cxt 
\e *Error* load: can't access file - "/afs/ict.kth.se/proj/ektlab/PDK/AMS/cds/HK_ALL/skill/ansCdlCompPrim.il"
\e *Error* load: can't access file - "/afs/ict.kth.se/proj/ektlab/PDK/AMS/cds/HK_ALL/skill/ansCdlCompPrim.il"
\o Begin Incremental Netlisting Oct 19 11:23:45 2015
\o WARNING (OSSHNL-145): Incremental netlisting is not possible since the netlist in this run directory
\o was generated using a previous IHNL version which is incompatible with the
\o current IHNL version. Therefore re-netlisting the entire design using the
\o current IHNL version.
\o 
\o End netlisting Oct 19 11:23:45 2015
\o 
\o Netlisting Statistics:
\o 	Number of components:  138
\o 
\o 	Elapsed time:          0.0s
\o Errors: 0	Warnings: 0
\o       ...successful.
\o compose simulator input file...
\o       ...successful.
\o 
\o *Info*    Running simulation on testbench [
\o           IMP_AN_SIGNAL_GEN_GM:S3_TB:2 ] for Point ID (18 101).
\o 
\o *Info*    Spectre controlMode is set "batch" due to monte carlo run.
\o 
\o Delete psf data in /home/saul/Sim/IMP_AN_SIGNAL_GEN_GM/S3_TB/adexlNVM/results/data/MonteCarlo.1/101/IMP_AN_SIGNAL_GEN_GM:S3_TB:2/psf.
\o generate netlist...
\e *Error* load: can't access file - "/afs/ict.kth.se/proj/ektlab/PDK/AMS/cds/HK_ALL/skill/ansCdlCompPrim.il"
\e *Error* load: can't access file - "/afs/ict.kth.se/proj/ektlab/PDK/AMS/cds/HK_ALL/skill/ansCdlCompPrim.il"
\o Begin Incremental Netlisting Oct 19 11:23:45 2015
\o End netlisting Oct 19 11:23:45 2015
\o 
\o 	The netlist is up to date.
\o 	Time taken to compare the design with netlist:   0.0s
\o       ...successful.
\o compose simulator input file...
\o       ...successful.
\o start simulator if needed...
\o       ...successful.
\o simulate...
\o To view the simulator output, right-click on the test name, result 
\o name, or any value in the "Results" tab of the Outputs section and 
\o choose "Output Log" menu option.
\o Loading paraplot.cxt 
\# Memory report: Maximum memory size now 22816030720 (0x54ff10000) bytes, UTC 2015.10.19 09:23:49.589
\e *Error* ("error" 0 t nil ("*Error* drfGetWaveformXVec (DRL-18): argument not a valid srr waveform interface object 105.9055"))
\e 
\e 
\o 
\o *Error*   Evaluating expression (histo(value(phaseDeg((VF("/OUTP") - VF("/OUTN"))) 1000000) 40 -2 4)). 
\o 
\o 
\e *Error* ("error" 0 t nil ("*Error* drfGetWaveformXVec (DRL-18): argument not a valid srr waveform interface object 2.78307e-05"))
\e 
\e 
\o 
\o *Error*   Evaluating expression (histo(value(mag((VF("/OUTP") - VF("/OUTN"))) 1000000) 40 0.117 0.121)). 
\o 
\o 
\o Loading stats.cxt 
\e *Error* ("error" 0 t nil ("*Error* drfGetWaveformXVec (DRL-18): argument not a valid srr waveform interface object 16.10016"))
\e 
\e 
\o 
\o *Error*   Evaluating expression (histo(value(phaseDeg((VF("/OUTP") - VF("/OUTN"))) 1000000) 40 -2 4)). 
\o 
\o 
\e *Error* ("error" 0 t nil ("*Error* drfGetWaveformXVec (DRL-18): argument not a valid srr waveform interface object 4.231566e-05"))
\e 
\e 
\o 
\o *Error*   Evaluating expression (histo(value(mag((VF("/OUTP") - VF("/OUTN"))) 1000000) 40 0.117 0.121)). 
\o 
\o 
\# Memory report: now 273354752 (0x104b1000) bytes, process size 1020674048 (0x3cd64000) bytes at UTC 2015.10.19 09:24:14.052
\o *Info*    Client has finished evaluating ... 
\o 
\o 
\o *Info*    Run complete for Point ID (18 101) on testbench [
\o           IMP_AN_SIGNAL_GEN_GM:S3_TB:2 ].
\o 
\o 
\o 
\o 
\o 
\e *Error* ("error" 0 t nil ("*Error* drfGetWaveformXVec (DRL-18): argument not a valid srr waveform interface object -170.8299"))
\e 
\e 
\o 
\o *Error*   Evaluating expression (histo(value(phaseDeg((VF("/OUTP") - VF("/OUTN"))) 1000000) 40 -2 4)). 
\o 
\o 
\e *Error* ("error" 0 t nil ("*Error* drfGetWaveformXVec (DRL-18): argument not a valid srr waveform interface object 0.0004826547"))
\e 
\e 
\o 
\o *Error*   Evaluating expression (histo(value(mag((VF("/OUTP") - VF("/OUTN"))) 1000000) 40 0.117 0.121)). 
\o 
\o 
\o *Info*    Client has finished evaluating ... 
\o 
\o 
\o *Info*    Run complete for Point ID (18 102) on testbench [
\o           IMP_AN_SIGNAL_GEN_GM:S3_TB:2 ].
\o 
\o 
\o 
\o 
\o 
\e *Error* ("error" 0 t nil ("*Error* drfGetWaveformXVec (DRL-18): argument not a valid srr waveform interface object 37.99944"))
\e 
\e 
\o 
\o *Error*   Evaluating expression (histo(value(phaseDeg((VF("/OUTP") - VF("/OUTN"))) 1000000) 40 -2 4)). 
\o 
\o 
\e *Error* ("error" 0 t nil ("*Error* drfGetWaveformXVec (DRL-18): argument not a valid srr waveform interface object 5.162898e-05"))
\e 
\e 
\o 
\o *Error*   Evaluating expression (histo(value(mag((VF("/OUTP") - VF("/OUTN"))) 1000000) 40 0.117 0.121)). 
\o 
\o 
\o *Info*    Client has finished evaluating ... 
\o 
\o 
\o *Info*    Run complete for Point ID (18 103) on testbench [
\o           IMP_AN_SIGNAL_GEN_GM:S3_TB:2 ].
\o 
\o 
\o 
\o 
\o 
\e *Error* ("error" 0 t nil ("*Error* drfGetWaveformXVec (DRL-18): argument not a valid srr waveform interface object 31.14411"))
\e 
\e 
\o 
\o *Error*   Evaluating expression (histo(value(phaseDeg((VF("/OUTP") - VF("/OUTN"))) 1000000) 40 -2 4)). 
\o 
\o 
\e *Error* ("error" 0 t nil ("*Error* drfGetWaveformXVec (DRL-18): argument not a valid srr waveform interface object 3.154611e-05"))
\e 
\e 
\o 
\o *Error*   Evaluating expression (histo(value(mag((VF("/OUTP") - VF("/OUTN"))) 1000000) 40 0.117 0.121)). 
\o 
\o 
\o *Info*    Client has finished evaluating ... 
\o 
\o 
\o *Info*    Run complete for Point ID (18 104) on testbench [
\o           IMP_AN_SIGNAL_GEN_GM:S3_TB:2 ].
\o 
\o 
\o 
\o 
\o 
\e *Error* ("error" 0 t nil ("*Error* drfGetWaveformXVec (DRL-18): argument not a valid srr waveform interface object 47.02092"))
\e 
\e 
\o 
\o *Error*   Evaluating expression (histo(value(phaseDeg((VF("/OUTP") - VF("/OUTN"))) 1000000) 40 -2 4)). 
\o 
\o 
\e *Error* ("error" 0 t nil ("*Error* drfGetWaveformXVec (DRL-18): argument not a valid srr waveform interface object 5.738483e-06"))
\e 
\e 
\o 
\o *Error*   Evaluating expression (histo(value(mag((VF("/OUTP") - VF("/OUTN"))) 1000000) 40 0.117 0.121)). 
\o 
\o 
\o *Info*    Client has finished evaluating ... 
\o 
\o 
\o *Info*    Run complete for Point ID (18 105) on testbench [
\o           IMP_AN_SIGNAL_GEN_GM:S3_TB:2 ].
\o 
\o 
\o 
\o 
\o 
\e *Error* ("error" 0 t nil ("*Error* drfGetWaveformXVec (DRL-18): argument not a valid srr waveform interface object 39.20139"))
\e 
\e 
\o 
\o *Error*   Evaluating expression (histo(value(phaseDeg((VF("/OUTP") - VF("/OUTN"))) 1000000) 40 -2 4)). 
\o 
\o 
\e *Error* ("error" 0 t nil ("*Error* drfGetWaveformXVec (DRL-18): argument not a valid srr waveform interface object 1.401949e-05"))
\e 
\e 
\o 
\o *Error*   Evaluating expression (histo(value(mag((VF("/OUTP") - VF("/OUTN"))) 1000000) 40 0.117 0.121)). 
\o 
\o 
\o *Info*    Client has finished evaluating ... 
\o 
\o 
\o *Info*    Run complete for Point ID (18 106) on testbench [
\o           IMP_AN_SIGNAL_GEN_GM:S3_TB:2 ].
\o 
\o 
\o 
\o 
\o 
\e *Error* ("error" 0 t nil ("*Error* drfGetWaveformXVec (DRL-18): argument not a valid srr waveform interface object 26.04962"))
\e 
\e 
\o 
\o *Error*   Evaluating expression (histo(value(phaseDeg((VF("/OUTP") - VF("/OUTN"))) 1000000) 40 -2 4)). 
\o 
\o 
\e *Error* ("error" 0 t nil ("*Error* drfGetWaveformXVec (DRL-18): argument not a valid srr waveform interface object 4.666984e-06"))
\e 
\e 
\o 
\o *Error*   Evaluating expression (histo(value(mag((VF("/OUTP") - VF("/OUTN"))) 1000000) 40 0.117 0.121)). 
\o 
\o 
\o *Info*    Client has finished evaluating ... 
\o 
\o 
\o *Info*    Run complete for Point ID (18 107) on testbench [
\o           IMP_AN_SIGNAL_GEN_GM:S3_TB:2 ].
\o 
\o 
\o 
\o 
\o 
\e *Error* ("error" 0 t nil ("*Error* drfGetWaveformXVec (DRL-18): argument not a valid srr waveform interface object 174.0557"))
\e 
\e 
\o 
\o *Error*   Evaluating expression (histo(value(phaseDeg((VF("/OUTP") - VF("/OUTN"))) 1000000) 40 -2 4)). 
\o 
\o 
\e *Error* ("error" 0 t nil ("*Error* drfGetWaveformXVec (DRL-18): argument not a valid srr waveform interface object 8.955311e-05"))
\e 
\e 
\o 
\o *Error*   Evaluating expression (histo(value(mag((VF("/OUTP") - VF("/OUTN"))) 1000000) 40 0.117 0.121)). 
\o 
\o 
\o *Info*    Client has finished evaluating ... 
\o 
\o 
\o *Info*    Run complete for Point ID (18 108) on testbench [
\o           IMP_AN_SIGNAL_GEN_GM:S3_TB:2 ].
\o 
\o 
\o 
\o 
\o 
\# Memory report: Maximum memory size now 22305964032 (0x5318a0000) bytes, UTC 2015.10.19 09:25:00.249
\e *Error* ("error" 0 t nil ("*Error* drfGetWaveformXVec (DRL-18): argument not a valid srr waveform interface object 164.7664"))
\e 
\e 
\o 
\o *Error*   Evaluating expression (histo(value(phaseDeg((VF("/OUTP") - VF("/OUTN"))) 1000000) 40 -2 4)). 
\o 
\o 
\e *Error* ("error" 0 t nil ("*Error* drfGetWaveformXVec (DRL-18): argument not a valid srr waveform interface object 1.198648e-05"))
\e 
\e 
\o 
\o *Error*   Evaluating expression (histo(value(mag((VF("/OUTP") - VF("/OUTN"))) 1000000) 40 0.117 0.121)). 
\o 
\o 
\o *Info*    Client has finished evaluating ... 
\o 
\o 
\o *Info*    Run complete for Point ID (18 109) on testbench [
\o           IMP_AN_SIGNAL_GEN_GM:S3_TB:2 ].
\o 
\o 
\o 
\o 
\o 
\e *Error* ("error" 0 t nil ("*Error* drfGetWaveformXVec (DRL-18): argument not a valid srr waveform interface object -147.1605"))
\e 
\e 
\o 
\o *Error*   Evaluating expression (histo(value(phaseDeg((VF("/OUTP") - VF("/OUTN"))) 1000000) 40 -2 4)). 
\o 
\o 
\e *Error* ("error" 0 t nil ("*Error* drfGetWaveformXVec (DRL-18): argument not a valid srr waveform interface object 5.899308e-05"))
\e 
\e 
\o 
\o *Error*   Evaluating expression (histo(value(mag((VF("/OUTP") - VF("/OUTN"))) 1000000) 40 0.117 0.121)). 
\o 
\o 
\o *Info*    Client has finished evaluating ... 
\o 
\o 
\o *Info*    Run complete for Point ID (18 110) on testbench [
\o           IMP_AN_SIGNAL_GEN_GM:S3_TB:2 ].
\o 
\o 
\o 
\o 
\o 
\e *Error* ("error" 0 t nil ("*Error* drfGetWaveformXVec (DRL-18): argument not a valid srr waveform interface object -140.4162"))
\e 
\e 
\o 
\o *Error*   Evaluating expression (histo(value(phaseDeg((VF("/OUTP") - VF("/OUTN"))) 1000000) 40 -2 4)). 
\o 
\o 
\e *Error* ("error" 0 t nil ("*Error* drfGetWaveformXVec (DRL-18): argument not a valid srr waveform interface object 1.627811e-06"))
\e 
\e 
\o 
\o *Error*   Evaluating expression (histo(value(mag((VF("/OUTP") - VF("/OUTN"))) 1000000) 40 0.117 0.121)). 
\o 
\o 
\o *Info*    Client has finished evaluating ... 
\o 
\o 
\o *Info*    Run complete for Point ID (18 111) on testbench [
\o           IMP_AN_SIGNAL_GEN_GM:S3_TB:2 ].
\o 
\o 
\o 
\o 
\o 
\e *Error* ("error" 0 t nil ("*Error* drfGetWaveformXVec (DRL-18): argument not a valid srr waveform interface object 23.33884"))
\e 
\e 
\o 
\o *Error*   Evaluating expression (histo(value(phaseDeg((VF("/OUTP") - VF("/OUTN"))) 1000000) 40 -2 4)). 
\o 
\o 
\e *Error* ("error" 0 t nil ("*Error* drfGetWaveformXVec (DRL-18): argument not a valid srr waveform interface object 0.0001355879"))
\e 
\e 
\o 
\o *Error*   Evaluating expression (histo(value(mag((VF("/OUTP") - VF("/OUTN"))) 1000000) 40 0.117 0.121)). 
\o 
\o 
\o *Info*    Client has finished evaluating ... 
\o 
\o 
\o *Info*    Run complete for Point ID (18 112) on testbench [
\o           IMP_AN_SIGNAL_GEN_GM:S3_TB:2 ].
\o 
\o 
\o 
\o 
\o 
\e *Error* ("error" 0 t nil ("*Error* drfGetWaveformXVec (DRL-18): argument not a valid srr waveform interface object 33.55474"))
\e 
\e 
\o 
\o *Error*   Evaluating expression (histo(value(phaseDeg((VF("/OUTP") - VF("/OUTN"))) 1000000) 40 -2 4)). 
\o 
\o 
\e *Error* ("error" 0 t nil ("*Error* drfGetWaveformXVec (DRL-18): argument not a valid srr waveform interface object 1.613654e-05"))
\e 
\e 
\o 
\o *Error*   Evaluating expression (histo(value(mag((VF("/OUTP") - VF("/OUTN"))) 1000000) 40 0.117 0.121)). 
\o 
\o 
\o *Info*    Client has finished evaluating ... 
\o 
\o 
\o *Info*    Run complete for Point ID (18 113) on testbench [
\o           IMP_AN_SIGNAL_GEN_GM:S3_TB:2 ].
\o 
\o 
\o 
\o 
\o 
\e *Error* ("error" 0 t nil ("*Error* drfGetWaveformXVec (DRL-18): argument not a valid srr waveform interface object -165.5243"))
\e 
\e 
\o 
\o *Error*   Evaluating expression (histo(value(phaseDeg((VF("/OUTP") - VF("/OUTN"))) 1000000) 40 -2 4)). 
\o 
\o 
\e *Error* ("error" 0 t nil ("*Error* drfGetWaveformXVec (DRL-18): argument not a valid srr waveform interface object 0.0001652623"))
\e 
\e 
\o 
\o *Error*   Evaluating expression (histo(value(mag((VF("/OUTP") - VF("/OUTN"))) 1000000) 40 0.117 0.121)). 
\o 
\o 
\o *Info*    Client has finished evaluating ... 
\o 
\o 
\o *Info*    Run complete for Point ID (18 114) on testbench [
\o           IMP_AN_SIGNAL_GEN_GM:S3_TB:2 ].
\o 
\o 
\o 
\o 
\o 
\e *Error* ("error" 0 t nil ("*Error* drfGetWaveformXVec (DRL-18): argument not a valid srr waveform interface object 33.53934"))
\e 
\e 
\o 
\o *Error*   Evaluating expression (histo(value(phaseDeg((VF("/OUTP") - VF("/OUTN"))) 1000000) 40 -2 4)). 
\o 
\o 
\e *Error* ("error" 0 t nil ("*Error* drfGetWaveformXVec (DRL-18): argument not a valid srr waveform interface object 4.461854e-05"))
\e 
\e 
\o 
\o *Error*   Evaluating expression (histo(value(mag((VF("/OUTP") - VF("/OUTN"))) 1000000) 40 0.117 0.121)). 
\o 
\o 
\o *Info*    Client has finished evaluating ... 
\o 
\o 
\o *Info*    Run complete for Point ID (18 115) on testbench [
\o           IMP_AN_SIGNAL_GEN_GM:S3_TB:2 ].
\o 
\o 
\o 
\o 
\o 
\e *Error* ("error" 0 t nil ("*Error* drfGetWaveformXVec (DRL-18): argument not a valid srr waveform interface object -170.7704"))
\e 
\e 
\o 
\o *Error*   Evaluating expression (histo(value(phaseDeg((VF("/OUTP") - VF("/OUTN"))) 1000000) 40 -2 4)). 
\o 
\o 
\e *Error* ("error" 0 t nil ("*Error* drfGetWaveformXVec (DRL-18): argument not a valid srr waveform interface object 1.623277e-05"))
\e 
\e 
\o 
\o *Error*   Evaluating expression (histo(value(mag((VF("/OUTP") - VF("/OUTN"))) 1000000) 40 0.117 0.121)). 
\o 
\o 
\o *Info*    Client has finished evaluating ... 
\o 
\o 
\o *Info*    Run complete for Point ID (18 116) on testbench [
\o           IMP_AN_SIGNAL_GEN_GM:S3_TB:2 ].
\o 
\o 
\o 
\o 
\o 
\e *Error* ("error" 0 t nil ("*Error* drfGetWaveformXVec (DRL-18): argument not a valid srr waveform interface object 80.30602"))
\e 
\e 
\o 
\o *Error*   Evaluating expression (histo(value(phaseDeg((VF("/OUTP") - VF("/OUTN"))) 1000000) 40 -2 4)). 
\o 
\o 
\e *Error* ("error" 0 t nil ("*Error* drfGetWaveformXVec (DRL-18): argument not a valid srr waveform interface object 9.992329e-06"))
\e 
\e 
\o 
\o *Error*   Evaluating expression (histo(value(mag((VF("/OUTP") - VF("/OUTN"))) 1000000) 40 0.117 0.121)). 
\o 
\o 
\o *Info*    Client has finished evaluating ... 
\o 
\o 
\o *Info*    Run complete for Point ID (18 117) on testbench [
\o           IMP_AN_SIGNAL_GEN_GM:S3_TB:2 ].
\o 
\o 
\o 
\o 
\o 
\e *Error* ("error" 0 t nil ("*Error* drfGetWaveformXVec (DRL-18): argument not a valid srr waveform interface object -29.40143"))
\e 
\e 
\o 
\o *Error*   Evaluating expression (histo(value(phaseDeg((VF("/OUTP") - VF("/OUTN"))) 1000000) 40 -2 4)). 
\o 
\o 
\e *Error* ("error" 0 t nil ("*Error* drfGetWaveformXVec (DRL-18): argument not a valid srr waveform interface object 2.511747e-05"))
\e 
\e 
\o 
\o *Error*   Evaluating expression (histo(value(mag((VF("/OUTP") - VF("/OUTN"))) 1000000) 40 0.117 0.121)). 
\o 
\o 
\o *Info*    Client has finished evaluating ... 
\o 
\o 
\o *Info*    Run complete for Point ID (18 118) on testbench [
\o           IMP_AN_SIGNAL_GEN_GM:S3_TB:2 ].
\o 
\o 
\o 
\o 
\o 
\e *Error* ("error" 0 t nil ("*Error* drfGetWaveformXVec (DRL-18): argument not a valid srr waveform interface object 129.1277"))
\e 
\e 
\o 
\o *Error*   Evaluating expression (histo(value(phaseDeg((VF("/OUTP") - VF("/OUTN"))) 1000000) 40 -2 4)). 
\o 
\o 
\e *Error* ("error" 0 t nil ("*Error* drfGetWaveformXVec (DRL-18): argument not a valid srr waveform interface object 2.36607e-05"))
\e 
\e 
\o 
\o *Error*   Evaluating expression (histo(value(mag((VF("/OUTP") - VF("/OUTN"))) 1000000) 40 0.117 0.121)). 
\o 
\o 
\o *Info*    Client has finished evaluating ... 
\o 
\o 
\o *Info*    Run complete for Point ID (18 119) on testbench [
\o           IMP_AN_SIGNAL_GEN_GM:S3_TB:2 ].
\o 
\o 
\o 
\o 
\o 
\e *Error* ("error" 0 t nil ("*Error* drfGetWaveformXVec (DRL-18): argument not a valid srr waveform interface object 40.98278"))
\e 
\e 
\o 
\o *Error*   Evaluating expression (histo(value(phaseDeg((VF("/OUTP") - VF("/OUTN"))) 1000000) 40 -2 4)). 
\o 
\o 
\e *Error* ("error" 0 t nil ("*Error* drfGetWaveformXVec (DRL-18): argument not a valid srr waveform interface object 1.88738e-05"))
\e 
\e 
\o 
\o *Error*   Evaluating expression (histo(value(mag((VF("/OUTP") - VF("/OUTN"))) 1000000) 40 0.117 0.121)). 
\o 
\o 
\o *Info*    Client has finished evaluating ... 
\o 
\o 
\o *Info*    Run complete for Point ID (18 120) on testbench [
\o           IMP_AN_SIGNAL_GEN_GM:S3_TB:2 ].
\o 
\o 
\o 
\o 
\o 
\# Memory report: Maximum memory size now 21849358336 (0x51652c000) bytes, UTC 2015.10.19 09:26:20.782
\e *Error* ("error" 0 t nil ("*Error* drfGetWaveformXVec (DRL-18): argument not a valid srr waveform interface object 69.74839"))
\e 
\e 
\o 
\o *Error*   Evaluating expression (histo(value(phaseDeg((VF("/OUTP") - VF("/OUTN"))) 1000000) 40 -2 4)). 
\o 
\o 
\e *Error* ("error" 0 t nil ("*Error* drfGetWaveformXVec (DRL-18): argument not a valid srr waveform interface object 7.205656e-06"))
\e 
\e 
\o 
\o *Error*   Evaluating expression (histo(value(mag((VF("/OUTP") - VF("/OUTN"))) 1000000) 40 0.117 0.121)). 
\o 
\o 
\o *Info*    Client has finished evaluating ... 
\o 
\o 
\o *Info*    Run complete for Point ID (18 121) on testbench [
\o           IMP_AN_SIGNAL_GEN_GM:S3_TB:2 ].
\o 
\o 
\o 
\o 
\o 
\e *Error* ("error" 0 t nil ("*Error* drfGetWaveformXVec (DRL-18): argument not a valid srr waveform interface object -35.91426"))
\e 
\e 
\o 
\o *Error*   Evaluating expression (histo(value(phaseDeg((VF("/OUTP") - VF("/OUTN"))) 1000000) 40 -2 4)). 
\o 
\o 
\e *Error* ("error" 0 t nil ("*Error* drfGetWaveformXVec (DRL-18): argument not a valid srr waveform interface object 2.155796e-05"))
\e 
\e 
\o 
\o *Error*   Evaluating expression (histo(value(mag((VF("/OUTP") - VF("/OUTN"))) 1000000) 40 0.117 0.121)). 
\o 
\o 
\o *Info*    Client has finished evaluating ... 
\o 
\o 
\o *Info*    Run complete for Point ID (18 122) on testbench [
\o           IMP_AN_SIGNAL_GEN_GM:S3_TB:2 ].
\o 
\o 
\o 
\o 
\o 
\e *Error* ("error" 0 t nil ("*Error* drfGetWaveformXVec (DRL-18): argument not a valid srr waveform interface object 26.91897"))
\e 
\e 
\o 
\o *Error*   Evaluating expression (histo(value(phaseDeg((VF("/OUTP") - VF("/OUTN"))) 1000000) 40 -2 4)). 
\o 
\o 
\e *Error* ("error" 0 t nil ("*Error* drfGetWaveformXVec (DRL-18): argument not a valid srr waveform interface object 4.434708e-06"))
\e 
\e 
\o 
\o *Error*   Evaluating expression (histo(value(mag((VF("/OUTP") - VF("/OUTN"))) 1000000) 40 0.117 0.121)). 
\o 
\o 
\o *Info*    Client has finished evaluating ... 
\o 
\o 
\o *Info*    Run complete for Point ID (18 123) on testbench [
\o           IMP_AN_SIGNAL_GEN_GM:S3_TB:2 ].
\o 
\o 
\o 
\o 
\o 
\e *Error* ("error" 0 t nil ("*Error* drfGetWaveformXVec (DRL-18): argument not a valid srr waveform interface object -25.5125"))
\e 
\e 
\o 
\o *Error*   Evaluating expression (histo(value(phaseDeg((VF("/OUTP") - VF("/OUTN"))) 1000000) 40 -2 4)). 
\o 
\o 
\e *Error* ("error" 0 t nil ("*Error* drfGetWaveformXVec (DRL-18): argument not a valid srr waveform interface object 1.347208e-05"))
\e 
\e 
\o 
\o *Error*   Evaluating expression (histo(value(mag((VF("/OUTP") - VF("/OUTN"))) 1000000) 40 0.117 0.121)). 
\o 
\o 
\o *Info*    Client has finished evaluating ... 
\o 
\o 
\o *Info*    Run complete for Point ID (18 124) on testbench [
\o           IMP_AN_SIGNAL_GEN_GM:S3_TB:2 ].
\o 
\o 
\o 
\o 
\o 
\e *Error* ("error" 0 t nil ("*Error* drfGetWaveformXVec (DRL-18): argument not a valid srr waveform interface object -147.9202"))
\e 
\e 
\o 
\o *Error*   Evaluating expression (histo(value(phaseDeg((VF("/OUTP") - VF("/OUTN"))) 1000000) 40 -2 4)). 
\o 
\o 
\e *Error* ("error" 0 t nil ("*Error* drfGetWaveformXVec (DRL-18): argument not a valid srr waveform interface object 1.771861e-05"))
\e 
\e 
\o 
\o *Error*   Evaluating expression (histo(value(mag((VF("/OUTP") - VF("/OUTN"))) 1000000) 40 0.117 0.121)). 
\o 
\o 
\o *Info*    Client has finished evaluating ... 
\o 
\o 
\o *Info*    Run complete for Point ID (18 125) on testbench [
\o           IMP_AN_SIGNAL_GEN_GM:S3_TB:2 ].
\o 
\o 
\o 
\o 
\o 
\e *Error* ("error" 0 t nil ("*Error* drfGetWaveformXVec (DRL-18): argument not a valid srr waveform interface object -133.8728"))
\e 
\e 
\o 
\o *Error*   Evaluating expression (histo(value(phaseDeg((VF("/OUTP") - VF("/OUTN"))) 1000000) 40 -2 4)). 
\o 
\o 
\e *Error* ("error" 0 t nil ("*Error* drfGetWaveformXVec (DRL-18): argument not a valid srr waveform interface object 1.563746e-05"))
\e 
\e 
\o 
\o *Error*   Evaluating expression (histo(value(mag((VF("/OUTP") - VF("/OUTN"))) 1000000) 40 0.117 0.121)). 
\o 
\o 
\o *Info*    Client has finished evaluating ... 
\o 
\o 
\o *Info*    Run complete for Point ID (18 126) on testbench [
\o           IMP_AN_SIGNAL_GEN_GM:S3_TB:2 ].
\o 
\o 
\o 
\o 
\o 
\e *Error* ("error" 0 t nil ("*Error* drfGetWaveformXVec (DRL-18): argument not a valid srr waveform interface object 178.9375"))
\e 
\e 
\o 
\o *Error*   Evaluating expression (histo(value(phaseDeg((VF("/OUTP") - VF("/OUTN"))) 1000000) 40 -2 4)). 
\o 
\o 
\e *Error* ("error" 0 t nil ("*Error* drfGetWaveformXVec (DRL-18): argument not a valid srr waveform interface object 8.583573e-06"))
\e 
\e 
\o 
\o *Error*   Evaluating expression (histo(value(mag((VF("/OUTP") - VF("/OUTN"))) 1000000) 40 0.117 0.121)). 
\o 
\o 
\o *Info*    Client has finished evaluating ... 
\o 
\o 
\o *Info*    Run complete for Point ID (18 127) on testbench [
\o           IMP_AN_SIGNAL_GEN_GM:S3_TB:2 ].
\o 
\o 
\o 
\o 
\o 
\# Available memory:	20792084 (0x13d4314) kilobytes UTC 2015.10.19 09:27:10.897
\e *Error* ("error" 0 t nil ("*Error* drfGetWaveformXVec (DRL-18): argument not a valid srr waveform interface object -164.1829"))
\e 
\e 
\o 
\o *Error*   Evaluating expression (histo(value(phaseDeg((VF("/OUTP") - VF("/OUTN"))) 1000000) 40 -2 4)). 
\o 
\o 
\e *Error* ("error" 0 t nil ("*Error* drfGetWaveformXVec (DRL-18): argument not a valid srr waveform interface object 5.665125e-05"))
\e 
\e 
\o 
\o *Error*   Evaluating expression (histo(value(mag((VF("/OUTP") - VF("/OUTN"))) 1000000) 40 0.117 0.121)). 
\o 
\o 
\o *Info*    Client has finished evaluating ... 
\o 
\o 
\o *Info*    Run complete for Point ID (18 128) on testbench [
\o           IMP_AN_SIGNAL_GEN_GM:S3_TB:2 ].
\o 
\o 
\o 
\o 
\o 
\e *Error* ("error" 0 t nil ("*Error* drfGetWaveformXVec (DRL-18): argument not a valid srr waveform interface object 35.58082"))
\e 
\e 
\o 
\o *Error*   Evaluating expression (histo(value(phaseDeg((VF("/OUTP") - VF("/OUTN"))) 1000000) 40 -2 4)). 
\o 
\o 
\e *Error* ("error" 0 t nil ("*Error* drfGetWaveformXVec (DRL-18): argument not a valid srr waveform interface object 4.674153e-05"))
\e 
\e 
\o 
\o *Error*   Evaluating expression (histo(value(mag((VF("/OUTP") - VF("/OUTN"))) 1000000) 40 0.117 0.121)). 
\o 
\o 
\o *Info*    Client has finished evaluating ... 
\o 
\o 
\o *Info*    Run complete for Point ID (18 129) on testbench [
\o           IMP_AN_SIGNAL_GEN_GM:S3_TB:2 ].
\o 
\o 
\o 
\o 
\o 
\e *Error* ("error" 0 t nil ("*Error* drfGetWaveformXVec (DRL-18): argument not a valid srr waveform interface object -114.5499"))
\e 
\e 
\o 
\o *Error*   Evaluating expression (histo(value(phaseDeg((VF("/OUTP") - VF("/OUTN"))) 1000000) 40 -2 4)). 
\o 
\o 
\e *Error* ("error" 0 t nil ("*Error* drfGetWaveformXVec (DRL-18): argument not a valid srr waveform interface object 3.884662e-05"))
\e 
\e 
\o 
\o *Error*   Evaluating expression (histo(value(mag((VF("/OUTP") - VF("/OUTN"))) 1000000) 40 0.117 0.121)). 
\o 
\o 
\o *Info*    Client has finished evaluating ... 
\o 
\o 
\o *Info*    Run complete for Point ID (18 130) on testbench [
\o           IMP_AN_SIGNAL_GEN_GM:S3_TB:2 ].
\o 
\o 
\o 
\o 
\o 
\e *Error* ("error" 0 t nil ("*Error* drfGetWaveformXVec (DRL-18): argument not a valid srr waveform interface object 39.73281"))
\e 
\e 
\o 
\o *Error*   Evaluating expression (histo(value(phaseDeg((VF("/OUTP") - VF("/OUTN"))) 1000000) 40 -2 4)). 
\o 
\o 
\e *Error* ("error" 0 t nil ("*Error* drfGetWaveformXVec (DRL-18): argument not a valid srr waveform interface object 2.069383e-05"))
\e 
\e 
\o 
\o *Error*   Evaluating expression (histo(value(mag((VF("/OUTP") - VF("/OUTN"))) 1000000) 40 0.117 0.121)). 
\o 
\o 
\o *Info*    Client has finished evaluating ... 
\o 
\o 
\o *Info*    Run complete for Point ID (18 131) on testbench [
\o           IMP_AN_SIGNAL_GEN_GM:S3_TB:2 ].
\o 
\o 
\o 
\o 
\o 
\e *Error* ("error" 0 t nil ("*Error* drfGetWaveformXVec (DRL-18): argument not a valid srr waveform interface object 51.00559"))
\e 
\e 
\o 
\o *Error*   Evaluating expression (histo(value(phaseDeg((VF("/OUTP") - VF("/OUTN"))) 1000000) 40 -2 4)). 
\o 
\o 
\e *Error* ("error" 0 t nil ("*Error* drfGetWaveformXVec (DRL-18): argument not a valid srr waveform interface object 3.555327e-05"))
\e 
\e 
\o 
\o *Error*   Evaluating expression (histo(value(mag((VF("/OUTP") - VF("/OUTN"))) 1000000) 40 0.117 0.121)). 
\o 
\o 
\o *Info*    Client has finished evaluating ... 
\o 
\o 
\o *Info*    Run complete for Point ID (18 132) on testbench [
\o           IMP_AN_SIGNAL_GEN_GM:S3_TB:2 ].
\o 
\o 
\o 
\o 
\o 
\# Memory report: Maximum memory size now 21378621440 (0x4fa43e000) bytes, UTC 2015.10.19 09:27:40.897
\e *Error* ("error" 0 t nil ("*Error* drfGetWaveformXVec (DRL-18): argument not a valid srr waveform interface object -2.874257"))
\e 
\e 
\o 
\o *Error*   Evaluating expression (histo(value(phaseDeg((VF("/OUTP") - VF("/OUTN"))) 1000000) 40 -2 4)). 
\o 
\o 
\e *Error* ("error" 0 t nil ("*Error* drfGetWaveformXVec (DRL-18): argument not a valid srr waveform interface object 8.218792e-05"))
\e 
\e 
\o 
\o *Error*   Evaluating expression (histo(value(mag((VF("/OUTP") - VF("/OUTN"))) 1000000) 40 0.117 0.121)). 
\o 
\o 
\o *Info*    Client has finished evaluating ... 
\o 
\o 
\o *Info*    Run complete for Point ID (18 133) on testbench [
\o           IMP_AN_SIGNAL_GEN_GM:S3_TB:2 ].
\o 
\o 
\o 
\o 
\o 
\e *Error* ("error" 0 t nil ("*Error* drfGetWaveformXVec (DRL-18): argument not a valid srr waveform interface object -178.1528"))
\e 
\e 
\o 
\o *Error*   Evaluating expression (histo(value(phaseDeg((VF("/OUTP") - VF("/OUTN"))) 1000000) 40 -2 4)). 
\o 
\o 
\e *Error* ("error" 0 t nil ("*Error* drfGetWaveformXVec (DRL-18): argument not a valid srr waveform interface object 0.0001052779"))
\e 
\e 
\o 
\o *Error*   Evaluating expression (histo(value(mag((VF("/OUTP") - VF("/OUTN"))) 1000000) 40 0.117 0.121)). 
\o 
\o 
\o *Info*    Client has finished evaluating ... 
\o 
\o 
\o *Info*    Run complete for Point ID (18 134) on testbench [
\o           IMP_AN_SIGNAL_GEN_GM:S3_TB:2 ].
\o 
\o 
\o 
\o 
\o 
\e *Error* ("error" 0 t nil ("*Error* drfGetWaveformXVec (DRL-18): argument not a valid srr waveform interface object 42.14177"))
\e 
\e 
\o 
\o *Error*   Evaluating expression (histo(value(phaseDeg((VF("/OUTP") - VF("/OUTN"))) 1000000) 40 -2 4)). 
\o 
\o 
\e *Error* ("error" 0 t nil ("*Error* drfGetWaveformXVec (DRL-18): argument not a valid srr waveform interface object 3.787162e-05"))
\e 
\e 
\o 
\o *Error*   Evaluating expression (histo(value(mag((VF("/OUTP") - VF("/OUTN"))) 1000000) 40 0.117 0.121)). 
\o 
\o 
\o *Info*    Client has finished evaluating ... 
\o 
\o 
\o *Info*    Run complete for Point ID (18 135) on testbench [
\o           IMP_AN_SIGNAL_GEN_GM:S3_TB:2 ].
\o 
\o 
\o 
\o 
\o 
\e *Error* ("error" 0 t nil ("*Error* drfGetWaveformXVec (DRL-18): argument not a valid srr waveform interface object -152.4798"))
\e 
\e 
\o 
\o *Error*   Evaluating expression (histo(value(phaseDeg((VF("/OUTP") - VF("/OUTN"))) 1000000) 40 -2 4)). 
\o 
\o 
\e *Error* ("error" 0 t nil ("*Error* drfGetWaveformXVec (DRL-18): argument not a valid srr waveform interface object 8.170081e-05"))
\e 
\e 
\o 
\o *Error*   Evaluating expression (histo(value(mag((VF("/OUTP") - VF("/OUTN"))) 1000000) 40 0.117 0.121)). 
\o 
\o 
\o *Info*    Client has finished evaluating ... 
\o 
\o 
\o *Info*    Run complete for Point ID (18 136) on testbench [
\o           IMP_AN_SIGNAL_GEN_GM:S3_TB:2 ].
\o 
\o 
\o 
\o 
\o 
\e *Error* ("error" 0 t nil ("*Error* drfGetWaveformXVec (DRL-18): argument not a valid srr waveform interface object -158.0664"))
\e 
\e 
\o 
\o *Error*   Evaluating expression (histo(value(phaseDeg((VF("/OUTP") - VF("/OUTN"))) 1000000) 40 -2 4)). 
\o 
\o 
\e *Error* ("error" 0 t nil ("*Error* drfGetWaveformXVec (DRL-18): argument not a valid srr waveform interface object 8.908142e-05"))
\e 
\e 
\o 
\o *Error*   Evaluating expression (histo(value(mag((VF("/OUTP") - VF("/OUTN"))) 1000000) 40 0.117 0.121)). 
\o 
\o 
\o *Info*    Client has finished evaluating ... 
\o 
\o 
\o *Info*    Run complete for Point ID (18 137) on testbench [
\o           IMP_AN_SIGNAL_GEN_GM:S3_TB:2 ].
\o 
\o 
\o 
\o 
\o 
\e *Error* ("error" 0 t nil ("*Error* drfGetWaveformXVec (DRL-18): argument not a valid srr waveform interface object -142.0941"))
\e 
\e 
\o 
\o *Error*   Evaluating expression (histo(value(phaseDeg((VF("/OUTP") - VF("/OUTN"))) 1000000) 40 -2 4)). 
\o 
\o 
\e *Error* ("error" 0 t nil ("*Error* drfGetWaveformXVec (DRL-18): argument not a valid srr waveform interface object 6.408635e-05"))
\e 
\e 
\o 
\o *Error*   Evaluating expression (histo(value(mag((VF("/OUTP") - VF("/OUTN"))) 1000000) 40 0.117 0.121)). 
\o 
\o 
\o *Info*    Client has finished evaluating ... 
\o 
\o 
\o *Info*    Run complete for Point ID (18 138) on testbench [
\o           IMP_AN_SIGNAL_GEN_GM:S3_TB:2 ].
\o 
\o 
\o 
\o 
\o 
\e *Error* ("error" 0 t nil ("*Error* drfGetWaveformXVec (DRL-18): argument not a valid srr waveform interface object -148.4635"))
\e 
\e 
\o 
\o *Error*   Evaluating expression (histo(value(phaseDeg((VF("/OUTP") - VF("/OUTN"))) 1000000) 40 -2 4)). 
\o 
\o 
\e *Error* ("error" 0 t nil ("*Error* drfGetWaveformXVec (DRL-18): argument not a valid srr waveform interface object 0.0003391069"))
\e 
\e 
\o 
\o *Error*   Evaluating expression (histo(value(mag((VF("/OUTP") - VF("/OUTN"))) 1000000) 40 0.117 0.121)). 
\o 
\o 
\o *Info*    Client has finished evaluating ... 
\o 
\o 
\o *Info*    Run complete for Point ID (18 139) on testbench [
\o           IMP_AN_SIGNAL_GEN_GM:S3_TB:2 ].
\o 
\o 
\o 
\o 
\o 
\e *Error* ("error" 0 t nil ("*Error* drfGetWaveformXVec (DRL-18): argument not a valid srr waveform interface object 36.34471"))
\e 
\e 
\o 
\o *Error*   Evaluating expression (histo(value(phaseDeg((VF("/OUTP") - VF("/OUTN"))) 1000000) 40 -2 4)). 
\o 
\o 
\e *Error* ("error" 0 t nil ("*Error* drfGetWaveformXVec (DRL-18): argument not a valid srr waveform interface object 7.765375e-05"))
\e 
\e 
\o 
\o *Error*   Evaluating expression (histo(value(mag((VF("/OUTP") - VF("/OUTN"))) 1000000) 40 0.117 0.121)). 
\o 
\o 
\o *Info*    Client has finished evaluating ... 
\o 
\o 
\o *Info*    Run complete for Point ID (18 140) on testbench [
\o           IMP_AN_SIGNAL_GEN_GM:S3_TB:2 ].
\o 
\o 
\o 
\o 
\o 
\e *Error* ("error" 0 t nil ("*Error* drfGetWaveformXVec (DRL-18): argument not a valid srr waveform interface object 35.89092"))
\e 
\e 
\o 
\o *Error*   Evaluating expression (histo(value(phaseDeg((VF("/OUTP") - VF("/OUTN"))) 1000000) 40 -2 4)). 
\o 
\o 
\e *Error* ("error" 0 t nil ("*Error* drfGetWaveformXVec (DRL-18): argument not a valid srr waveform interface object 2.719347e-05"))
\e 
\e 
\o 
\o *Error*   Evaluating expression (histo(value(mag((VF("/OUTP") - VF("/OUTN"))) 1000000) 40 0.117 0.121)). 
\o 
\o 
\o *Info*    Client has finished evaluating ... 
\o 
\o 
\o *Info*    Run complete for Point ID (18 141) on testbench [
\o           IMP_AN_SIGNAL_GEN_GM:S3_TB:2 ].
\o 
\o 
\o 
\o 
\o 
\e *Error* ("error" 0 t nil ("*Error* drfGetWaveformXVec (DRL-18): argument not a valid srr waveform interface object -118.0114"))
\e 
\e 
\o 
\o *Error*   Evaluating expression (histo(value(phaseDeg((VF("/OUTP") - VF("/OUTN"))) 1000000) 40 -2 4)). 
\o 
\o 
\e *Error* ("error" 0 t nil ("*Error* drfGetWaveformXVec (DRL-18): argument not a valid srr waveform interface object 4.253695e-06"))
\e 
\e 
\o 
\o *Error*   Evaluating expression (histo(value(mag((VF("/OUTP") - VF("/OUTN"))) 1000000) 40 0.117 0.121)). 
\o 
\o 
\o *Info*    Client has finished evaluating ... 
\o 
\o 
\o *Info*    Run complete for Point ID (18 142) on testbench [
\o           IMP_AN_SIGNAL_GEN_GM:S3_TB:2 ].
\o 
\o 
\o 
\o 
\o 
\e *Error* ("error" 0 t nil ("*Error* drfGetWaveformXVec (DRL-18): argument not a valid srr waveform interface object 133.8344"))
\e 
\e 
\o 
\o *Error*   Evaluating expression (histo(value(phaseDeg((VF("/OUTP") - VF("/OUTN"))) 1000000) 40 -2 4)). 
\o 
\o 
\e *Error* ("error" 0 t nil ("*Error* drfGetWaveformXVec (DRL-18): argument not a valid srr waveform interface object 7.554018e-05"))
\e 
\e 
\o 
\o *Error*   Evaluating expression (histo(value(mag((VF("/OUTP") - VF("/OUTN"))) 1000000) 40 0.117 0.121)). 
\o 
\o 
\o *Info*    Client has finished evaluating ... 
\o 
\o 
\o *Info*    Run complete for Point ID (18 143) on testbench [
\o           IMP_AN_SIGNAL_GEN_GM:S3_TB:2 ].
\o 
\o 
\o 
\o 
\o 
\e *Error* ("error" 0 t nil ("*Error* drfGetWaveformXVec (DRL-18): argument not a valid srr waveform interface object 122.4108"))
\e 
\e 
\o 
\o *Error*   Evaluating expression (histo(value(phaseDeg((VF("/OUTP") - VF("/OUTN"))) 1000000) 40 -2 4)). 
\o 
\o 
\e *Error* ("error" 0 t nil ("*Error* drfGetWaveformXVec (DRL-18): argument not a valid srr waveform interface object 6.160037e-05"))
\e 
\e 
\o 
\o *Error*   Evaluating expression (histo(value(mag((VF("/OUTP") - VF("/OUTN"))) 1000000) 40 0.117 0.121)). 
\o 
\o 
\o *Info*    Client has finished evaluating ... 
\o 
\o 
\o *Info*    Run complete for Point ID (18 144) on testbench [
\o           IMP_AN_SIGNAL_GEN_GM:S3_TB:2 ].
\o 
\o 
\o 
\o 
\o 
\# Memory report: Maximum memory size now 20927807488 (0x4df650000) bytes, UTC 2015.10.19 09:29:01.176
\e *Error* ("error" 0 t nil ("*Error* drfGetWaveformXVec (DRL-18): argument not a valid srr waveform interface object 33.55179"))
\e 
\e 
\o 
\o *Error*   Evaluating expression (histo(value(phaseDeg((VF("/OUTP") - VF("/OUTN"))) 1000000) 40 -2 4)). 
\o 
\o 
\e *Error* ("error" 0 t nil ("*Error* drfGetWaveformXVec (DRL-18): argument not a valid srr waveform interface object 3.686177e-05"))
\e 
\e 
\o 
\o *Error*   Evaluating expression (histo(value(mag((VF("/OUTP") - VF("/OUTN"))) 1000000) 40 0.117 0.121)). 
\o 
\o 
\o *Info*    Client has finished evaluating ... 
\o 
\o 
\o *Info*    Run complete for Point ID (18 145) on testbench [
\o           IMP_AN_SIGNAL_GEN_GM:S3_TB:2 ].
\o 
\o 
\o 
\o 
\o 
\e *Error* ("error" 0 t nil ("*Error* drfGetWaveformXVec (DRL-18): argument not a valid srr waveform interface object 12.09182"))
\e 
\e 
\o 
\o *Error*   Evaluating expression (histo(value(phaseDeg((VF("/OUTP") - VF("/OUTN"))) 1000000) 40 -2 4)). 
\o 
\o 
\e *Error* ("error" 0 t nil ("*Error* drfGetWaveformXVec (DRL-18): argument not a valid srr waveform interface object 0.0001347756"))
\e 
\e 
\o 
\o *Error*   Evaluating expression (histo(value(mag((VF("/OUTP") - VF("/OUTN"))) 1000000) 40 0.117 0.121)). 
\o 
\o 
\o *Info*    Client has finished evaluating ... 
\o 
\o 
\o *Info*    Run complete for Point ID (18 146) on testbench [
\o           IMP_AN_SIGNAL_GEN_GM:S3_TB:2 ].
\o 
\o 
\o 
\o 
\o 
\e *Error* ("error" 0 t nil ("*Error* drfGetWaveformXVec (DRL-18): argument not a valid srr waveform interface object 34.29019"))
\e 
\e 
\o 
\o *Error*   Evaluating expression (histo(value(phaseDeg((VF("/OUTP") - VF("/OUTN"))) 1000000) 40 -2 4)). 
\o 
\o 
\e *Error* ("error" 0 t nil ("*Error* drfGetWaveformXVec (DRL-18): argument not a valid srr waveform interface object 3.283997e-05"))
\e 
\e 
\o 
\o *Error*   Evaluating expression (histo(value(mag((VF("/OUTP") - VF("/OUTN"))) 1000000) 40 0.117 0.121)). 
\o 
\o 
\o *Info*    Client has finished evaluating ... 
\o 
\o 
\o *Info*    Run complete for Point ID (18 147) on testbench [
\o           IMP_AN_SIGNAL_GEN_GM:S3_TB:2 ].
\o 
\o 
\o 
\o 
\o 
\e *Error* ("error" 0 t nil ("*Error* drfGetWaveformXVec (DRL-18): argument not a valid srr waveform interface object -154.2996"))
\e 
\e 
\o 
\o *Error*   Evaluating expression (histo(value(phaseDeg((VF("/OUTP") - VF("/OUTN"))) 1000000) 40 -2 4)). 
\o 
\o 
\e *Error* ("error" 0 t nil ("*Error* drfGetWaveformXVec (DRL-18): argument not a valid srr waveform interface object 9.977894e-05"))
\e 
\e 
\o 
\o *Error*   Evaluating expression (histo(value(mag((VF("/OUTP") - VF("/OUTN"))) 1000000) 40 0.117 0.121)). 
\o 
\o 
\o *Info*    Client has finished evaluating ... 
\o 
\o 
\o *Info*    Run complete for Point ID (18 148) on testbench [
\o           IMP_AN_SIGNAL_GEN_GM:S3_TB:2 ].
\o 
\o 
\o 
\o 
\o 
\e *Error* ("error" 0 t nil ("*Error* drfGetWaveformXVec (DRL-18): argument not a valid srr waveform interface object 33.3483"))
\e 
\e 
\o 
\o *Error*   Evaluating expression (histo(value(phaseDeg((VF("/OUTP") - VF("/OUTN"))) 1000000) 40 -2 4)). 
\o 
\o 
\e *Error* ("error" 0 t nil ("*Error* drfGetWaveformXVec (DRL-18): argument not a valid srr waveform interface object 1.267556e-05"))
\e 
\e 
\o 
\o *Error*   Evaluating expression (histo(value(mag((VF("/OUTP") - VF("/OUTN"))) 1000000) 40 0.117 0.121)). 
\o 
\o 
\o *Info*    Client has finished evaluating ... 
\o 
\o 
\o *Info*    Run complete for Point ID (18 149) on testbench [
\o           IMP_AN_SIGNAL_GEN_GM:S3_TB:2 ].
\o 
\o 
\o 
\o 
\o 
\o INFO (ADE-3071): Simulation completed successfully.
\o reading simulation data...
\o       ...successful.
\o *Info*    Monte Carlo Simulation completed successfully...
\o WARNING (WIA-1120):  : Invalid directory found while clearing SST2 resources.
\o *Info*    Client has finished evaluating ... 
\o 
\o 
\o *Info*    Run complete for Point ID (18 150) on testbench [
\o           IMP_AN_SIGNAL_GEN_GM:S3_TB:2 ].
\o 
\o 
\o 
\o 
\o 
\# Memory report: Maximum memory size now 22237974528 (0x52d7c9000) bytes, UTC 2015.10.19 09:29:41.260
\o Simulation design variables differ from those on the cellView,
\o they have been saved in the file "/tmp/saved-design-variables".
\o To save future changes, copy variables to cellView before exiting.
\# Memory report: on exit 273338368 (0x104ad000) bytes, process size 1020657664 (0x3cd60000) bytes at UTC 2015.10.19 09:34:35.118
\# Memory report: peak usage 273362944 (0x104b3000) bytes, process size 1020678144 (0x3cd65000) bytes
