\# Program start time UTC 2015.12.02 11:13:23.404
\# Local time Wednesday 2 December 2015, 12:13 pm
\o Program:		@(#)$CDS: virtuoso version 6.1.5-64b 06/11/2013 20:05 (sjfnl006) $
\o Hierarchy:		/pkg/Cadence/installs/IC615/tools.lnx86/dfII/
\o Sub version:		sub-version  IC6.1.5-64b.500.17  (64-bit addresses)
\# Host name (type):	s2424.it.kth.se (x86_64)
\# Operating system:	Linux 2.6.18-407.el5 #1 SMP Wed Nov 11 08:12:41 EST 2015
\# X display name (WxH):	s2424.it.kth.se:80.0 (1024x868)
\# Available geometry:			TL(0:0) BR(1023:867)
\# X server:			RealVNC Ltd (VNC nograph server)
\# Depth of Visual (Root):	16 (16)
\# Number of Planes Used:	16
\# X version:		11.0 (vendor release 3370)
\# X resource pool:	base 0x5400000, mask 0x3fffff (4194303), shift 0
\# 			current id 0x31, current max 0x3ffffa (4194298)
\# Memory report:	maximum data size 18446744073709551615 (0xffffffffffffffff) bytes
\# Memory report:	maximum process size 18446744073709551615 (0xffffffffffffffff) bytes
\# Initial sbrk value:	314867712 (0x12c48000) bytes
\# Available memory:	64020044 (0x3d0de4c) kilobytes
\# System memory:	80336196 (0x4c9d544) kilobytes
\# Maximum memory size:	82007109632 (0x1318013000) bytes
\# Max mem available:	65614237696 (0xf46e9d000) bytes
\# Initial memory used:	57712640 (0x370a000) bytes
\#        process size:	673435648 (0x2823d000) bytes
\# Qt version:		4.5.3
\# Window Manager:	other
\# User Name:		saul
\o Working Directory:	s2424.it.kth.se:/home/saul/projects/IMPLANTABLE_AMS/version1/saul
\# Process Id:		9606
\o 
\o COPYRIGHT © 1992-2013  CADENCE DESIGN SYSTEMS INC.  ALL RIGHTS RESERVED.
\o           © 1992-2013  UNIX SYSTEMS Laboratories INC.,
\o                          Reproduced with permission.
\o 
\o This Cadence Design Systems program and online documentation are
\o proprietary/confidential information and may be disclosed/used only
\o as authorized in a license agreement controlling such use and disclosure.
\o 
\o           RESTRICTED RIGHTS NOTICE (SHORT FORM)
\o Use/reproduction/disclosure is subject to restriction
\o set forth at FAR 1252.227-19 or its equivalent.
\# Available memory:	63903836 (0x3cf185c) kilobytes UTC 2015.12.02 11:13:23.650
\# Memory report: Maximum memory size now 65518239744 (0xf41310000) bytes, UTC 2015.12.02 11:13:23.650
\o Loading geView.cxt 
\o Loading menuBuilder.cxt 
\o Loading schView.cxt 
\o Loading selectSv.cxt 
\o Loading LVS.cxt 
\o Loading layerProc.cxt 
\o Loading xlUI.cxt 
\o Loading auCore.cxt 
\o Loading dcm.cxt 
\o Loading vhdl.cxt 
\o Loading seismic.cxt 
\o Loading ci.cxt 
\o Loading ams.cxt 
\o Loading adexl.cxt 
\o Loading oasis.cxt 
\o Loading asimenv.cxt 
\o Loading analog.cxt 
\o Loading par.cxt 
\o Loading socket.cxt 
\o Loading alvs.cxt 
\o *Info*    Exporting services from client ... 
\o 
\w *WARNING* LIB TECH_H18A6 from File /home/saul/projects/IMPLANTABLE_AMS/version1/saul/cds.lib Line 69 redefines
\w LIB TECH_H18A6 from the same file (defined earlier.)
\w *WARNING* The directory: '/pkg/AMS411/cds/HK_H18/TECH_H18A7AMAM' does not exist
\w 	but was defined in libFile '/home/saul/projects/IMPLANTABLE_AMS/version1/saul/cds.lib' for Lib 'TECH_H18A7AM'.
\w *WARNING* The directory: '/pkg/AMS411/cds/HK_H18/TECH_H18A5AMAM' does not exist
\w 	but was defined in libFile '/home/saul/projects/IMPLANTABLE_AMS/version1/saul/cds.lib' for Lib 'TECH_H18A5AM'.
\w *WARNING* The directory: '/pkg/AMS411/cds/HK_H18/TECH_H18A4AMAM' does not exist
\w 	but was defined in libFile '/home/saul/projects/IMPLANTABLE_AMS/version1/saul/cds.lib' for Lib 'TECH_H18A4AM'.
\w *WARNING* The directory: '/pkg/AMS411/cds/HK_H18/TECH_H18A3AMAM' does not exist
\w 	but was defined in libFile '/home/saul/projects/IMPLANTABLE_AMS/version1/saul/cds.lib' for Lib 'TECH_H18A3AM'.
\o ......................................................................................
\o            ams AG hitkit v.ams_4.11
\o ......................................................................................
\o COPYRIGHT (c) 2013 Full Service Foundry @ ams AG.  ALL RIGHTS RESERVED
\o This hitkit and attached documentation are confidential information and may 
\o only be used as authorized by the hitkit license agreement.
\o ......................................................................................
\o Loading simulator default settings.
\o HitKit On-Line Documentation not enabled - does ~/data.reg exist?
\o No mx check
\o  
\o Loading IBM PDK cmhv7sf procedures for Cadence Version "6.1.5-64b"...
\o ...IBM PDK cmhv7sf procedures loaded.
\o  
\o Loading simulator default settings.
\o *Info*    Client has finished starting ... 
\o 
\p hitkit: ams_4.11  Tech: h18a6am  User: saul 
\o 
\o 
\o *Info*    Configuring the session ...
\o 
\o 	Library      = IMP_AN_SIGNAL_GEN
\o 	Cell         = Signal_Generator_tb
\o 	View         = config
\o 	Simulator    = ams
\o 	State Path   = $AXL_SETUPDB_DIR/test_states
\o 	State Name   = IMP_AN_SIGNAL_GEN:Signal_Generator_tb:1_none_Interactive.74
\o 	Results DB   = /home/saul/projects/IMPLANTABLE_AMS/version1/saul/IMP_AN_SIGNAL_GEN/Signal_Generator_tb/adexlNVM/results/data/Interactive.74.rdb
\o 	Results Dir  = /home/saul/Sim/IMP_AN_SIGNAL_GEN/Signal_Generator_tb/adexlNVM/results/data/Interactive.74/1/IMP_AN_SIGNAL_GEN:Signal_Generator_tb:1
\o 	Results Loc  = /home/saul/Sim/IMP_AN_SIGNAL_GEN/Signal_Generator_tb/adexlNVM/results/data
\o 	Project Dir  = /home/saul/projects/IMPLANTABLE_AMS/version1/saul/SimVM
\o 	Setup DB loc = /home/saul/projects/IMPLANTABLE_AMS/version1/saul/IMP_AN_SIGNAL_GEN/Signal_Generator_tb/adexlNVM
\o 	File Encoding = 0
\o 
\o 
\o Loading simui.cxt 
\o Loading awv.cxt 
\o Loading viva.cxt 
\o Loading spectrei.cxt 
\# Memory report: now 165482496 (0x9dd1000) bytes, process size 912957440 (0x366aa000) bytes at UTC 2015.12.02 11:13:25.301
\o Loading relXpert.cxt 
\o Loading hspiceD.cxt 
\o Loading spectreinl.cxt 
\o Loading msgHandler.cxt 
\o Loading UltraSim.cxt 
\o Loading AMSOSS.cxt 
\o Loading AMS.cxt 
\w *WARNING* LIB TECH_H18A6 from File /home/saul/projects/IMPLANTABLE_AMS/version1/saul/cds.lib Line 69 redefines
\w LIB TECH_H18A6 from the same file (defined earlier.)
\w *WARNING* The directory: '/pkg/AMS411/cds/HK_H18/TECH_H18A7AMAM' does not exist
\w 	but was defined in libFile '/home/saul/projects/IMPLANTABLE_AMS/version1/saul/cds.lib' for Lib 'TECH_H18A7AM'.
\w *WARNING* The directory: '/pkg/AMS411/cds/HK_H18/TECH_H18A5AMAM' does not exist
\w 	but was defined in libFile '/home/saul/projects/IMPLANTABLE_AMS/version1/saul/cds.lib' for Lib 'TECH_H18A5AM'.
\w *WARNING* The directory: '/pkg/AMS411/cds/HK_H18/TECH_H18A4AMAM' does not exist
\w 	but was defined in libFile '/home/saul/projects/IMPLANTABLE_AMS/version1/saul/cds.lib' for Lib 'TECH_H18A4AM'.
\w *WARNING* The directory: '/pkg/AMS411/cds/HK_H18/TECH_H18A3AMAM' does not exist
\w 	but was defined in libFile '/home/saul/projects/IMPLANTABLE_AMS/version1/saul/cds.lib' for Lib 'TECH_H18A3AM'.
\o Loading devCheck.cxt 
\o Initializing IBM_PDK functions
\o IBM_PDK skill procedures for Cadence 6.1 - Nov 29 08:29:37 2010
\o Licensed Materials - Property of IBM - All Rights Reserved 
\o Copyright: International Business Machines Corporation, 2015
\o This Material may not be copied without the written consent of 
\o Semiconductor Research and Development Center, IBM Corp., Essex Junction, VT 05452-4299.
\o  Default set for Left & Right WindowCoordIBM
\o System hardware set for Linux IBM_PDK procedures
\o Setting calibre env variable table for cmhv7sf 
\o Using menu definition file: /pkg/AMS411/cds/HK_H18/cmhv7sf/ibmPdkMenu.def
\o set cmhv7sf  calibre env variables based on ibmPdkMenuCalibre settings
\o set cmhv7sf  calibre env variables based on ibmPdkMenuCalibreDrc settings
\o set cmhv7sf  calibre env variables based on ibmPdkMenuCalibreLvs settings
\o set cmhv7sf  calibre env variables based on ibmPdkMenuCalibrePerc settings
\o ERROR (ADE-5021): asiEnvGetVar: Variable 'relxOpts enableGradualAging' is not declared for tool 'ams0'.
\o ERROR (ADE-5021): asiEnvGetVar: Variable 'relxOpts enableAging' is not declared for tool 'ams0'.
\o ERROR (ADE-5021): asiEnvGetVar: Variable 'relxOpts enableRelxpert' is not declared for tool 'ams0'.
\o 
\o 
\o 
\o 
\o 
\o *Info*    Run start for Point ID (7 4) on testbench [
\o           IMP_AN_SIGNAL_GEN:Signal_Generator_tb:1 ].
\o 
\o Resetting statistical vars
\o 
\o *Info*    Setting parameter values ...
\o 
\o Setting var CE = "1"
\o Setting var CLOCKWIDTH = "15625"
\o Setting var CMFB_VAC = "0"
\o Setting var CPAD = "800f"
\o Setting var G0 = "1.62"
\o Setting var G0_PULSE = "1.62"
\o Setting var G1 = "1.62"
\o Setting var G1_PULSE = "1.62"
\o Setting var G2 = "1.62"
\o Setting var G2_PULSE = "1.62"
\o Setting var G3 = "1.62"
\o Setting var G3_PULSE = "1.62"
\o Setting var PULSE_CMFB = "0"
\o Setting var RL = "1k"
\o Setting var STEPNUM = "0"
\o Setting var VDD_PULSE = "0"
\o Setting var Vsupply = "1.62"
\o Setting temp(T) = 27
\o 
\o *Info*    Netlist Directory =
\o           /home/saul/Sim/IMP_AN_SIGNAL_GEN/Signal_Generator_tb/adexlNVM/results/data/Interactive.74/4/IMP_AN_SIGNAL_GEN:Signal_Generator_tb:1/netlist
\o 
\o 
\o *Info*    Data Directory    =
\o           /home/saul/Sim/IMP_AN_SIGNAL_GEN/Signal_Generator_tb/adexlNVM/results/data/Interactive.74/4/IMP_AN_SIGNAL_GEN:Signal_Generator_tb:1
\o 
\o 
\o *Info*    Creating Netlist for Point ID (7 4)
\o 
\o generate netlist...
\o INFO (209) : Instances bound to the views specified in the "Netlist using spectre CDF simInfo"
\o              field in the Netlister form (Simulation->Options->Netlister) will be netlisted as
\o              analog primitives using the spectre CDF simulation information.
\o Loading seCore.cxt 
\o function ansCdlCompPrim redefined
\o Loading verilogI.cxt 
\o Begin Incremental Netlisting Dec  2 12:13:28 2015
\o INFO (VLOGNET-187): While generating an explicit netlist, it is recommended to set the Terminal SyncUp option on the Netlist Setup form as 'Merge All' with this option.
\o Alternatively, you can set the hnlVerilogTermSyncUp variable as 'mergeAll'. This helps in generating a pure explicit netlist.
\o 
\o INFO (VLOGNET-60): The stimulus name mapped table will not be printed in the 
\o "/home/saul/Sim/IMP_AN_SIGNAL_GEN/Signal_Generator_tb/adexlNVM/results/data/Interactive.74/4/IMP_AN_SIGNAL_GEN:Signal_Generator_tb:1/netlist/testfixture.verilog" file. To print the stimulus name mapped table, set 
\o simVerilogPrintStimulusNameMappingTable = t either in CIW or the .simrc file 
\o before invoking Verilog netlister.
\o  
\o INFO (VLOGNET-62): Database internal net names will be printed for floating instance ports. To prevent 
\o them from being printed, set simVerilogProcessNullPorts = t either in CIW or 
\o the .simrc file.
\o  
\o INFO (VLOGNET-64): All cellviews in the design will be printed in the Netlist Configuration list. 
\o If you want to print only those cellviews that need to be re-netlisted in the 
\o list, set simVerilogIncrementalNetlistConfigList = t either in CIW or the 
\o .simrc file.
\o  
\o INFO (VLOGNET-68): The initial state of stimulus of all inout pins is set to "z". To get inout 
\o pins with initial state of "0", set hnlVerilogIOInitStimulusStr = "0" 
\o either in CIW or the .simrc file.
\o  
\o INFO (VLOGNET-117): Re-netlisting the entire design.
\o 
\o INFO (VLOGNET-118): Using connection by name (explicit connections) for all stopping and 
\o non-stopping cells.
\o  
\o WARNING (VLOGNET-121): You are netlisting with the test fixture flag set to OFF. This could result in possible timescale directive violations. No 
\o timescale directive will be added by the netlister. Set the test fixture option to ON before netlisting if there are such violations.
\o 
\o Traverse Config lib:IMP_AN_SIGNAL_GEN cell:Signal_Generator_tb view:config
\o WARNING (VLOGNET-110): The cell 'IMP_AN_SIGNAL_GEN/Signal_Generator_tb/schematic' has no ports. Make sure that this was the intended 
\o design.
\o  
\o INFO (VLOGNET-169): Module port ordering for lib 'IMP_DIG_SIGGEN', cell 'DacCtrl', view 'functional' will be
\o  done using the user specified port order as follows:
\o 
\o  => ("CountEnable" "Clk" "Resetn" "StepNum" "P<16:0>" "IP" "IN" "QP" "QN")
\o 
\o INFO (VLOGNET-169): Module port ordering for lib 'IMP_DIG_SIGGEN', cell 'stimulus_block', view 'verilogams' will be
\o  done using the user specified port order as follows:
\o 
\o  => ("CountEnable" "Clk" "Resetn" "StepNum")
\o 
\o INFO (VLOGNET-126): ---------- Beginning netlist configuration information ----------
\o 
\o 
\o 
\o CELL NAME                   VIEW NAME            NOTE             
\o ---------                   ---------            ----             
\o 
\o stimulus_block              verilogams           *Stopping View*  
\o res                         spectre              *Stopping View*  
\o vdc                         spectre              *Stopping View*  
\o DacCtrl                     functional           *Stopping View*  
\o subcx                       spectre              *Stopping View*  
\o nfetx                       spectre              *Stopping View*  
\o oprrpresx                   spectre              *Stopping View*  
\o nfetix                      spectre              *Stopping View*  
\o pfetx                       spectre              *Stopping View*  
\o mosvartx                    spectre              *Stopping View*  
\o cap                         spectre              *Stopping View*  
\o idc                         spectre              *Stopping View*  
\o vpulse                      spectre              *Stopping View*  
\o presistor                   spectre              *Stopping View*  
\o esdndidn                    spectre              *Stopping View*  
\o esdpdidn                    spectre              *Stopping View*  
\o tdpdnw                      spectre              *Stopping View*  
\o opppcresx                   spectre              *Stopping View*  
\o Signal_Generator_tb         schematic                             
\o pad_cap                     schematic                             
\o TI_D                        schematic                             
\o TI_C                        schematic                             
\o TI_B                        schematic                             
\o TI_A                        schematic                             
\o Signal_Generator            schematic                             
\o Signal_Generator_bias       schematic                             
\o Signal_Generator_Amplifier   schematic                             
\o INVX1                       cmos_sch                              
\o Signal_Generator_CMFB       schematic                             
\o res_500k                    schematic                             
\o res_250k                    schematic                             
\o RDAC32                      schematic                             
\o 
\o ---------- End of netlist configuration information   ----------
\o INFO (VLOGNET-80): The library 'IMP_AN_SIGNAL_GEN', cell 'Signal_Generator_tb', and view 'config' has been netlisted successfully.
\o 
\o End netlisting Dec  2 12:13:28 2015
\o INFO (193) : AMS netlisting has completed successfully.
\o To view the modules, right-click the test name on the Tests and Analyses 
\o assistant pane and choose Netlist->Display menu option.
\o       ...successful.
\o create cds_globals...
\o       ...successful.
\o compose simulator input file...
\o       ...successful.
\o 
\o *Info*    Running simulation on testbench [
\o           IMP_AN_SIGNAL_GEN:Signal_Generator_tb:1 ] for Point ID (7
\o           4).
\o 
\o Delete simulation data in /home/saul/Sim/IMP_AN_SIGNAL_GEN/Signal_Generator_tb/adexlNVM/results/data/Interactive.74/4/IMP_AN_SIGNAL_GEN:Signal_Generator_tb:1/psf.
\o create cds_globals...
\o       ...successful.
\o compose simulator input file...
\o       ...successful.
\o validating simulator hierarchy...
\o       ...successful.
\o running...
\o To check for output from compilation, elaboration and simulation run, 
\o right-click on the test name, result name, or any value in the "Results" 
\o tab of the Outputs section and choose "Output Log" menu option.
\o Loading paraplot.cxt 
\# Memory report: Maximum memory size now 64219750400 (0xef3cba000) bytes, UTC 2015.12.02 11:13:43.650
\o INFO (ADE-3071): Simulation completed successfully.
\o reading simulation data...
\o       ...successful.
\o *Info*    Client has finished evaluating ... 
\o 
\o 
\o *Info*    Run complete for Point ID (7 4) on testbench [
\o           IMP_AN_SIGNAL_GEN:Signal_Generator_tb:1 ].
\o 
\o 
\o 
\o 
\o 
\o ERROR (ADE-5021): asiEnvGetVar: Variable 'relxOpts enableGradualAging' is not declared for tool 'ams0'.
\o ERROR (ADE-5021): asiEnvGetVar: Variable 'relxOpts enableAging' is not declared for tool 'ams0'.
\o ERROR (ADE-5021): asiEnvGetVar: Variable 'relxOpts enableRelxpert' is not declared for tool 'ams0'.
\o 
\o 
\o 
\o 
\o 
\o *Info*    Run start for Point ID (7 20) on testbench [
\o           IMP_AN_SIGNAL_GEN:Signal_Generator_tb:1 ].
\o 
\o Resetting statistical vars
\o 
\o *Info*    Setting parameter values ...
\o 
\o Setting var G0 = "1.8"
\o Setting var G0_PULSE = "1.8"
\o Setting var G1 = "1.8"
\o Setting var G1_PULSE = "1.8"
\o Setting var G2 = "1.8"
\o Setting var G2_PULSE = "1.8"
\o Setting var G3 = "1.8"
\o Setting var G3_PULSE = "1.8"
\o Setting var Vsupply = "1.8"
\o 
\o *Info*    Netlist Directory =
\o           /home/saul/Sim/IMP_AN_SIGNAL_GEN/Signal_Generator_tb/adexlNVM/results/data/Interactive.74/20/IMP_AN_SIGNAL_GEN:Signal_Generator_tb:1/netlist
\o 
\o 
\o *Info*    Data Directory    =
\o           /home/saul/Sim/IMP_AN_SIGNAL_GEN/Signal_Generator_tb/adexlNVM/results/data/Interactive.74/20/IMP_AN_SIGNAL_GEN:Signal_Generator_tb:1
\o 
\o 
\o *Info*    Creating Netlist for Point ID (7 20)
\o 
\o generate netlist...
\o INFO (209) : Instances bound to the views specified in the "Netlist using spectre CDF simInfo"
\o              field in the Netlister form (Simulation->Options->Netlister) will be netlisted as
\o              analog primitives using the spectre CDF simulation information.
\o function ansCdlCompPrim redefined
\o Begin Incremental Netlisting Dec  2 12:13:57 2015
\o INFO (VLOGNET-187): While generating an explicit netlist, it is recommended to set the Terminal SyncUp option on the Netlist Setup form as 'Merge All' with this option.
\o Alternatively, you can set the hnlVerilogTermSyncUp variable as 'mergeAll'. This helps in generating a pure explicit netlist.
\o 
\o INFO (VLOGNET-60): The stimulus name mapped table will not be printed in the 
\o "/home/saul/Sim/IMP_AN_SIGNAL_GEN/Signal_Generator_tb/adexlNVM/results/data/Interactive.74/4/IMP_AN_SIGNAL_GEN:Signal_Generator_tb:1/netlist/testfixture.verilog" file. To print the stimulus name mapped table, set 
\o simVerilogPrintStimulusNameMappingTable = t either in CIW or the .simrc file 
\o before invoking Verilog netlister.
\o  
\o INFO (VLOGNET-62): Database internal net names will be printed for floating instance ports. To prevent 
\o them from being printed, set simVerilogProcessNullPorts = t either in CIW or 
\o the .simrc file.
\o  
\o INFO (VLOGNET-64): All cellviews in the design will be printed in the Netlist Configuration list. 
\o If you want to print only those cellviews that need to be re-netlisted in the 
\o list, set simVerilogIncrementalNetlistConfigList = t either in CIW or the 
\o .simrc file.
\o  
\o INFO (VLOGNET-68): The initial state of stimulus of all inout pins is set to "z". To get inout 
\o pins with initial state of "0", set hnlVerilogIOInitStimulusStr = "0" 
\o either in CIW or the .simrc file.
\o  
\o INFO (VLOGNET-117): Re-netlisting the entire design.
\o 
\o INFO (VLOGNET-118): Using connection by name (explicit connections) for all stopping and 
\o non-stopping cells.
\o  
\o WARNING (VLOGNET-121): You are netlisting with the test fixture flag set to OFF. This could result in possible timescale directive violations. No 
\o timescale directive will be added by the netlister. Set the test fixture option to ON before netlisting if there are such violations.
\o 
\o Traverse Config lib:IMP_AN_SIGNAL_GEN cell:Signal_Generator_tb view:config
\o WARNING (VLOGNET-110): The cell 'IMP_AN_SIGNAL_GEN/Signal_Generator_tb/schematic' has no ports. Make sure that this was the intended 
\o design.
\o  
\o INFO (VLOGNET-169): Module port ordering for lib 'IMP_DIG_SIGGEN', cell 'DacCtrl', view 'functional' will be
\o  done using the user specified port order as follows:
\o 
\o  => ("CountEnable" "Clk" "Resetn" "StepNum" "P<16:0>" "IP" "IN" "QP" "QN")
\o 
\o INFO (VLOGNET-169): Module port ordering for lib 'IMP_DIG_SIGGEN', cell 'stimulus_block', view 'verilogams' will be
\o  done using the user specified port order as follows:
\o 
\o  => ("CountEnable" "Clk" "Resetn" "StepNum")
\o 
\o INFO (VLOGNET-126): ---------- Beginning netlist configuration information ----------
\o 
\o 
\o 
\o CELL NAME                   VIEW NAME            NOTE             
\o ---------                   ---------            ----             
\o 
\o stimulus_block              verilogams           *Stopping View*  
\o res                         spectre              *Stopping View*  
\o vdc                         spectre              *Stopping View*  
\o DacCtrl                     functional           *Stopping View*  
\o subcx                       spectre              *Stopping View*  
\o nfetx                       spectre              *Stopping View*  
\o oprrpresx                   spectre              *Stopping View*  
\o nfetix                      spectre              *Stopping View*  
\o pfetx                       spectre              *Stopping View*  
\o mosvartx                    spectre              *Stopping View*  
\o cap                         spectre              *Stopping View*  
\o idc                         spectre              *Stopping View*  
\o vpulse                      spectre              *Stopping View*  
\o presistor                   spectre              *Stopping View*  
\o esdndidn                    spectre              *Stopping View*  
\o esdpdidn                    spectre              *Stopping View*  
\o tdpdnw                      spectre              *Stopping View*  
\o opppcresx                   spectre              *Stopping View*  
\o Signal_Generator_tb         schematic                             
\o pad_cap                     schematic                             
\o TI_D                        schematic                             
\o TI_C                        schematic                             
\o TI_B                        schematic                             
\o TI_A                        schematic                             
\o Signal_Generator            schematic                             
\o Signal_Generator_bias       schematic                             
\o Signal_Generator_Amplifier   schematic                             
\o INVX1                       cmos_sch                              
\o Signal_Generator_CMFB       schematic                             
\o res_500k                    schematic                             
\o res_250k                    schematic                             
\o RDAC32                      schematic                             
\o 
\o ---------- End of netlist configuration information   ----------
\o INFO (VLOGNET-80): The library 'IMP_AN_SIGNAL_GEN', cell 'Signal_Generator_tb', and view 'config' has been netlisted successfully.
\o 
\o End netlisting Dec  2 12:13:58 2015
\o INFO (193) : AMS netlisting has completed successfully.
\o To view the modules, right-click the test name on the Tests and Analyses 
\o assistant pane and choose Netlist->Display menu option.
\o       ...successful.
\o create cds_globals...
\o       ...successful.
\o compose simulator input file...
\o       ...successful.
\o 
\o *Info*    Running simulation on testbench [
\o           IMP_AN_SIGNAL_GEN:Signal_Generator_tb:1 ] for Point ID (7
\o           20).
\o 
\o Delete simulation data in /home/saul/Sim/IMP_AN_SIGNAL_GEN/Signal_Generator_tb/adexlNVM/results/data/Interactive.74/20/IMP_AN_SIGNAL_GEN:Signal_Generator_tb:1/psf.
\o compose simulator input file...
\o       ...successful.
\o validating simulator hierarchy...
\o       ...successful.
\o running...
\o To check for output from compilation, elaboration and simulation run, 
\o right-click on the test name, result name, or any value in the "Results" 
\o tab of the Outputs section and choose "Output Log" menu option.
\o INFO (ADE-3071): Simulation completed successfully.
\o reading simulation data...
\o       ...successful.
\o *Info*    Client has finished evaluating ... 
\o 
\o 
\o *Info*    Run complete for Point ID (7 20) on testbench [
\o           IMP_AN_SIGNAL_GEN:Signal_Generator_tb:1 ].
\o 
\o 
\o 
\o 
\o 
\o ERROR (ADE-5021): asiEnvGetVar: Variable 'relxOpts enableGradualAging' is not declared for tool 'ams0'.
\o ERROR (ADE-5021): asiEnvGetVar: Variable 'relxOpts enableAging' is not declared for tool 'ams0'.
\o ERROR (ADE-5021): asiEnvGetVar: Variable 'relxOpts enableRelxpert' is not declared for tool 'ams0'.
\o 
\o 
\o 
\o 
\o 
\o *Info*    Run start for Point ID (7 26) on testbench [
\o           IMP_AN_SIGNAL_GEN:Signal_Generator_tb:1 ].
\o 
\o Resetting statistical vars
\o 
\o *Info*    Setting parameter values ...
\o 
\o 
\o *Info*    Netlist Directory =
\o           /home/saul/Sim/IMP_AN_SIGNAL_GEN/Signal_Generator_tb/adexlNVM/results/data/Interactive.74/26/IMP_AN_SIGNAL_GEN:Signal_Generator_tb:1/netlist
\o 
\o 
\o *Info*    Data Directory    =
\o           /home/saul/Sim/IMP_AN_SIGNAL_GEN/Signal_Generator_tb/adexlNVM/results/data/Interactive.74/26/IMP_AN_SIGNAL_GEN:Signal_Generator_tb:1
\o 
\o 
\o *Info*    Creating Netlist for Point ID (7 26)
\o 
\o generate netlist...
\o INFO (209) : Instances bound to the views specified in the "Netlist using spectre CDF simInfo"
\o              field in the Netlister form (Simulation->Options->Netlister) will be netlisted as
\o              analog primitives using the spectre CDF simulation information.
\o function ansCdlCompPrim redefined
\o Begin Incremental Netlisting Dec  2 12:14:27 2015
\o INFO (VLOGNET-187): While generating an explicit netlist, it is recommended to set the Terminal SyncUp option on the Netlist Setup form as 'Merge All' with this option.
\o Alternatively, you can set the hnlVerilogTermSyncUp variable as 'mergeAll'. This helps in generating a pure explicit netlist.
\o 
\o INFO (VLOGNET-60): The stimulus name mapped table will not be printed in the 
\o "/home/saul/Sim/IMP_AN_SIGNAL_GEN/Signal_Generator_tb/adexlNVM/results/data/Interactive.74/4/IMP_AN_SIGNAL_GEN:Signal_Generator_tb:1/netlist/testfixture.verilog" file. To print the stimulus name mapped table, set 
\o simVerilogPrintStimulusNameMappingTable = t either in CIW or the .simrc file 
\o before invoking Verilog netlister.
\o  
\o INFO (VLOGNET-62): Database internal net names will be printed for floating instance ports. To prevent 
\o them from being printed, set simVerilogProcessNullPorts = t either in CIW or 
\o the .simrc file.
\o  
\o INFO (VLOGNET-64): All cellviews in the design will be printed in the Netlist Configuration list. 
\o If you want to print only those cellviews that need to be re-netlisted in the 
\o list, set simVerilogIncrementalNetlistConfigList = t either in CIW or the 
\o .simrc file.
\o  
\o INFO (VLOGNET-68): The initial state of stimulus of all inout pins is set to "z". To get inout 
\o pins with initial state of "0", set hnlVerilogIOInitStimulusStr = "0" 
\o either in CIW or the .simrc file.
\o  
\o INFO (VLOGNET-117): Re-netlisting the entire design.
\o 
\o INFO (VLOGNET-118): Using connection by name (explicit connections) for all stopping and 
\o non-stopping cells.
\o  
\o WARNING (VLOGNET-121): You are netlisting with the test fixture flag set to OFF. This could result in possible timescale directive violations. No 
\o timescale directive will be added by the netlister. Set the test fixture option to ON before netlisting if there are such violations.
\o 
\o Traverse Config lib:IMP_AN_SIGNAL_GEN cell:Signal_Generator_tb view:config
\o WARNING (VLOGNET-110): The cell 'IMP_AN_SIGNAL_GEN/Signal_Generator_tb/schematic' has no ports. Make sure that this was the intended 
\o design.
\o  
\o INFO (VLOGNET-169): Module port ordering for lib 'IMP_DIG_SIGGEN', cell 'DacCtrl', view 'functional' will be
\o  done using the user specified port order as follows:
\o 
\o  => ("CountEnable" "Clk" "Resetn" "StepNum" "P<16:0>" "IP" "IN" "QP" "QN")
\o 
\o INFO (VLOGNET-169): Module port ordering for lib 'IMP_DIG_SIGGEN', cell 'stimulus_block', view 'verilogams' will be
\o  done using the user specified port order as follows:
\o 
\o  => ("CountEnable" "Clk" "Resetn" "StepNum")
\o 
\o INFO (VLOGNET-126): ---------- Beginning netlist configuration information ----------
\o 
\o 
\o 
\o CELL NAME                   VIEW NAME            NOTE             
\o ---------                   ---------            ----             
\o 
\o stimulus_block              verilogams           *Stopping View*  
\o res                         spectre              *Stopping View*  
\o vdc                         spectre              *Stopping View*  
\o DacCtrl                     functional           *Stopping View*  
\o subcx                       spectre              *Stopping View*  
\o nfetx                       spectre              *Stopping View*  
\o oprrpresx                   spectre              *Stopping View*  
\o nfetix                      spectre              *Stopping View*  
\o pfetx                       spectre              *Stopping View*  
\o mosvartx                    spectre              *Stopping View*  
\o cap                         spectre              *Stopping View*  
\o idc                         spectre              *Stopping View*  
\o vpulse                      spectre              *Stopping View*  
\o presistor                   spectre              *Stopping View*  
\o esdndidn                    spectre              *Stopping View*  
\o esdpdidn                    spectre              *Stopping View*  
\o tdpdnw                      spectre              *Stopping View*  
\o opppcresx                   spectre              *Stopping View*  
\o Signal_Generator_tb         schematic                             
\o pad_cap                     schematic                             
\o TI_D                        schematic                             
\o TI_C                        schematic                             
\o TI_B                        schematic                             
\o TI_A                        schematic                             
\o Signal_Generator            schematic                             
\o Signal_Generator_bias       schematic                             
\o Signal_Generator_Amplifier   schematic                             
\o INVX1                       cmos_sch                              
\o Signal_Generator_CMFB       schematic                             
\o res_500k                    schematic                             
\o res_250k                    schematic                             
\o RDAC32                      schematic                             
\o 
\o ---------- End of netlist configuration information   ----------
\o INFO (VLOGNET-80): The library 'IMP_AN_SIGNAL_GEN', cell 'Signal_Generator_tb', and view 'config' has been netlisted successfully.
\o 
\o End netlisting Dec  2 12:14:28 2015
\o INFO (193) : AMS netlisting has completed successfully.
\o To view the modules, right-click the test name on the Tests and Analyses 
\o assistant pane and choose Netlist->Display menu option.
\o       ...successful.
\o create cds_globals...
\o       ...successful.
\o compose simulator input file...
\o       ...successful.
\o 
\o *Info*    Running simulation on testbench [
\o           IMP_AN_SIGNAL_GEN:Signal_Generator_tb:1 ] for Point ID (7
\o           26).
\o 
\o Delete simulation data in /home/saul/Sim/IMP_AN_SIGNAL_GEN/Signal_Generator_tb/adexlNVM/results/data/Interactive.74/26/IMP_AN_SIGNAL_GEN:Signal_Generator_tb:1/psf.
\o compose simulator input file...
\o       ...successful.
\o validating simulator hierarchy...
\o       ...successful.
\o running...
\o To check for output from compilation, elaboration and simulation run, 
\o right-click on the test name, result name, or any value in the "Results" 
\o tab of the Outputs section and choose "Output Log" menu option.
\o INFO (ADE-3071): Simulation completed successfully.
\o reading simulation data...
\o       ...successful.
\o *Info*    Client has finished evaluating ... 
\o 
\o 
\o *Info*    Run complete for Point ID (7 26) on testbench [
\o           IMP_AN_SIGNAL_GEN:Signal_Generator_tb:1 ].
\o 
\o 
\o 
\o 
\o 
\o ERROR (ADE-5021): asiEnvGetVar: Variable 'relxOpts enableGradualAging' is not declared for tool 'ams0'.
\o ERROR (ADE-5021): asiEnvGetVar: Variable 'relxOpts enableAging' is not declared for tool 'ams0'.
\o ERROR (ADE-5021): asiEnvGetVar: Variable 'relxOpts enableRelxpert' is not declared for tool 'ams0'.
\o 
\o 
\o 
\o 
\o 
\o *Info*    Run start for Point ID (7 38) on testbench [
\o           IMP_AN_SIGNAL_GEN:Signal_Generator_tb:1 ].
\o 
\o Resetting statistical vars
\o 
\o *Info*    Setting parameter values ...
\o 
\o Setting var G0 = "1.98"
\o Setting var G0_PULSE = "1.98"
\o Setting var G1 = "1.98"
\o Setting var G1_PULSE = "1.98"
\o Setting var G2 = "1.98"
\o Setting var G2_PULSE = "1.98"
\o Setting var G3 = "1.98"
\o Setting var G3_PULSE = "1.98"
\o Setting var Vsupply = "1.98"
\o 
\o *Info*    Netlist Directory =
\o           /home/saul/Sim/IMP_AN_SIGNAL_GEN/Signal_Generator_tb/adexlNVM/results/data/Interactive.74/38/IMP_AN_SIGNAL_GEN:Signal_Generator_tb:1/netlist
\o 
\o 
\o *Info*    Data Directory    =
\o           /home/saul/Sim/IMP_AN_SIGNAL_GEN/Signal_Generator_tb/adexlNVM/results/data/Interactive.74/38/IMP_AN_SIGNAL_GEN:Signal_Generator_tb:1
\o 
\o 
\o *Info*    Creating Netlist for Point ID (7 38)
\o 
\o generate netlist...
\o INFO (209) : Instances bound to the views specified in the "Netlist using spectre CDF simInfo"
\o              field in the Netlister form (Simulation->Options->Netlister) will be netlisted as
\o              analog primitives using the spectre CDF simulation information.
\o function ansCdlCompPrim redefined
\o Begin Incremental Netlisting Dec  2 12:14:57 2015
\o INFO (VLOGNET-187): While generating an explicit netlist, it is recommended to set the Terminal SyncUp option on the Netlist Setup form as 'Merge All' with this option.
\o Alternatively, you can set the hnlVerilogTermSyncUp variable as 'mergeAll'. This helps in generating a pure explicit netlist.
\o 
\o INFO (VLOGNET-60): The stimulus name mapped table will not be printed in the 
\o "/home/saul/Sim/IMP_AN_SIGNAL_GEN/Signal_Generator_tb/adexlNVM/results/data/Interactive.74/4/IMP_AN_SIGNAL_GEN:Signal_Generator_tb:1/netlist/testfixture.verilog" file. To print the stimulus name mapped table, set 
\o simVerilogPrintStimulusNameMappingTable = t either in CIW or the .simrc file 
\o before invoking Verilog netlister.
\o  
\o INFO (VLOGNET-62): Database internal net names will be printed for floating instance ports. To prevent 
\o them from being printed, set simVerilogProcessNullPorts = t either in CIW or 
\o the .simrc file.
\o  
\o INFO (VLOGNET-64): All cellviews in the design will be printed in the Netlist Configuration list. 
\o If you want to print only those cellviews that need to be re-netlisted in the 
\o list, set simVerilogIncrementalNetlistConfigList = t either in CIW or the 
\o .simrc file.
\o  
\o INFO (VLOGNET-68): The initial state of stimulus of all inout pins is set to "z". To get inout 
\o pins with initial state of "0", set hnlVerilogIOInitStimulusStr = "0" 
\o either in CIW or the .simrc file.
\o  
\o INFO (VLOGNET-117): Re-netlisting the entire design.
\o 
\o INFO (VLOGNET-118): Using connection by name (explicit connections) for all stopping and 
\o non-stopping cells.
\o  
\o WARNING (VLOGNET-121): You are netlisting with the test fixture flag set to OFF. This could result in possible timescale directive violations. No 
\o timescale directive will be added by the netlister. Set the test fixture option to ON before netlisting if there are such violations.
\o 
\o Traverse Config lib:IMP_AN_SIGNAL_GEN cell:Signal_Generator_tb view:config
\o WARNING (VLOGNET-110): The cell 'IMP_AN_SIGNAL_GEN/Signal_Generator_tb/schematic' has no ports. Make sure that this was the intended 
\o design.
\o  
\o INFO (VLOGNET-169): Module port ordering for lib 'IMP_DIG_SIGGEN', cell 'DacCtrl', view 'functional' will be
\o  done using the user specified port order as follows:
\o 
\o  => ("CountEnable" "Clk" "Resetn" "StepNum" "P<16:0>" "IP" "IN" "QP" "QN")
\o 
\o INFO (VLOGNET-169): Module port ordering for lib 'IMP_DIG_SIGGEN', cell 'stimulus_block', view 'verilogams' will be
\o  done using the user specified port order as follows:
\o 
\o  => ("CountEnable" "Clk" "Resetn" "StepNum")
\o 
\o INFO (VLOGNET-126): ---------- Beginning netlist configuration information ----------
\o 
\o 
\o 
\o CELL NAME                   VIEW NAME            NOTE             
\o ---------                   ---------            ----             
\o 
\o stimulus_block              verilogams           *Stopping View*  
\o res                         spectre              *Stopping View*  
\o vdc                         spectre              *Stopping View*  
\o DacCtrl                     functional           *Stopping View*  
\o subcx                       spectre              *Stopping View*  
\o nfetx                       spectre              *Stopping View*  
\o oprrpresx                   spectre              *Stopping View*  
\o nfetix                      spectre              *Stopping View*  
\o pfetx                       spectre              *Stopping View*  
\o mosvartx                    spectre              *Stopping View*  
\o cap                         spectre              *Stopping View*  
\o idc                         spectre              *Stopping View*  
\o vpulse                      spectre              *Stopping View*  
\o presistor                   spectre              *Stopping View*  
\o esdndidn                    spectre              *Stopping View*  
\o esdpdidn                    spectre              *Stopping View*  
\o tdpdnw                      spectre              *Stopping View*  
\o opppcresx                   spectre              *Stopping View*  
\o Signal_Generator_tb         schematic                             
\o pad_cap                     schematic                             
\o TI_D                        schematic                             
\o TI_C                        schematic                             
\o TI_B                        schematic                             
\o TI_A                        schematic                             
\o Signal_Generator            schematic                             
\o Signal_Generator_bias       schematic                             
\o Signal_Generator_Amplifier   schematic                             
\o INVX1                       cmos_sch                              
\o Signal_Generator_CMFB       schematic                             
\o res_500k                    schematic                             
\o res_250k                    schematic                             
\o RDAC32                      schematic                             
\o 
\o ---------- End of netlist configuration information   ----------
\o INFO (VLOGNET-80): The library 'IMP_AN_SIGNAL_GEN', cell 'Signal_Generator_tb', and view 'config' has been netlisted successfully.
\o 
\o End netlisting Dec  2 12:14:57 2015
\o INFO (193) : AMS netlisting has completed successfully.
\o To view the modules, right-click the test name on the Tests and Analyses 
\o assistant pane and choose Netlist->Display menu option.
\o       ...successful.
\o create cds_globals...
\o       ...successful.
\o compose simulator input file...
\o       ...successful.
\o 
\o *Info*    Running simulation on testbench [
\o           IMP_AN_SIGNAL_GEN:Signal_Generator_tb:1 ] for Point ID (7
\o           38).
\o 
\o Delete simulation data in /home/saul/Sim/IMP_AN_SIGNAL_GEN/Signal_Generator_tb/adexlNVM/results/data/Interactive.74/38/IMP_AN_SIGNAL_GEN:Signal_Generator_tb:1/psf.
\o compose simulator input file...
\o       ...successful.
\o validating simulator hierarchy...
\o       ...successful.
\o running...
\o To check for output from compilation, elaboration and simulation run, 
\o right-click on the test name, result name, or any value in the "Results" 
\o tab of the Outputs section and choose "Output Log" menu option.
\o INFO (ADE-3071): Simulation completed successfully.
\o reading simulation data...
\o       ...successful.
\o *Info*    Client has finished evaluating ... 
\o 
\o 
\o *Info*    Run complete for Point ID (7 38) on testbench [
\o           IMP_AN_SIGNAL_GEN:Signal_Generator_tb:1 ].
\o 
\o 
\o 
\o 
\o 
\o Simulation design variables differ from those on the cellView,
\o they have been saved in the file "/tmp/saved-design-variables".
\o To save future changes, copy variables to cellView before exiting.
\# Memory report: on exit 200523776 (0xbf3c000) bytes, process size 947998720 (0x38815000) bytes at UTC 2015.12.02 11:20:51.685
\# Memory report: peak usage 200540160 (0xbf40000) bytes, process size 948011008 (0x38818000) bytes
