\# Program start time UTC 2015.12.02 12:44:00.394
\# Local time Wednesday 2 December 2015, 1:44 pm
\o Program:		@(#)$CDS: virtuoso version 6.1.5-64b 06/11/2013 20:05 (sjfnl006) $
\o Hierarchy:		/pkg/Cadence/installs/IC615/tools.lnx86/dfII/
\o Sub version:		sub-version  IC6.1.5-64b.500.17  (64-bit addresses)
\# Host name (type):	s2424.it.kth.se (x86_64)
\# Operating system:	Linux 2.6.18-407.el5 #1 SMP Wed Nov 11 08:12:41 EST 2015
\# X display name (WxH):	s2424.it.kth.se:80.0 (1024x868)
\# Available geometry:			TL(0:0) BR(1023:867)
\# X server:			RealVNC Ltd (VNC nograph server)
\# Depth of Visual (Root):	16 (16)
\# Number of Planes Used:	16
\# X version:		11.0 (vendor release 3370)
\# X resource pool:	base 0x800000, mask 0x3fffff (4194303), shift 0
\# 			current id 0x31, current max 0x3ffffa (4194298)
\# Memory report:	maximum data size 18446744073709551615 (0xffffffffffffffff) bytes
\# Memory report:	maximum process size 18446744073709551615 (0xffffffffffffffff) bytes
\# Initial sbrk value:	378454016 (0x168ec000) bytes
\# Available memory:	64264200 (0x3d49808) kilobytes
\# System memory:	80336196 (0x4c9d544) kilobytes
\# Maximum memory size:	81943519232 (0x131436e000) bytes
\# Max mem available:	65864249344 (0xf55d0b000) bytes
\# Initial memory used:	57708544 (0x3709000) bytes
\#        process size:	673431552 (0x2823c000) bytes
\# Qt version:		4.5.3
\# Window Manager:	other
\# User Name:		saul
\o Working Directory:	s2424.it.kth.se:/home/saul/projects/IMPLANTABLE_AMS/version1/saul
\# Process Id:		22675
\o 
\o COPYRIGHT © 1992-2013  CADENCE DESIGN SYSTEMS INC.  ALL RIGHTS RESERVED.
\o           © 1992-2013  UNIX SYSTEMS Laboratories INC.,
\o                          Reproduced with permission.
\o 
\o This Cadence Design Systems program and online documentation are
\o proprietary/confidential information and may be disclosed/used only
\o as authorized in a license agreement controlling such use and disclosure.
\o 
\o           RESTRICTED RIGHTS NOTICE (SHORT FORM)
\o Use/reproduction/disclosure is subject to restriction
\o set forth at FAR 1252.227-19 or its equivalent.
\# Available memory:	64147768 (0x3d2d138) kilobytes UTC 2015.12.02 12:44:01.886
\# Memory report: Maximum memory size now 65747783680 (0xf4edf9000) bytes, UTC 2015.12.02 12:44:01.886
\o Loading geView.cxt 
\o Loading menuBuilder.cxt 
\o Loading schView.cxt 
\o Loading selectSv.cxt 
\o Loading LVS.cxt 
\o Loading layerProc.cxt 
\o Loading xlUI.cxt 
\o Loading auCore.cxt 
\o Loading dcm.cxt 
\o Loading vhdl.cxt 
\o Loading seismic.cxt 
\o Loading ci.cxt 
\o Loading ams.cxt 
\o Loading adexl.cxt 
\o Loading oasis.cxt 
\o Loading asimenv.cxt 
\o Loading analog.cxt 
\o Loading par.cxt 
\o Loading socket.cxt 
\o Loading alvs.cxt 
\o *Info*    Exporting services from client ... 
\o 
\w *WARNING* LIB TECH_H18A6 from File /home/saul/projects/IMPLANTABLE_AMS/version1/saul/cds.lib Line 69 redefines
\w LIB TECH_H18A6 from the same file (defined earlier.)
\w *WARNING* The directory: '/pkg/AMS411/cds/HK_H18/TECH_H18A7AMAM' does not exist
\w 	but was defined in libFile '/home/saul/projects/IMPLANTABLE_AMS/version1/saul/cds.lib' for Lib 'TECH_H18A7AM'.
\w *WARNING* The directory: '/pkg/AMS411/cds/HK_H18/TECH_H18A5AMAM' does not exist
\w 	but was defined in libFile '/home/saul/projects/IMPLANTABLE_AMS/version1/saul/cds.lib' for Lib 'TECH_H18A5AM'.
\w *WARNING* The directory: '/pkg/AMS411/cds/HK_H18/TECH_H18A4AMAM' does not exist
\w 	but was defined in libFile '/home/saul/projects/IMPLANTABLE_AMS/version1/saul/cds.lib' for Lib 'TECH_H18A4AM'.
\w *WARNING* The directory: '/pkg/AMS411/cds/HK_H18/TECH_H18A3AMAM' does not exist
\w 	but was defined in libFile '/home/saul/projects/IMPLANTABLE_AMS/version1/saul/cds.lib' for Lib 'TECH_H18A3AM'.
\o ......................................................................................
\o            ams AG hitkit v.ams_4.11
\o ......................................................................................
\o COPYRIGHT (c) 2013 Full Service Foundry @ ams AG.  ALL RIGHTS RESERVED
\o This hitkit and attached documentation are confidential information and may 
\o only be used as authorized by the hitkit license agreement.
\o ......................................................................................
\o Loading simulator default settings.
\o HitKit On-Line Documentation not enabled - does ~/data.reg exist?
\o No mx check
\o  
\o Loading IBM PDK cmhv7sf procedures for Cadence Version "6.1.5-64b"...
\o ...IBM PDK cmhv7sf procedures loaded.
\o  
\o Loading simulator default settings.
\o *Info*    Client has finished starting ... 
\o 
\p hitkit: ams_4.11  Tech: h18a6am  User: saul 
\o 
\o 
\o *Info*    Configuring the session ...
\o 
\o 	Library      = IMP_AN_BUFFER
\o 	Cell         = buffer_tb
\o 	View         = config
\o 	Simulator    = spectre
\o 	State Path   = $AXL_SETUPDB_DIR/test_states
\o 	State Name   = IMP_AN_BUFFER:buffer_tb:1_state1_Interactive.42
\o 	Results DB   = /home/saul/projects/IMPLANTABLE_AMS/version1/saul/IMP_AN_BUFFER/buffer_tb/adexl/results/data/Interactive.42.rdb
\o 	Results Dir  = /home/saul/Sim/IMP_AN_BUFFER/buffer_tb/adexl/results/data/Interactive.42/1/IMP_AN_BUFFER:buffer_tb:1
\o 	Results Loc  = /home/saul/Sim/IMP_AN_BUFFER/buffer_tb/adexl/results/data
\o 	Project Dir  = /home/saul/projects/IMPLANTABLE_AMS/version1/saul/SimVM
\o 	Setup DB loc = /home/saul/projects/IMPLANTABLE_AMS/version1/saul/IMP_AN_BUFFER/buffer_tb/adexl
\o 	File Encoding = 0
\o 
\o 
\o Loading simui.cxt 
\o Loading awv.cxt 
\o Loading viva.cxt 
\o *Info*    Spectre controlMode is set "batch".
\o 
\o Loading spectrei.cxt 
\# Memory report: now 166518784 (0x9ece000) bytes, process size 913977344 (0x367a3000) bytes at UTC 2015.12.02 12:44:04.428
\o Loading relXpert.cxt 
\w *WARNING* LIB TECH_H18A6 from File /home/saul/projects/IMPLANTABLE_AMS/version1/saul/cds.lib Line 69 redefines
\w LIB TECH_H18A6 from the same file (defined earlier.)
\w *WARNING* The directory: '/pkg/AMS411/cds/HK_H18/TECH_H18A7AMAM' does not exist
\w 	but was defined in libFile '/home/saul/projects/IMPLANTABLE_AMS/version1/saul/cds.lib' for Lib 'TECH_H18A7AM'.
\w *WARNING* The directory: '/pkg/AMS411/cds/HK_H18/TECH_H18A5AMAM' does not exist
\w 	but was defined in libFile '/home/saul/projects/IMPLANTABLE_AMS/version1/saul/cds.lib' for Lib 'TECH_H18A5AM'.
\w *WARNING* The directory: '/pkg/AMS411/cds/HK_H18/TECH_H18A4AMAM' does not exist
\w 	but was defined in libFile '/home/saul/projects/IMPLANTABLE_AMS/version1/saul/cds.lib' for Lib 'TECH_H18A4AM'.
\w *WARNING* The directory: '/pkg/AMS411/cds/HK_H18/TECH_H18A3AMAM' does not exist
\w 	but was defined in libFile '/home/saul/projects/IMPLANTABLE_AMS/version1/saul/cds.lib' for Lib 'TECH_H18A3AM'.
\o Loading hspiceD.cxt 
\o Loading spectreinl.cxt 
\o Loading msgHandler.cxt 
\o Loading UltraSim.cxt 
\o Loading AMSOSS.cxt 
\o Loading AMS.cxt 
\o Loading devCheck.cxt 
\o Initializing IBM_PDK functions
\o IBM_PDK skill procedures for Cadence 6.1 - Nov 29 08:29:37 2010
\o Licensed Materials - Property of IBM - All Rights Reserved 
\o Copyright: International Business Machines Corporation, 2015
\o This Material may not be copied without the written consent of 
\o Semiconductor Research and Development Center, IBM Corp., Essex Junction, VT 05452-4299.
\o  Default set for Left & Right WindowCoordIBM
\o System hardware set for Linux IBM_PDK procedures
\o Setting calibre env variable table for cmhv7sf 
\o Using menu definition file: /pkg/AMS411/cds/HK_H18/cmhv7sf/ibmPdkMenu.def
\o set cmhv7sf  calibre env variables based on ibmPdkMenuCalibre settings
\o set cmhv7sf  calibre env variables based on ibmPdkMenuCalibreDrc settings
\o set cmhv7sf  calibre env variables based on ibmPdkMenuCalibreLvs settings
\o set cmhv7sf  calibre env variables based on ibmPdkMenuCalibrePerc settings
\o 
\o 
\o 
\o 
\o 
\o *Info*    Run start for Point ID (1 3) on testbench [
\o           IMP_AN_BUFFER:buffer_tb:1 ].
\o 
\o Resetting statistical vars
\o 
\o *Info*    Setting parameter values ...
\o 
\o Setting var CL = "1p"
\o Setting var IBIAS_STEP = "0"
\o Setting var RL = "100M"
\o Setting var VDD_AC = "0"
\o Setting var VDD_STEP = "0"
\o Setting var VIN_AC = "1"
\o Setting var VIN_DC = "900m"
\o Setting var VIN_STEP = "10m"
\o Setting var Vsupply = "1.8"
\o Setting temp(T) = 27
\o 
\o *Info*    Netlist Directory =
\o           /home/saul/Sim/IMP_AN_BUFFER/buffer_tb/adexl/results/data/Interactive.42/3/IMP_AN_BUFFER:buffer_tb:1/netlist
\o 
\o 
\o *Info*    Data Directory    =
\o           /home/saul/Sim/IMP_AN_BUFFER/buffer_tb/adexl/results/data/Interactive.42/3/IMP_AN_BUFFER:buffer_tb:1
\o 
\o 
\o *Info*    Creating Netlist for Point ID (1 3)
\o 
\o generate netlist...
\o Loading seCore.cxt 
\o function ansCdlCompPrim redefined
\o function ansCdlCompPrim redefined
\o Initializing the control file using cp:
\o     cp /pkg/Cadence/installs/IC615/tools.lnx86/dfII/etc/si/control.spectre /home/saul/Sim/IMP_AN_BUFFER/buffer_tb/adexl/results/data/Interactive.42/3/IMP_AN_BUFFER:buffer_tb:1/netlist/control
\o Copying Spectre source file 'spectre.inp'
\o Copying Spectre command file 'spectre.sim'
\o Begin Incremental Netlisting Dec  2 13:44:06 2015
\o End netlisting Dec  2 13:44:06 2015
\o 
\o Netlisting Statistics:
\o 	Number of components:   26
\o 
\o 	Elapsed time:          0.0s
\o Errors: 0	Warnings: 0
\o       ...successful.
\o compose simulator input file...
\o       ...successful.
\o 
\o *Info*    Running simulation on testbench [ IMP_AN_BUFFER:buffer_tb:1
\o           ] for Point ID (1 3).
\o 
\o Delete psf data in /home/saul/Sim/IMP_AN_BUFFER/buffer_tb/adexl/results/data/Interactive.42/3/IMP_AN_BUFFER:buffer_tb:1/psf.
\o compose simulator input file...
\o       ...successful.
\o start simulator if needed...
\o       ...successful.
\o simulate...
\o To view the simulator output, right-click on the test name, result 
\o name, or any value in the "Results" tab of the Outputs section and 
\o choose "Output Log" menu option.
\o Loading paraplot.cxt 
\o INFO (ADE-3067): Errors encountered during simulation. For more information, right-click
\o         on a test name in the 'Results' tab of the Outputs pane and choose 'Output Log'
\o         to view the simulation run log.
\o 
\o *Error*   Error ID  = 5011
\o *Error*   Error Msg = Simulator failed to complete the simulation.
\o 
\o           Error found by spectre during circuit read-in.
\o Error found
\o           by spectre during circuit read-in.
\o ERROR (CMI-2011): Unable
\o           to open parameter soft limits file
\o           `/pkg/AMS/spectre/ams_range.lmts'.
\o Error found by spectre
\o           during circuit read-in.
\o Error found by spectre during
\o           circuit read-in.
\o ERROR (SFE-868): "input.scs" 10: Can not
\o           open input file `/pkg/AMS/spectre/h18/soac/mcparams.scs'.
\o           No such file or directory. Ensure that the file exi
\o sts and
\o           the path to the file is correct. Otherwise, use the
\o           -I<path> command-line option to specify the path to the
\o           file.
\o ERROR (SFE-868): "input.scs" 11: Can not open input
\o           file `/pkg/AMS/spectre/h18/soac/design.scs'. No such file
\o           or directory. Ensure that the file exist
\o s and the path to
\o           the file is correct. Otherwise, use the -I<path>
\o           command-line option to specify the path to the file.
\o ERROR
\o           (SFE-868): "input.scs" 12: Can not open input file
\o           `/pkg/AMS/spectre/h18/soac/res.scs'. No such file or
\o           directory. Ensure that the file exists a
\o nd the path to the
\o           file is correct. Otherwise, use the -I<path> command-line
\o           option to specify the path to the file.
\o ERROR (SFE-868):
\o           "input.scs" 13: Can not open input file
\o           `/pkg/AMS/spectre/h18/soac/cap.scs'. No such file or
\o           directory. Ensure that the file exists a
\o nd the path to the
\o           file is correct. Otherwise, use the -I<path> command-line
\o           option to specify the path to the file.
\o ERROR (SFE-868):
\o           "input.scs" 14: Can not open input file
\o           `/pkg/AMS/spectre/h18/soac/bip.scs'. No such file or
\o           directory. Ensure that the file exists a
\o nd the path to the
\o           file is correct. Otherwise, use the -I<path> command-line
\o           option to specify the path to the file.
\o ERROR (SFE-868):
\o           "input.scs" 15: Can not open input file
\o           `/pkg/AMS/spectre/h18/soac/esddi.scs'. No such file or
\o           directory. Ensure that the file exists
\o  and the path to the
\o           file is correct. Otherwise, use the -I<path> command-line
\o           option to specify the path to the file.
\o ERROR (SFE-868):
\o           "input.scs" 16: Can not open input file
\o           `/pkg/AMS/spectre/h18/soac/cmos53.scs'. No such file or
\o           directory. Ensure that the file exist
\o s and the path to the
\o           file is correct. Otherwise, use the -I<path> command-line
\o           option to specify the path to the file.
\o 
\o 
\o 
\o 
\o 
\o 
\o 
\o 
\o 
\o 
\o *Info*    Run start for Point ID (1 3) on testbench [
\o           IMP_AN_BUFFER:buffer_tb:1 ].
\o 
\o Resetting statistical vars
\o 
\o *Info*    Setting parameter values ...
\o 
\o Setting var CL = "1p"
\o Setting var IBIAS_STEP = "0"
\o Setting var RL = "100M"
\o Setting var VDD_AC = "0"
\o Setting var VDD_STEP = "0"
\o Setting var VIN_AC = "1"
\o Setting var VIN_DC = "900m"
\o Setting var VIN_STEP = "10m"
\o Setting var Vsupply = "1.8"
\o Setting temp(T) = 27
\o 
\o *Info*    Netlist Directory =
\o           /home/saul/Sim/IMP_AN_BUFFER/buffer_tb/adexl/results/data/Interactive.42/3/IMP_AN_BUFFER:buffer_tb:1/netlist
\o 
\o 
\o *Info*    Data Directory    =
\o           /home/saul/Sim/IMP_AN_BUFFER/buffer_tb/adexl/results/data/Interactive.42/3/IMP_AN_BUFFER:buffer_tb:1
\o 
\o 
\o *Info*    Creating Netlist for Point ID (1 3)
\o 
\o generate netlist...
\o function ansCdlCompPrim redefined
\o function ansCdlCompPrim redefined
\o Begin Incremental Netlisting Dec  2 13:44:07 2015
\o End netlisting Dec  2 13:44:07 2015
\o 
\o 	The netlist is up to date.
\o 	Time taken to compare the design with netlist:   0.0s
\o       ...successful.
\o compose simulator input file...
\o       ...successful.
\o 
\o *Info*    Running simulation on testbench [ IMP_AN_BUFFER:buffer_tb:1
\o           ] for Point ID (1 3).
\o 
\o Delete psf data in /home/saul/Sim/IMP_AN_BUFFER/buffer_tb/adexl/results/data/Interactive.42/3/IMP_AN_BUFFER:buffer_tb:1/psf.
\o compose simulator input file...
\o       ...successful.
\o start simulator if needed...
\o       ...successful.
\o simulate...
\o To view the simulator output, right-click on the test name, result 
\o name, or any value in the "Results" tab of the Outputs section and 
\o choose "Output Log" menu option.
\o INFO (ADE-3067): Errors encountered during simulation. For more information, right-click
\o         on a test name in the 'Results' tab of the Outputs pane and choose 'Output Log'
\o         to view the simulation run log.
\o 
\o *Error*   Error ID  = 5011
\o *Error*   Error Msg = Simulator failed to complete the simulation.
\o 
\o           Error found by spectre during circuit read-in.
\o Error found
\o           by spectre during circuit read-in.
\o ERROR (CMI-2011): Unable
\o           to open parameter soft limits file
\o           `/pkg/AMS/spectre/ams_range.lmts'.
\o Error found by spectre
\o           during circuit read-in.
\o Error found by spectre during
\o           circuit read-in.
\o ERROR (SFE-868): "input.scs" 10: Can not
\o           open input file `/pkg/AMS/spectre/h18/soac/mcparams.scs'.
\o           No such file or directory. Ensure that the file exi
\o sts and
\o           the path to the file is correct. Otherwise, use the
\o           -I<path> command-line option to specify the path to the
\o           file.
\o ERROR (SFE-868): "input.scs" 11: Can not open input
\o           file `/pkg/AMS/spectre/h18/soac/design.scs'. No such file
\o           or directory. Ensure that the file exist
\o s and the path to
\o           the file is correct. Otherwise, use the -I<path>
\o           command-line option to specify the path to the file.
\o ERROR
\o           (SFE-868): "input.scs" 12: Can not open input file
\o           `/pkg/AMS/spectre/h18/soac/res.scs'. No such file or
\o           directory. Ensure that the file exists a
\o nd the path to the
\o           file is correct. Otherwise, use the -I<path> command-line
\o           option to specify the path to the file.
\o ERROR (SFE-868):
\o           "input.scs" 13: Can not open input file
\o           `/pkg/AMS/spectre/h18/soac/cap.scs'. No such file or
\o           directory. Ensure that the file exists a
\o nd the path to the
\o           file is correct. Otherwise, use the -I<path> command-line
\o           option to specify the path to the file.
\o ERROR (SFE-868):
\o           "input.scs" 14: Can not open input file
\o           `/pkg/AMS/spectre/h18/soac/bip.scs'. No such file or
\o           directory. Ensure that the file exists a
\o nd the path to the
\o           file is correct. Otherwise, use the -I<path> command-line
\o           option to specify the path to the file.
\o ERROR (SFE-868):
\o           "input.scs" 15: Can not open input file
\o           `/pkg/AMS/spectre/h18/soac/esddi.scs'. No such file or
\o           directory. Ensure that the file exists
\o  and the path to the
\o           file is correct. Otherwise, use the -I<path> command-line
\o           option to specify the path to the file.
\o ERROR (SFE-868):
\o           "input.scs" 16: Can not open input file
\o           `/pkg/AMS/spectre/h18/soac/cmos53.scs'. No such file or
\o           directory. Ensure that the file exist
\o s and the path to the
\o           file is correct. Otherwise, use the -I<path> command-line
\o           option to specify the path to the file.
\o 
\o 
\o 
\o 
\o 
\o 
\o 
\o 
\o 
\o 
\o *Info*    Run start for Point ID (1 9) on testbench [
\o           IMP_AN_BUFFER:buffer_tb:1 ].
\o 
\o Resetting statistical vars
\o 
\o *Info*    Setting parameter values ...
\o 
\o Setting var CL = "30p"
\o Setting var IBIAS_STEP = "0"
\o Setting var RL = "100M"
\o Setting var VDD_AC = "0"
\o Setting var VDD_STEP = "0"
\o Setting var VIN_AC = "1"
\o Setting var VIN_DC = "900m"
\o Setting var VIN_STEP = "10m"
\o Setting var Vsupply = "1.8"
\o Setting temp(T) = 27
\o 
\o *Info*    Netlist Directory =
\o           /home/saul/Sim/IMP_AN_BUFFER/buffer_tb/adexl/results/data/Interactive.42/9/IMP_AN_BUFFER:buffer_tb:1/netlist
\o 
\o 
\o *Info*    Data Directory    =
\o           /home/saul/Sim/IMP_AN_BUFFER/buffer_tb/adexl/results/data/Interactive.42/9/IMP_AN_BUFFER:buffer_tb:1
\o 
\o 
\o *Info*    Creating Netlist for Point ID (1 9)
\o 
\o generate netlist...
\o function ansCdlCompPrim redefined
\o function ansCdlCompPrim redefined
\o Begin Incremental Netlisting Dec  2 13:44:08 2015
\o End netlisting Dec  2 13:44:08 2015
\o 
\o 	The netlist is up to date.
\o 	Time taken to compare the design with netlist:   0.0s
\o       ...successful.
\o compose simulator input file...
\o       ...successful.
\o 
\o *Info*    Running simulation on testbench [ IMP_AN_BUFFER:buffer_tb:1
\o           ] for Point ID (1 9).
\o 
\o Delete psf data in /home/saul/Sim/IMP_AN_BUFFER/buffer_tb/adexl/results/data/Interactive.42/9/IMP_AN_BUFFER:buffer_tb:1/psf.
\o compose simulator input file...
\o       ...successful.
\o start simulator if needed...
\o       ...successful.
\o simulate...
\o To view the simulator output, right-click on the test name, result 
\o name, or any value in the "Results" tab of the Outputs section and 
\o choose "Output Log" menu option.
\o INFO (ADE-3067): Errors encountered during simulation. For more information, right-click
\o         on a test name in the 'Results' tab of the Outputs pane and choose 'Output Log'
\o         to view the simulation run log.
\o 
\o *Error*   Error ID  = 5011
\o *Error*   Error Msg = Simulator failed to complete the simulation.
\o 
\o           Error found by spectre during circuit read-in.
\o Error found
\o           by spectre during circuit read-in.
\o ERROR (CMI-2011): Unable
\o           to open parameter soft limits file
\o           `/pkg/AMS/spectre/ams_range.lmts'.
\o Error found by spectre
\o           during circuit read-in.
\o Error found by spectre during
\o           circuit read-in.
\o ERROR (SFE-868): "input.scs" 10: Can not
\o           open input file `/pkg/AMS/spectre/h18/soac/mcparams.scs'.
\o           No such file or directory. Ensure that the file exi
\o sts and
\o           the path to the file is correct. Otherwise, use the
\o           -I<path> command-line option to specify the path to the
\o           file.
\o ERROR (SFE-868): "input.scs" 11: Can not open input
\o           file `/pkg/AMS/spectre/h18/soac/design.scs'. No such file
\o           or directory. Ensure that the file exist
\o s and the path to
\o           the file is correct. Otherwise, use the -I<path>
\o           command-line option to specify the path to the file.
\o ERROR
\o           (SFE-868): "input.scs" 12: Can not open input file
\o           `/pkg/AMS/spectre/h18/soac/res.scs'. No such file or
\o           directory. Ensure that the file exists a
\o nd the path to the
\o           file is correct. Otherwise, use the -I<path> command-line
\o           option to specify the path to the file.
\o ERROR (SFE-868):
\o           "input.scs" 13: Can not open input file
\o           `/pkg/AMS/spectre/h18/soac/cap.scs'. No such file or
\o           directory. Ensure that the file exists a
\o nd the path to the
\o           file is correct. Otherwise, use the -I<path> command-line
\o           option to specify the path to the file.
\o ERROR (SFE-868):
\o           "input.scs" 14: Can not open input file
\o           `/pkg/AMS/spectre/h18/soac/bip.scs'. No such file or
\o           directory. Ensure that the file exists a
\o nd the path to the
\o           file is correct. Otherwise, use the -I<path> command-line
\o           option to specify the path to the file.
\o ERROR (SFE-868):
\o           "input.scs" 15: Can not open input file
\o           `/pkg/AMS/spectre/h18/soac/esddi.scs'. No such file or
\o           directory. Ensure that the file exists
\o  and the path to the
\o           file is correct. Otherwise, use the -I<path> command-line
\o           option to specify the path to the file.
\o ERROR (SFE-868):
\o           "input.scs" 16: Can not open input file
\o           `/pkg/AMS/spectre/h18/soac/cmos53.scs'. No such file or
\o           directory. Ensure that the file exist
\o s and the path to the
\o           file is correct. Otherwise, use the -I<path> command-line
\o           option to specify the path to the file.
\o 
\o 
\o 
\o 
\o 
\o 
\o 
\o 
\o 
\o 
\o *Info*    Run start for Point ID (1 9) on testbench [
\o           IMP_AN_BUFFER:buffer_tb:1 ].
\o 
\o Resetting statistical vars
\o 
\o *Info*    Setting parameter values ...
\o 
\o Setting var CL = "30p"
\o Setting var IBIAS_STEP = "0"
\o Setting var RL = "100M"
\o Setting var VDD_AC = "0"
\o Setting var VDD_STEP = "0"
\o Setting var VIN_AC = "1"
\o Setting var VIN_DC = "900m"
\o Setting var VIN_STEP = "10m"
\o Setting var Vsupply = "1.8"
\o Setting temp(T) = 27
\o 
\o *Info*    Netlist Directory =
\o           /home/saul/Sim/IMP_AN_BUFFER/buffer_tb/adexl/results/data/Interactive.42/9/IMP_AN_BUFFER:buffer_tb:1/netlist
\o 
\o 
\o *Info*    Data Directory    =
\o           /home/saul/Sim/IMP_AN_BUFFER/buffer_tb/adexl/results/data/Interactive.42/9/IMP_AN_BUFFER:buffer_tb:1
\o 
\o 
\o *Info*    Creating Netlist for Point ID (1 9)
\o 
\o generate netlist...
\o function ansCdlCompPrim redefined
\o function ansCdlCompPrim redefined
\o Begin Incremental Netlisting Dec  2 13:44:09 2015
\o End netlisting Dec  2 13:44:09 2015
\o 
\o 	The netlist is up to date.
\o 	Time taken to compare the design with netlist:   0.0s
\o       ...successful.
\o compose simulator input file...
\o       ...successful.
\o 
\o *Info*    Running simulation on testbench [ IMP_AN_BUFFER:buffer_tb:1
\o           ] for Point ID (1 9).
\o 
\o Delete psf data in /home/saul/Sim/IMP_AN_BUFFER/buffer_tb/adexl/results/data/Interactive.42/9/IMP_AN_BUFFER:buffer_tb:1/psf.
\o compose simulator input file...
\o       ...successful.
\o start simulator if needed...
\o       ...successful.
\o simulate...
\o To view the simulator output, right-click on the test name, result 
\o name, or any value in the "Results" tab of the Outputs section and 
\o choose "Output Log" menu option.
\o INFO (ADE-3067): Errors encountered during simulation. For more information, right-click
\o         on a test name in the 'Results' tab of the Outputs pane and choose 'Output Log'
\o         to view the simulation run log.
\o 
\o *Error*   Error ID  = 5011
\o *Error*   Error Msg = Simulator failed to complete the simulation.
\o 
\o           Error found by spectre during circuit read-in.
\o Error found
\o           by spectre during circuit read-in.
\o ERROR (CMI-2011): Unable
\o           to open parameter soft limits file
\o           `/pkg/AMS/spectre/ams_range.lmts'.
\o Error found by spectre
\o           during circuit read-in.
\o Error found by spectre during
\o           circuit read-in.
\o ERROR (SFE-868): "input.scs" 10: Can not
\o           open input file `/pkg/AMS/spectre/h18/soac/mcparams.scs'.
\o           No such file or directory. Ensure that the file exi
\o sts and
\o           the path to the file is correct. Otherwise, use the
\o           -I<path> command-line option to specify the path to the
\o           file.
\o ERROR (SFE-868): "input.scs" 11: Can not open input
\o           file `/pkg/AMS/spectre/h18/soac/design.scs'. No such file
\o           or directory. Ensure that the file exist
\o s and the path to
\o           the file is correct. Otherwise, use the -I<path>
\o           command-line option to specify the path to the file.
\o ERROR
\o           (SFE-868): "input.scs" 12: Can not open input file
\o           `/pkg/AMS/spectre/h18/soac/res.scs'. No such file or
\o           directory. Ensure that the file exists a
\o nd the path to the
\o           file is correct. Otherwise, use the -I<path> command-line
\o           option to specify the path to the file.
\o ERROR (SFE-868):
\o           "input.scs" 13: Can not open input file
\o           `/pkg/AMS/spectre/h18/soac/cap.scs'. No such file or
\o           directory. Ensure that the file exists a
\o nd the path to the
\o           file is correct. Otherwise, use the -I<path> command-line
\o           option to specify the path to the file.
\o ERROR (SFE-868):
\o           "input.scs" 14: Can not open input file
\o           `/pkg/AMS/spectre/h18/soac/bip.scs'. No such file or
\o           directory. Ensure that the file exists a
\o nd the path to the
\o           file is correct. Otherwise, use the -I<path> command-line
\o           option to specify the path to the file.
\o ERROR (SFE-868):
\o           "input.scs" 15: Can not open input file
\o           `/pkg/AMS/spectre/h18/soac/esddi.scs'. No such file or
\o           directory. Ensure that the file exists
\o  and the path to the
\o           file is correct. Otherwise, use the -I<path> command-line
\o           option to specify the path to the file.
\o ERROR (SFE-868):
\o           "input.scs" 16: Can not open input file
\o           `/pkg/AMS/spectre/h18/soac/cmos53.scs'. No such file or
\o           directory. Ensure that the file exist
\o s and the path to the
\o           file is correct. Otherwise, use the -I<path> command-line
\o           option to specify the path to the file.
\o 
\o 
\o 
\o 
\o 
\# Memory report: Maximum memory size now 64271683584 (0xef6e41000) bytes, UTC 2015.12.02 12:44:11.886
\o Simulation design variables differ from those on the cellView,
\o they have been saved in the file "/tmp/saved-design-variables".
\o To save future changes, copy variables to cellView before exiting.
\o 
\o 
\o *Info*    Configuring the session ...
\o 
\o 	Library      = IMP_AN_BUFFER
\o 	Cell         = buffer_tb
\o 	View         = config
\o 	Simulator    = spectre
\o 	State Path   = $AXL_SETUPDB_DIR/test_states
\o 	State Name   = IMP_AN_BUFFER:buffer_tb:2_none_Interactive.43
\o 	Results DB   = /home/saul/projects/IMPLANTABLE_AMS/version1/saul/IMP_AN_BUFFER/buffer_tb/adexl/results/data/Interactive.43.rdb
\o 	Results Dir  = /home/saul/Sim/IMP_AN_BUFFER/buffer_tb/adexl/results/data/Interactive.43/1/IMP_AN_BUFFER:buffer_tb:2
\o 	Results Loc  = /home/saul/Sim/IMP_AN_BUFFER/buffer_tb/adexl/results/data
\o 	Project Dir  = /home/saul/projects/IMPLANTABLE_AMS/version1/saul/SimVM
\o 	Setup DB loc = /home/saul/projects/IMPLANTABLE_AMS/version1/saul/IMP_AN_BUFFER/buffer_tb/adexl
\o 	File Encoding = 0
\o 
\o 
\o *Info*    Spectre controlMode is set "batch".
\o 
\o 
\o 
\o 
\o 
\o 
\o *Info*    Run start for Point ID (2 9) on testbench [
\o           IMP_AN_BUFFER:buffer_tb:2 ].
\o 
\o Resetting statistical vars
\o 
\o *Info*    Setting parameter values ...
\o 
\o Setting var CL = "30p"
\o Setting var IBIAS_STEP = "0"
\o Setting var RL = "100M"
\o Setting var VDD_AC = "0"
\o Setting var VDD_STEP = "0"
\o Setting var VIN_AC = "1"
\o Setting var VIN_DC = "900m"
\o Setting var VIN_STEP = "10m"
\o Setting var Vsupply = "1.8"
\o Setting temp(T) = 27
\o 
\o *Info*    Netlist Directory =
\o           /home/saul/Sim/IMP_AN_BUFFER/buffer_tb/adexl/results/data/Interactive.43/9/IMP_AN_BUFFER:buffer_tb:2/netlist
\o 
\o 
\o *Info*    Data Directory    =
\o           /home/saul/Sim/IMP_AN_BUFFER/buffer_tb/adexl/results/data/Interactive.43/9/IMP_AN_BUFFER:buffer_tb:2
\o 
\o 
\o *Info*    Creating Netlist for Point ID (2 9)
\o 
\o generate netlist...
\o function ansCdlCompPrim redefined
\o function ansCdlCompPrim redefined
\o Initializing the control file using cp:
\o     cp /pkg/Cadence/installs/IC615/tools.lnx86/dfII/etc/si/control.spectre /home/saul/Sim/IMP_AN_BUFFER/buffer_tb/adexl/results/data/Interactive.43/9/IMP_AN_BUFFER:buffer_tb:2/netlist/control
\o Copying Spectre source file 'spectre.inp'
\o Copying Spectre command file 'spectre.sim'
\o Begin Incremental Netlisting Dec  2 13:48:02 2015
\o End netlisting Dec  2 13:48:02 2015
\o 
\o Netlisting Statistics:
\o 	Number of components:   26
\o 
\o 	Elapsed time:          0.0s
\o Errors: 0	Warnings: 0
\o       ...successful.
\o compose simulator input file...
\o       ...successful.
\o 
\o *Info*    Running simulation on testbench [ IMP_AN_BUFFER:buffer_tb:2
\o           ] for Point ID (2 9).
\o 
\o Delete psf data in /home/saul/Sim/IMP_AN_BUFFER/buffer_tb/adexl/results/data/Interactive.43/9/IMP_AN_BUFFER:buffer_tb:2/psf.
\o compose simulator input file...
\o       ...successful.
\o start simulator if needed...
\o       ...successful.
\o simulate...
\o To view the simulator output, right-click on the test name, result 
\o name, or any value in the "Results" tab of the Outputs section and 
\o choose "Output Log" menu option.
\o INFO (ADE-3071): Simulation completed successfully.
\o reading simulation data...
\o       ...successful.
\o *Info*    Client has finished evaluating ... 
\o 
\o 
\o *Info*    Run complete for Point ID (2 9) on testbench [
\o           IMP_AN_BUFFER:buffer_tb:2 ].
\o 
\o 
\o 
\o 
\o 
\o Simulation design variables differ from those on the cellView,
\o they have been saved in the file "/tmp/saved-design-variables".
\o To save future changes, copy variables to cellView before exiting.
\o 
\o *Info*    Received signal SIGTERM.
\o 
\o 
