Starting Single Run, Sweeps and Corners...

Current time: Tue Sep 22 12:22:07 2015 
Best design point: 1
Design specs: 
	IMP_POW_CONSTANT_GM:constant_gm_tb:1	corner	C0_0 - 
	IMP_POW_CONSTANT_GM:constant_gm_tb:1	corner	C0_1 - 
	IMP_POW_CONSTANT_GM:constant_gm_tb:1	corner	C0_2 - 
	IMP_POW_CONSTANT_GM:constant_gm_tb:1	corner	C0_3 - 
	IMP_POW_CONSTANT_GM:constant_gm_tb:1	corner	C0_4 - 
	IMP_POW_CONSTANT_GM:constant_gm_tb:1	corner	C0_5 - 
	IMP_POW_CONSTANT_GM:constant_gm_tb:1	corner	C0_6 - 
	IMP_POW_CONSTANT_GM:constant_gm_tb:1	corner	C0_7 - 
	IMP_POW_CONSTANT_GM:constant_gm_tb:1	corner	C0_8 - 
	IMP_POW_CONSTANT_GM:constant_gm_tb:1	corner	C0_9 - 
	IMP_POW_CONSTANT_GM:constant_gm_tb:1	corner	C0_10 - 
	IMP_POW_CONSTANT_GM:constant_gm_tb:1	corner	C0_11 - 
	IMP_POW_CONSTANT_GM:constant_gm_tb:1	corner	C0_12 - 
	IMP_POW_CONSTANT_GM:constant_gm_tb:1	corner	C0_13 - 
	IMP_POW_CONSTANT_GM:constant_gm_tb:1	corner	C0_14 - 
	IMP_POW_CONSTANT_GM:constant_gm_tb:1	corner	C0_15 - 
	IMP_POW_CONSTANT_GM:constant_gm_tb:1	corner	Nominal - 
Design parameters: 
	Vsupply		0
	VD_PULSE		2

Interactive.3
Number of points completed: 1
Number of simulation errors: 0
Interactive.3 completed. 
Current time: Tue Sep 22 12:23:55 2015 
