Starting Single Run, Sweeps and Corners...

Current time: Sun Jul 19 10:49:51 2015 
Best design point: 1
Design specs: 
	IMP_AN_LPF:s1_gm1_block_tb:1	corner	corner_0 - 
	IMP_AN_LPF:s1_gm1_block_tb:1	corner	corner_1 - 
	IMP_AN_LPF:s1_gm1_block_tb:1	corner	corner_2 - 
	IMP_AN_LPF:s1_gm1_block_tb:1	corner	corner_3 - 
	IMP_AN_LPF:s1_gm1_block_tb:1	corner	corner_4 - 
	IMP_AN_LPF:s1_gm1_block_tb:1	corner	corner_5 - 
	IMP_AN_LPF:s1_gm1_block_tb:1	corner	corner_6 - 
	IMP_AN_LPF:s1_gm1_block_tb:1	corner	corner_7 - 
	IMP_AN_LPF:s1_gm1_block_tb:1	corner	corner_8 - 
	IMP_AN_LPF:s1_gm1_block_tb:1	corner	corner_9 - 
	IMP_AN_LPF:s1_gm1_block_tb:1	corner	corner_10 - 
	IMP_AN_LPF:s1_gm1_block_tb:1	corner	corner_11 - 
	IMP_AN_LPF:s1_gm1_block_tb:1	corner	corner_12 - 
	IMP_AN_LPF:s1_gm1_block_tb:1	corner	corner_13 - 
	IMP_AN_LPF:s1_gm1_block_tb:1	corner	corner_14 - 
	IMP_AN_LPF:s1_gm1_block_tb:1	corner	corner_15 - 
	IMP_AN_LPF:s1_gm1_block_tb:1	corner	corner_16 - 
	IMP_AN_LPF:s1_gm1_block_tb:1	corner	corner_17 - 
	IMP_AN_LPF:s1_gm1_block_tb:1	corner	corner_18 - 
	IMP_AN_LPF:s1_gm1_block_tb:1	corner	corner_19 - 
	IMP_AN_LPF:s1_gm1_block_tb:1	corner	corner_20 - 
	IMP_AN_LPF:s1_gm1_block_tb:1	corner	corner_21 - 
	IMP_AN_LPF:s1_gm1_block_tb:1	corner	corner_22 - 
	IMP_AN_LPF:s1_gm1_block_tb:1	corner	corner_23 - 
	IMP_AN_LPF:s1_gm1_block_tb:1	corner	corner_24 - 
	IMP_AN_LPF:s1_gm1_block_tb:1	corner	corner_25 - 
	IMP_AN_LPF:s1_gm1_block_tb:1	corner	corner_26 - 
	IMP_AN_LPF:s1_gm1_block_tb:1	corner	corner_27 - 
	IMP_AN_LPF:s1_gm1_block_tb:1	corner	corner_28 - 
	IMP_AN_LPF:s1_gm1_block_tb:1	corner	corner_29 - 
	IMP_AN_LPF:s1_gm1_block_tb:1	corner	corner_30 - 
	IMP_AN_LPF:s1_gm1_block_tb:1	corner	corner_31 - 
Design parameters: 
	DC_IN		1
	VDC_CM		900m
	Vsupply		1.62

Interactive.10
Number of points completed: 1
Number of simulation errors: 0
Interactive.10 completed. 
Current time: Sun Jul 19 10:50:17 2015 
