Starting Single Run, Sweeps and Corners...

Current time: Tue Dec  1 09:46:14 2015 
Best design point: 1
Design specs: 
	IMP_TOP:top_core_tb:1	corner	C0_0 - 
	AMP		108u
	PHA		45
	IMP_TOP:top_core_tb:1	corner	C0_1 - 
	AMP		38.63u
	PHA		45
	IMP_TOP:top_core_tb:1	corner	C0_2 - 
	AMP		108.4u
	PHA		45
	IMP_TOP:top_core_tb:1	corner	C0_3 - 
	AMP		38.54u
	PHA		45
	IMP_TOP:top_core_tb:1	corner	C0_4 - 
	AMP		54.83u
	PHA		45
	IMP_TOP:top_core_tb:1	corner	C0_5 - 
	AMP		14.85u
	PHA		45
	IMP_TOP:top_core_tb:1	corner	C0_6 - 
	AMP		54.48u
	PHA		45
	IMP_TOP:top_core_tb:1	corner	C0_7 - 
	AMP		14.76u
	PHA		45
	IMP_TOP:top_core_tb:1	corner	C0_8 - 
	AMP		102u
	PHA		45
	IMP_TOP:top_core_tb:1	corner	C0_9 - 
	AMP		40.33u
	PHA		45
	IMP_TOP:top_core_tb:1	corner	C0_10 - 
	AMP		103.8u
	PHA		45
	IMP_TOP:top_core_tb:1	corner	C0_11 - 
	AMP		39.89u
	PHA		45
	IMP_TOP:top_core_tb:1	corner	C0_12 - 
	AMP		89.43u
	PHA		45
	IMP_TOP:top_core_tb:1	corner	C0_13 - 
	AMP		28.07u
	PHA		45
	IMP_TOP:top_core_tb:1	corner	C0_14 - 
	AMP		89.02u
	PHA		45
	IMP_TOP:top_core_tb:1	corner	C0_15 - 
	AMP		27.97u
	PHA		45
	IMP_TOP:top_core_tb:1	corner	Nominal - 
	AMP		57.45u
	PHA		45
Design parameters: 
	AM_INDEX		100m
	C_REG		1u
	CAP_OFF		1n
	CAP_PAD		600f
	CAP_TIA		4.5n
	CMFB_VAC		0
	FREQ		1k
	PULSE_CMFB_LNA		0
	RL		500
	TX_DELAY		1
	VIN_AMP		4
	VIN_DC		0
	VIN_AC		0
	AMPLITUDE		100m
	VOFFSET		1.4
	CMFB_AC		0
	CMFB_PULSE_TIA		0
	VDD_PULSE		50m

Interactive.88
Number of points completed: 1
Number of simulation errors: 0
Interactive.88 completed. 
Current time: Tue Dec  1 09:47:25 2015 
