Starting Single Run, Sweeps and Corners...

Current time: Tue Nov 24 22:21:03 2015 
Best design point: 1
Design specs: 
	IMP_TOP:top_core_tb:1	corner	Nominal - 
	AMP		956.8m
	PHA		5.748
Design parameters: 
	AM_INDEX		100m
	C_REG		20u
	CAP_OFF		1n
	CAP_PAD		600f
	CAP_TIA		4.5n
	CMFB_VAC		0
	FREQ		10M
	PULSE_CMFB_LNA		0
	RL		1k
	TX_DELAY		1
	VIN_AMP		0
	VIN_DC		4

Interactive.30
Number of points completed: 1
Number of simulation errors: 0
Interactive.30 completed. 
Current time: Tue Nov 24 22:21:34 2015 
