Starting Single Run, Sweeps and Corners...

Current time: Thu Nov 26 16:36:12 2015 
Best design point: 1
Design specs: 
	IMP_TOP:top_core_tb:1	corner	Nominal - 
	VIN		Error	No
	VOUT		Error	No
	AMP		Error	No
	PHA		Error	No
Design parameters: 
	AM_INDEX		100m
	C_REG		1u
	CAP_OFF		1n
	CAP_PAD		600f
	CAP_TIA		4.5n
	CMFB_VAC		0
	FREQ		1M
	PULSE_CMFB_LNA		0
	RL		1k
	TX_DELAY		1
	VIN_AMP		4
	VIN_DC		0
	VIN_AC		0

Interactive.52
Number of points completed: 1
Number of simulation errors: 4
Interactive.52 completed. 
Current time: Thu Nov 26 16:36:40 2015 
