Starting Single Run, Sweeps and Corners...

Current time: Sun Nov 29 17:38:51 2015 
Best design point: 1
Design specs: 
	IMP_TOP:top_core_tb:1	corner	Nominal - 
	AMP		463m
	PHA		5.647
Design parameters: 
	AM_INDEX		100m
	C_REG		1u
	CAP_OFF		1n
	CAP_PAD		600f
	CAP_TIA		4.5n
	CMFB_VAC		0
	FREQ		1k
	PULSE_CMFB_LNA		0
	RL		500
	TX_DELAY		1
	VIN_AMP		4
	VIN_DC		0
	VIN_AC		0
	AMPLITUDE		100m
	VOFFSET		1.4
	CMFB_AC		0
	CMFB_PULSE_TIA		0

Interactive.82
Number of points completed: 1
Number of simulation errors: 0
Interactive.82 completed. 
Current time: Sun Nov 29 17:59:21 2015 
