Starting Single Run, Sweeps and Corners...

Current time: Wed Dec  2 14:33:21 2015 
Best design point: 1
Design specs: 
	IMP_TOP:top_core_tb:1	corner	C0_0 - 
	AMP		101.7u
	PHA		45
	IMP_TOP:top_core_tb:1	corner	C0_1 - 
	AMP		35.13u
	PHA		45
	IMP_TOP:top_core_tb:1	corner	C0_2 - 
	AMP		101.4u
	PHA		45
	IMP_TOP:top_core_tb:1	corner	C0_3 - 
	AMP		35.02u
	PHA		45
	IMP_TOP:top_core_tb:1	corner	C0_4 - 
	AMP		103.2u
	PHA		45
	IMP_TOP:top_core_tb:1	corner	C0_5 - 
	AMP		35.69u
	PHA		45
	IMP_TOP:top_core_tb:1	corner	C0_6 - 
	AMP		102.8u
	PHA		45
	IMP_TOP:top_core_tb:1	corner	C0_7 - 
	AMP		35.56u
	PHA		45
	IMP_TOP:top_core_tb:1	corner	C0_8 - 
	AMP		103.3u
	PHA		45
	IMP_TOP:top_core_tb:1	corner	C0_9 - 
	AMP		35.76u
	PHA		45
	IMP_TOP:top_core_tb:1	corner	C0_10 - 
	AMP		102.7u
	PHA		45
	IMP_TOP:top_core_tb:1	corner	C0_11 - 
	AMP		35.53u
	PHA		45
	IMP_TOP:top_core_tb:1	corner	C0_12 - 
	AMP		102.3u
	PHA		45
	IMP_TOP:top_core_tb:1	corner	C0_13 - 
	AMP		35.32u
	PHA		45
	IMP_TOP:top_core_tb:1	corner	C0_14 - 
	AMP		101.9u
	PHA		45
	IMP_TOP:top_core_tb:1	corner	C0_15 - 
	AMP		35.21u
	PHA		45
	IMP_TOP:top_core_tb:1	corner	Nominal - 
	AMP		56.02u
	PHA		45
Design parameters: 
	AM_INDEX		100m
	C_REG		1u
	CAP_OFF		1n
	CAP_PAD		600f
	CAP_TIA		4.5n
	CMFB_VAC		0
	FREQ		1k
	PULSE_CMFB_LNA		0
	RL		500
	TX_DELAY		1
	VIN_AMP		4
	VIN_DC		0
	VIN_AC		0
	AMPLITUDE		100m
	VOFFSET		1.4
	CMFB_AC		0
	CMFB_PULSE_TIA		0
	VDD_PULSE		50m

Interactive.90
Number of points completed: 1
Number of simulation errors: 0
Interactive.90 completed. 
Current time: Wed Dec  2 14:34:43 2015 
