Starting Single Run, Sweeps and Corners...

Current time: Thu Dec  3 14:20:21 2015 
Best design point: 1
Design specs: 
	IMP_TOP:top_core_tb:1	corner	Nominal - 
	AMP		463.7m
	PHA		5.625
	FAST_AMP		465.1m
	FAST_PHA		68.99
Design parameters: 
	AM_INDEX		100m
	C_REG		1u
	CAP_OFF		1n
	CAP_PAD		600f
	CAP_TIA		4.5n
	CMFB_VAC		0
	FREQ		1k
	PULSE_CMFB_LNA		0
	RL		500
	TX_DELAY		1
	VIN_AMP		4
	VIN_DC		0
	VIN_AC		0
	AMPLITUDE		100m
	VOFFSET		1.4
	CMFB_AC		0
	CMFB_PULSE_TIA		0
	VDD_PULSE		0

Interactive.101
Number of points completed: 1
Number of simulation errors: 0
Interactive.101 completed. 
Current time: Thu Dec  3 14:35:13 2015 
