Starting Single Run, Sweeps and Corners...

Current time: Tue Apr  5 16:13:26 2016 
Best design point: 1
Design specs: 
	IMP_POW_TOP:pow_top_tb:2	corner	Nominal - 
	Loop Gain Phase		Error	No
	Loop Gain dB20		Error	No
	Phase Margin Frequency		Error	No
	Phase Margin		Error	No
Design parameters: 
	TX_DATA		0
	VIN_AC		0
	VIN_DC		3.2
	VIN_PULSE		0
	AM_INDEX		100m
	C_REC		20u
	FREQ		100k
	VIN_AMP		0
	RL		1k

Interactive.104
Number of points completed: 1
Number of simulation errors: 4
Interactive.104 completed. 
Current time: Tue Apr  5 16:13:48 2016 
