Starting Single Run, Sweeps and Corners...

Current time: Wed Sep 23 09:22:42 2015 
Best design point: 1
Design specs: 
	IMP_POW_TOP:pow_top_tb:1	corner	C0_0 - 
	IMP_POW_TOP:pow_top_tb:1	corner	C0_1 - 
	IMP_POW_TOP:pow_top_tb:1	corner	C0_2 - 
	IMP_POW_TOP:pow_top_tb:1	corner	C0_3 - 
	IMP_POW_TOP:pow_top_tb:1	corner	C0_4 - 
	IMP_POW_TOP:pow_top_tb:1	corner	C0_5 - 
	IMP_POW_TOP:pow_top_tb:1	corner	C0_6 - 
	IMP_POW_TOP:pow_top_tb:1	corner	C0_7 - 
	IMP_POW_TOP:pow_top_tb:1	corner	C0_8 - 
	IMP_POW_TOP:pow_top_tb:1	corner	C0_9 - 
	IMP_POW_TOP:pow_top_tb:1	corner	C0_10 - 
	IMP_POW_TOP:pow_top_tb:1	corner	C0_11 - 
	IMP_POW_TOP:pow_top_tb:1	corner	C0_12 - 
	IMP_POW_TOP:pow_top_tb:1	corner	C0_13 - 
	IMP_POW_TOP:pow_top_tb:1	corner	C0_14 - 
	IMP_POW_TOP:pow_top_tb:1	corner	C0_15 - 
	IMP_POW_TOP:pow_top_tb:1	corner	Nominal - 
Design parameters: 
	VAM		2.2
	TX_DATA		0
	VIN_AC		0
	VIN_DC		0
	VIN_PULSE		5

Interactive.3
Number of points completed: 1
Number of simulation errors: 0
Interactive.3 completed. 
Current time: Wed Sep 23 09:39:45 2015 
