Starting Single Run, Sweeps and Corners...

Current time: Fri Mar 11 15:21:09 2016 
Best design point: 1
Design specs: 
	IMP_POW_TOP:pow_top_tb:2	corner	Nominal - 
	Loop Gain Phase		Error	No
	Loop Gain dB20		Error	No
	Phase Margin Frequency		Error	No
	Phase Margin		Error	No
Design parameters: 
	TX_DATA		0
	VIN_AC		0
	VIN_DC		3
	VIN_PULSE		0
	AM_INDEX		100m
	C_REC		20u
	FREQ		100k
	VIN_AMP		0
	RL		1k

Interactive.99
Number of points completed: 1
Number of simulation errors: 4
Interactive.99 completed. 
Current time: Fri Mar 11 15:21:25 2016 
