Starting Single Run, Sweeps and Corners...

Current time: Fri Mar  4 17:04:10 2016 
Best design point: 1
Design specs: 
	IMP_POW_TOP:pow_top_tb:2	corner	C0_0 - 
	Loop Gain Phase		Error	No
	Loop Gain dB20		Error	No
	Phase Margin Frequency		Error	No
	Phase Margin		Error	No
	IMP_POW_TOP:pow_top_tb:2	corner	C0_1 - 
	Loop Gain Phase		Error	No
	Loop Gain dB20		Error	No
	Phase Margin Frequency		Error	No
	Phase Margin		Error	No
	IMP_POW_TOP:pow_top_tb:2	corner	C0_2 - 
	Loop Gain Phase		Error	No
	Loop Gain dB20		Error	No
	Phase Margin Frequency		Error	No
	Phase Margin		Error	No
	IMP_POW_TOP:pow_top_tb:2	corner	C0_3 - 
	Loop Gain Phase		Error	No
	Loop Gain dB20		Error	No
	Phase Margin Frequency		Error	No
	Phase Margin		Error	No
	IMP_POW_TOP:pow_top_tb:2	corner	C0_4 - 
	Loop Gain Phase		Error	No
	Loop Gain dB20		Error	No
	Phase Margin Frequency		Error	No
	Phase Margin		Error	No
	IMP_POW_TOP:pow_top_tb:2	corner	C0_5 - 
	Loop Gain Phase		Error	No
	Loop Gain dB20		Error	No
	Phase Margin Frequency		Error	No
	Phase Margin		Error	No
	IMP_POW_TOP:pow_top_tb:2	corner	C0_6 - 
	Loop Gain Phase		Error	No
	Loop Gain dB20		Error	No
	Phase Margin Frequency		Error	No
	Phase Margin		Error	No
	IMP_POW_TOP:pow_top_tb:2	corner	C0_7 - 
	Loop Gain Phase		Error	No
	Loop Gain dB20		Error	No
	Phase Margin Frequency		Error	No
	Phase Margin		Error	No
	IMP_POW_TOP:pow_top_tb:2	corner	C0_8 - 
	Loop Gain Phase		Error	No
	Loop Gain dB20		Error	No
	Phase Margin Frequency		Error	No
	Phase Margin		Error	No
	IMP_POW_TOP:pow_top_tb:2	corner	C0_9 - 
	Loop Gain Phase		Error	No
	Loop Gain dB20		Error	No
	Phase Margin Frequency		Error	No
	Phase Margin		Error	No
	IMP_POW_TOP:pow_top_tb:2	corner	C0_10 - 
	Loop Gain Phase		Error	No
	Loop Gain dB20		Error	No
	Phase Margin Frequency		Error	No
	Phase Margin		Error	No
	IMP_POW_TOP:pow_top_tb:2	corner	C0_11 - 
	Loop Gain Phase		Error	No
	Loop Gain dB20		Error	No
	Phase Margin Frequency		Error	No
	Phase Margin		Error	No
	IMP_POW_TOP:pow_top_tb:2	corner	C0_12 - 
	Loop Gain Phase		Error	No
	Loop Gain dB20		Error	No
	Phase Margin Frequency		Error	No
	Phase Margin		Error	No
	IMP_POW_TOP:pow_top_tb:2	corner	C0_13 - 
	Loop Gain Phase		Error	No
	Loop Gain dB20		Error	No
	Phase Margin Frequency		Error	No
	Phase Margin		Error	No
	IMP_POW_TOP:pow_top_tb:2	corner	C0_14 - 
	Loop Gain Phase		Error	No
	Loop Gain dB20		Error	No
	Phase Margin Frequency		Error	No
	Phase Margin		Error	No
	IMP_POW_TOP:pow_top_tb:2	corner	C0_15 - 
	Loop Gain Phase		Error	No
	Loop Gain dB20		Error	No
	Phase Margin Frequency		Error	No
	Phase Margin		Error	No
	IMP_POW_TOP:pow_top_tb:2	corner	C0_16 - 
	Loop Gain Phase		Error	No
	Loop Gain dB20		Error	No
	Phase Margin Frequency		Error	No
	Phase Margin		Error	No
	IMP_POW_TOP:pow_top_tb:2	corner	C0_17 - 
	Loop Gain Phase		Error	No
	Loop Gain dB20		Error	No
	Phase Margin Frequency		Error	No
	Phase Margin		Error	No
	IMP_POW_TOP:pow_top_tb:2	corner	C0_18 - 
	Loop Gain Phase		Error	No
	Loop Gain dB20		Error	No
	Phase Margin Frequency		Error	No
	Phase Margin		Error	No
	IMP_POW_TOP:pow_top_tb:2	corner	C0_19 - 
	Loop Gain Phase		Error	No
	Loop Gain dB20		Error	No
	Phase Margin Frequency		Error	No
	Phase Margin		Error	No
	IMP_POW_TOP:pow_top_tb:2	corner	C0_20 - 
	Loop Gain Phase		Error	No
	Loop Gain dB20		Error	No
	Phase Margin Frequency		Error	No
	Phase Margin		Error	No
	IMP_POW_TOP:pow_top_tb:2	corner	C0_21 - 
	Loop Gain Phase		Error	No
	Loop Gain dB20		Error	No
	Phase Margin Frequency		Error	No
	Phase Margin		Error	No
	IMP_POW_TOP:pow_top_tb:2	corner	C0_22 - 
	Loop Gain Phase		Error	No
	Loop Gain dB20		Error	No
	Phase Margin Frequency		Error	No
	Phase Margin		Error	No
	IMP_POW_TOP:pow_top_tb:2	corner	C0_23 - 
	Loop Gain Phase		Error	No
	Loop Gain dB20		Error	No
	Phase Margin Frequency		Error	No
	Phase Margin		Error	No
	IMP_POW_TOP:pow_top_tb:2	corner	C0_24 - 
	Loop Gain Phase		Error	No
	Loop Gain dB20		Error	No
	Phase Margin Frequency		Error	No
	Phase Margin		Error	No
	IMP_POW_TOP:pow_top_tb:2	corner	C0_25 - 
	Loop Gain Phase		Error	No
	Loop Gain dB20		Error	No
	Phase Margin Frequency		Error	No
	Phase Margin		Error	No
	IMP_POW_TOP:pow_top_tb:2	corner	C0_26 - 
	Loop Gain Phase		Error	No
	Loop Gain dB20		Error	No
	Phase Margin Frequency		Error	No
	Phase Margin		Error	No
	IMP_POW_TOP:pow_top_tb:2	corner	C0_27 - 
	Loop Gain Phase		Error	No
	Loop Gain dB20		Error	No
	Phase Margin Frequency		Error	No
	Phase Margin		Error	No
	IMP_POW_TOP:pow_top_tb:2	corner	C0_28 - 
	Loop Gain Phase		Error	No
	Loop Gain dB20		Error	No
	Phase Margin Frequency		Error	No
	Phase Margin		Error	No
	IMP_POW_TOP:pow_top_tb:2	corner	C0_29 - 
	Loop Gain Phase		Error	No
	Loop Gain dB20		Error	No
	Phase Margin Frequency		Error	No
	Phase Margin		Error	No
	IMP_POW_TOP:pow_top_tb:2	corner	C0_30 - 
	Loop Gain Phase		Error	No
	Loop Gain dB20		Error	No
	Phase Margin Frequency		Error	No
	Phase Margin		Error	No
	IMP_POW_TOP:pow_top_tb:2	corner	C0_31 - 
	Loop Gain Phase		Error	No
	Loop Gain dB20		Error	No
	Phase Margin Frequency		Error	No
	Phase Margin		Error	No
	IMP_POW_TOP:pow_top_tb:2	corner	Nominal - 
	Loop Gain Phase		Error	No
	Loop Gain dB20		Error	No
	Phase Margin Frequency		Error	No
	Phase Margin		Error	No
Design parameters: 
	TX_DATA		0
	VIN_AC		0
	VIN_DC		0
	VIN_PULSE		4
	AM_INDEX		100m
	C_REC		20u
	FREQ		100k
	VIN_AMP		0
	RL		2k

Interactive.89
Number of points completed: 1
Number of simulation errors: 132
Interactive.89 completed. 
Current time: Fri Mar  4 17:05:24 2016 
