Starting Single Run, Sweeps and Corners...

Current time: Fri Mar  4 17:06:30 2016 
Best design point: 1
Design specs: 
	IMP_POW_TOP:pow_top_tb:2	corner	C0_0 - 
	Phase Margin Frequency		3.539k
	Phase Margin		74.26
	IMP_POW_TOP:pow_top_tb:2	corner	C0_1 - 
	Phase Margin Frequency		3.446k
	Phase Margin		66.29
	IMP_POW_TOP:pow_top_tb:2	corner	C0_2 - 
	Phase Margin Frequency		3.534k
	Phase Margin		72.91
	IMP_POW_TOP:pow_top_tb:2	corner	C0_3 - 
	Phase Margin Frequency		3.436k
	Phase Margin		64.3
	IMP_POW_TOP:pow_top_tb:2	corner	C0_4 - 
	Phase Margin Frequency		3.539k
	Phase Margin		74.26
	IMP_POW_TOP:pow_top_tb:2	corner	C0_5 - 
	Phase Margin Frequency		3.446k
	Phase Margin		66.29
	IMP_POW_TOP:pow_top_tb:2	corner	C0_6 - 
	Phase Margin Frequency		3.534k
	Phase Margin		72.91
	IMP_POW_TOP:pow_top_tb:2	corner	C0_7 - 
	Phase Margin Frequency		3.436k
	Phase Margin		64.3
	IMP_POW_TOP:pow_top_tb:2	corner	C0_8 - 
	Phase Margin Frequency		3.806k
	Phase Margin		69.89
	IMP_POW_TOP:pow_top_tb:2	corner	C0_9 - 
	Phase Margin Frequency		3.656k
	Phase Margin		60.03
	IMP_POW_TOP:pow_top_tb:2	corner	C0_10 - 
	Phase Margin Frequency		3.801k
	Phase Margin		68.47
	IMP_POW_TOP:pow_top_tb:2	corner	C0_11 - 
	Phase Margin Frequency		3.645k
	Phase Margin		57.95
	IMP_POW_TOP:pow_top_tb:2	corner	C0_12 - 
	Phase Margin Frequency		3.806k
	Phase Margin		69.89
	IMP_POW_TOP:pow_top_tb:2	corner	C0_13 - 
	Phase Margin Frequency		3.656k
	Phase Margin		60.03
	IMP_POW_TOP:pow_top_tb:2	corner	C0_14 - 
	Phase Margin Frequency		3.801k
	Phase Margin		68.47
	IMP_POW_TOP:pow_top_tb:2	corner	C0_15 - 
	Phase Margin Frequency		3.645k
	Phase Margin		57.95
	IMP_POW_TOP:pow_top_tb:2	corner	C0_16 - 
	Phase Margin Frequency		3.681k
	Phase Margin		72
	IMP_POW_TOP:pow_top_tb:2	corner	C0_17 - 
	Phase Margin Frequency		3.563k
	Phase Margin		63.04
	IMP_POW_TOP:pow_top_tb:2	corner	C0_18 - 
	Phase Margin Frequency		3.676k
	Phase Margin		70.61
	IMP_POW_TOP:pow_top_tb:2	corner	C0_19 - 
	Phase Margin Frequency		3.552k
	Phase Margin		60.98
	IMP_POW_TOP:pow_top_tb:2	corner	C0_20 - 
	Phase Margin Frequency		3.681k
	Phase Margin		72
	IMP_POW_TOP:pow_top_tb:2	corner	C0_21 - 
	Phase Margin Frequency		3.563k
	Phase Margin		63.04
	IMP_POW_TOP:pow_top_tb:2	corner	C0_22 - 
	Phase Margin Frequency		3.676k
	Phase Margin		70.61
	IMP_POW_TOP:pow_top_tb:2	corner	C0_23 - 
	Phase Margin Frequency		3.552k
	Phase Margin		60.98
	IMP_POW_TOP:pow_top_tb:2	corner	C0_24 - 
	Phase Margin Frequency		3.715k
	Phase Margin		72.18
	IMP_POW_TOP:pow_top_tb:2	corner	C0_25 - 
	Phase Margin Frequency		3.596k
	Phase Margin		63.22
	IMP_POW_TOP:pow_top_tb:2	corner	C0_26 - 
	Phase Margin Frequency		3.709k
	Phase Margin		70.78
	IMP_POW_TOP:pow_top_tb:2	corner	C0_27 - 
	Phase Margin Frequency		3.585k
	Phase Margin		61.17
	IMP_POW_TOP:pow_top_tb:2	corner	C0_28 - 
	Phase Margin Frequency		3.715k
	Phase Margin		72.18
	IMP_POW_TOP:pow_top_tb:2	corner	C0_29 - 
	Phase Margin Frequency		3.596k
	Phase Margin		63.22
	IMP_POW_TOP:pow_top_tb:2	corner	C0_30 - 
	Phase Margin Frequency		3.709k
	Phase Margin		70.78
	IMP_POW_TOP:pow_top_tb:2	corner	C0_31 - 
	Phase Margin Frequency		3.585k
	Phase Margin		61.17
	IMP_POW_TOP:pow_top_tb:2	corner	Nominal - 
	Phase Margin Frequency		3.641k
	Phase Margin		66.32
Design parameters: 
	TX_DATA		0
	VIN_AC		0
	VIN_DC		4
	VIN_PULSE		0
	AM_INDEX		100m
	C_REC		20u
	FREQ		100k
	VIN_AMP		0
	RL		2k

Interactive.91
Number of points completed: 1
Number of simulation errors: 0
Interactive.91 completed. 
Current time: Fri Mar  4 17:07:43 2016 
