Starting Single Run, Sweeps and Corners...

Current time: Mon Nov 23 21:18:57 2015 
Best design point: 1
Design specs: 
	IMP_COMM:data_demod_tb:1	corner	C0_0 - 
	IMP_COMM:data_demod_tb:1	corner	C0_1 - 
	IMP_COMM:data_demod_tb:1	corner	C0_2 - 
	IMP_COMM:data_demod_tb:1	corner	C0_3 - 
	IMP_COMM:data_demod_tb:1	corner	C0_4 - 
	IMP_COMM:data_demod_tb:1	corner	C0_5 - 
	IMP_COMM:data_demod_tb:1	corner	C0_6 - 
	IMP_COMM:data_demod_tb:1	corner	C0_7 - 
	IMP_COMM:data_demod_tb:1	corner	C0_8 - 
	IMP_COMM:data_demod_tb:1	corner	C0_9 - 
	IMP_COMM:data_demod_tb:1	corner	C0_10 - 
	IMP_COMM:data_demod_tb:1	corner	C0_11 - 
	IMP_COMM:data_demod_tb:1	corner	C0_12 - 
	IMP_COMM:data_demod_tb:1	corner	C0_13 - 
	IMP_COMM:data_demod_tb:1	corner	C0_14 - 
	IMP_COMM:data_demod_tb:1	corner	C0_15 - 
	IMP_COMM:data_demod_tb:1	corner	Nominal - 
Design parameters: 
	AMPLITUDE		100m
	C1		50n
	R1		500k
	VCOMP		1.1
	VOFFSET		1.5

Interactive.10
Number of points completed: 1
Number of simulation errors: 0
Interactive.10 completed. 
Current time: Mon Nov 23 21:21:27 2015 
