Starting Single Run, Sweeps and Corners...

Current time: Sun Nov 15 11:23:05 2015 
Best design point: 2
Design specs: 
	IMP_AN_BUFFER:buffer_tb:1	corner	Nominal - 
	Gain Static		Error	No
	input noise; V / sqrt(Hz)		Error	No
	value(VDC("/Vout") 0.9)		Error	No
Design parameters: 
	CL		1p
	IBIAS_STEP		0
	RL		1M
	VDD_AC		0
	VDD_STEP		0
	VIN_AC		1
	VIN_DC		900m
	VIN_STEP		50m
	Vsupply		1.8

Interactive.35
Number of points completed: 16
Number of simulation errors: 48
Interactive.35 completed. 
Current time: Sun Nov 15 11:23:20 2015 
