Starting Single Run, Sweeps and Corners...

Current time: Mon Jul 18 17:09:57 2016 
Best design point: 1
Design specs: 
	IMP_AN_BUFFER:buffer_tb:2	corner	Nominal - 
	Loop Gain Phase		Error	No
	Loop Gain dB20		Error	No
	Phase Margin		Error	No
	Gain Margin		Error	No
Design parameters: 
	CL		100f
	IBIAS_STEP		0
	RL		100M
	VDD_AC		0
	VDD_STEP		0
	VIN_AC		1
	VIN_DC		900m
	VIN_STEP		50m
	Vsupply		1.8

Interactive.53
Number of points completed: 1
Number of simulation errors: 4
Interactive.53 completed. 
Current time: Mon Jul 18 17:10:02 2016 
