Starting Single Run, Sweeps and Corners...

Current time: Sun Nov 15 15:59:03 2015 
Best design point: 1
Design specs: 
	IMP_AN_BUFFER:buffer_tb:1	corner	Nominal - 
	Gain Static		Error	No
	input noise; V / sqrt(Hz)		Error	No
	dB20(VF("/Vout"))		Error	No
	value(VDC("/Vout") 0.9)		Error	No
	value(VF("/Vout") 1000)		Error	No
Design parameters: 
	CL		1p
	IBIAS_STEP		5n
	RL		1M
	VDD_AC		0
	VDD_STEP		0
	VIN_AC		1
	VIN_DC		900m
	VIN_STEP		0
	Vsupply		1.8

Interactive.39
Number of points completed: 12
Number of simulation errors: 60
Interactive.39 completed. 
Current time: Sun Nov 15 15:59:20 2015 
