Starting Single Run, Sweeps and Corners...

Current time: Sun Nov 15 11:29:20 2015 
Best design point: 1
Design specs: 
	IMP_AN_BUFFER:buffer_tb:1	corner	Nominal - 
	Gain Static		Error	No
	input noise; V / sqrt(Hz)		Error	No
	value(VDC("/Vout") 0.9)		Error	No
Design parameters: 
	CL		30p
	IBIAS_STEP		0
	RL		100M
	VDD_AC		0
	VDD_STEP		0
	VIN_AC		1
	VIN_DC		900m
	VIN_STEP		50m
	Vsupply		1.8

Interactive.36
Number of points completed: 1
Number of simulation errors: 3
Interactive.36 completed. 
Current time: Sun Nov 15 11:29:32 2015 
