Starting Single Run, Sweeps and Corners...

Current time: Thu Jun 30 10:50:00 2016 
Best design point: 1
Design specs: 
	IMP_AN_DIFTOSE:dif2se_tb:1	corner	C0_0 - 
	VDC("/VOUT")		901.4m
	IMP_AN_DIFTOSE:dif2se_tb:1	corner	C0_1 - 
	VDC("/VOUT")		901.9m
	IMP_AN_DIFTOSE:dif2se_tb:1	corner	C0_2 - 
	VDC("/VOUT")		901.4m
	IMP_AN_DIFTOSE:dif2se_tb:1	corner	C0_3 - 
	VDC("/VOUT")		901.9m
	IMP_AN_DIFTOSE:dif2se_tb:1	corner	C0_4 - 
	VDC("/VOUT")		900.5m
	IMP_AN_DIFTOSE:dif2se_tb:1	corner	C0_5 - 
	VDC("/VOUT")		900.7m
	IMP_AN_DIFTOSE:dif2se_tb:1	corner	C0_6 - 
	VDC("/VOUT")		900.5m
	IMP_AN_DIFTOSE:dif2se_tb:1	corner	C0_7 - 
	VDC("/VOUT")		900.7m
	IMP_AN_DIFTOSE:dif2se_tb:1	corner	C0_8 - 
	VDC("/VOUT")		901.1m
	IMP_AN_DIFTOSE:dif2se_tb:1	corner	C0_9 - 
	VDC("/VOUT")		901.5m
	IMP_AN_DIFTOSE:dif2se_tb:1	corner	C0_10 - 
	VDC("/VOUT")		901.1m
	IMP_AN_DIFTOSE:dif2se_tb:1	corner	C0_11 - 
	VDC("/VOUT")		901.5m
	IMP_AN_DIFTOSE:dif2se_tb:1	corner	C0_12 - 
	VDC("/VOUT")		900.7m
	IMP_AN_DIFTOSE:dif2se_tb:1	corner	C0_13 - 
	VDC("/VOUT")		900.9m
	IMP_AN_DIFTOSE:dif2se_tb:1	corner	C0_14 - 
	VDC("/VOUT")		900.7m
	IMP_AN_DIFTOSE:dif2se_tb:1	corner	C0_15 - 
	VDC("/VOUT")		900.9m
	IMP_AN_DIFTOSE:dif2se_tb:1	corner	Nominal - 
	VDC("/VOUT")		901.1m
Design parameters: 
	VAC		0
	VAC_CM		1
	VCM		900m
	VDC		0
	VCM_PULSE		0
	VIN_PULSE		10m
	CC		2p
	RC		33k
	BONDWIRE		3n
	VCLOCK		0
	CFIL		10p

Interactive.116
Number of points completed: 1
Number of simulation errors: 0
Interactive.116 completed. 
Current time: Thu Jun 30 10:50:19 2016 
