Starting Single Run, Sweeps and Corners...

Current time: Sun Nov 29 22:26:21 2015 
Best design point: 1
Design specs: 
	IMP_AN_DEMOD:iq_demod_tb:1	corner	Nominal - 
Design parameters: 
	AMP_IN		10m
	AMP_PHA		0
	CLOCKWIDTH		15.62k
	CLPF		1n
	CM_AMP		0
	CM_FREQ		0
	CMFB_AC		0
	CMFB_PULSE_TIA		0
	CPAD		800f
	CTIA		4n
	DC_IN		0
	FREQ		1k
	G0		1.8
	G1		1.8
	G2		0
	IQCTRL		0
	STEPNUM		0
	VAC_CM		0
	VCM_PULSE		0
	VDC_CM		900m
	VDD_PULSE		0
	VIN_AC		0
	VIN_PULSE		0
	Vsupply		1.8

Interactive.1
Number of points completed: 1
Number of simulation errors: 1
Interactive.1 completed. 
Current time: Sun Nov 29 22:26:46 2015 
