Starting Single Run, Sweeps and Corners...

Current time: Mon Oct 26 20:43:02 2015 
Best design point: 1
Design specs: 
	IMP_AN_TIA:tia_lna_lpf_tb:1	corner	Nominal - 
Design parameters: 
	AMP_IN		1m
	AMP_PHA		0
	C_LPF		500p
	CEXT		1n
	CLOCKWIDTH		15.62k
	CM_AMP		0
	CM_FREQ		5k
	CMFB_AC		0
	CMFB_PULSE_TIA		0
	CMFB_VAC		0
	CPAD		650f
	DC_IN		0
	FREQ		1k
	G0		1.8
	G1		1.8
	G3		0
	IQ_CTRL		0
	PULSE_CMFB_LNA		0
	STEPNUM		0
	VAC_CM		0
	VCM_PULSE		0
	VDC_CM		900m
	VDD_PULSE		0
	VIN_AC		0
	VIN_PULSE		0
	Vsupply		1.8

Interactive.0
Number of points completed: 1
Number of simulation errors: 0
Interactive.0 completed. 
Current time: Mon Oct 26 20:44:30 2015 
