Starting Single Run, Sweeps and Corners...

Current time: Sun Jul 19 22:27:21 2015 
Best design point: 1
Design specs: 
	IMP_AN_LPF:lpf_tb:1	corner	corner_0 - 
	tran noise		49.55p
	deriv(VS("/VOUT"))		Error	No
	offset		Error	No
	vref_cmfb		Error	No
	IMP_AN_LPF:lpf_tb:1	corner	corner_1 - 
	tran noise		62.52p
	deriv(VS("/VOUT"))		Error	No
	offset		Error	No
	vref_cmfb		Error	No
	IMP_AN_LPF:lpf_tb:1	corner	corner_2 - 
	tran noise		68.02p
	deriv(VS("/VOUT"))		Error	No
	offset		Error	No
	vref_cmfb		Error	No
	IMP_AN_LPF:lpf_tb:1	corner	corner_3 - 
	tran noise		73.27p
	deriv(VS("/VOUT"))		Error	No
	offset		Error	No
	vref_cmfb		Error	No
	IMP_AN_LPF:lpf_tb:1	corner	corner_4 - 
	tran noise		73.68p
	deriv(VS("/VOUT"))		Error	No
	offset		Error	No
	vref_cmfb		Error	No
	IMP_AN_LPF:lpf_tb:1	corner	corner_5 - 
	tran noise		93.08p
	deriv(VS("/VOUT"))		Error	No
	offset		Error	No
	vref_cmfb		Error	No
	IMP_AN_LPF:lpf_tb:1	corner	corner_6 - 
	tran noise		114.9p
	deriv(VS("/VOUT"))		Error	No
	offset		Error	No
	vref_cmfb		Error	No
	IMP_AN_LPF:lpf_tb:1	corner	corner_7 - 
	tran noise		116.8p
	deriv(VS("/VOUT"))		Error	No
	offset		Error	No
	vref_cmfb		Error	No
	IMP_AN_LPF:lpf_tb:1	corner	corner_8 - 
	tran noise		21.86p
	deriv(VS("/VOUT"))		Error	No
	offset		Error	No
	vref_cmfb		Error	No
	IMP_AN_LPF:lpf_tb:1	corner	corner_9 - 
	tran noise		27.86p
	deriv(VS("/VOUT"))		Error	No
	offset		Error	No
	vref_cmfb		Error	No
	IMP_AN_LPF:lpf_tb:1	corner	corner_10 - 
	tran noise		15.96p
	deriv(VS("/VOUT"))		Error	No
	offset		Error	No
	vref_cmfb		Error	No
	IMP_AN_LPF:lpf_tb:1	corner	corner_11 - 
	tran noise		23.51p
	deriv(VS("/VOUT"))		Error	No
	offset		Error	No
	vref_cmfb		Error	No
	IMP_AN_LPF:lpf_tb:1	corner	corner_12 - 
	tran noise		35.15p
	deriv(VS("/VOUT"))		Error	No
	offset		Error	No
	vref_cmfb		Error	No
	IMP_AN_LPF:lpf_tb:1	corner	corner_13 - 
	tran noise		44.96p
	deriv(VS("/VOUT"))		Error	No
	offset		Error	No
	vref_cmfb		Error	No
	IMP_AN_LPF:lpf_tb:1	corner	corner_14 - 
	tran noise		20.45p
	deriv(VS("/VOUT"))		Error	No
	offset		Error	No
	vref_cmfb		Error	No
	IMP_AN_LPF:lpf_tb:1	corner	corner_15 - 
	tran noise		19.92p
	deriv(VS("/VOUT"))		Error	No
	offset		Error	No
	vref_cmfb		Error	No
	IMP_AN_LPF:lpf_tb:1	corner	corner_16 - 
	tran noise		1.789n
	deriv(VS("/VOUT"))		Error	No
	offset		Error	No
	vref_cmfb		Error	No
	IMP_AN_LPF:lpf_tb:1	corner	corner_17 - 
	tran noise		2.288n
	deriv(VS("/VOUT"))		Error	No
	offset		Error	No
	vref_cmfb		Error	No
	IMP_AN_LPF:lpf_tb:1	corner	corner_18 - 
	tran noise		52.56n
	deriv(VS("/VOUT"))		Error	No
	offset		Error	No
	vref_cmfb		Error	No
	IMP_AN_LPF:lpf_tb:1	corner	corner_19 - 
	tran noise		46.9p
	deriv(VS("/VOUT"))		Error	No
	offset		Error	No
	vref_cmfb		Error	No
	IMP_AN_LPF:lpf_tb:1	corner	corner_20 - 
	tran noise		2.234n
	deriv(VS("/VOUT"))		Error	No
	offset		Error	No
	vref_cmfb		Error	No
	IMP_AN_LPF:lpf_tb:1	corner	corner_21 - 
	tran noise		2.818n
	deriv(VS("/VOUT"))		Error	No
	offset		Error	No
	vref_cmfb		Error	No
	IMP_AN_LPF:lpf_tb:1	corner	corner_22 - 
	tran noise		66.7p
	deriv(VS("/VOUT"))		Error	No
	offset		Error	No
	vref_cmfb		Error	No
	IMP_AN_LPF:lpf_tb:1	corner	corner_23 - 
	tran noise		86.94p
	deriv(VS("/VOUT"))		Error	No
	offset		Error	No
	vref_cmfb		Error	No
	IMP_AN_LPF:lpf_tb:1	corner	corner_24 - 
	tran noise		12.39n
	deriv(VS("/VOUT"))		Error	No
	offset		Error	No
	vref_cmfb		Error	No
	IMP_AN_LPF:lpf_tb:1	corner	corner_25 - 
	tran noise		2.375n
	deriv(VS("/VOUT"))		Error	No
	offset		Error	No
	vref_cmfb		Error	No
	IMP_AN_LPF:lpf_tb:1	corner	corner_26 - 
	tran noise		35.93p
	deriv(VS("/VOUT"))		Error	No
	offset		Error	No
	vref_cmfb		Error	No
	IMP_AN_LPF:lpf_tb:1	corner	corner_27 - 
	tran noise		58.7p
	deriv(VS("/VOUT"))		Error	No
	offset		Error	No
	vref_cmfb		Error	No
	IMP_AN_LPF:lpf_tb:1	corner	corner_28 - 
	tran noise		2.261n
	deriv(VS("/VOUT"))		Error	No
	offset		Error	No
	vref_cmfb		Error	No
	IMP_AN_LPF:lpf_tb:1	corner	corner_29 - 
	tran noise		2.876n
	deriv(VS("/VOUT"))		Error	No
	offset		Error	No
	vref_cmfb		Error	No
	IMP_AN_LPF:lpf_tb:1	corner	corner_30 - 
	tran noise		68.1p
	deriv(VS("/VOUT"))		Error	No
	offset		Error	No
	vref_cmfb		Error	No
	IMP_AN_LPF:lpf_tb:1	corner	corner_31 - 
	tran noise		1.871n
	deriv(VS("/VOUT"))		Error	No
	offset		Error	No
	vref_cmfb		Error	No
	IMP_AN_LPF:lpf_tb:1	corner	Nominal - 
	tran noise		2.266n
	deriv(VS("/VOUT"))		Error	No
	offset		Error	No
	vref_cmfb		Error	No
Design parameters: 
	DC_IN		0
	VDC_CM		900m
	Vsupply		1.8
	VIN_PULSE		0
	VDD_PULSE		20m

Interactive.41
Number of points completed: 1
Number of simulation errors: 99
Interactive.41 completed. 
Current time: Sun Jul 19 22:28:20 2015 
