Starting Single Run, Sweeps and Corners...

Current time: Sun Jul 19 22:37:04 2015 
Best design point: 1
Design specs: 
	psrr	corner	corner_0 - 
	tran noise		Error	No
	deriv(VS("/VOUT"))		Error	No
	offset		Error	No
	vref_cmfb		Error	No
	psrr	corner	corner_1 - 
	tran noise		Error	No
	deriv(VS("/VOUT"))		Error	No
	offset		Error	No
	vref_cmfb		Error	No
	psrr	corner	corner_2 - 
	tran noise		Error	No
	deriv(VS("/VOUT"))		Error	No
	offset		Error	No
	vref_cmfb		Error	No
	psrr	corner	corner_3 - 
	tran noise		Error	No
	deriv(VS("/VOUT"))		Error	No
	offset		Error	No
	vref_cmfb		Error	No
	psrr	corner	corner_4 - 
	tran noise		Error	No
	deriv(VS("/VOUT"))		Error	No
	offset		Error	No
	vref_cmfb		Error	No
	psrr	corner	corner_5 - 
	tran noise		Error	No
	deriv(VS("/VOUT"))		Error	No
	offset		Error	No
	vref_cmfb		Error	No
	psrr	corner	corner_6 - 
	tran noise		Error	No
	deriv(VS("/VOUT"))		Error	No
	offset		Error	No
	vref_cmfb		Error	No
	psrr	corner	corner_7 - 
	tran noise		Error	No
	deriv(VS("/VOUT"))		Error	No
	offset		Error	No
	vref_cmfb		Error	No
	psrr	corner	corner_8 - 
	tran noise		Error	No
	deriv(VS("/VOUT"))		Error	No
	offset		Error	No
	vref_cmfb		Error	No
	psrr	corner	corner_9 - 
	tran noise		Error	No
	deriv(VS("/VOUT"))		Error	No
	offset		Error	No
	vref_cmfb		Error	No
	psrr	corner	corner_10 - 
	tran noise		Error	No
	deriv(VS("/VOUT"))		Error	No
	offset		Error	No
	vref_cmfb		Error	No
	psrr	corner	corner_11 - 
	tran noise		Error	No
	deriv(VS("/VOUT"))		Error	No
	offset		Error	No
	vref_cmfb		Error	No
	psrr	corner	corner_12 - 
	tran noise		Error	No
	deriv(VS("/VOUT"))		Error	No
	offset		Error	No
	vref_cmfb		Error	No
	psrr	corner	corner_13 - 
	tran noise		Error	No
	deriv(VS("/VOUT"))		Error	No
	offset		Error	No
	vref_cmfb		Error	No
	psrr	corner	corner_14 - 
	tran noise		Error	No
	deriv(VS("/VOUT"))		Error	No
	offset		Error	No
	vref_cmfb		Error	No
	psrr	corner	corner_15 - 
	tran noise		Error	No
	deriv(VS("/VOUT"))		Error	No
	offset		Error	No
	vref_cmfb		Error	No
	psrr	corner	corner_16 - 
	tran noise		Error	No
	deriv(VS("/VOUT"))		Error	No
	offset		Error	No
	vref_cmfb		Error	No
	psrr	corner	corner_17 - 
	tran noise		Error	No
	deriv(VS("/VOUT"))		Error	No
	offset		Error	No
	vref_cmfb		Error	No
	psrr	corner	corner_18 - 
	tran noise		Error	No
	deriv(VS("/VOUT"))		Error	No
	offset		Error	No
	vref_cmfb		Error	No
	psrr	corner	corner_19 - 
	tran noise		Error	No
	deriv(VS("/VOUT"))		Error	No
	offset		Error	No
	vref_cmfb		Error	No
	psrr	corner	corner_20 - 
	tran noise		Error	No
	deriv(VS("/VOUT"))		Error	No
	offset		Error	No
	vref_cmfb		Error	No
	psrr	corner	corner_21 - 
	tran noise		Error	No
	deriv(VS("/VOUT"))		Error	No
	offset		Error	No
	vref_cmfb		Error	No
	psrr	corner	corner_22 - 
	tran noise		Error	No
	deriv(VS("/VOUT"))		Error	No
	offset		Error	No
	vref_cmfb		Error	No
	psrr	corner	corner_23 - 
	tran noise		Error	No
	deriv(VS("/VOUT"))		Error	No
	offset		Error	No
	vref_cmfb		Error	No
	psrr	corner	corner_24 - 
	tran noise		Error	No
	deriv(VS("/VOUT"))		Error	No
	offset		Error	No
	vref_cmfb		Error	No
	psrr	corner	corner_25 - 
	tran noise		Error	No
	deriv(VS("/VOUT"))		Error	No
	offset		Error	No
	vref_cmfb		Error	No
	psrr	corner	corner_26 - 
	tran noise		Error	No
	deriv(VS("/VOUT"))		Error	No
	offset		Error	No
	vref_cmfb		Error	No
	psrr	corner	corner_27 - 
	tran noise		Error	No
	deriv(VS("/VOUT"))		Error	No
	offset		Error	No
	vref_cmfb		Error	No
	psrr	corner	corner_28 - 
	tran noise		Error	No
	deriv(VS("/VOUT"))		Error	No
	offset		Error	No
	vref_cmfb		Error	No
	psrr	corner	corner_29 - 
	tran noise		Error	No
	deriv(VS("/VOUT"))		Error	No
	offset		Error	No
	vref_cmfb		Error	No
	psrr	corner	corner_30 - 
	tran noise		Error	No
	deriv(VS("/VOUT"))		Error	No
	offset		Error	No
	vref_cmfb		Error	No
	psrr	corner	corner_31 - 
	tran noise		Error	No
	deriv(VS("/VOUT"))		Error	No
	offset		Error	No
	vref_cmfb		Error	No
	psrr	corner	Nominal - 
	tran noise		Error	No
	deriv(VS("/VOUT"))		Error	No
	offset		Error	No
	vref_cmfb		Error	No
Design parameters: 
	DC_IN		0
	VDC_CM		900m
	Vsupply		1.8
	VIN_PULSE		0
	VDD_PULSE		20m
	VDD_AC		1
	VIN_AC		0

Interactive.42
Number of points completed: 1
Number of simulation errors: 132
Interactive.42 completed. 
Current time: Sun Jul 19 22:37:35 2015 
