Starting Single Run, Sweeps and Corners...

Current time: Sun Jul 24 10:22:51 2016 
Best design point: 1
Design specs: 
	IMP_AN_LPF:lpf_tb:1	corner	Nominal - 
	Loop Gain Phase		Error	No
	Loop Gain dB20		Error	No
	Phase Margin		Error	No
Design parameters: 
	CAP_FIL		1.5n
	DC_IN		0
	VCM_PULSE		100m
	VDC_CM		900m
	VDD_AC		0
	VDD_PULSE		0
	VIN_AC		1
	VIN_PULSE		0
	Vsupply		1.8

Interactive.83
Number of points completed: 1
Number of simulation errors: 3
Interactive.83 completed. 
Current time: Sun Jul 24 10:23:24 2016 
