Starting Single Run, Sweeps and Corners...

Current time: Fri Nov 13 13:47:33 2015 
Best design point: 1
Design specs: 
	IMP_AN_LPF:lpf_tb:1	corner	Nominal - 
	tran noise		7.877m
	deriv(VS("/VOUT"))		Error	No
	offset		Error	No
	vref_cmfb		Error	No
Design parameters: 
	DC_IN		0
	VDC_CM		900m
	Vsupply		1.8
	VIN_PULSE		10m
	VDD_PULSE		0
	VDD_AC		1
	VIN_AC		0
	CAP_FIL		1.5n
	VCM_PULSE		0

Interactive.52
Number of points completed: 1
Number of simulation errors: 3
Interactive.52 completed. 
Current time: Fri Nov 13 13:47:43 2015 
