Starting Single Run, Sweeps and Corners...

Current time: Fri Nov 13 15:41:00 2015 
Best design point: 1
Design specs: 
	IMP_AN_LPF:lpf_tb:1	corner	Nominal - 
	tran noise		Error	No
	deriv(VS("/VOUT"))		Error	No
	offset		Error	No
	vref_cmfb		Error	No
Design parameters: 
	DC_IN		0
	VDC_CM		900m
	Vsupply		1.8
	VIN_PULSE		0
	VDD_PULSE		0
	VDD_AC		1
	VIN_AC		0
	CAP_FIL		1.5n
	VCM_PULSE		10m

Interactive.72
Number of points completed: 1
Number of simulation errors: 4
Interactive.72 completed. 
Current time: Fri Nov 13 15:41:08 2015 
