Starting Single Run, Sweeps and Corners...

Current time: Fri Nov 13 13:55:38 2015 
Best design point: 1
Design specs: 
	IMP_AN_LPF:lpf_tb:1	corner	corner_0 - 
	tran noise		Error	No
	offset		-2.926p
	vref_cmfb		634.9m
	IMP_AN_LPF:lpf_tb:1	corner	corner_1 - 
	tran noise		Error	No
	offset		-576.5f
	vref_cmfb		769.2m
	IMP_AN_LPF:lpf_tb:1	corner	corner_2 - 
	tran noise		Error	No
	offset		-2.456p
	vref_cmfb		634.9m
	IMP_AN_LPF:lpf_tb:1	corner	corner_3 - 
	tran noise		Error	No
	offset		-301.8f
	vref_cmfb		769.2m
	IMP_AN_LPF:lpf_tb:1	corner	corner_4 - 
	tran noise		Error	No
	offset		-3.001p
	vref_cmfb		634.9m
	IMP_AN_LPF:lpf_tb:1	corner	corner_5 - 
	tran noise		Error	No
	offset		-864.8f
	vref_cmfb		769.2m
	IMP_AN_LPF:lpf_tb:1	corner	corner_6 - 
	tran noise		Error	No
	offset		-2.055p
	vref_cmfb		634.9m
	IMP_AN_LPF:lpf_tb:1	corner	corner_7 - 
	tran noise		Error	No
	offset		339.5f
	vref_cmfb		769.2m
	IMP_AN_LPF:lpf_tb:1	corner	corner_8 - 
	tran noise		Error	No
	offset		-12.4p
	vref_cmfb		631.3m
	IMP_AN_LPF:lpf_tb:1	corner	corner_9 - 
	tran noise		Error	No
	offset		-1.344p
	vref_cmfb		781.4m
	IMP_AN_LPF:lpf_tb:1	corner	corner_10 - 
	tran noise		Error	No
	offset		-11.89p
	vref_cmfb		631.3m
	IMP_AN_LPF:lpf_tb:1	corner	corner_11 - 
	tran noise		Error	No
	offset		-839.8f
	vref_cmfb		781.4m
	IMP_AN_LPF:lpf_tb:1	corner	corner_12 - 
	tran noise		Error	No
	offset		-11.73p
	vref_cmfb		631.3m
	IMP_AN_LPF:lpf_tb:1	corner	corner_13 - 
	tran noise		Error	No
	offset		-931.4f
	vref_cmfb		781.4m
	IMP_AN_LPF:lpf_tb:1	corner	corner_14 - 
	tran noise		Error	No
	offset		-10.91p
	vref_cmfb		631.3m
	IMP_AN_LPF:lpf_tb:1	corner	corner_15 - 
	tran noise		Error	No
	offset		21.37f
	vref_cmfb		781.4m
	IMP_AN_LPF:lpf_tb:1	corner	corner_16 - 
	tran noise		Error	No
	offset		1.752n
	vref_cmfb		632.7m
	IMP_AN_LPF:lpf_tb:1	corner	corner_17 - 
	tran noise		Error	No
	offset		2.248n
	vref_cmfb		770.4m
	IMP_AN_LPF:lpf_tb:1	corner	corner_18 - 
	tran noise		Error	No
	offset		-4.394p
	vref_cmfb		632.7m
	IMP_AN_LPF:lpf_tb:1	corner	corner_19 - 
	tran noise		Error	No
	offset		-517.9f
	vref_cmfb		770.4m
	IMP_AN_LPF:lpf_tb:1	corner	corner_20 - 
	tran noise		Error	No
	offset		2.16n
	vref_cmfb		632.7m
	IMP_AN_LPF:lpf_tb:1	corner	corner_21 - 
	tran noise		Error	No
	offset		2.77n
	vref_cmfb		770.4m
	IMP_AN_LPF:lpf_tb:1	corner	corner_22 - 
	tran noise		Error	No
	offset		-4.108p
	vref_cmfb		632.7m
	IMP_AN_LPF:lpf_tb:1	corner	corner_23 - 
	tran noise		Error	No
	offset		-53.77f
	vref_cmfb		770.4m
	IMP_AN_LPF:lpf_tb:1	corner	corner_24 - 
	tran noise		Error	No
	offset		1.797n
	vref_cmfb		636.2m
	IMP_AN_LPF:lpf_tb:1	corner	corner_25 - 
	tran noise		Error	No
	offset		2.294n
	vref_cmfb		784.1m
	IMP_AN_LPF:lpf_tb:1	corner	corner_26 - 
	tran noise		Error	No
	offset		-5.852p
	vref_cmfb		636.2m
	IMP_AN_LPF:lpf_tb:1	corner	corner_27 - 
	tran noise		Error	No
	offset		-635.3f
	vref_cmfb		784.1m
	IMP_AN_LPF:lpf_tb:1	corner	corner_28 - 
	tran noise		Error	No
	offset		2.216n
	vref_cmfb		636.2m
	IMP_AN_LPF:lpf_tb:1	corner	corner_29 - 
	tran noise		Error	No
	offset		2.828n
	vref_cmfb		784.1m
	IMP_AN_LPF:lpf_tb:1	corner	corner_30 - 
	tran noise		Error	No
	offset		-5.112p
	vref_cmfb		636.2m
	IMP_AN_LPF:lpf_tb:1	corner	corner_31 - 
	tran noise		Error	No
	offset		263.4f
	vref_cmfb		784.1m
	IMP_AN_LPF:lpf_tb:1	corner	Nominal - 
	tran noise		Error	No
	offset		-2.279n
	vref_cmfb		708.5m
Design parameters: 
	DC_IN		0
	VDC_CM		900m
	Vsupply		1.8
	VIN_PULSE		10m
	VDD_PULSE		0
	VDD_AC		1
	VIN_AC		0
	CAP_FIL		1.5n
	VCM_PULSE		0

Interactive.55
Number of points completed: 1
Number of simulation errors: 33
Interactive.55 completed. 
Current time: Fri Nov 13 13:56:54 2015 
