Starting Single Run, Sweeps and Corners...

Current time: Sun Jul 19 22:13:51 2015 
Best design point: 1
Design specs: 
	IMP_AN_LPF:lpf_tb:1	corner	corner_0 - 
	tran noise		78.9m
	deriv(VS("/VOUT"))		Error	No
	offset		Error	No
	vref_cmfb		Error	No
	IMP_AN_LPF:lpf_tb:1	corner	corner_1 - 
	tran noise		78.92m
	deriv(VS("/VOUT"))		Error	No
	offset		Error	No
	vref_cmfb		Error	No
	IMP_AN_LPF:lpf_tb:1	corner	corner_2 - 
	tran noise		78.9m
	deriv(VS("/VOUT"))		Error	No
	offset		Error	No
	vref_cmfb		Error	No
	IMP_AN_LPF:lpf_tb:1	corner	corner_3 - 
	tran noise		78.92m
	deriv(VS("/VOUT"))		Error	No
	offset		Error	No
	vref_cmfb		Error	No
	IMP_AN_LPF:lpf_tb:1	corner	corner_4 - 
	tran noise		78.6m
	deriv(VS("/VOUT"))		Error	No
	offset		Error	No
	vref_cmfb		Error	No
	IMP_AN_LPF:lpf_tb:1	corner	corner_5 - 
	tran noise		78.62m
	deriv(VS("/VOUT"))		Error	No
	offset		Error	No
	vref_cmfb		Error	No
	IMP_AN_LPF:lpf_tb:1	corner	corner_6 - 
	tran noise		78.6m
	deriv(VS("/VOUT"))		Error	No
	offset		Error	No
	vref_cmfb		Error	No
	IMP_AN_LPF:lpf_tb:1	corner	corner_7 - 
	tran noise		78.62m
	deriv(VS("/VOUT"))		Error	No
	offset		Error	No
	vref_cmfb		Error	No
	IMP_AN_LPF:lpf_tb:1	corner	corner_8 - 
	tran noise		78.91m
	deriv(VS("/VOUT"))		Error	No
	offset		Error	No
	vref_cmfb		Error	No
	IMP_AN_LPF:lpf_tb:1	corner	corner_9 - 
	tran noise		78.93m
	deriv(VS("/VOUT"))		Error	No
	offset		Error	No
	vref_cmfb		Error	No
	IMP_AN_LPF:lpf_tb:1	corner	corner_10 - 
	tran noise		78.91m
	deriv(VS("/VOUT"))		Error	No
	offset		Error	No
	vref_cmfb		Error	No
	IMP_AN_LPF:lpf_tb:1	corner	corner_11 - 
	tran noise		78.93m
	deriv(VS("/VOUT"))		Error	No
	offset		Error	No
	vref_cmfb		Error	No
	IMP_AN_LPF:lpf_tb:1	corner	corner_12 - 
	tran noise		78.61m
	deriv(VS("/VOUT"))		Error	No
	offset		Error	No
	vref_cmfb		Error	No
	IMP_AN_LPF:lpf_tb:1	corner	corner_13 - 
	tran noise		78.63m
	deriv(VS("/VOUT"))		Error	No
	offset		Error	No
	vref_cmfb		Error	No
	IMP_AN_LPF:lpf_tb:1	corner	corner_14 - 
	tran noise		78.61m
	deriv(VS("/VOUT"))		Error	No
	offset		Error	No
	vref_cmfb		Error	No
	IMP_AN_LPF:lpf_tb:1	corner	corner_15 - 
	tran noise		78.63m
	deriv(VS("/VOUT"))		Error	No
	offset		Error	No
	vref_cmfb		Error	No
	IMP_AN_LPF:lpf_tb:1	corner	corner_16 - 
	tran noise		78.91m
	deriv(VS("/VOUT"))		Error	No
	offset		Error	No
	vref_cmfb		Error	No
	IMP_AN_LPF:lpf_tb:1	corner	corner_17 - 
	tran noise		78.92m
	deriv(VS("/VOUT"))		Error	No
	offset		Error	No
	vref_cmfb		Error	No
	IMP_AN_LPF:lpf_tb:1	corner	corner_18 - 
	tran noise		78.91m
	deriv(VS("/VOUT"))		Error	No
	offset		Error	No
	vref_cmfb		Error	No
	IMP_AN_LPF:lpf_tb:1	corner	corner_19 - 
	tran noise		78.92m
	deriv(VS("/VOUT"))		Error	No
	offset		Error	No
	vref_cmfb		Error	No
	IMP_AN_LPF:lpf_tb:1	corner	corner_20 - 
	tran noise		78.6m
	deriv(VS("/VOUT"))		Error	No
	offset		Error	No
	vref_cmfb		Error	No
	IMP_AN_LPF:lpf_tb:1	corner	corner_21 - 
	tran noise		78.62m
	deriv(VS("/VOUT"))		Error	No
	offset		Error	No
	vref_cmfb		Error	No
	IMP_AN_LPF:lpf_tb:1	corner	corner_22 - 
	tran noise		78.6m
	deriv(VS("/VOUT"))		Error	No
	offset		Error	No
	vref_cmfb		Error	No
	IMP_AN_LPF:lpf_tb:1	corner	corner_23 - 
	tran noise		78.62m
	deriv(VS("/VOUT"))		Error	No
	offset		Error	No
	vref_cmfb		Error	No
	IMP_AN_LPF:lpf_tb:1	corner	corner_24 - 
	tran noise		78.91m
	deriv(VS("/VOUT"))		Error	No
	offset		Error	No
	vref_cmfb		Error	No
	IMP_AN_LPF:lpf_tb:1	corner	corner_25 - 
	tran noise		78.92m
	deriv(VS("/VOUT"))		Error	No
	offset		Error	No
	vref_cmfb		Error	No
	IMP_AN_LPF:lpf_tb:1	corner	corner_26 - 
	tran noise		78.91m
	deriv(VS("/VOUT"))		Error	No
	offset		Error	No
	vref_cmfb		Error	No
	IMP_AN_LPF:lpf_tb:1	corner	corner_27 - 
	tran noise		78.92m
	deriv(VS("/VOUT"))		Error	No
	offset		Error	No
	vref_cmfb		Error	No
	IMP_AN_LPF:lpf_tb:1	corner	corner_28 - 
	tran noise		78.61m
	deriv(VS("/VOUT"))		Error	No
	offset		Error	No
	vref_cmfb		Error	No
	IMP_AN_LPF:lpf_tb:1	corner	corner_29 - 
	tran noise		78.63m
	deriv(VS("/VOUT"))		Error	No
	offset		Error	No
	vref_cmfb		Error	No
	IMP_AN_LPF:lpf_tb:1	corner	corner_30 - 
	tran noise		78.61m
	deriv(VS("/VOUT"))		Error	No
	offset		Error	No
	vref_cmfb		Error	No
	IMP_AN_LPF:lpf_tb:1	corner	corner_31 - 
	tran noise		78.63m
	deriv(VS("/VOUT"))		Error	No
	offset		Error	No
	vref_cmfb		Error	No
	IMP_AN_LPF:lpf_tb:1	corner	Nominal - 
	tran noise		78.76m
	deriv(VS("/VOUT"))		Error	No
	offset		Error	No
	vref_cmfb		Error	No
Design parameters: 
	DC_IN		0
	VDC_CM		900m
	Vsupply		1.8
	VIN_PULSE		100m

Interactive.36
Number of points completed: 1
Number of simulation errors: 99
Interactive.36 completed. 
Current time: Sun Jul 19 22:15:00 2015 
