Starting Single Run, Sweeps and Corners...

Current time: Wed Oct 21 16:21:35 2015 
Best design point: 1
Design specs: 
	IMP_AN_SIGNAL_GEN:Signal_Generator_tb:1	corner	C0_0_0_0 - 
	IMP_AN_SIGNAL_GEN:Signal_Generator_tb:1	corner	C0_0_0_1 - 
	IMP_AN_SIGNAL_GEN:Signal_Generator_tb:1	corner	C0_0_0_2 - 
	IMP_AN_SIGNAL_GEN:Signal_Generator_tb:1	corner	C0_0_0_3 - 
	IMP_AN_SIGNAL_GEN:Signal_Generator_tb:1	corner	C0_0_0_4 - 
	IMP_AN_SIGNAL_GEN:Signal_Generator_tb:1	corner	C0_0_0_5 - 
	IMP_AN_SIGNAL_GEN:Signal_Generator_tb:1	corner	C0_0_0_6 - 
	IMP_AN_SIGNAL_GEN:Signal_Generator_tb:1	corner	C0_0_0_7 - 
	IMP_AN_SIGNAL_GEN:Signal_Generator_tb:1	corner	C0_0_0_8 - 
	IMP_AN_SIGNAL_GEN:Signal_Generator_tb:1	corner	C0_0_0_9 - 
	IMP_AN_SIGNAL_GEN:Signal_Generator_tb:1	corner	C0_0_0_10 - 
	IMP_AN_SIGNAL_GEN:Signal_Generator_tb:1	corner	C0_0_0_11 - 
	IMP_AN_SIGNAL_GEN:Signal_Generator_tb:1	corner	C0_0_0_12 - 
	IMP_AN_SIGNAL_GEN:Signal_Generator_tb:1	corner	C0_0_0_13 - 
	IMP_AN_SIGNAL_GEN:Signal_Generator_tb:1	corner	C0_0_0_14 - 
	IMP_AN_SIGNAL_GEN:Signal_Generator_tb:1	corner	C0_0_0_15 - 
	IMP_AN_SIGNAL_GEN:Signal_Generator_tb:1	corner	Nominal - 
Design parameters: 
	CLOCKWIDTH		160k
	CMFB_VAC		0
	PULSE_CMFB		0
	STEPNUM		0
	RL		1k
	CPAD		0
	G0		0
	G1		0
	G2		1.8
	G3		1.8
	VDD_PULSE		10m
	Vsupply		1.8

Interactive.76
Number of points completed: 1
Number of simulation errors: 0
Interactive.76 completed. 
Current time: Wed Oct 21 16:23:49 2015 
