Starting Single Run, Sweeps and Corners...

Current time: Thu Oct 15 16:50:05 2015 
Best design point: 1
Design specs: 
	IMP_AN_SIGNAL_GEN_GM:S3_TB:1	corner	Nominal - 
	OUT_DC		-1.776f
	DC_GAIN		Error	No
Design parameters: 
	G0		0
	G1		0
	G2		1.8
	G3		1.8
	CMFB_VAC		0
	DC_IN		0
	PULSE_CMFB		0
	RL		1M
	VAC_CM		0
	VCM_PULSE		0
	VDC_CM		900m
	VIN_AC		1
	VIN_PULSE		10m

Interactive.10
Number of points completed: 1
Number of simulation errors: 1
Interactive.10 completed. 
Current time: Thu Oct 15 16:50:59 2015 
