Starting Single Run, Sweeps and Corners...

Current time: Thu Oct 15 14:52:18 2015 
Best design point: 1
Design specs: 
	IMP_AN_SIGNAL_GEN_GM:S3_TB:1	corner	C0_0 - 
	OUT_DC		0
	DC_GAIN		Error	No
	IMP_AN_SIGNAL_GEN_GM:S3_TB:1	corner	C0_1 - 
	OUT_DC		0
	DC_GAIN		Error	No
	IMP_AN_SIGNAL_GEN_GM:S3_TB:1	corner	C0_2 - 
	OUT_DC		0
	DC_GAIN		Error	No
	IMP_AN_SIGNAL_GEN_GM:S3_TB:1	corner	C0_3 - 
	OUT_DC		0
	DC_GAIN		Error	No
	IMP_AN_SIGNAL_GEN_GM:S3_TB:1	corner	C0_4 - 
	OUT_DC		222a
	DC_GAIN		Error	No
	IMP_AN_SIGNAL_GEN_GM:S3_TB:1	corner	C0_5 - 
	OUT_DC		222a
	DC_GAIN		Error	No
	IMP_AN_SIGNAL_GEN_GM:S3_TB:1	corner	C0_6 - 
	OUT_DC		222a
	DC_GAIN		Error	No
	IMP_AN_SIGNAL_GEN_GM:S3_TB:1	corner	C0_7 - 
	OUT_DC		222a
	DC_GAIN		Error	No
	IMP_AN_SIGNAL_GEN_GM:S3_TB:1	corner	C0_8 - 
	OUT_DC		0
	DC_GAIN		Error	No
	IMP_AN_SIGNAL_GEN_GM:S3_TB:1	corner	C0_9 - 
	OUT_DC		0
	DC_GAIN		Error	No
	IMP_AN_SIGNAL_GEN_GM:S3_TB:1	corner	C0_10 - 
	OUT_DC		0
	DC_GAIN		Error	No
	IMP_AN_SIGNAL_GEN_GM:S3_TB:1	corner	C0_11 - 
	OUT_DC		0
	DC_GAIN		Error	No
	IMP_AN_SIGNAL_GEN_GM:S3_TB:1	corner	C0_12 - 
	OUT_DC		444.1a
	DC_GAIN		Error	No
	IMP_AN_SIGNAL_GEN_GM:S3_TB:1	corner	C0_13 - 
	OUT_DC		444.1a
	DC_GAIN		Error	No
	IMP_AN_SIGNAL_GEN_GM:S3_TB:1	corner	C0_14 - 
	OUT_DC		444.1a
	DC_GAIN		Error	No
	IMP_AN_SIGNAL_GEN_GM:S3_TB:1	corner	C0_15 - 
	OUT_DC		444.1a
	DC_GAIN		Error	No
Design parameters: 
	G0		1.8
	G1		1.8
	G2		1.8
	G3		1.8
	CMFB_VAC		0
	DC_IN		0
	PULSE_CMFB		0
	RL		1k
	VAC_CM		0
	VCM_PULSE		0
	VDC_CM		900m
	VIN_AC		1
	VIN_PULSE		10m

Interactive.5
Number of points completed: 1
Number of simulation errors: 16
Interactive.5 completed. 
Current time: Thu Oct 15 15:02:18 2015 
