Starting Single Run, Sweeps and Corners...

Current time: Sun Oct 18 20:51:25 2015 
Best design point: 1
Design specs: 
	IMP_AN_SIGNAL_GEN_GM:S3_TB:1	corner	Nominal - 
Design parameters: 
	G0		0
	G1		0
	G2		1.8
	G3		1.8
	CMFB_VAC		0
	DC_IN		0
	PULSE_CMFB		0
	RL		1M
	VAC_CM		0
	VCM_PULSE		0
	VDC_CM		900m
	VIN_AC		1
	VIN_PULSE		10m
	CPAD		5p
	I_REF		1
	VDD_PULSE		0

Interactive.11
Number of points completed: 1
Number of simulation errors: 1
Interactive.11 completed. 
Current time: Sun Oct 18 20:51:29 2015 
