Starting Single Run, Sweeps and Corners...

Current time: Thu Oct 15 15:47:31 2015 
Best design point: 1
Design specs: 
	IMP_AN_SIGNAL_GEN_GM:S3_TB:1	corner	Nominal - 
	OUT_DC		-222a
	DC_GAIN		Error	No
Design parameters: 
	G0		1.8
	G1		1.8
	G2		1.8
	G3		1.8
	CMFB_VAC		0
	DC_IN		0
	PULSE_CMFB		0
	RL		100
	VAC_CM		0
	VCM_PULSE		0
	VDC_CM		900m
	VIN_AC		1
	VIN_PULSE		10m

Interactive.9
Number of points completed: 1
Number of simulation errors: 1
Interactive.9 completed. 
Current time: Thu Oct 15 15:48:17 2015 
