Starting Single Run, Sweeps and Corners...

Current time: Thu Nov 19 09:22:05 2015 
Best design point: 1
Design specs: 
	IMP_AN_SIGNAL_GEN:Signal_Generator_tb:1	corner	Nominal - 
	CMV		841m
	OUT_CM		977.8m
Design parameters: 
	CLOCKWIDTH		15.62k
	CMFB_VAC		0
	CPAD		0
	G0		0
	G1		0
	G2		0
	G3		0
	PULSE_CMFB		0
	RL		1M
	STEPNUM		0
	VDD_PULSE		0
	Vsupply		1.8
	G0_PULSE		1.8
	G1_PULSE		0
	CE		0

Interactive.50
Number of points completed: 1
Number of simulation errors: 0
Interactive.50 completed. 
Current time: Thu Nov 19 09:22:25 2015 
