Starting Single Run, Sweeps and Corners...

Current time: Wed Dec  2 10:10:03 2015 
Best design point: 1
Design specs: 
	IMP_AN_SIGNAL_GEN:Signal_Generator_tb:1	corner	C0_0 - 
	CMV		644.6m
	OUT_CM		860m
	IMP_AN_SIGNAL_GEN:Signal_Generator_tb:1	corner	C0_1 - 
	CMV		646.7m
	OUT_CM		860.1m
	IMP_AN_SIGNAL_GEN:Signal_Generator_tb:1	corner	C0_2 - 
	CMV		644.6m
	OUT_CM		860m
	IMP_AN_SIGNAL_GEN:Signal_Generator_tb:1	corner	C0_3 - 
	CMV		646.7m
	OUT_CM		860.1m
	IMP_AN_SIGNAL_GEN:Signal_Generator_tb:1	corner	C0_4 - 
	CMV		861.1m
	OUT_CM		943.7m
	IMP_AN_SIGNAL_GEN:Signal_Generator_tb:1	corner	C0_5 - 
	CMV		863.1m
	OUT_CM		943.8m
	IMP_AN_SIGNAL_GEN:Signal_Generator_tb:1	corner	C0_6 - 
	CMV		861.1m
	OUT_CM		943.7m
	IMP_AN_SIGNAL_GEN:Signal_Generator_tb:1	corner	C0_7 - 
	CMV		863.1m
	OUT_CM		943.8m
	IMP_AN_SIGNAL_GEN:Signal_Generator_tb:1	corner	C0_8 - 
	CMV		688.4m
	OUT_CM		878.1m
	IMP_AN_SIGNAL_GEN:Signal_Generator_tb:1	corner	C0_9 - 
	CMV		690.4m
	OUT_CM		878.1m
	IMP_AN_SIGNAL_GEN:Signal_Generator_tb:1	corner	C0_10 - 
	CMV		688.4m
	OUT_CM		878.1m
	IMP_AN_SIGNAL_GEN:Signal_Generator_tb:1	corner	C0_11 - 
	CMV		690.4m
	OUT_CM		878.1m
	IMP_AN_SIGNAL_GEN:Signal_Generator_tb:1	corner	C0_12 - 
	CMV		816.1m
	OUT_CM		927.5m
	IMP_AN_SIGNAL_GEN:Signal_Generator_tb:1	corner	C0_13 - 
	CMV		818.2m
	OUT_CM		927.5m
	IMP_AN_SIGNAL_GEN:Signal_Generator_tb:1	corner	C0_14 - 
	CMV		816.1m
	OUT_CM		927.5m
	IMP_AN_SIGNAL_GEN:Signal_Generator_tb:1	corner	C0_15 - 
	CMV		818.2m
	OUT_CM		927.5m
	IMP_AN_SIGNAL_GEN:Signal_Generator_tb:1	corner	Nominal - 
	CMV		752.8m
	OUT_CM		904.4m
Design parameters: 
	CLOCKWIDTH		15.62k
	CMFB_VAC		0
	CPAD		800f
	G0		0
	G1		0
	G2		0
	G3		0
	PULSE_CMFB		0
	RL		1k
	STEPNUM		0
	VDD_PULSE		0
	Vsupply		1.62
	G0_PULSE		1.62
	G1_PULSE		1.62
	CE		1
	G2_PULSE		1.62
	G3_PULSE		1.62

Interactive.70
Number of points completed: 3
Number of simulation errors: 0
Interactive.70 completed. 
Current time: Wed Dec  2 10:20:42 2015 
