Starting Single Run, Sweeps and Corners...

Current time: Tue Jun 14 14:05:07 2016 
Best design point: 1
Design specs: 
	IMP_AN_SIGNAL_GEN:Signal_Generator_tb:1	corner	Nominal - 
	CMV		752.8m
	OUT_CM		1.003
Design parameters: 
	CLOCKWIDTH		1.562k
	CMFB_VAC		0
	CPAD		1p
	G0		0
	G1		0
	G2		0
	G3		0
	PULSE_CMFB		0
	RL		1k
	STEPNUM		0
	VDD_PULSE		0
	Vsupply		1.8
	G0_PULSE		1.8
	G1_PULSE		1.8
	CE		1
	G2_PULSE		1.8
	G3_PULSE		1.8

Interactive.81
Number of points completed: 1
Number of simulation errors: 0
Interactive.81 completed. 
Current time: Tue Jun 14 14:05:27 2016 
