Starting Single Run, Sweeps and Corners...

Current time: Thu Nov 19 09:48:09 2015 
Best design point: 1
Design specs: 
	IMP_AN_SIGNAL_GEN:Signal_Generator_tb:1	corner	C0_0 - 
	CMV		733.2m
	OUT_CM		861m
	IMP_AN_SIGNAL_GEN:Signal_Generator_tb:1	corner	C0_1 - 
	CMV		735.3m
	OUT_CM		861m
	IMP_AN_SIGNAL_GEN:Signal_Generator_tb:1	corner	C0_2 - 
	CMV		733.2m
	OUT_CM		861m
	IMP_AN_SIGNAL_GEN:Signal_Generator_tb:1	corner	C0_3 - 
	CMV		735.3m
	OUT_CM		861m
	IMP_AN_SIGNAL_GEN:Signal_Generator_tb:1	corner	C0_4 - 
	CMV		952.5m
	OUT_CM		944.1m
	IMP_AN_SIGNAL_GEN:Signal_Generator_tb:1	corner	C0_5 - 
	CMV		954.5m
	OUT_CM		944.1m
	IMP_AN_SIGNAL_GEN:Signal_Generator_tb:1	corner	C0_6 - 
	CMV		952.5m
	OUT_CM		944.1m
	IMP_AN_SIGNAL_GEN:Signal_Generator_tb:1	corner	C0_7 - 
	CMV		954.5m
	OUT_CM		944.1m
	IMP_AN_SIGNAL_GEN:Signal_Generator_tb:1	corner	C0_8 - 
	CMV		778.3m
	OUT_CM		878.7m
	IMP_AN_SIGNAL_GEN:Signal_Generator_tb:1	corner	C0_9 - 
	CMV		780.4m
	OUT_CM		878.8m
	IMP_AN_SIGNAL_GEN:Signal_Generator_tb:1	corner	C0_10 - 
	CMV		778.3m
	OUT_CM		878.7m
	IMP_AN_SIGNAL_GEN:Signal_Generator_tb:1	corner	C0_11 - 
	CMV		780.4m
	OUT_CM		878.8m
	IMP_AN_SIGNAL_GEN:Signal_Generator_tb:1	corner	C0_12 - 
	CMV		904.7m
	OUT_CM		928m
	IMP_AN_SIGNAL_GEN:Signal_Generator_tb:1	corner	C0_13 - 
	CMV		906.8m
	OUT_CM		928m
	IMP_AN_SIGNAL_GEN:Signal_Generator_tb:1	corner	C0_14 - 
	CMV		904.7m
	OUT_CM		928m
	IMP_AN_SIGNAL_GEN:Signal_Generator_tb:1	corner	C0_15 - 
	CMV		906.8m
	OUT_CM		928m
	IMP_AN_SIGNAL_GEN:Signal_Generator_tb:1	corner	Nominal - 
	CMV		840.7m
	OUT_CM		904.9m
Design parameters: 
	CLOCKWIDTH		15.62
	CMFB_VAC		0
	CPAD		0
	G0		0
	G1		0
	G2		0
	G3		0
	PULSE_CMFB		0
	RL		1k
	STEPNUM		0
	VDD_PULSE		0
	Vsupply		1.62
	G0_PULSE		1.8
	G1_PULSE		0
	CE		1

Interactive.56
Number of points completed: 3
Number of simulation errors: 0
Interactive.56 completed. 
Current time: Thu Nov 19 09:54:14 2015 
