Starting Single Run, Sweeps and Corners...

Current time: Fri Jul 22 14:15:03 2016 
Best design point: 1
Design specs: 
	IMP_AN_SIGNAL_GEN:Signal_Generator_tb:1	corner	Nominal - 
	CMV		Error	No
	OUT_CM		1.02
	DAC		Error	No
Design parameters: 
	CLOCKWIDTH		15.62
	CMFB_VAC		0
	CPAD		1p
	G0		1.8
	G1		1.8
	G2		1.8
	G3		1.8
	PULSE_CMFB		0
	RL		1k
	STEPNUM		0
	VDD_PULSE		0
	Vsupply		1.8
	G0_PULSE		1.8
	G1_PULSE		1.8
	CE		1
	G2_PULSE		1.8
	G3_PULSE		1.8

Interactive.93
Number of points completed: 1
Number of simulation errors: 2
Interactive.93 completed. 
Current time: Fri Jul 22 14:17:02 2016 
