Starting Single Run, Sweeps and Corners...

Current time: Wed Dec  2 11:22:57 2015 
Best design point: 1
Design specs: 
	IMP_AN_SIGNAL_GEN:Signal_Generator_tb:1	corner	C0_0 - 
	CMV		885.3m
	OUT_CM		865.5m
	IMP_AN_SIGNAL_GEN:Signal_Generator_tb:1	corner	C0_1 - 
	CMV		903.7m
	OUT_CM		865.5m
	IMP_AN_SIGNAL_GEN:Signal_Generator_tb:1	corner	C0_2 - 
	CMV		885.3m
	OUT_CM		865.5m
	IMP_AN_SIGNAL_GEN:Signal_Generator_tb:1	corner	C0_3 - 
	CMV		903.7m
	OUT_CM		865.5m
	IMP_AN_SIGNAL_GEN:Signal_Generator_tb:1	corner	C0_4 - 
	CMV		1.113
	OUT_CM		946m
	IMP_AN_SIGNAL_GEN:Signal_Generator_tb:1	corner	C0_5 - 
	CMV		1.131
	OUT_CM		946m
	IMP_AN_SIGNAL_GEN:Signal_Generator_tb:1	corner	C0_6 - 
	CMV		1.113
	OUT_CM		946m
	IMP_AN_SIGNAL_GEN:Signal_Generator_tb:1	corner	C0_7 - 
	CMV		1.131
	OUT_CM		946m
	IMP_AN_SIGNAL_GEN:Signal_Generator_tb:1	corner	C0_8 - 
	CMV		934.1m
	OUT_CM		882.4m
	IMP_AN_SIGNAL_GEN:Signal_Generator_tb:1	corner	C0_9 - 
	CMV		952.5m
	OUT_CM		882.5m
	IMP_AN_SIGNAL_GEN:Signal_Generator_tb:1	corner	C0_10 - 
	CMV		934.1m
	OUT_CM		882.4m
	IMP_AN_SIGNAL_GEN:Signal_Generator_tb:1	corner	C0_11 - 
	CMV		952.5m
	OUT_CM		882.5m
	IMP_AN_SIGNAL_GEN:Signal_Generator_tb:1	corner	C0_12 - 
	CMV		1.065
	OUT_CM		931m
	IMP_AN_SIGNAL_GEN:Signal_Generator_tb:1	corner	C0_13 - 
	CMV		1.083
	OUT_CM		931m
	IMP_AN_SIGNAL_GEN:Signal_Generator_tb:1	corner	C0_14 - 
	CMV		1.065
	OUT_CM		931m
	IMP_AN_SIGNAL_GEN:Signal_Generator_tb:1	corner	C0_15 - 
	CMV		1.083
	OUT_CM		931m
	IMP_AN_SIGNAL_GEN:Signal_Generator_tb:1	corner	Nominal - 
	CMV		1.008
	OUT_CM		908.2m
Design parameters: 
	CLOCKWIDTH		15.62
	CMFB_VAC		0
	CPAD		800f
	G0		1.62
	G1		1.62
	G2		1.62
	G3		1.62
	PULSE_CMFB		0
	RL		1k
	STEPNUM		0
	VDD_PULSE		0
	Vsupply		1.62
	G0_PULSE		1.62
	G1_PULSE		1.62
	CE		1
	G2_PULSE		1.62
	G3_PULSE		1.62

Interactive.72
Number of points completed: 3
Number of simulation errors: 0
Interactive.72 completed. 
Current time: Wed Dec  2 11:25:31 2015 
