Starting Single Run, Sweeps and Corners...

Current time: Thu Nov 19 09:47:07 2015 
Best design point: 2
Design specs: 
	IMP_AN_SIGNAL_GEN:Signal_Generator_tb:1	corner	Nominal - 
	CMV		841m
	OUT_CM		977.8m
Design parameters: 
	CLOCKWIDTH		15.62
	CMFB_VAC		0
	CPAD		0
	G0		0
	G1		0
	G2		0
	G3		0
	PULSE_CMFB		0
	RL		1k
	STEPNUM		0
	VDD_PULSE		0
	Vsupply		1.8
	G0_PULSE		1.8
	G1_PULSE		0
	CE		1

Interactive.55
Number of points completed: 3
Number of simulation errors: 0
Interactive.55 completed. 
Current time: Thu Nov 19 09:47:37 2015 
