Starting Single Run, Sweeps and Corners...

Current time: Wed Dec  2 11:21:57 2015 
Best design point: 3
Design specs: 
	IMP_AN_SIGNAL_GEN:Signal_Generator_tb:1	corner	Nominal - 
	CMV		1.008
	OUT_CM		1.05
Design parameters: 
	CLOCKWIDTH		15.62
	CMFB_VAC		0
	CPAD		800f
	G0		1.98
	G1		1.98
	G2		1.98
	G3		1.98
	PULSE_CMFB		0
	RL		1k
	STEPNUM		0
	VDD_PULSE		0
	Vsupply		1.98
	G0_PULSE		1.98
	G1_PULSE		1.98
	CE		1
	G2_PULSE		1.98
	G3_PULSE		1.98

Interactive.71
Number of points completed: 3
Number of simulation errors: 0
Interactive.71 completed. 
Current time: Wed Dec  2 11:22:37 2015 
