Starting Single Run, Sweeps and Corners...

Current time: Tue Dec  1 23:22:37 2015 
Best design point: 1
Design specs: 
	IMP_AN_SIGNAL_GEN:Signal_Generator_tb:1	corner	C0_0 - 
	CMV		734.5m
	OUT_CM		860.7m
	IMP_AN_SIGNAL_GEN:Signal_Generator_tb:1	corner	C0_1 - 
	CMV		736.6m
	OUT_CM		860.7m
	IMP_AN_SIGNAL_GEN:Signal_Generator_tb:1	corner	C0_2 - 
	CMV		734.5m
	OUT_CM		860.7m
	IMP_AN_SIGNAL_GEN:Signal_Generator_tb:1	corner	C0_3 - 
	CMV		736.6m
	OUT_CM		860.7m
	IMP_AN_SIGNAL_GEN:Signal_Generator_tb:1	corner	C0_4 - 
	CMV		952.6m
	OUT_CM		944.1m
	IMP_AN_SIGNAL_GEN:Signal_Generator_tb:1	corner	C0_5 - 
	CMV		954.6m
	OUT_CM		944.1m
	IMP_AN_SIGNAL_GEN:Signal_Generator_tb:1	corner	C0_6 - 
	CMV		952.6m
	OUT_CM		944.1m
	IMP_AN_SIGNAL_GEN:Signal_Generator_tb:1	corner	C0_7 - 
	CMV		954.6m
	OUT_CM		944.1m
	IMP_AN_SIGNAL_GEN:Signal_Generator_tb:1	corner	C0_8 - 
	CMV		778.5m
	OUT_CM		878.7m
	IMP_AN_SIGNAL_GEN:Signal_Generator_tb:1	corner	C0_9 - 
	CMV		780.5m
	OUT_CM		878.7m
	IMP_AN_SIGNAL_GEN:Signal_Generator_tb:1	corner	C0_10 - 
	CMV		778.5m
	OUT_CM		878.7m
	IMP_AN_SIGNAL_GEN:Signal_Generator_tb:1	corner	C0_11 - 
	CMV		780.5m
	OUT_CM		878.7m
	IMP_AN_SIGNAL_GEN:Signal_Generator_tb:1	corner	C0_12 - 
	CMV		905.1m
	OUT_CM		927.9m
	IMP_AN_SIGNAL_GEN:Signal_Generator_tb:1	corner	C0_13 - 
	CMV		907.2m
	OUT_CM		927.9m
	IMP_AN_SIGNAL_GEN:Signal_Generator_tb:1	corner	C0_14 - 
	CMV		905.1m
	OUT_CM		927.9m
	IMP_AN_SIGNAL_GEN:Signal_Generator_tb:1	corner	C0_15 - 
	CMV		907.2m
	OUT_CM		927.9m
	IMP_AN_SIGNAL_GEN:Signal_Generator_tb:1	corner	Nominal - 
	CMV		840.9m
	OUT_CM		904.9m
Design parameters: 
	CLOCKWIDTH		15.62k
	CMFB_VAC		0
	CPAD		800f
	G0		0
	G1		0
	G2		0
	G3		0
	PULSE_CMFB		0
	RL		1k
	STEPNUM		0
	VDD_PULSE		0
	Vsupply		1.62
	G0_PULSE		1.62
	G1_PULSE		1.62
	CE		1
	G2_PULSE		1.62
	G3_PULSE		1.62

Interactive.67
Number of points completed: 3
Number of simulation errors: 0
Interactive.67 completed. 
Current time: Tue Dec  1 23:36:00 2015 
