Starting Single Run, Sweeps and Corners...

Current time: Thu Nov 19 10:03:18 2015 
Best design point: 1
Design specs: 
	IMP_AN_SIGNAL_GEN:Signal_Generator_tb:1	corner	C0_0 - 
	CMV		734.8m
	OUT_CM		929.2m
	IMP_AN_SIGNAL_GEN:Signal_Generator_tb:1	corner	C0_1 - 
	CMV		736.9m
	OUT_CM		929.2m
	IMP_AN_SIGNAL_GEN:Signal_Generator_tb:1	corner	C0_2 - 
	CMV		734.8m
	OUT_CM		929.2m
	IMP_AN_SIGNAL_GEN:Signal_Generator_tb:1	corner	C0_3 - 
	CMV		736.9m
	OUT_CM		929.2m
	IMP_AN_SIGNAL_GEN:Signal_Generator_tb:1	corner	C0_4 - 
	CMV		952.6m
	OUT_CM		1.021
	IMP_AN_SIGNAL_GEN:Signal_Generator_tb:1	corner	C0_5 - 
	CMV		954.6m
	OUT_CM		1.021
	IMP_AN_SIGNAL_GEN:Signal_Generator_tb:1	corner	C0_6 - 
	CMV		952.6m
	OUT_CM		1.021
	IMP_AN_SIGNAL_GEN:Signal_Generator_tb:1	corner	C0_7 - 
	CMV		954.6m
	OUT_CM		1.021
	IMP_AN_SIGNAL_GEN:Signal_Generator_tb:1	corner	C0_8 - 
	CMV		778.5m
	OUT_CM		949.1m
	IMP_AN_SIGNAL_GEN:Signal_Generator_tb:1	corner	C0_9 - 
	CMV		780.5m
	OUT_CM		949.1m
	IMP_AN_SIGNAL_GEN:Signal_Generator_tb:1	corner	C0_10 - 
	CMV		778.5m
	OUT_CM		949.1m
	IMP_AN_SIGNAL_GEN:Signal_Generator_tb:1	corner	C0_11 - 
	CMV		780.5m
	OUT_CM		949.1m
	IMP_AN_SIGNAL_GEN:Signal_Generator_tb:1	corner	C0_12 - 
	CMV		905.2m
	OUT_CM		1.003
	IMP_AN_SIGNAL_GEN:Signal_Generator_tb:1	corner	C0_13 - 
	CMV		907.3m
	OUT_CM		1.003
	IMP_AN_SIGNAL_GEN:Signal_Generator_tb:1	corner	C0_14 - 
	CMV		905.2m
	OUT_CM		1.003
	IMP_AN_SIGNAL_GEN:Signal_Generator_tb:1	corner	C0_15 - 
	CMV		907.3m
	OUT_CM		1.003
	IMP_AN_SIGNAL_GEN:Signal_Generator_tb:1	corner	Nominal - 
	CMV		841m
	OUT_CM		977.8m
Design parameters: 
	CLOCKWIDTH		15.62k
	CMFB_VAC		0
	CPAD		0
	G0		0
	G1		0
	G2		0
	G3		0
	PULSE_CMFB		0
	RL		10k
	STEPNUM		0
	VDD_PULSE		0
	Vsupply		1.8
	G0_PULSE		1.8
	G1_PULSE		1.8
	CE		1

Interactive.57
Number of points completed: 1
Number of simulation errors: 0
Interactive.57 completed. 
Current time: Thu Nov 19 10:24:52 2015 
