Starting Single Run, Sweeps and Corners...

Current time: Wed Dec  2 00:00:31 2015 
Best design point: 1
Design specs: 
	IMP_AN_SIGNAL_GEN:Signal_Generator_tb:1	corner	C0_0 - 
	CMV		1.142
	OUT_CM		866.1m
	IMP_AN_SIGNAL_GEN:Signal_Generator_tb:1	corner	C0_1 - 
	CMV		1.16
	OUT_CM		866.2m
	IMP_AN_SIGNAL_GEN:Signal_Generator_tb:1	corner	C0_2 - 
	CMV		1.142
	OUT_CM		866.1m
	IMP_AN_SIGNAL_GEN:Signal_Generator_tb:1	corner	C0_3 - 
	CMV		1.16
	OUT_CM		866.2m
	IMP_AN_SIGNAL_GEN:Signal_Generator_tb:1	corner	C0_4 - 
	CMV		1.388
	OUT_CM		946.6m
	IMP_AN_SIGNAL_GEN:Signal_Generator_tb:1	corner	C0_5 - 
	CMV		1.401
	OUT_CM		946.7m
	IMP_AN_SIGNAL_GEN:Signal_Generator_tb:1	corner	C0_6 - 
	CMV		1.388
	OUT_CM		946.6m
	IMP_AN_SIGNAL_GEN:Signal_Generator_tb:1	corner	C0_7 - 
	CMV		1.401
	OUT_CM		946.7m
	IMP_AN_SIGNAL_GEN:Signal_Generator_tb:1	corner	C0_8 - 
	CMV		1.199
	OUT_CM		883.1m
	IMP_AN_SIGNAL_GEN:Signal_Generator_tb:1	corner	C0_9 - 
	CMV		1.217
	OUT_CM		883.1m
	IMP_AN_SIGNAL_GEN:Signal_Generator_tb:1	corner	C0_10 - 
	CMV		1.199
	OUT_CM		883.1m
	IMP_AN_SIGNAL_GEN:Signal_Generator_tb:1	corner	C0_11 - 
	CMV		1.217
	OUT_CM		883.1m
	IMP_AN_SIGNAL_GEN:Signal_Generator_tb:1	corner	C0_12 - 
	CMV		1.342
	OUT_CM		931.6m
	IMP_AN_SIGNAL_GEN:Signal_Generator_tb:1	corner	C0_13 - 
	CMV		1.359
	OUT_CM		931.7m
	IMP_AN_SIGNAL_GEN:Signal_Generator_tb:1	corner	C0_14 - 
	CMV		1.342
	OUT_CM		931.6m
	IMP_AN_SIGNAL_GEN:Signal_Generator_tb:1	corner	C0_15 - 
	CMV		1.359
	OUT_CM		931.7m
	IMP_AN_SIGNAL_GEN:Signal_Generator_tb:1	corner	Nominal - 
	CMV		1.276
	OUT_CM		908.9m
Design parameters: 
	CLOCKWIDTH		15.62k
	CMFB_VAC		0
	CPAD		800f
	G0		1.62
	G1		1.62
	G2		1.62
	G3		1.62
	PULSE_CMFB		0
	RL		1k
	STEPNUM		0
	VDD_PULSE		0
	Vsupply		1.62
	G0_PULSE		1.62
	G1_PULSE		1.62
	CE		1
	G2_PULSE		1.62
	G3_PULSE		1.62

Interactive.68
Number of points completed: 3
Number of simulation errors: 0
Interactive.68 completed. 
Current time: Wed Dec  2 00:03:40 2015 
