Starting Single Run, Sweeps and Corners...

Current time: Fri Oct 23 15:38:02 2015 
Best design point: 1
Design specs: 
	IMP_AN_TIA:tia_lpf_lna_tb:1	corner	Nominal - 
	GAINF		Error	No
	PHASE_LNA		Error	No
Design parameters: 
	CEXT		4.7n
	CMFB_AC		0
	CMFB_PULSE		0
	CMFB_VAC		0
	CPAD		0
	DC_IN		0
	G0		1.8
	G1		1.8
	G3		0
	PULSE_CMFB		0
	VAC_CM		0
	VCM_PULSE		0
	VDC_CM		900m
	VDD_PULSE		0
	VIN_AC		1
	VIN_PULSE		0
	Vsupply		1.8
	AMP_IN		1m
	FLO		1k
	IQ_CTRL		1.8
	FREQ		1k

Interactive.25
Number of points completed: 1
Number of simulation errors: 2
Interactive.25 completed. 
Current time: Fri Oct 23 15:38:19 2015 
