Starting Single Run, Sweeps and Corners...

Current time: Sun Oct 18 20:55:19 2015 
Best design point: 1
Design specs: 
	IMP_AN_SIGNAL_GEN_GM:S3_TB:1	corner	Nominal - 
	PHASE_REF		Error	No
	GAIN_AC		Error	No
	PHASE_GAIN_AC		Error	No
Design parameters: 
	CMFB_VAC		0
	DC_IN		0
	G0		1.8
	G1		1.8
	G2		1.8
	G3		1.8
	I_REF		100u
	PULSE_CMFB		0
	RL		100
	VAC_CM		0
	VCM_PULSE		0
	VDC_CM		900m
	VIN_AC		1
	VIN_PULSE		0
	CPAD		3p
	VDD_PULSE		0

Interactive.2
Number of points completed: 1
Number of simulation errors: 3
Interactive.2 completed. 
Current time: Sun Oct 18 20:55:21 2015 
