Starting Single Run, Sweeps and Corners...

Current time: Mon Oct 19 21:42:52 2015 
Best design point: 1
Design specs: 
	IMP_AN_SIGNAL_GEN_GM:S3_TB:1	corner	Nominal - 
	PHASE_REF		Error	No
	GAIN_AC		Error	No
	PHASE_GAIN_AC		Error	No
	GAIN_DC		Error	No
Design parameters: 
	CMFB_VAC		0
	DC_IN		200m
	G0		0
	G1		0
	G2		1.8
	G3		1.8
	I_REF		100u
	PULSE_CMFB		0
	RL		100
	VAC_CM		0
	VCM_PULSE		0
	VDC_CM		1
	VIN_AC		1
	VIN_PULSE		0
	CPAD		3p
	VDD_PULSE		0

Interactive.28
Number of points completed: 1
Number of simulation errors: 4
Interactive.28 completed. 
Current time: Mon Oct 19 21:42:54 2015 
