Starting Single Run, Sweeps and Corners...

Current time: Wed Oct 21 13:00:59 2015 
Best design point: 1
Design specs: 
	IMP_AN_SIGNAL_GEN_GM:S3_TB:1	corner	C0_0 - 
	PHASE_REF		Error	No
	GAIN_AC		Error	No
	PHASE_GAIN_AC		Error	No
	GAIN_DC		184.3f
	IMP_AN_SIGNAL_GEN_GM:S3_TB:1	corner	C0_1 - 
	PHASE_REF		Error	No
	GAIN_AC		Error	No
	PHASE_GAIN_AC		Error	No
	GAIN_DC		416.1f
	IMP_AN_SIGNAL_GEN_GM:S3_TB:1	corner	C0_2 - 
	PHASE_REF		Error	No
	GAIN_AC		Error	No
	PHASE_GAIN_AC		Error	No
	GAIN_DC		1.282p
	IMP_AN_SIGNAL_GEN_GM:S3_TB:1	corner	C0_3 - 
	PHASE_REF		Error	No
	GAIN_AC		Error	No
	PHASE_GAIN_AC		Error	No
	GAIN_DC		141.7f
	IMP_AN_SIGNAL_GEN_GM:S3_TB:1	corner	C0_4 - 
	PHASE_REF		Error	No
	GAIN_AC		Error	No
	PHASE_GAIN_AC		Error	No
	GAIN_DC		228.3f
	IMP_AN_SIGNAL_GEN_GM:S3_TB:1	corner	C0_5 - 
	PHASE_REF		Error	No
	GAIN_AC		Error	No
	PHASE_GAIN_AC		Error	No
	GAIN_DC		153.7f
	IMP_AN_SIGNAL_GEN_GM:S3_TB:1	corner	C0_6 - 
	PHASE_REF		Error	No
	GAIN_AC		Error	No
	PHASE_GAIN_AC		Error	No
	GAIN_DC		228f
	IMP_AN_SIGNAL_GEN_GM:S3_TB:1	corner	C0_7 - 
	PHASE_REF		Error	No
	GAIN_AC		Error	No
	PHASE_GAIN_AC		Error	No
	GAIN_DC		-143.9f
	IMP_AN_SIGNAL_GEN_GM:S3_TB:1	corner	C0_8 - 
	PHASE_REF		Error	No
	GAIN_AC		Error	No
	PHASE_GAIN_AC		Error	No
	GAIN_DC		-52.4f
	IMP_AN_SIGNAL_GEN_GM:S3_TB:1	corner	C0_9 - 
	PHASE_REF		Error	No
	GAIN_AC		Error	No
	PHASE_GAIN_AC		Error	No
	GAIN_DC		-135.2f
	IMP_AN_SIGNAL_GEN_GM:S3_TB:1	corner	C0_10 - 
	PHASE_REF		Error	No
	GAIN_AC		Error	No
	PHASE_GAIN_AC		Error	No
	GAIN_DC		-612f
	IMP_AN_SIGNAL_GEN_GM:S3_TB:1	corner	C0_11 - 
	PHASE_REF		Error	No
	GAIN_AC		Error	No
	PHASE_GAIN_AC		Error	No
	GAIN_DC		-415f
	IMP_AN_SIGNAL_GEN_GM:S3_TB:1	corner	C0_12 - 
	PHASE_REF		Error	No
	GAIN_AC		Error	No
	PHASE_GAIN_AC		Error	No
	GAIN_DC		-56.62f
	IMP_AN_SIGNAL_GEN_GM:S3_TB:1	corner	C0_13 - 
	PHASE_REF		Error	No
	GAIN_AC		Error	No
	PHASE_GAIN_AC		Error	No
	GAIN_DC		-140.8f
	IMP_AN_SIGNAL_GEN_GM:S3_TB:1	corner	C0_14 - 
	PHASE_REF		Error	No
	GAIN_AC		Error	No
	PHASE_GAIN_AC		Error	No
	GAIN_DC		-639.9f
	IMP_AN_SIGNAL_GEN_GM:S3_TB:1	corner	C0_15 - 
	PHASE_REF		Error	No
	GAIN_AC		Error	No
	PHASE_GAIN_AC		Error	No
	GAIN_DC		-432.5f
	IMP_AN_SIGNAL_GEN_GM:S3_TB:1	corner	Nominal - 
	PHASE_REF		Error	No
	GAIN_AC		Error	No
	PHASE_GAIN_AC		Error	No
	GAIN_DC		11.55f
Design parameters: 
	CMFB_VAC		0
	DC_IN		0
	G0		1.8
	G1		1.8
	G2		1.8
	G3		1.8
	I_REF		100u
	PULSE_CMFB		0
	RL		1.2k
	VAC_CM		0
	VCM_PULSE		0
	VDC_CM		1
	VIN_AC		1
	VIN_PULSE		10m
	CPAD		0
	VDD_PULSE		0

Interactive.177
Number of points completed: 1
Number of simulation errors: 51
Interactive.177 completed. 
Current time: Wed Oct 21 13:01:18 2015 
