Starting Single Run, Sweeps and Corners...

Current time: Wed Oct 21 15:47:49 2015 
Best design point: 1
Design specs: 
	IMP_AN_SIGNAL_GEN_GM:S3_TB:1	corner	Nominal - 
	PHASE_REF		Error	No
	GAIN_AC		Error	No
	PHASE_GAIN_AC		Error	No
	GAIN_DC		Error	No
	CM_GAIN		Error	No
	GAIN_ac_db		Error	No
Design parameters: 
	CMFB_VAC		1
	DC_IN		0
	G0		0
	G1		0
	G2		1.8
	G3		1.8
	I_REF		100u
	PULSE_CMFB		0
	RL		1.2k
	VAC_CM		0
	VCM_PULSE		0
	VDC_CM		1
	VIN_AC		0
	VIN_PULSE		0
	CPAD		0
	VDD_PULSE		10m

Interactive.178
Number of points completed: 1
Number of simulation errors: 6
Interactive.178 completed. 
Current time: Wed Oct 21 15:48:00 2015 
