Starting Single Run, Sweeps and Corners...

Current time: Fri Jul 31 16:51:01 2015 
Best design point: 1
Design specs: 
	IMP_POW_BANDGAP:bandgap_tb:1	corner	corner_0 - 
	VDC("/VREF")		Error	No
	IMP_POW_BANDGAP:bandgap_tb:1	corner	corner_1 - 
	VDC("/VREF")		Error	No
	IMP_POW_BANDGAP:bandgap_tb:1	corner	corner_2 - 
	VDC("/VREF")		Error	No
	IMP_POW_BANDGAP:bandgap_tb:1	corner	corner_3 - 
	VDC("/VREF")		Error	No
	IMP_POW_BANDGAP:bandgap_tb:1	corner	corner_4 - 
	VDC("/VREF")		Error	No
	IMP_POW_BANDGAP:bandgap_tb:1	corner	corner_5 - 
	VDC("/VREF")		Error	No
	IMP_POW_BANDGAP:bandgap_tb:1	corner	corner_6 - 
	VDC("/VREF")		Error	No
	IMP_POW_BANDGAP:bandgap_tb:1	corner	corner_7 - 
	VDC("/VREF")		Error	No
	IMP_POW_BANDGAP:bandgap_tb:1	corner	corner_8 - 
	VDC("/VREF")		Error	No
	IMP_POW_BANDGAP:bandgap_tb:1	corner	corner_9 - 
	VDC("/VREF")		Error	No
	IMP_POW_BANDGAP:bandgap_tb:1	corner	corner_10 - 
	VDC("/VREF")		Error	No
	IMP_POW_BANDGAP:bandgap_tb:1	corner	corner_11 - 
	VDC("/VREF")		Error	No
	IMP_POW_BANDGAP:bandgap_tb:1	corner	corner_12 - 
	VDC("/VREF")		Error	No
	IMP_POW_BANDGAP:bandgap_tb:1	corner	corner_13 - 
	VDC("/VREF")		Error	No
	IMP_POW_BANDGAP:bandgap_tb:1	corner	corner_14 - 
	VDC("/VREF")		Error	No
	IMP_POW_BANDGAP:bandgap_tb:1	corner	corner_15 - 
	VDC("/VREF")		Error	No
	IMP_POW_BANDGAP:bandgap_tb:1	corner	corner_16 - 
	VDC("/VREF")		Error	No
	IMP_POW_BANDGAP:bandgap_tb:1	corner	corner_17 - 
	VDC("/VREF")		Error	No
	IMP_POW_BANDGAP:bandgap_tb:1	corner	corner_18 - 
	VDC("/VREF")		Error	No
	IMP_POW_BANDGAP:bandgap_tb:1	corner	corner_19 - 
	VDC("/VREF")		Error	No
	IMP_POW_BANDGAP:bandgap_tb:1	corner	corner_20 - 
	VDC("/VREF")		Error	No
	IMP_POW_BANDGAP:bandgap_tb:1	corner	corner_21 - 
	VDC("/VREF")		Error	No
	IMP_POW_BANDGAP:bandgap_tb:1	corner	corner_22 - 
	VDC("/VREF")		Error	No
	IMP_POW_BANDGAP:bandgap_tb:1	corner	corner_23 - 
	VDC("/VREF")		Error	No
	IMP_POW_BANDGAP:bandgap_tb:1	corner	corner_24 - 
	VDC("/VREF")		Error	No
	IMP_POW_BANDGAP:bandgap_tb:1	corner	corner_25 - 
	VDC("/VREF")		Error	No
	IMP_POW_BANDGAP:bandgap_tb:1	corner	corner_26 - 
	VDC("/VREF")		Error	No
	IMP_POW_BANDGAP:bandgap_tb:1	corner	corner_27 - 
	VDC("/VREF")		Error	No
	IMP_POW_BANDGAP:bandgap_tb:1	corner	corner_28 - 
	VDC("/VREF")		Error	No
	IMP_POW_BANDGAP:bandgap_tb:1	corner	corner_29 - 
	VDC("/VREF")		Error	No
	IMP_POW_BANDGAP:bandgap_tb:1	corner	corner_30 - 
	VDC("/VREF")		Error	No
	IMP_POW_BANDGAP:bandgap_tb:1	corner	corner_31 - 
	VDC("/VREF")		Error	No
	IMP_POW_BANDGAP:bandgap_tb:1	corner	Nominal - 
	VDC("/VREF")		Error	No
Design parameters: 
	VD_PULSE		10m
	Vsupply		1.8
	VIN_AC		0
	IBIAS		100n
	VD_AC		1
	R1		250k
	R3		30k
	CL		100f
	RL		100M
	IBIAS_STEP		0
	VD_RISE		1p

Interactive.16
Number of points completed: 1
Number of simulation errors: 33
Interactive.16 completed. 
Current time: Fri Jul 31 16:52:49 2015 
