Starting Single Run, Sweeps and Corners...

Current time: Wed Jul 22 17:35:24 2015 
Best design point: 1
Design specs: 
	IMP_POW_BANDGAP:bandgap_tb:1	corner	corner_0 - 
	IMP_POW_BANDGAP:bandgap_tb:1	corner	corner_1 - 
	IMP_POW_BANDGAP:bandgap_tb:1	corner	corner_2 - 
	IMP_POW_BANDGAP:bandgap_tb:1	corner	corner_3 - 
	IMP_POW_BANDGAP:bandgap_tb:1	corner	corner_4 - 
	IMP_POW_BANDGAP:bandgap_tb:1	corner	corner_5 - 
	IMP_POW_BANDGAP:bandgap_tb:1	corner	corner_6 - 
	IMP_POW_BANDGAP:bandgap_tb:1	corner	corner_7 - 
	IMP_POW_BANDGAP:bandgap_tb:1	corner	corner_8 - 
	IMP_POW_BANDGAP:bandgap_tb:1	corner	corner_9 - 
	IMP_POW_BANDGAP:bandgap_tb:1	corner	corner_10 - 
	IMP_POW_BANDGAP:bandgap_tb:1	corner	corner_11 - 
	IMP_POW_BANDGAP:bandgap_tb:1	corner	corner_12 - 
	IMP_POW_BANDGAP:bandgap_tb:1	corner	corner_13 - 
	IMP_POW_BANDGAP:bandgap_tb:1	corner	corner_14 - 
	IMP_POW_BANDGAP:bandgap_tb:1	corner	corner_15 - 
	IMP_POW_BANDGAP:bandgap_tb:1	corner	corner_16 - 
	IMP_POW_BANDGAP:bandgap_tb:1	corner	corner_17 - 
	IMP_POW_BANDGAP:bandgap_tb:1	corner	corner_18 - 
	IMP_POW_BANDGAP:bandgap_tb:1	corner	corner_19 - 
	IMP_POW_BANDGAP:bandgap_tb:1	corner	corner_20 - 
	IMP_POW_BANDGAP:bandgap_tb:1	corner	corner_21 - 
	IMP_POW_BANDGAP:bandgap_tb:1	corner	corner_22 - 
	IMP_POW_BANDGAP:bandgap_tb:1	corner	corner_23 - 
	IMP_POW_BANDGAP:bandgap_tb:1	corner	corner_24 - 
	IMP_POW_BANDGAP:bandgap_tb:1	corner	corner_25 - 
	IMP_POW_BANDGAP:bandgap_tb:1	corner	corner_26 - 
	IMP_POW_BANDGAP:bandgap_tb:1	corner	corner_27 - 
	IMP_POW_BANDGAP:bandgap_tb:1	corner	corner_28 - 
	IMP_POW_BANDGAP:bandgap_tb:1	corner	corner_29 - 
	IMP_POW_BANDGAP:bandgap_tb:1	corner	corner_30 - 
	IMP_POW_BANDGAP:bandgap_tb:1	corner	corner_31 - 
	IMP_POW_BANDGAP:bandgap_tb:1	corner	Nominal - 
Design parameters: 
	VD_PULSE		0
	Vsupply		1.8
	VIN_AC		1
	IBIAS		100n
	VD_AC		0
	R1		250k
	R3		30k
	CL		100f
	RL		100M

Interactive.4
Number of points completed: 1
Number of simulation errors: 0
Interactive.4 completed. 
Current time: Wed Jul 22 17:38:20 2015 
