Starting Single Run, Sweeps and Corners...

Current time: Wed Dec  2 09:44:20 2015 
Best design point: 1
Design specs: 
	IMP_AN_SIGNAL_GEN:Signal_Generator_tb_spectre:1	corner	C0_4 - 
	(VT("/I0/VP") - VT("/I0/VN"))		Error	No
	(VT("/VOUT_P") - VT("/VOUT_N"))		Error	No
	CM_DAC		1.213
	IMP_AN_SIGNAL_GEN:Signal_Generator_tb_spectre:1	corner	Nominal - 
	(VT("/I0/VP") - VT("/I0/VN"))		Error	No
	(VT("/VOUT_P") - VT("/VOUT_N"))		Error	No
	CM_DAC		1.104
Design parameters: 
	CPAD		800f
	FREQ		32k
	G0		1.62
	G0_PULSE		1.62
	G1		1.62
	G1_PULSE		1.62
	G2		1.62
	G2_PULSE		1.62
	G3		1.62
	G3_PULSE		1.62
	RL		1k
	VDD_PULSE		0
	Vsupply		1.62

Interactive.11
Number of points completed: 3
Number of simulation errors: 12
Interactive.11 completed. 
Current time: Wed Dec  2 09:44:29 2015 
