Starting Single Run, Sweeps and Corners...

Current time: Wed Dec  2 10:01:49 2015 
Best design point: 1
Design specs: 
	IMP_AN_SIGNAL_GEN:Signal_Generator_tb_spectre:1	corner	C0_0 - 
	(VT("/I0/VP") - VT("/I0/VN"))		Error	No
	(VT("/VOUT_P") - VT("/VOUT_N"))		Error	No
	CM_DAC		644.6m
	IMP_AN_SIGNAL_GEN:Signal_Generator_tb_spectre:1	corner	C0_1 - 
	(VT("/I0/VP") - VT("/I0/VN"))		Error	No
	(VT("/VOUT_P") - VT("/VOUT_N"))		Error	No
	CM_DAC		646.7m
	IMP_AN_SIGNAL_GEN:Signal_Generator_tb_spectre:1	corner	C0_2 - 
	(VT("/I0/VP") - VT("/I0/VN"))		Error	No
	(VT("/VOUT_P") - VT("/VOUT_N"))		Error	No
	CM_DAC		644.6m
	IMP_AN_SIGNAL_GEN:Signal_Generator_tb_spectre:1	corner	C0_3 - 
	(VT("/I0/VP") - VT("/I0/VN"))		Error	No
	(VT("/VOUT_P") - VT("/VOUT_N"))		Error	No
	CM_DAC		646.7m
	IMP_AN_SIGNAL_GEN:Signal_Generator_tb_spectre:1	corner	C0_4 - 
	(VT("/I0/VP") - VT("/I0/VN"))		Error	No
	(VT("/VOUT_P") - VT("/VOUT_N"))		Error	No
	CM_DAC		861.1m
	IMP_AN_SIGNAL_GEN:Signal_Generator_tb_spectre:1	corner	C0_5 - 
	(VT("/I0/VP") - VT("/I0/VN"))		Error	No
	(VT("/VOUT_P") - VT("/VOUT_N"))		Error	No
	CM_DAC		863.1m
	IMP_AN_SIGNAL_GEN:Signal_Generator_tb_spectre:1	corner	C0_6 - 
	(VT("/I0/VP") - VT("/I0/VN"))		Error	No
	(VT("/VOUT_P") - VT("/VOUT_N"))		Error	No
	CM_DAC		861.1m
	IMP_AN_SIGNAL_GEN:Signal_Generator_tb_spectre:1	corner	C0_7 - 
	(VT("/I0/VP") - VT("/I0/VN"))		Error	No
	(VT("/VOUT_P") - VT("/VOUT_N"))		Error	No
	CM_DAC		863.1m
	IMP_AN_SIGNAL_GEN:Signal_Generator_tb_spectre:1	corner	C0_8 - 
	(VT("/I0/VP") - VT("/I0/VN"))		Error	No
	(VT("/VOUT_P") - VT("/VOUT_N"))		Error	No
	CM_DAC		688.4m
	IMP_AN_SIGNAL_GEN:Signal_Generator_tb_spectre:1	corner	C0_9 - 
	(VT("/I0/VP") - VT("/I0/VN"))		Error	No
	(VT("/VOUT_P") - VT("/VOUT_N"))		Error	No
	CM_DAC		690.4m
	IMP_AN_SIGNAL_GEN:Signal_Generator_tb_spectre:1	corner	C0_10 - 
	(VT("/I0/VP") - VT("/I0/VN"))		Error	No
	(VT("/VOUT_P") - VT("/VOUT_N"))		Error	No
	CM_DAC		688.4m
	IMP_AN_SIGNAL_GEN:Signal_Generator_tb_spectre:1	corner	C0_11 - 
	(VT("/I0/VP") - VT("/I0/VN"))		Error	No
	(VT("/VOUT_P") - VT("/VOUT_N"))		Error	No
	CM_DAC		690.4m
	IMP_AN_SIGNAL_GEN:Signal_Generator_tb_spectre:1	corner	C0_12 - 
	(VT("/I0/VP") - VT("/I0/VN"))		Error	No
	(VT("/VOUT_P") - VT("/VOUT_N"))		Error	No
	CM_DAC		816.1m
	IMP_AN_SIGNAL_GEN:Signal_Generator_tb_spectre:1	corner	C0_13 - 
	(VT("/I0/VP") - VT("/I0/VN"))		Error	No
	(VT("/VOUT_P") - VT("/VOUT_N"))		Error	No
	CM_DAC		818.2m
	IMP_AN_SIGNAL_GEN:Signal_Generator_tb_spectre:1	corner	C0_14 - 
	(VT("/I0/VP") - VT("/I0/VN"))		Error	No
	(VT("/VOUT_P") - VT("/VOUT_N"))		Error	No
	CM_DAC		816.1m
	IMP_AN_SIGNAL_GEN:Signal_Generator_tb_spectre:1	corner	C0_15 - 
	(VT("/I0/VP") - VT("/I0/VN"))		Error	No
	(VT("/VOUT_P") - VT("/VOUT_N"))		Error	No
	CM_DAC		818.2m
	IMP_AN_SIGNAL_GEN:Signal_Generator_tb_spectre:1	corner	Nominal - 
	(VT("/I0/VP") - VT("/I0/VN"))		Error	No
	(VT("/VOUT_P") - VT("/VOUT_N"))		Error	No
	CM_DAC		752.8m
Design parameters: 
	CPAD		800f
	FREQ		32k
	G0		0
	G0_PULSE		1.62
	G1		0
	G1_PULSE		1.62
	G2		0
	G2_PULSE		1.62
	G3		0
	G3_PULSE		1.62
	RL		1k
	VDD_PULSE		0
	Vsupply		1.62

Interactive.16
Number of points completed: 3
Number of simulation errors: 102
Interactive.16 completed. 
Current time: Wed Dec  2 10:02:12 2015 
