Starting Single Run, Sweeps and Corners...

Current time: Wed Dec  2 09:49:04 2015 
Best design point: 1
Design specs: 
	IMP_AN_SIGNAL_GEN:Signal_Generator_tb_spectre:1	corner	C0_0 - 
	CM_DAC		910.9m
	IMP_AN_SIGNAL_GEN:Signal_Generator_tb_spectre:1	corner	C0_1 - 
	CM_DAC		929.3m
	IMP_AN_SIGNAL_GEN:Signal_Generator_tb_spectre:1	corner	C0_2 - 
	CM_DAC		910.9m
	IMP_AN_SIGNAL_GEN:Signal_Generator_tb_spectre:1	corner	C0_3 - 
	CM_DAC		929.3m
	IMP_AN_SIGNAL_GEN:Signal_Generator_tb_spectre:1	corner	C0_4 - 
	CM_DAC		1.141
	IMP_AN_SIGNAL_GEN:Signal_Generator_tb_spectre:1	corner	C0_5 - 
	CM_DAC		1.159
	IMP_AN_SIGNAL_GEN:Signal_Generator_tb_spectre:1	corner	C0_6 - 
	CM_DAC		1.141
	IMP_AN_SIGNAL_GEN:Signal_Generator_tb_spectre:1	corner	C0_7 - 
	CM_DAC		1.159
	IMP_AN_SIGNAL_GEN:Signal_Generator_tb_spectre:1	corner	C0_8 - 
	CM_DAC		960.5m
	IMP_AN_SIGNAL_GEN:Signal_Generator_tb_spectre:1	corner	C0_9 - 
	CM_DAC		978.9m
	IMP_AN_SIGNAL_GEN:Signal_Generator_tb_spectre:1	corner	C0_10 - 
	CM_DAC		960.5m
	IMP_AN_SIGNAL_GEN:Signal_Generator_tb_spectre:1	corner	C0_11 - 
	CM_DAC		978.9m
	IMP_AN_SIGNAL_GEN:Signal_Generator_tb_spectre:1	corner	C0_12 - 
	CM_DAC		1.091
	IMP_AN_SIGNAL_GEN:Signal_Generator_tb_spectre:1	corner	C0_13 - 
	CM_DAC		1.11
	IMP_AN_SIGNAL_GEN:Signal_Generator_tb_spectre:1	corner	C0_14 - 
	CM_DAC		1.091
	IMP_AN_SIGNAL_GEN:Signal_Generator_tb_spectre:1	corner	C0_15 - 
	CM_DAC		1.11
	IMP_AN_SIGNAL_GEN:Signal_Generator_tb_spectre:1	corner	Nominal - 
	CM_DAC		1.034
Design parameters: 
	CPAD		800f
	FREQ		32k
	G0		1.62
	G0_PULSE		1.62
	G1		1.62
	G1_PULSE		1.62
	G2		1.62
	G2_PULSE		1.62
	G3		1.62
	G3_PULSE		1.62
	RL		1k
	VDD_PULSE		0
	Vsupply		1.62

Interactive.14
Number of points completed: 3
Number of simulation errors: 0
Interactive.14 completed. 
Current time: Wed Dec  2 09:58:48 2015 
