Starting Single Run, Sweeps and Corners...

Current time: Tue Jun 14 13:28:46 2016 
Best design point: 1
Design specs: 
	IMP_AN_SIGNAL_GEN:Signal_Generator_no_DAC_tb:1:1	corner	Nominal - 
	(VDC("/VOUTP") - VDC("/VOUTN"))		Error	No
	phaseDeg(IF("/R0/PLUS"))		Error	No
Design parameters: 
	CPAD		2p
	DC_IN		0
	G0		1.8
	G1		1.8
	G2		0
	G3		0
	R_DUT		1k
	VAC_CM		0
	VCM_PULSE		0
	VDC_CM		900m
	VDD_PULSE		10m
	VIN_AC		1
	VIN_PULSE		0
	Vsupply		1.8

Interactive.65
Number of points completed: 1
Number of simulation errors: 2
Interactive.65 completed. 
Current time: Tue Jun 14 13:29:09 2016 
