Starting Single Run, Sweeps and Corners...

Current time: Sun Jun 12 22:39:31 2016 
Best design point: 1
Design specs: 
	IMP_AN_SIGNAL_GEN:Signal_Generator_no_DAC_tb:1	corner	Nominal - 
	(VDC("/VOUTP") - VDC("/VOUTN"))		-60.43p
Design parameters: 
	CPAD		1p
	DC_IN		0
	G0		1.8
	G1		1.8
	G2		0
	G3		0
	R_DUT		100k
	VAC_CM		0
	VCM_PULSE		0
	VDC_CM		900m
	VDD_PULSE		0
	VIN_AC		1
	VIN_PULSE		0
	Vsupply		1.8

Interactive.47
Number of points completed: 1
Number of simulation errors: 0
Interactive.47 completed. 
Current time: Sun Jun 12 22:39:39 2016 
