Starting Single Run, Sweeps and Corners...

Current time: Tue Jun  7 22:48:47 2016 
Best design point: 1
Design specs: 
	IMP_AN_SIGNAL_GEN:Signal_Generator_no_DAC_tb:2	corner	Nominal - 
Design parameters: 
	DC_IN		0
	G0		1.8
	G1		1.8
	G2		0
	G3		0
	VAC_CM		0
	VCM_PULSE		0
	VDC_CM		900m
	VIN_AC		1
	VIN_PULSE		0
	R_DUT		100k
	CPAD		1p
	CC		250f
	CMCC		70p
	CMRES		20k
	VCMFB_PULSE		0
	VDD_PULSE		1.8
	Vsupply		0

Interactive.12
Number of points completed: 1
Number of simulation errors: 0
Interactive.12 completed. 
Current time: Tue Jun  7 22:48:51 2016 
