Starting Single Run, Sweeps and Corners...

Current time: Tue Jun  7 23:01:10 2016 
Best design point: 1
Design specs: 
	IMP_AN_SIGNAL_GEN:Signal_Generator_no_DAC_tb:1	corner	C0_0 - 
	OFFSET		-222a
	(VT("/VOUTP") - VT("/VOUTN"))		Error	No
	phaseDeg(IF("/R0/PLUS"))		Error	No
	Phase Margin		Error	No
	Loop Gain Phase		Error	No
	Loop Gain dB20		Error	No
	IMP_AN_SIGNAL_GEN:Signal_Generator_no_DAC_tb:1	corner	C0_1 - 
	OFFSET		0
	(VT("/VOUTP") - VT("/VOUTN"))		Error	No
	phaseDeg(IF("/R0/PLUS"))		Error	No
	Phase Margin		Error	No
	Loop Gain Phase		Error	No
	Loop Gain dB20		Error	No
	IMP_AN_SIGNAL_GEN:Signal_Generator_no_DAC_tb:1	corner	C0_2 - 
	OFFSET		-222a
	(VT("/VOUTP") - VT("/VOUTN"))		Error	No
	phaseDeg(IF("/R0/PLUS"))		Error	No
	Phase Margin		Error	No
	Loop Gain Phase		Error	No
	Loop Gain dB20		Error	No
	IMP_AN_SIGNAL_GEN:Signal_Generator_no_DAC_tb:1	corner	C0_3 - 
	OFFSET		0
	(VT("/VOUTP") - VT("/VOUTN"))		Error	No
	phaseDeg(IF("/R0/PLUS"))		Error	No
	Phase Margin		Error	No
	Loop Gain Phase		Error	No
	Loop Gain dB20		Error	No
	IMP_AN_SIGNAL_GEN:Signal_Generator_no_DAC_tb:1	corner	C0_4 - 
	OFFSET		0
	(VT("/VOUTP") - VT("/VOUTN"))		Error	No
	phaseDeg(IF("/R0/PLUS"))		Error	No
	Phase Margin		Error	No
	Loop Gain Phase		Error	No
	Loop Gain dB20		Error	No
	IMP_AN_SIGNAL_GEN:Signal_Generator_no_DAC_tb:1	corner	C0_5 - 
	OFFSET		0
	(VT("/VOUTP") - VT("/VOUTN"))		Error	No
	phaseDeg(IF("/R0/PLUS"))		Error	No
	Phase Margin		Error	No
	Loop Gain Phase		Error	No
	Loop Gain dB20		Error	No
	IMP_AN_SIGNAL_GEN:Signal_Generator_no_DAC_tb:1	corner	C0_6 - 
	OFFSET		0
	(VT("/VOUTP") - VT("/VOUTN"))		Error	No
	phaseDeg(IF("/R0/PLUS"))		Error	No
	Phase Margin		Error	No
	Loop Gain Phase		Error	No
	Loop Gain dB20		Error	No
	IMP_AN_SIGNAL_GEN:Signal_Generator_no_DAC_tb:1	corner	C0_7 - 
	OFFSET		0
	(VT("/VOUTP") - VT("/VOUTN"))		Error	No
	phaseDeg(IF("/R0/PLUS"))		Error	No
	Phase Margin		Error	No
	Loop Gain Phase		Error	No
	Loop Gain dB20		Error	No
	IMP_AN_SIGNAL_GEN:Signal_Generator_no_DAC_tb:1	corner	C0_8 - 
	OFFSET		-999.2a
	(VT("/VOUTP") - VT("/VOUTN"))		Error	No
	phaseDeg(IF("/R0/PLUS"))		Error	No
	Phase Margin		Error	No
	Loop Gain Phase		Error	No
	Loop Gain dB20		Error	No
	IMP_AN_SIGNAL_GEN:Signal_Generator_no_DAC_tb:1	corner	C0_9 - 
	OFFSET		-999.2a
	(VT("/VOUTP") - VT("/VOUTN"))		Error	No
	phaseDeg(IF("/R0/PLUS"))		Error	No
	Phase Margin		Error	No
	Loop Gain Phase		Error	No
	Loop Gain dB20		Error	No
	IMP_AN_SIGNAL_GEN:Signal_Generator_no_DAC_tb:1	corner	C0_10 - 
	OFFSET		-999.2a
	(VT("/VOUTP") - VT("/VOUTN"))		Error	No
	phaseDeg(IF("/R0/PLUS"))		Error	No
	Phase Margin		Error	No
	Loop Gain Phase		Error	No
	Loop Gain dB20		Error	No
	IMP_AN_SIGNAL_GEN:Signal_Generator_no_DAC_tb:1	corner	C0_11 - 
	OFFSET		-999.2a
	(VT("/VOUTP") - VT("/VOUTN"))		Error	No
	phaseDeg(IF("/R0/PLUS"))		Error	No
	Phase Margin		Error	No
	Loop Gain Phase		Error	No
	Loop Gain dB20		Error	No
	IMP_AN_SIGNAL_GEN:Signal_Generator_no_DAC_tb:1	corner	C0_12 - 
	OFFSET		-888.2a
	(VT("/VOUTP") - VT("/VOUTN"))		Error	No
	phaseDeg(IF("/R0/PLUS"))		Error	No
	Phase Margin		Error	No
	Loop Gain Phase		Error	No
	Loop Gain dB20		Error	No
	IMP_AN_SIGNAL_GEN:Signal_Generator_no_DAC_tb:1	corner	C0_13 - 
	OFFSET		-1.11f
	(VT("/VOUTP") - VT("/VOUTN"))		Error	No
	phaseDeg(IF("/R0/PLUS"))		Error	No
	Phase Margin		Error	No
	Loop Gain Phase		Error	No
	Loop Gain dB20		Error	No
	IMP_AN_SIGNAL_GEN:Signal_Generator_no_DAC_tb:1	corner	C0_14 - 
	OFFSET		-1.11f
	(VT("/VOUTP") - VT("/VOUTN"))		Error	No
	phaseDeg(IF("/R0/PLUS"))		Error	No
	Phase Margin		Error	No
	Loop Gain Phase		Error	No
	Loop Gain dB20		Error	No
	IMP_AN_SIGNAL_GEN:Signal_Generator_no_DAC_tb:1	corner	C0_15 - 
	OFFSET		-888.2a
	(VT("/VOUTP") - VT("/VOUTN"))		Error	No
	phaseDeg(IF("/R0/PLUS"))		Error	No
	Phase Margin		Error	No
	Loop Gain Phase		Error	No
	Loop Gain dB20		Error	No
	IMP_AN_SIGNAL_GEN:Signal_Generator_no_DAC_tb:1	corner	Nominal - 
	OFFSET		-1.11f
	(VT("/VOUTP") - VT("/VOUTN"))		Error	No
	phaseDeg(IF("/R0/PLUS"))		Error	No
	Phase Margin		Error	No
	Loop Gain Phase		Error	No
	Loop Gain dB20		Error	No
Design parameters: 
	DC_IN		0
	G0		1.8
	G1		1.8
	G2		0
	G3		0
	VAC_CM		0
	VCM_PULSE		0
	VDC_CM		900m
	VIN_AC		1
	VIN_PULSE		0
	R_DUT		10
	CPAD		2p
	CC		250f
	CMCC		70p
	CMRES		20k
	VCMFB_PULSE		0
	VDD_PULSE		0
	Vsupply		1.8

Interactive.16
Number of points completed: 1
Number of simulation errors: 85
Interactive.16 completed. 
Current time: Tue Jun  7 23:01:39 2016 
