Starting Single Run, Sweeps and Corners...

Current time: Tue Jun  7 23:00:36 2016 
Best design point: 1
Design specs: 
	IMP_AN_SIGNAL_GEN:Signal_Generator_no_DAC_tb:1	corner	Nominal - 
	OFFSET		-9.74p
	(VT("/VOUTP") - VT("/VOUTN"))		Error	No
	phaseDeg(IF("/R0/PLUS"))		Error	No
	Phase Margin		Error	No
	Loop Gain Phase		Error	No
	Loop Gain dB20		Error	No
Design parameters: 
	DC_IN		0
	G0		1.8
	G1		1.8
	G2		0
	G3		0
	VAC_CM		0
	VCM_PULSE		0
	VDC_CM		900m
	VIN_AC		1
	VIN_PULSE		0
	R_DUT		100k
	CPAD		2p
	CC		250f
	CMCC		70p
	CMRES		20k
	VCMFB_PULSE		0
	VDD_PULSE		0
	Vsupply		1.8

Interactive.14
Number of points completed: 1
Number of simulation errors: 5
Interactive.14 completed. 
Current time: Tue Jun  7 23:00:42 2016 
