Starting Single Run, Sweeps and Corners...

Current time: Thu Jun  2 17:10:26 2016 
Best design point: 1
Design specs: 
	IMP_AN_SIGNAL_GEN:Signal_Generator_no_DAC_tb:2	corner	Nominal - 
Design parameters: 
	DC_IN		0
	G0		0
	G1		0
	G2		0
	G3		0
	VAC_CM		0
	VCM_PULSE		0
	VDC_CM		900m
	VIN_AC		1
	VIN_PULSE		10m
	R_DUT		1k
	CPAD		1p
	CC		0
	CMCC		70p
	CMRES		20k
	VCMFB_PULSE		0
	VDD_PULSE		0

Interactive.121
Number of points completed: 1
Number of simulation errors: 0
Interactive.121 completed. 
Current time: Thu Jun  2 17:10:38 2016 
