Starting Single Run, Sweeps and Corners...

Current time: Thu Jun  9 14:55:55 2016 
Best design point: 1
Design specs: 
	IMP_AN_SIGNAL_GEN:Signal_Generator_no_DAC_tb:2	corner	Nominal - 
	(VT("/VOUTP") - VT("/VOUTN"))		Error	No
Design parameters: 
	DC_IN		0
	G0		0
	G1		0
	G2		0
	G3		0
	VAC_CM		0
	VCM_PULSE		0
	VDC_CM		900m
	VIN_AC		1
	VIN_PULSE		10m
	R_DUT		10k
	CPAD		1p
	CC		250f
	CMCC		70p
	CMRES		20k
	VCMFB_PULSE		0
	VDD_PULSE		0
	Vsupply		1.8

Interactive.40
Number of points completed: 1
Number of simulation errors: 1
Interactive.40 completed. 
Current time: Thu Jun  9 14:56:00 2016 
