Starting Single Run, Sweeps and Corners...

Current time: Tue Jun  7 22:42:49 2016 
Best design point: 1
Design specs: 
	IMP_AN_SIGNAL_GEN:Signal_Generator_no_DAC_tb:2	corner	C0_0 - 
	IMP_AN_SIGNAL_GEN:Signal_Generator_no_DAC_tb:2	corner	C0_1 - 
	IMP_AN_SIGNAL_GEN:Signal_Generator_no_DAC_tb:2	corner	C0_2 - 
	IMP_AN_SIGNAL_GEN:Signal_Generator_no_DAC_tb:2	corner	C0_3 - 
	IMP_AN_SIGNAL_GEN:Signal_Generator_no_DAC_tb:2	corner	C0_4 - 
	IMP_AN_SIGNAL_GEN:Signal_Generator_no_DAC_tb:2	corner	C0_5 - 
	IMP_AN_SIGNAL_GEN:Signal_Generator_no_DAC_tb:2	corner	C0_6 - 
	IMP_AN_SIGNAL_GEN:Signal_Generator_no_DAC_tb:2	corner	C0_7 - 
	IMP_AN_SIGNAL_GEN:Signal_Generator_no_DAC_tb:2	corner	C0_8 - 
	IMP_AN_SIGNAL_GEN:Signal_Generator_no_DAC_tb:2	corner	C0_9 - 
	IMP_AN_SIGNAL_GEN:Signal_Generator_no_DAC_tb:2	corner	C0_10 - 
	IMP_AN_SIGNAL_GEN:Signal_Generator_no_DAC_tb:2	corner	C0_11 - 
	IMP_AN_SIGNAL_GEN:Signal_Generator_no_DAC_tb:2	corner	C0_12 - 
	IMP_AN_SIGNAL_GEN:Signal_Generator_no_DAC_tb:2	corner	C0_13 - 
	IMP_AN_SIGNAL_GEN:Signal_Generator_no_DAC_tb:2	corner	C0_14 - 
	IMP_AN_SIGNAL_GEN:Signal_Generator_no_DAC_tb:2	corner	C0_15 - 
	IMP_AN_SIGNAL_GEN:Signal_Generator_no_DAC_tb:2	corner	Nominal - 
Design parameters: 
	DC_IN		0
	G0		1.8
	G1		0
	G2		0
	G3		0
	VAC_CM		0
	VCM_PULSE		0
	VDC_CM		900m
	VIN_AC		1
	VIN_PULSE		0
	R_DUT		100k
	CPAD		1p
	CC		250f
	CMCC		70p
	CMRES		20k
	VCMFB_PULSE		0
	VDD_PULSE		10m

Interactive.11
Number of points completed: 1
Number of simulation errors: 0
Interactive.11 completed. 
Current time: Tue Jun  7 22:43:01 2016 
