Starting Single Run, Sweeps and Corners...

Current time: Wed Jun  8 22:06:39 2016 
Best design point: 1
Design specs: 
	IMP_AN_DEMOD:iq_demod_tb:1	corner	C0_0 - 
	IMP_AN_DEMOD:iq_demod_tb:1	corner	C0_1 - 
	IMP_AN_DEMOD:iq_demod_tb:1	corner	C0_2 - 
	IMP_AN_DEMOD:iq_demod_tb:1	corner	C0_3 - 
	IMP_AN_DEMOD:iq_demod_tb:1	corner	C0_4 - 
	IMP_AN_DEMOD:iq_demod_tb:1	corner	C0_5 - 
	IMP_AN_DEMOD:iq_demod_tb:1	corner	C0_6 - 
	IMP_AN_DEMOD:iq_demod_tb:1	corner	C0_7 - 
	IMP_AN_DEMOD:iq_demod_tb:1	corner	C0_8 - 
	IMP_AN_DEMOD:iq_demod_tb:1	corner	C0_9 - 
	IMP_AN_DEMOD:iq_demod_tb:1	corner	C0_10 - 
	IMP_AN_DEMOD:iq_demod_tb:1	corner	C0_11 - 
	IMP_AN_DEMOD:iq_demod_tb:1	corner	C0_12 - 
	IMP_AN_DEMOD:iq_demod_tb:1	corner	C0_13 - 
	IMP_AN_DEMOD:iq_demod_tb:1	corner	C0_14 - 
	IMP_AN_DEMOD:iq_demod_tb:1	corner	C0_15 - 
	IMP_AN_DEMOD:iq_demod_tb:1	corner	Nominal - 
Design parameters: 
	AMP_IN		0
	AMP_PHA		0
	CLOCKWIDTH		15.62k
	CM_AMP		0
	CM_FREQ		5.5k
	CMFB_VAC		0
	CPAD		800f
	DC_IN		0
	FREQ		1k
	G0		0
	G1		0
	G2		0
	IQCTRL		0
	PULSE_CMFB_LNA		0
	STEPNUM		0
	VAC_CM		0
	VCM_PULSE		0
	VDC_CM		900m
	VDD_PULSE		1.8
	VIN_AC		0
	VIN_PULSE		0
	Vsupply		0
	CLPF		500p
	CTIA		1n
	CMFB_AC		0
	CMFB_PULSE_TIA		0

Interactive.60
Number of points completed: 1
Number of simulation errors: 0
Interactive.60 completed. 
Current time: Wed Jun  8 22:10:21 2016 
