Starting Single Run, Sweeps and Corners...

Current time: Wed Jun  8 21:38:56 2016 
Best design point: 1
Design specs: 
	IMP_AN_DEMOD:iq_demod_tb:1	corner	Nominal - 
Design parameters: 
	AMP_IN		0
	AMP_PHA		0
	CLOCKWIDTH		15.62k
	CM_AMP		0
	CM_FREQ		5.5k
	CMFB_VAC		0
	CPAD		800f
	DC_IN		0
	FREQ		1k
	G0		1.8
	G1		1.8
	G2		1.8
	IQCTRL		0
	PULSE_CMFB_LNA		0
	STEPNUM		0
	VAC_CM		0
	VCM_PULSE		0
	VDC_CM		900m
	VDD_PULSE		10m
	VIN_AC		0
	VIN_PULSE		0
	Vsupply		1.8
	CLPF		1n
	CTIA		1n
	CMFB_AC		0
	CMFB_PULSE_TIA		0

Interactive.54
Number of points completed: 1
Number of simulation errors: 0
Interactive.54 completed. 
Current time: Wed Jun  8 21:39:14 2016 
