Starting Single Run, Sweeps and Corners...

Current time: Mon Nov 30 16:19:05 2015 
Best design point: 3
Design specs: 
	IMP_AN_DEMOD:iq_demod_tb:1	corner	Nominal - 
Design parameters: 
	AMP_IN		1m
	AMP_PHA		0
	CLOCKWIDTH		15.62k
	CM_AMP		0
	CM_FREQ		5.5k
	CMFB_VAC		0
	CPAD		800f
	DC_IN		0
	FREQ		1k
	G0		1.8
	G1		1.8
	G2		0
	IQCTRL		0
	PULSE_CMFB_LNA		0
	STEPNUM		0
	VAC_CM		0
	VCM_PULSE		0
	VDC_CM		900m
	VDD_PULSE		0
	VIN_AC		0
	VIN_PULSE		0
	Vsupply		1.98
	CLPF		500p
	CTIA		1n
	CMFB_AC		0
	CMFB_PULSE_TIA		0

Interactive.29
Number of points completed: 3
Number of simulation errors: 0
Interactive.29 completed. 
Current time: Mon Nov 30 16:21:09 2015 
