Starting Single Run, Sweeps and Corners...

Current time: Mon Nov  9 09:48:01 2015 
Best design point: 1
Design specs: 
	IMP_AN_DEMOD:iq_demod_tb:1	corner	Nominal - 
Design parameters: 
	AMP_IN		5m
	AMP_PHA		0
	CLOCKWIDTH		15.62k
	CM_AMP		0
	CM_FREQ		0
	CMFB_VAC		0
	CPAD		500f
	DC_IN		0
	FREQ		1k
	G0		1.8
	G1		1.8
	G2		0
	IQCTRL		0
	PULSE_CMFB_LNA		0
	STEPNUM		0
	VAC_CM		0
	VCM_PULSE		0
	VDC_CM		900m
	VDD_PULSE		0
	VIN_AC		0
	VIN_PULSE		0
	Vsupply		1.8
	CLPF		500p
	CTIA		1n

Interactive.0
Number of points completed: 1
Number of simulation errors: 0
Interactive.0 completed. 
Current time: Mon Nov  9 09:48:33 2015 
