Starting Single Run, Sweeps and Corners...

Current time: Thu Nov 12 09:54:04 2015 
Best design point: 1
Design specs: 
	IMP_AN_DEMOD:iq_demod_tb:1	corner	Nominal - 
Design parameters: 
	AMP_IN		135m
	AMP_PHA		0
	CLOCKWIDTH		15.62k
	CM_AMP		100m
	CM_FREQ		5.5k
	CMFB_VAC		0
	CPAD		500f
	DC_IN		0
	FREQ		1k
	G0		0
	G1		0
	G2		1.8
	IQCTRL		0
	PULSE_CMFB_LNA		0
	STEPNUM		0
	VAC_CM		0
	VCM_PULSE		0
	VDC_CM		900m
	VDD_PULSE		0
	VIN_AC		0
	VIN_PULSE		0
	Vsupply		1.8
	CLPF		500p
	CTIA		1n
	CMFB_AC		0
	CMFB_PULSE_TIA		0

Interactive.25
Number of points completed: 2
Number of simulation errors: 0
Interactive.25 completed. 
Current time: Thu Nov 12 09:58:42 2015 
