Starting Single Run, Sweeps and Corners...

Current time: Mon Oct 19 17:53:30 2015 
Best design point: 1
Design specs: 
	IMP_AN_SIGNAL_GEN_GM:S3_TB:2	corner	Nominal - 
	MAG1M		Error	No
	PHA1M		Error	No
	GAIN_DC		Error	No
Design parameters: 
	CMFB_VAC		0
	DC_IN		0
	G0		0
	G1		0
	G2		1.8
	G3		1.8
	I_REF		11.11u
	PULSE_CMFB		0
	RL		1k
	VAC_CM		0
	VCM_PULSE		0
	VDC_CM		900m
	VIN_AC		1
	VIN_PULSE		10m
	CPAD		4p
	VDD_PULSE		0

Interactive.6
Number of points completed: 1
Number of simulation errors: 3
Interactive.6 completed. 
Current time: Mon Oct 19 17:53:40 2015 
