Starting Single Run, Sweeps and Corners...

Current time: Fri Oct 16 16:55:48 2015 
Best design point: 1
Design specs: 
	IMP_AN_SIGNAL_GEN_GM:S3_TB:2	corner	C0_0 - 
	MAG1M		Error	No
	PHA1M		Error	No
	IMP_AN_SIGNAL_GEN_GM:S3_TB:2	corner	C0_1 - 
	MAG1M		Error	No
	PHA1M		Error	No
	IMP_AN_SIGNAL_GEN_GM:S3_TB:2	corner	C0_2 - 
	MAG1M		Error	No
	PHA1M		Error	No
	IMP_AN_SIGNAL_GEN_GM:S3_TB:2	corner	C0_3 - 
	MAG1M		Error	No
	PHA1M		Error	No
	IMP_AN_SIGNAL_GEN_GM:S3_TB:2	corner	C0_4 - 
	MAG1M		Error	No
	PHA1M		Error	No
	IMP_AN_SIGNAL_GEN_GM:S3_TB:2	corner	C0_5 - 
	MAG1M		Error	No
	PHA1M		Error	No
	IMP_AN_SIGNAL_GEN_GM:S3_TB:2	corner	C0_6 - 
	MAG1M		Error	No
	PHA1M		Error	No
	IMP_AN_SIGNAL_GEN_GM:S3_TB:2	corner	C0_7 - 
	MAG1M		Error	No
	PHA1M		Error	No
	IMP_AN_SIGNAL_GEN_GM:S3_TB:2	corner	C0_8 - 
	MAG1M		Error	No
	PHA1M		Error	No
	IMP_AN_SIGNAL_GEN_GM:S3_TB:2	corner	C0_9 - 
	MAG1M		Error	No
	PHA1M		Error	No
	IMP_AN_SIGNAL_GEN_GM:S3_TB:2	corner	C0_10 - 
	MAG1M		Error	No
	PHA1M		Error	No
	IMP_AN_SIGNAL_GEN_GM:S3_TB:2	corner	C0_11 - 
	MAG1M		Error	No
	PHA1M		Error	No
	IMP_AN_SIGNAL_GEN_GM:S3_TB:2	corner	C0_12 - 
	MAG1M		Error	No
	PHA1M		Error	No
	IMP_AN_SIGNAL_GEN_GM:S3_TB:2	corner	C0_13 - 
	MAG1M		Error	No
	PHA1M		Error	No
	IMP_AN_SIGNAL_GEN_GM:S3_TB:2	corner	C0_14 - 
	MAG1M		Error	No
	PHA1M		Error	No
	IMP_AN_SIGNAL_GEN_GM:S3_TB:2	corner	C0_15 - 
	MAG1M		Error	No
	PHA1M		Error	No
	IMP_AN_SIGNAL_GEN_GM:S3_TB:2	corner	Nominal - 
	MAG1M		Error	No
	PHA1M		Error	No
Design parameters: 
	CMFB_VAC		0
	DC_IN		0
	G0		1.8
	G1		1.8
	G2		1.8
	G3		1.8
	I_REF		100u
	PULSE_CMFB		0
	RL		1k
	VAC_CM		1
	VCM_PULSE		0
	VDC_CM		900m
	VIN_AC		1
	VIN_PULSE		0
	CPAD		3p
	VDD_PULSE		0

Interactive.61
Number of points completed: 1
Number of simulation errors: 34
Interactive.61 completed. 
Current time: Fri Oct 16 16:56:34 2015 
