Starting Single Run, Sweeps and Corners...

Current time: Fri Oct 16 16:49:56 2015 
Best design point: 1
Design specs: 
	IMP_AN_SIGNAL_GEN_GM:S3_TB:2	corner	Nominal - 
	MAG1M		Error	No
	PHA1M		Error	No
Design parameters: 
	CMFB_VAC		0
	DC_IN		0
	G0		1.8
	G1		1.8
	G2		1.8
	G3		1.8
	I_REF		100u
	PULSE_CMFB		0
	RL		1k
	VAC_CM		1
	VCM_PULSE		10m
	VDC_CM		900m
	VIN_AC		0
	VIN_PULSE		0
	CPAD		3p
	VDD_PULSE		0

Interactive.60
Number of points completed: 1
Number of simulation errors: 2
Interactive.60 completed. 
Current time: Fri Oct 16 16:50:04 2015 
