Starting Single Run, Sweeps and Corners...

Current time: Sun Oct 25 13:31:37 2015 
Best design point: 1
Design specs: 
	IMP_AN_TIA:tia_lna_tb:1	corner	C1_0 - 
	IMP_AN_TIA:tia_lna_tb:1	corner	C1_1 - 
	IMP_AN_TIA:tia_lna_tb:1	corner	C1_2 - 
	IMP_AN_TIA:tia_lna_tb:1	corner	C1_3 - 
	IMP_AN_TIA:tia_lna_tb:1	corner	C1_4 - 
	IMP_AN_TIA:tia_lna_tb:1	corner	C1_5 - 
	IMP_AN_TIA:tia_lna_tb:1	corner	C1_6 - 
	IMP_AN_TIA:tia_lna_tb:1	corner	C1_7 - 
	IMP_AN_TIA:tia_lna_tb:1	corner	C1_8 - 
	IMP_AN_TIA:tia_lna_tb:1	corner	C1_9 - 
	IMP_AN_TIA:tia_lna_tb:1	corner	C1_10 - 
	IMP_AN_TIA:tia_lna_tb:1	corner	C1_11 - 
	IMP_AN_TIA:tia_lna_tb:1	corner	C1_12 - 
	IMP_AN_TIA:tia_lna_tb:1	corner	C1_13 - 
	IMP_AN_TIA:tia_lna_tb:1	corner	C1_14 - 
	IMP_AN_TIA:tia_lna_tb:1	corner	C1_15 - 
	IMP_AN_TIA:tia_lna_tb:1	corner	Nominal - 
Design parameters: 
	AMP_IN		1m
	CEXT		1n
	CMFB_AC		0
	CMFB_PULSE		0
	CMFB_VAC		0
	CPAD		600f
	DC_IN		0
	FLO		1M
	FREQ		1M
	G0		1.8
	G1		1.8
	G3		0
	IQ_CTRL		0
	PULSE_CMFB		0
	VAC_CM		0
	VCM_PULSE		0
	VDC_CM		900m
	VDD_PULSE		0
	VIN_AC		1
	VIN_PULSE		0
	Vsupply		1.8
	AM_FREQ		0
	CM_AMP		0
	CM_FREQ		5k
	AMP_PHA		0

Interactive.112
Number of points completed: 2
Number of simulation errors: 0
Interactive.112 completed. 
Current time: Sun Oct 25 17:52:45 2015 
