Starting Single Run, Sweeps and Corners...

Current time: Sun Oct 25 11:53:46 2015 
Best design point: 1
Design specs: 
	IMP_AN_TIA:tia_lna_tb:1	corner	Nominal - 
Design parameters: 
	AMP_IN		1m
	CEXT		1n
	CMFB_AC		0
	CMFB_PULSE		0
	CMFB_VAC		0
	CPAD		600f
	DC_IN		0
	FLO		100k
	FREQ		100k
	G0		1.8
	G1		1.8
	G3		0
	IQ_CTRL		0
	PULSE_CMFB		0
	VAC_CM		0
	VCM_PULSE		0
	VDC_CM		900m
	VDD_PULSE		0
	VIN_AC		1
	VIN_PULSE		0
	Vsupply		1.8
	AM_FREQ		0
	CM_AMP		0
	CM_FREQ		5k
	AMP_PHA		0

Interactive.104
Number of points completed: 2
Number of simulation errors: 0
Interactive.104 completed. 
Current time: Sun Oct 25 11:55:56 2015 
