Starting Single Run, Sweeps and Corners...

Current time: Tue Nov 10 10:47:00 2015 
Best design point: 1
Design specs: 
	IMP_AN_TIA:tia_tb:1	corner	Nominal - 
	GAIN_DC		16.03p
	STATIC_GAIN		Error	No
Design parameters: 
	GAIN		0
	Vsupply		1.8
	VDD_PULSE		0
	CEXT		15n
	cc2		1p
	CMFB_AC		0
	CMFB_PULSE		0
	IN_AC		1
	IN_FREQ		1k
	IN_AMP		0
	IN_DC		0
	IN_PULSE		10n
	rc		6k
	RF		450k
	CM_PULSE		0
	CM_AC		0
	CMFB_PULSE_TIA		0

Interactive.47
Number of points completed: 1
Number of simulation errors: 1
Interactive.47 completed. 
Current time: Tue Nov 10 10:47:19 2015 
