Starting Single Run, Sweeps and Corners...

Current time: Fri Oct 23 09:58:22 2015 
Best design point: 1
Design specs: 
	IMP_AN_TIA:tia_tb:1	corner	Nominal - 
	GAIN_TRAN		Error	No
	GAIN_DC		Error	No
	STATIC_GAIN		Error	No
Design parameters: 
	GAIN		0
	Vsupply		1.8
	VDD_PULSE		0
	CEXT		4.7n
	cc2		1p
	CMFB_AC		0
	CMFB_PULSE		0
	IN_AC		0
	IN_FREQ		1k
	IN_AMP		0
	IN_DC		0
	IN_PULSE		0
	rc		6k
	RF		450k
	CM_PULSE		0
	CM_AC		1

Interactive.42
Number of points completed: 1
Number of simulation errors: 3
Interactive.42 completed. 
Current time: Fri Oct 23 09:58:29 2015 
