Starting Single Run, Sweeps and Corners...

Current time: Fri Oct 23 09:41:55 2015 
Best design point: 1
Design specs: 
	IMP_AN_TIA:tia_tb:1:1	corner	C0_0 - 
	GAIN_AC		Error	No
	IMP_AN_TIA:tia_tb:1:1	corner	C0_1 - 
	GAIN_AC		Error	No
	IMP_AN_TIA:tia_tb:1:1	corner	C0_2 - 
	GAIN_AC		Error	No
	IMP_AN_TIA:tia_tb:1:1	corner	C0_3 - 
	GAIN_AC		Error	No
	IMP_AN_TIA:tia_tb:1:1	corner	C0_4 - 
	GAIN_AC		Error	No
	IMP_AN_TIA:tia_tb:1:1	corner	C0_5 - 
	GAIN_AC		Error	No
	IMP_AN_TIA:tia_tb:1:1	corner	C0_6 - 
	GAIN_AC		Error	No
	IMP_AN_TIA:tia_tb:1:1	corner	C0_7 - 
	GAIN_AC		Error	No
	IMP_AN_TIA:tia_tb:1:1	corner	C0_8 - 
	GAIN_AC		Error	No
	IMP_AN_TIA:tia_tb:1:1	corner	C0_9 - 
	GAIN_AC		Error	No
	IMP_AN_TIA:tia_tb:1:1	corner	C0_10 - 
	GAIN_AC		Error	No
	IMP_AN_TIA:tia_tb:1:1	corner	C0_11 - 
	GAIN_AC		Error	No
	IMP_AN_TIA:tia_tb:1:1	corner	C0_12 - 
	GAIN_AC		Error	No
	IMP_AN_TIA:tia_tb:1:1	corner	C0_13 - 
	GAIN_AC		Error	No
	IMP_AN_TIA:tia_tb:1:1	corner	C0_14 - 
	GAIN_AC		Error	No
	IMP_AN_TIA:tia_tb:1:1	corner	C0_15 - 
	GAIN_AC		Error	No
	IMP_AN_TIA:tia_tb:1:1	corner	Nominal - 
	GAIN_AC		Error	No
Design parameters: 
	GAIN		0
	Vsupply		1.8
	VDD_PULSE		0
	CEXT		4.7n
	cc2		1p
	CMFB_AC		0
	CMFB_PULSE		0
	IN_AC		1
	IN_FREQ		1k
	IN_AMP		0
	IN_DC		0
	IN_PULSE		0
	rc		6k
	RF		450k
	CM_PULSE		10n

Interactive.38
Number of points completed: 1
Number of simulation errors: 17
Interactive.38 completed. 
Current time: Fri Oct 23 09:42:24 2015 
