Starting Single Run, Sweeps and Corners...

Current time: Thu Oct 22 16:34:31 2015 
Best design point: 1
Design specs: 
	IMP_AN_TIA:tia_tb:1	corner	Nominal - 
	GAIN_AC		Error	No
	GAIN_TRAN		Error	No
Design parameters: 
	GAIN		0
	Vsupply		1.8
	VDD_PULSE		0
	CEXT		4.7n
	cc2		1p
	CMFB_AC		0
	CMFB_PULSE		0
	IN_AC		1
	IN_FREQ		1k
	IN_AMP		0
	IN_DC		0
	IN_PULSE		0
	rc		6k
	RF		450k
	CM_PULSE		0

Interactive.30
Number of points completed: 1
Number of simulation errors: 2
Interactive.30 completed. 
Current time: Thu Oct 22 16:34:53 2015 
