Starting Single Run, Sweeps and Corners...

Current time: Tue Nov 10 10:52:54 2015 
Best design point: 1
Design specs: 
	IMP_AN_TIA:tia_tb:1	corner	Nominal - 
	GAIN_AC		Error	No
	GAIN_DC		Error	No
	STATIC_GAIN		Error	No
	GAIN_AC_DB		Error	No
Design parameters: 
	GAIN		0
	Vsupply		1.8
	VDD_PULSE		10m
	CEXT		15n
	cc2		1p
	CMFB_AC		0
	CMFB_PULSE		0
	IN_AC		1
	IN_FREQ		1k
	IN_AMP		0
	IN_DC		0
	IN_PULSE		0
	rc		6k
	RF		450k
	CM_PULSE		0
	CM_AC		0
	CMFB_PULSE_TIA		0

Interactive.50
Number of points completed: 1
Number of simulation errors: 4
Interactive.50 completed. 
Current time: Tue Nov 10 10:53:11 2015 
