Starting Single Run, Sweeps and Corners...

Current time: Tue Oct 27 15:53:51 2015 
Best design point: 2
Design specs: 
	IMP_AN_TIA:tia_lna_lpf_tb:1	corner	Nominal - 
Design parameters: 
	AMP_IN		1m
	AMP_PHA		0
	CEXT		10p
	CM_AMP		0
	CM_FREQ		5k
	CMFB_AC		0
	CMFB_PULSE		0
	CMFB_VAC		0
	CPAD		650f
	DC_IN		0
	FLO		1M
	FREQ		1M
	G0		1.8
	G1		1.8
	G3		0
	IQ_CTRL		1.8
	PULSE_CMFB		0
	VAC_CM		0
	VCM_PULSE		0
	VDC_CM		0
	VDD_PULSE		0
	VIN_AC		1
	VIN_PULSE		0
	Vsupply		1.8
	C_LPF		500p
	CMFB_PULSE_TIA		0
	PULSE_CMFB_LNA		0
	CLOCKWIDTH		15.62k
	STEPNUM		0

Interactive.43
Number of points completed: 2
Number of simulation errors: 0
Interactive.43 completed. 
Current time: Tue Oct 27 15:54:35 2015 
