Starting Single Run, Sweeps and Corners...

Current time: Thu Jun 16 10:14:23 2016 
Best design point: 1
Design specs: 
	IMP_AN_TIA:tia_lna_lpf_tb:1:1	corner	Nominal - 
Design parameters: 
	AMP_IN		0
	AMP_PHA		0
	CEXT		10p
	CM_AMP		0
	CM_FREQ		5k
	CMFB_AC		0
	CMFB_PULSE		0
	CMFB_VAC		0
	CPAD		650f
	DC_IN		0
	FLO		1k
	FREQ		1k
	G0		0
	G1		0
	G3		0
	IQ_CTRL		0
	PULSE_CMFB		0
	VAC_CM		0
	VCM_PULSE		10m
	VDC_CM		900m
	VDD_PULSE		0
	VIN_AC		1
	VIN_PULSE		0
	Vsupply		1.8
	C_LPF		500p
	CMFB_PULSE_TIA		0
	PULSE_CMFB_LNA		0
	CLOCKWIDTH		15.62k
	STEPNUM		0

Interactive.65
Number of points completed: 8
Number of simulation errors: 0
Interactive.65 completed. 
Current time: Thu Jun 16 10:15:28 2016 
