Starting Single Run, Sweeps and Corners...

Current time: Mon Oct 26 16:50:49 2015 
Best design point: 1
Design specs: 
	IMP_AN_TIA:tia_lna_lpf_tb:1	corner	Nominal - 
Design parameters: 
	AMP_IN		1m
	AMP_PHA		0
	CEXT		2n
	CM_AMP		100m
	CM_FREQ		5k
	CMFB_AC		0
	CMFB_PULSE		0
	CMFB_VAC		0
	CPAD		650f
	DC_IN		0
	FLO		1k
	FREQ		1k
	G0		1.8
	G1		1.8
	G3		0
	IQ_CTRL		0
	PULSE_CMFB		0
	VAC_CM		0
	VCM_PULSE		0
	VDC_CM		900m
	VDD_PULSE		0
	VIN_AC		1
	VIN_PULSE		0
	Vsupply		1.8
	C_LPF		1n
	CMFB_PULSE_TIA		0
	PULSE_CMFB_LNA		0
	CLOCKWIDTH		15.62k
	STEPNUM		0

Interactive.28
Number of points completed: 2
Number of simulation errors: 0
Interactive.28 completed. 
Current time: Mon Oct 26 16:54:16 2015 
