Starting Single Run, Sweeps and Corners...

Current time: Mon Oct 26 15:42:41 2015 
Best design point: 1
Design specs: 
	IMP_AN_TIA:tia_lna_lpf_tb:1	corner	C0_0 - 
	IMP_AN_TIA:tia_lna_lpf_tb:1	corner	C0_1 - 
	IMP_AN_TIA:tia_lna_lpf_tb:1	corner	C0_2 - 
	IMP_AN_TIA:tia_lna_lpf_tb:1	corner	C0_3 - 
	IMP_AN_TIA:tia_lna_lpf_tb:1	corner	C0_4 - 
	IMP_AN_TIA:tia_lna_lpf_tb:1	corner	C0_5 - 
	IMP_AN_TIA:tia_lna_lpf_tb:1	corner	C0_6 - 
	IMP_AN_TIA:tia_lna_lpf_tb:1	corner	C0_7 - 
	IMP_AN_TIA:tia_lna_lpf_tb:1	corner	C0_8 - 
	IMP_AN_TIA:tia_lna_lpf_tb:1	corner	C0_9 - 
	IMP_AN_TIA:tia_lna_lpf_tb:1	corner	C0_10 - 
	IMP_AN_TIA:tia_lna_lpf_tb:1	corner	C0_11 - 
	IMP_AN_TIA:tia_lna_lpf_tb:1	corner	C0_12 - 
	IMP_AN_TIA:tia_lna_lpf_tb:1	corner	C0_13 - 
	IMP_AN_TIA:tia_lna_lpf_tb:1	corner	C0_14 - 
	IMP_AN_TIA:tia_lna_lpf_tb:1	corner	C0_15 - 
	IMP_AN_TIA:tia_lna_lpf_tb:1	corner	Nominal - 
Design parameters: 
	AMP_IN		1m
	AMP_PHA		0
	CEXT		2n
	CM_AMP		0
	CM_FREQ		0
	CMFB_AC		0
	CMFB_PULSE		0
	CMFB_VAC		0
	CPAD		650f
	DC_IN		10m
	FLO		1k
	FREQ		1k
	G0		1.8
	G1		1.8
	G3		0
	IQ_CTRL		0
	PULSE_CMFB		0
	VAC_CM		0
	VCM_PULSE		0
	VDC_CM		900m
	VDD_PULSE		0
	VIN_AC		1
	VIN_PULSE		0
	Vsupply		1.8
	C_LPF		400p
	CMFB_PULSE_TIA		0
	PULSE_CMFB_LNA		0
	CLOCKWIDTH		15.62k
	STEPNUM		0

Interactive.26
Number of points completed: 2
Number of simulation errors: 0
Interactive.26 completed. 
Current time: Mon Oct 26 16:34:12 2015 
