================================================================================
Rule No. 2 : # INFO: I/O PADS = WIREBOND #

Real Error Count : 26; Flat Error Count : 120
================================================================================

--------------------------------------------------------------------------------
Cell Name : XOR2X1 layout CORELIB

                   Cell Errors    Real Errors   Cell Placements     Environments
                             1              1                 3                1
--------------------------------------------------------------------------------
Env.  Env. Placements            X1           Y1          X2           Y2

  1        3                 73.990       39.840      79.450       45.890

Shape               Environments Status & Error Marker 

          1           X1         Y1         X2         Y2

   1      X       -0.490     -0.480      4.970      5.570

--------------------------------------------------------------------------------
Cell Name : NOR2XL layout CORELIB

                   Cell Errors    Real Errors   Cell Placements     Environments
                             1              1                 5                1
--------------------------------------------------------------------------------
Env.  Env. Placements            X1           Y1          X2           Y2

  1        5                 57.750       49.920      60.410       55.970

Shape               Environments Status & Error Marker 

          1           X1         Y1         X2         Y2

   1      X       -0.490     -0.480      2.170      5.570

--------------------------------------------------------------------------------
Cell Name : FILLCELLX8 layout CORELIB

                   Cell Errors    Real Errors   Cell Placements     Environments
                             1              1                11                1
--------------------------------------------------------------------------------
Env.  Env. Placements            X1           Y1          X2           Y2

  1       11                 27.510       19.680      32.970       25.730

Shape               Environments Status & Error Marker 

          1           X1         Y1         X2         Y2

   1      X       -0.490     -0.480      4.970      5.570

--------------------------------------------------------------------------------
Cell Name : FILLCELLX4 layout CORELIB

                   Cell Errors    Real Errors   Cell Placements     Environments
                             1              1                12                1
--------------------------------------------------------------------------------
Env.  Env. Placements            X1           Y1          X2           Y2

  1       12                 31.990       19.680      35.210       25.730

Shape               Environments Status & Error Marker 

          1           X1         Y1         X2         Y2

   1      X       -0.490     -0.480      2.730      5.570

--------------------------------------------------------------------------------
Cell Name : FILLCELLX16 layout CORELIB

                   Cell Errors    Real Errors   Cell Placements     Environments
                             1              1                 5                1
--------------------------------------------------------------------------------
Env.  Env. Placements            X1           Y1          X2           Y2

  1        5                 62.790       19.680      72.730       25.730

Shape               Environments Status & Error Marker 

          1           X1         Y1         X2         Y2

   1      X       -0.490     -0.480      9.450      5.570

--------------------------------------------------------------------------------
Cell Name : FILLCAPX8 layout CORELIB

                   Cell Errors    Real Errors   Cell Placements     Environments
                             1              1                13                1
--------------------------------------------------------------------------------
Env.  Env. Placements            X1           Y1          X2           Y2

  1       13                 14.630       24.670      20.090       30.720

Shape               Environments Status & Error Marker 

          1           X1         Y1         X2         Y2

   1      X       -0.490     -0.480      4.970      5.570

--------------------------------------------------------------------------------
Cell Name : FILLCAPX4 layout CORELIB

                   Cell Errors    Real Errors   Cell Placements     Environments
                             1              1                11                1
--------------------------------------------------------------------------------
Env.  Env. Placements            X1           Y1          X2           Y2

  1       11                 71.750       39.840      74.970       45.890

Shape               Environments Status & Error Marker 

          1           X1         Y1         X2         Y2

   1      X       -0.490     -0.480      2.730      5.570

--------------------------------------------------------------------------------
Cell Name : FILLCAPX16 layout CORELIB

                   Cell Errors    Real Errors   Cell Placements     Environments
                             1              1                 8                1
--------------------------------------------------------------------------------
Env.  Env. Placements            X1           Y1          X2           Y2

  1        8                 62.790       44.830      72.730       50.880

Shape               Environments Status & Error Marker 

          1           X1         Y1         X2         Y2

   1      X       -0.490     -0.480      9.450      5.570

--------------------------------------------------------------------------------
Cell Name : DFCX3 layout CORELIB

                   Cell Errors    Real Errors   Cell Placements     Environments
                             1              1                16                1
--------------------------------------------------------------------------------
Env.  Env. Placements            X1           Y1          X2           Y2

  1       16                 48.790       19.680      63.770       25.730

Shape               Environments Status & Error Marker 

          1           X1         Y1         X2         Y2

   1      X       -0.490     -0.480     14.490      5.570

--------------------------------------------------------------------------------
Cell Name : DFCX1 layout CORELIB

                   Cell Errors    Real Errors   Cell Placements     Environments
                             1              1                20                1
--------------------------------------------------------------------------------
Env.  Env. Placements            X1           Y1          X2           Y2

  1       20                 14.630       19.680      28.490       25.730

Shape               Environments Status & Error Marker 

          1           X1         Y1         X2         Y2

   1      X       -0.490     -0.480     13.370      5.570

--------------------------------------------------------------------------------
Cell Name : spc2 layout IMP_DIG_SPI

                   Cell Errors    Real Errors   Cell Placements     Environments
                            16             16                 1                1
--------------------------------------------------------------------------------
Env.  Env. Placements            X1           Y1          X2           Y2

  1        1                  0.000       -1.240     102.460       91.960

Shape               Environments Status & Error Marker 

          1           X1         Y1         X2         Y2

   1      X        0.000     -1.240    102.460     91.960
   2      X       17.850     55.970     17.990     64.990
   3      X       20.090     25.730     20.790     29.760
   4      X       22.330     40.800     22.470     44.830
   5      X       33.530     35.810     33.670     39.840
   6      X       35.770     30.720     36.470     34.750
   7      X       35.770     60.960     49.350     70.080
   8      X       40.810     50.880     40.950     54.910
   9      X       59.850     55.970     62.230     64.990
  10      X       60.970     45.890     62.790     49.920
  11      X       65.450     50.880     66.150     54.910
  12      X       72.730     20.640     73.430     24.670
  13      X       72.730     45.890     72.870     49.920
  14      X       72.730     66.050     72.870     70.080
  15      X       73.850     60.960     74.550     64.990
  16      X       77.210     55.970     83.510     64.990

================================================================================
Rule No. 3021 : # INFO: H18REV5 ASSURA DRC DECK (REV DATE 20/02/2013) #

Real Error Count : 26; Flat Error Count : 120
================================================================================

--------------------------------------------------------------------------------
Cell Name : XOR2X1 layout CORELIB

                   Cell Errors    Real Errors   Cell Placements     Environments
                             1              1                 3                1
--------------------------------------------------------------------------------
Env.  Env. Placements            X1           Y1          X2           Y2

  1        3                 73.990       39.840      79.450       45.890

Shape               Environments Status & Error Marker 

          1           X1         Y1         X2         Y2

   1      X       -0.490     -0.480      4.970      5.570

--------------------------------------------------------------------------------
Cell Name : NOR2XL layout CORELIB

                   Cell Errors    Real Errors   Cell Placements     Environments
                             1              1                 5                1
--------------------------------------------------------------------------------
Env.  Env. Placements            X1           Y1          X2           Y2

  1        5                 57.750       49.920      60.410       55.970

Shape               Environments Status & Error Marker 

          1           X1         Y1         X2         Y2

   1      X       -0.490     -0.480      2.170      5.570

--------------------------------------------------------------------------------
Cell Name : FILLCELLX8 layout CORELIB

                   Cell Errors    Real Errors   Cell Placements     Environments
                             1              1                11                1
--------------------------------------------------------------------------------
Env.  Env. Placements            X1           Y1          X2           Y2

  1       11                 27.510       19.680      32.970       25.730

Shape               Environments Status & Error Marker 

          1           X1         Y1         X2         Y2

   1      X       -0.490     -0.480      4.970      5.570

--------------------------------------------------------------------------------
Cell Name : FILLCELLX4 layout CORELIB

                   Cell Errors    Real Errors   Cell Placements     Environments
                             1              1                12                1
--------------------------------------------------------------------------------
Env.  Env. Placements            X1           Y1          X2           Y2

  1       12                 31.990       19.680      35.210       25.730

Shape               Environments Status & Error Marker 

          1           X1         Y1         X2         Y2

   1      X       -0.490     -0.480      2.730      5.570

--------------------------------------------------------------------------------
Cell Name : FILLCELLX16 layout CORELIB

                   Cell Errors    Real Errors   Cell Placements     Environments
                             1              1                 5                1
--------------------------------------------------------------------------------
Env.  Env. Placements            X1           Y1          X2           Y2

  1        5                 62.790       19.680      72.730       25.730

Shape               Environments Status & Error Marker 

          1           X1         Y1         X2         Y2

   1      X       -0.490     -0.480      9.450      5.570

--------------------------------------------------------------------------------
Cell Name : FILLCAPX8 layout CORELIB

                   Cell Errors    Real Errors   Cell Placements     Environments
                             1              1                13                1
--------------------------------------------------------------------------------
Env.  Env. Placements            X1           Y1          X2           Y2

  1       13                 14.630       24.670      20.090       30.720

Shape               Environments Status & Error Marker 

          1           X1         Y1         X2         Y2

   1      X       -0.490     -0.480      4.970      5.570

--------------------------------------------------------------------------------
Cell Name : FILLCAPX4 layout CORELIB

                   Cell Errors    Real Errors   Cell Placements     Environments
                             1              1                11                1
--------------------------------------------------------------------------------
Env.  Env. Placements            X1           Y1          X2           Y2

  1       11                 71.750       39.840      74.970       45.890

Shape               Environments Status & Error Marker 

          1           X1         Y1         X2         Y2

   1      X       -0.490     -0.480      2.730      5.570

--------------------------------------------------------------------------------
Cell Name : FILLCAPX16 layout CORELIB

                   Cell Errors    Real Errors   Cell Placements     Environments
                             1              1                 8                1
--------------------------------------------------------------------------------
Env.  Env. Placements            X1           Y1          X2           Y2

  1        8                 62.790       44.830      72.730       50.880

Shape               Environments Status & Error Marker 

          1           X1         Y1         X2         Y2

   1      X       -0.490     -0.480      9.450      5.570

--------------------------------------------------------------------------------
Cell Name : DFCX3 layout CORELIB

                   Cell Errors    Real Errors   Cell Placements     Environments
                             1              1                16                1
--------------------------------------------------------------------------------
Env.  Env. Placements            X1           Y1          X2           Y2

  1       16                 48.790       19.680      63.770       25.730

Shape               Environments Status & Error Marker 

          1           X1         Y1         X2         Y2

   1      X       -0.490     -0.480     14.490      5.570

--------------------------------------------------------------------------------
Cell Name : DFCX1 layout CORELIB

                   Cell Errors    Real Errors   Cell Placements     Environments
                             1              1                20                1
--------------------------------------------------------------------------------
Env.  Env. Placements            X1           Y1          X2           Y2

  1       20                 14.630       19.680      28.490       25.730

Shape               Environments Status & Error Marker 

          1           X1         Y1         X2         Y2

   1      X       -0.490     -0.480     13.370      5.570

--------------------------------------------------------------------------------
Cell Name : spc2 layout IMP_DIG_SPI

                   Cell Errors    Real Errors   Cell Placements     Environments
                            16             16                 1                1
--------------------------------------------------------------------------------
Env.  Env. Placements            X1           Y1          X2           Y2

  1        1                  0.000       -1.240     102.460       91.960

Shape               Environments Status & Error Marker 

          1           X1         Y1         X2         Y2

   1      X        0.000     -1.240    102.460     91.960
   2      X       17.850     55.970     17.990     64.990
   3      X       20.090     25.730     20.790     29.760
   4      X       22.330     40.800     22.470     44.830
   5      X       33.530     35.810     33.670     39.840
   6      X       35.770     30.720     36.470     34.750
   7      X       35.770     60.960     49.350     70.080
   8      X       40.810     50.880     40.950     54.910
   9      X       59.850     55.970     62.230     64.990
  10      X       60.970     45.890     62.790     49.920
  11      X       65.450     50.880     66.150     54.910
  12      X       72.730     20.640     73.430     24.670
  13      X       72.730     45.890     72.870     49.920
  14      X       72.730     66.050     72.870     70.080
  15      X       73.850     60.960     74.550     64.990
  16      X       77.210     55.970     83.510     64.990

