Starting Single Run, Sweeps and Corners...

Current time: Thu Sep  3 16:25:26 2015 
Best design point: 1
Design specs: 
	IMP_POW_LDO:ldo_tb:1	corner	Nominal - 
	v /V_REG; ac dB20(V)		Error	No
	abs(value(VF("/V_REG") 100))		Error	No
	VDC("/V_REG")		253m
Design parameters: 
	VD_AC		1
	VREF_AC		0
	CL		10u
	RL		1k
	VREF		1.2
	Vsupply		1
	VIN_PULSE		0
	VD_PULSE		0

Interactive.28
Number of points completed: 21
Number of simulation errors: 42
Interactive.28 completed. 
Current time: Thu Sep  3 16:26:56 2015 
