Starting Single Run, Sweeps and Corners...

Current time: Thu Sep  3 16:30:00 2015 
Best design point: 2
Design specs: 
	IMP_POW_LDO:ldo_tb:1	corner	Nominal - 
	v /V_REG; ac dB20(V)		Error	No
	abs(value(VF("/V_REG") 100))		Error	No
	VDC("/V_REG")		990.9m
Design parameters: 
	VD_AC		1
	VREF_AC		0
	CL		10u
	RL		10k
	VREF		1.2
	Vsupply		1.1
	VIN_PULSE		0
	VD_PULSE		0

Interactive.29
Number of points completed: 21
Number of simulation errors: 42
Interactive.29 completed. 
Current time: Thu Sep  3 16:31:03 2015 
