Starting Single Run, Sweeps and Corners...

Current time: Fri Sep 18 17:00:59 2015 
Best design point: 1
Design specs: 
	IMP_POW_REF_BIAS:ref_bias_tb:1	corner	C0_0 - 
	IMP_POW_REF_BIAS:ref_bias_tb:1	corner	C0_1 - 
	IMP_POW_REF_BIAS:ref_bias_tb:1	corner	C0_2 - 
	IMP_POW_REF_BIAS:ref_bias_tb:1	corner	C0_3 - 
	IMP_POW_REF_BIAS:ref_bias_tb:1	corner	C0_4 - 
	IMP_POW_REF_BIAS:ref_bias_tb:1	corner	C0_5 - 
	IMP_POW_REF_BIAS:ref_bias_tb:1	corner	C0_6 - 
	IMP_POW_REF_BIAS:ref_bias_tb:1	corner	C0_7 - 
	IMP_POW_REF_BIAS:ref_bias_tb:1	corner	C0_8 - 
	IMP_POW_REF_BIAS:ref_bias_tb:1	corner	C0_9 - 
	IMP_POW_REF_BIAS:ref_bias_tb:1	corner	C0_10 - 
	IMP_POW_REF_BIAS:ref_bias_tb:1	corner	C0_11 - 
	IMP_POW_REF_BIAS:ref_bias_tb:1	corner	C0_12 - 
	IMP_POW_REF_BIAS:ref_bias_tb:1	corner	C0_13 - 
	IMP_POW_REF_BIAS:ref_bias_tb:1	corner	C0_14 - 
	IMP_POW_REF_BIAS:ref_bias_tb:1	corner	C0_15 - 
	IMP_POW_REF_BIAS:ref_bias_tb:1	corner	C0_16 - 
	IMP_POW_REF_BIAS:ref_bias_tb:1	corner	C0_17 - 
	IMP_POW_REF_BIAS:ref_bias_tb:1	corner	C0_18 - 
	IMP_POW_REF_BIAS:ref_bias_tb:1	corner	C0_19 - 
	IMP_POW_REF_BIAS:ref_bias_tb:1	corner	C0_20 - 
	IMP_POW_REF_BIAS:ref_bias_tb:1	corner	C0_21 - 
	IMP_POW_REF_BIAS:ref_bias_tb:1	corner	C0_22 - 
	IMP_POW_REF_BIAS:ref_bias_tb:1	corner	C0_23 - 
	IMP_POW_REF_BIAS:ref_bias_tb:1	corner	C0_24 - 
	IMP_POW_REF_BIAS:ref_bias_tb:1	corner	C0_25 - 
	IMP_POW_REF_BIAS:ref_bias_tb:1	corner	C0_26 - 
	IMP_POW_REF_BIAS:ref_bias_tb:1	corner	C0_27 - 
	IMP_POW_REF_BIAS:ref_bias_tb:1	corner	C0_28 - 
	IMP_POW_REF_BIAS:ref_bias_tb:1	corner	C0_29 - 
	IMP_POW_REF_BIAS:ref_bias_tb:1	corner	C0_30 - 
	IMP_POW_REF_BIAS:ref_bias_tb:1	corner	C0_31 - 
	IMP_POW_REF_BIAS:ref_bias_tb:1	corner	Nominal - 
Design parameters: 
	V_REF		1.25
	V_REF_AC		0
	VD_AC		1
	VD_PULSE		50m
	VREF_PULSE		0
	Vsupply		1.8

Interactive.8
Number of points completed: 1
Number of simulation errors: 0
Interactive.8 completed. 
Current time: Fri Sep 18 17:03:20 2015 
