Starting Single Run, Sweeps and Corners...

Current time: Fri Sep 18 16:35:33 2015 
Best design point: 1
Design specs: 
	IMP_POW_REF_BIAS:ref_bias_tb:1	corner	C0_0 - 
	IMP_POW_REF_BIAS:ref_bias_tb:1	corner	C0_1 - 
	IMP_POW_REF_BIAS:ref_bias_tb:1	corner	C0_2 - 
	IMP_POW_REF_BIAS:ref_bias_tb:1	corner	C0_3 - 
	IMP_POW_REF_BIAS:ref_bias_tb:1	corner	Nominal - 
Design parameters: 
	V_REF		1.25
	V_REF_AC		1
	VD_AC		0
	VD_PULSE		0
	VREF_PULSE		50m
	Vsupply		1.8

Interactive.3
Number of points completed: 1
Number of simulation errors: 0
Interactive.3 completed. 
Current time: Fri Sep 18 16:36:01 2015 
