Starting Single Run, Sweeps and Corners...

Current time: Wed Mar 16 20:55:18 2016 
Best design point: 1
Design specs: 
	IMP_AN_DEMOD:iq_demod_cm_tb:1	corner	Nominal - 
Design parameters: 
	AMP_IN		100m
	AMP_PHA		0
	CLOCKWIDTH		15.62k
	CLPF		400p
	CM_AMP		0
	CM_FREQ		5k
	CPAD		100f
	CTIA		1n
	DC_IN		0
	FREQ		1k
	G0		1.8
	G0_SG		1.8
	G1		1.8
	G1_SG		1.8
	G2		0
	IQCTRL		0
	STEPNUM		0
	VAC_CM		0
	VCM_PULSE		0
	VDC_CM		900m
	VDD_PULSE		0
	VIN_AC		0
	VIN_PULSE		0
	Vsupply		1.8
	RL		1k
	CM_AMP_SIN		300m

Interactive.16
Number of points completed: 1
Number of simulation errors: 0
Interactive.16 completed. 
Current time: Wed Mar 16 20:56:47 2016 
