Starting Single Run, Sweeps and Corners...

Current time: Fri Oct 23 11:32:49 2015 
Best design point: 1
Design specs: 
	IMP_AN_TIA:tia_lpf_tb:2	corner	Nominal - 
	OUTPUT_DC		-1.987n
Design parameters: 
	CEXT		4.7n
	CM_AC		0
	CM_PULSE		0
	CMFB_AC		0
	CMFB_PULSE		0
	GAIN		1.8
	IN_AC		1
	IN_AMP		0
	IN_DC		0
	IN_FREQ		1k
	IN_PULSE		0
	VDD_PULSE		0
	Vsupply		1.8

Interactive.8
Number of points completed: 1
Number of simulation errors: 0
Interactive.8 completed. 
Current time: Fri Oct 23 11:33:12 2015 
