Starting Single Run, Sweeps and Corners...

Current time: Fri Oct 23 10:41:15 2015 
Best design point: 1
Design specs: 
	IMP_AN_TIA:tia_lpf_tb:1	corner	Nominal - 
	GAIN_OUT_DC		-1.172n
Design parameters: 
	CEXT		4.7n
	CM_AC		0
	CM_PULSE		0
	CMFB_AC		0
	CMFB_PULSE		0
	GAIN		0
	IN_AC		1
	IN_AMP		0
	IN_DC		0
	IN_FREQ		1k
	IN_PULSE		0
	VDD_PULSE		0
	Vsupply		1.8

Interactive.2
Number of points completed: 1
Number of simulation errors: 0
Interactive.2 completed. 
Current time: Fri Oct 23 10:41:25 2015 
