Starting Single Run, Sweeps and Corners...

Current time: Mon Nov 30 14:51:27 2015 
Best design point: 1
Design specs: 
	IMP_AN_TIA:tia_tb:1	corner	C0_0 - 
	IMP_AN_TIA:tia_tb:1	corner	C0_1 - 
	IMP_AN_TIA:tia_tb:1	corner	C0_2 - 
	IMP_AN_TIA:tia_tb:1	corner	C0_3 - 
	IMP_AN_TIA:tia_tb:1	corner	C0_4 - 
	IMP_AN_TIA:tia_tb:1	corner	C0_5 - 
	IMP_AN_TIA:tia_tb:1	corner	C0_6 - 
	IMP_AN_TIA:tia_tb:1	corner	C0_7 - 
	IMP_AN_TIA:tia_tb:1	corner	C0_8 - 
	IMP_AN_TIA:tia_tb:1	corner	C0_9 - 
	IMP_AN_TIA:tia_tb:1	corner	C0_10 - 
	IMP_AN_TIA:tia_tb:1	corner	C0_11 - 
	IMP_AN_TIA:tia_tb:1	corner	C0_12 - 
	IMP_AN_TIA:tia_tb:1	corner	C0_13 - 
	IMP_AN_TIA:tia_tb:1	corner	C0_14 - 
	IMP_AN_TIA:tia_tb:1	corner	C0_15 - 
	IMP_AN_TIA:tia_tb:1	corner	C0_16 - 
	IMP_AN_TIA:tia_tb:1	corner	C0_17 - 
	IMP_AN_TIA:tia_tb:1	corner	C0_18 - 
	IMP_AN_TIA:tia_tb:1	corner	C0_19 - 
	IMP_AN_TIA:tia_tb:1	corner	C0_20 - 
	IMP_AN_TIA:tia_tb:1	corner	C0_21 - 
	IMP_AN_TIA:tia_tb:1	corner	C0_22 - 
	IMP_AN_TIA:tia_tb:1	corner	C0_23 - 
	IMP_AN_TIA:tia_tb:1	corner	C0_24 - 
	IMP_AN_TIA:tia_tb:1	corner	C0_25 - 
	IMP_AN_TIA:tia_tb:1	corner	C0_26 - 
	IMP_AN_TIA:tia_tb:1	corner	C0_27 - 
	IMP_AN_TIA:tia_tb:1	corner	C0_28 - 
	IMP_AN_TIA:tia_tb:1	corner	C0_29 - 
	IMP_AN_TIA:tia_tb:1	corner	C0_30 - 
	IMP_AN_TIA:tia_tb:1	corner	C0_31 - 
	IMP_AN_TIA:tia_tb:1	corner	C0_32 - 
	IMP_AN_TIA:tia_tb:1	corner	C0_33 - 
	IMP_AN_TIA:tia_tb:1	corner	C0_34 - 
	IMP_AN_TIA:tia_tb:1	corner	C0_35 - 
	IMP_AN_TIA:tia_tb:1	corner	C0_36 - 
	IMP_AN_TIA:tia_tb:1	corner	C0_37 - 
	IMP_AN_TIA:tia_tb:1	corner	C0_38 - 
	IMP_AN_TIA:tia_tb:1	corner	C0_39 - 
	IMP_AN_TIA:tia_tb:1	corner	C0_40 - 
	IMP_AN_TIA:tia_tb:1	corner	C0_41 - 
	IMP_AN_TIA:tia_tb:1	corner	C0_42 - 
	IMP_AN_TIA:tia_tb:1	corner	C0_43 - 
	IMP_AN_TIA:tia_tb:1	corner	C0_44 - 
	IMP_AN_TIA:tia_tb:1	corner	C0_45 - 
	IMP_AN_TIA:tia_tb:1	corner	C0_46 - 
	IMP_AN_TIA:tia_tb:1	corner	C0_47 - 
	IMP_AN_TIA:tia_tb:1	corner	Nominal - 
Design parameters: 
	CEXT		5n
	CM_AC		0
	CM_PULSE		0
	CMFB_AC		0
	CMFB_PULSE_TIA		0
	GAIN		0
	IN_AC		1
	IN_AMP		0
	IN_DC		0
	IN_FREQ		1k
	IN_PULSE		0
	VDD_PULSE		20m
	Vsupply		1.8

Interactive.2
Number of points completed: 1
Number of simulation errors: 0
Interactive.2 completed. 
Current time: Mon Nov 30 14:51:46 2015 
