Starting Single Run, Sweeps and Corners...

Current time: Sun Jul 10 19:13:11 2016 
Best design point: 1
Design specs: 
	IMP_TOP:top_core_tb_spectre:1	corner	Nominal - 
Design parameters: 
	AM_INDEX		0
	BONDWIRE		3n
	C_REG		20u
	CAP_OFF		500p
	CAP_PAD		800f
	CAP_TIA		1.5n
	fmax		60M
	fref		500k
	FREQ		10M
	RL		1k
	TX_DELAY		1m
	VDD_PULSE		0
	VIN_AMP		0
	VIN_DC		0

Interactive.1
Number of points completed: 1
Number of simulation errors: 0
Interactive.1 completed. 
Current time: Sun Jul 10 19:13:43 2016 
