Starting Single Run, Sweeps and Corners...

Current time: Wed Jul 13 11:45:57 2016 
Best design point: 1
Design specs: 
	IMP_TOP:top_core_tb_spectre:1	corner	C0_0 - 
	IMP_TOP:top_core_tb_spectre:1	corner	C0_1 - 
	IMP_TOP:top_core_tb_spectre:1	corner	C0_2 - 
	IMP_TOP:top_core_tb_spectre:1	corner	C0_3 - 
	IMP_TOP:top_core_tb_spectre:1	corner	C0_4 - 
	IMP_TOP:top_core_tb_spectre:1	corner	C0_5 - 
	IMP_TOP:top_core_tb_spectre:1	corner	C0_6 - 
	IMP_TOP:top_core_tb_spectre:1	corner	C0_7 - 
	IMP_TOP:top_core_tb_spectre:1	corner	C0_8 - 
	IMP_TOP:top_core_tb_spectre:1	corner	C0_9 - 
	IMP_TOP:top_core_tb_spectre:1	corner	C0_10 - 
	IMP_TOP:top_core_tb_spectre:1	corner	C0_11 - 
	IMP_TOP:top_core_tb_spectre:1	corner	C0_12 - 
	IMP_TOP:top_core_tb_spectre:1	corner	C0_13 - 
	IMP_TOP:top_core_tb_spectre:1	corner	C0_14 - 
	IMP_TOP:top_core_tb_spectre:1	corner	C0_15 - 
	IMP_TOP:top_core_tb_spectre:1	corner	Nominal - 
Design parameters: 
	AM_INDEX		0
	BONDWIRE		3n
	C_REG		20u
	CAP_OFF		500p
	CAP_PAD		800f
	CAP_TIA		1.5n
	fmax		60M
	fref		500k
	FREQ		10M
	RL		1k
	TX_DELAY		1m
	VDD_PULSE		0
	VIN_AMP		0
	VIN_DC		4

Interactive.28
Number of points completed: 1
Number of simulation errors: 0
Interactive.28 completed. 
Current time: Wed Jul 13 11:49:00 2016 
