Starting Single Run, Sweeps and Corners...

Current time: Fri Nov 13 10:53:10 2015 
Best design point: 1
Design specs: 
	IMP_PLL_TOP:PLL_top_tb:1	corner	C1_0 - 
	IMP_PLL_TOP:PLL_top_tb:1	corner	C1_1 - 
	IMP_PLL_TOP:PLL_top_tb:1	corner	C1_2 - 
	IMP_PLL_TOP:PLL_top_tb:1	corner	C1_3 - 
	IMP_PLL_TOP:PLL_top_tb:1	corner	C1_4 - 
	IMP_PLL_TOP:PLL_top_tb:1	corner	C1_5 - 
	IMP_PLL_TOP:PLL_top_tb:1	corner	C1_6 - 
	IMP_PLL_TOP:PLL_top_tb:1	corner	C1_7 - 
	IMP_PLL_TOP:PLL_top_tb:1	corner	C1_8 - 
	IMP_PLL_TOP:PLL_top_tb:1	corner	C1_9 - 
	IMP_PLL_TOP:PLL_top_tb:1	corner	C1_10 - 
	IMP_PLL_TOP:PLL_top_tb:1	corner	C1_11 - 
	IMP_PLL_TOP:PLL_top_tb:1	corner	C1_12 - 
	IMP_PLL_TOP:PLL_top_tb:1	corner	C1_13 - 
	IMP_PLL_TOP:PLL_top_tb:1	corner	C1_14 - 
	IMP_PLL_TOP:PLL_top_tb:1	corner	C1_15 - 
	IMP_PLL_TOP:PLL_top_tb:1	corner	Nominal - 
Design parameters: 
	MYFREQ		5

Interactive.0
Number of points completed: 1
Number of simulation errors: 0
Interactive.0 completed. 
Current time: Fri Nov 13 12:25:57 2015 
