Starting Single Run, Sweeps and Corners...

Current time: Mon Nov 30 20:17:12 2015 
Best design point: 1
Design specs: 
	IMP_PLL_TOP:PLL_top_tb:1	corner	C2_0 - 
	IMP_PLL_TOP:PLL_top_tb:1	corner	C2_1 - 
	IMP_PLL_TOP:PLL_top_tb:1	corner	C2_2 - 
	IMP_PLL_TOP:PLL_top_tb:1	corner	C2_3 - 
	IMP_PLL_TOP:PLL_top_tb:1	corner	C2_4 - 
	IMP_PLL_TOP:PLL_top_tb:1	corner	C2_5 - 
	IMP_PLL_TOP:PLL_top_tb:1	corner	C2_6 - 
	IMP_PLL_TOP:PLL_top_tb:1	corner	C2_7 - 
	IMP_PLL_TOP:PLL_top_tb:1	corner	C2_8 - 
	IMP_PLL_TOP:PLL_top_tb:1	corner	C2_9 - 
	IMP_PLL_TOP:PLL_top_tb:1	corner	C2_10 - 
	IMP_PLL_TOP:PLL_top_tb:1	corner	C2_11 - 
	IMP_PLL_TOP:PLL_top_tb:1	corner	C2_12 - 
	IMP_PLL_TOP:PLL_top_tb:1	corner	C2_13 - 
	IMP_PLL_TOP:PLL_top_tb:1	corner	C2_14 - 
	IMP_PLL_TOP:PLL_top_tb:1	corner	C2_15 - 
	IMP_PLL_TOP:PLL_top_tb:1	corner	Nominal - 
Design parameters: 
	MYFREQ		5
	Vsupply		1.62

Interactive.2
Number of points completed: 3
Number of simulation errors: 0
Interactive.2 completed. 
Current time: Mon Nov 30 20:49:52 2015 
